0 -0.5 1 0
0.01 -0.5 0.999951 0.00999983
0.02 -0.499999 0.999801 0.0199987
0.03 -0.499999 0.999552 0.0299955
0.04 -0.499998 0.999202 0.0399893
0.05 -0.499998 0.998753 0.0499792
0.06 -0.499997 0.998204 0.059964
0.07 -0.499997 0.997555 0.0699429
0.08 -0.499996 0.996807 0.0799147
0.09 -0.499996 0.99596 0.0898786
0.1 -0.499995 0.995013 0.0998335
0.11 -0.499995 0.993968 0.109778
0.12 -0.499994 0.992823 0.119712
0.13 -0.499994 0.99158 0.129634
0.14 -0.499993 0.990239 0.139544
0.15 -0.499993 0.988799 0.149439
0.16 -0.499992 0.987262 0.159319
0.17 -0.499992 0.985628 0.169184
0.18 -0.499991 0.983896 0.179031
0.19 -0.499991 0.982067 0.188861
0.2 -0.49999 0.980142 0.198672
0.21 -0.49999 0.978121 0.208463
0.22 -0.499989 0.976004 0.218234
0.23 -0.499989 0.973792 0.227983
0.24 -0.499989 0.971485 0.237709
0.25 -0.499988 0.969083 0.247412
0.26 -0.499988 0.966588 0.25709
0.27 -0.499987 0.963999 0.266743
0.28 -0.499987 0.961317 0.27637
0.29 -0.499986 0.958543 0.285969
0.3 -0.499986 0.955677 0.29554
0.31 -0.499986 0.952719 0.305082
0.32 -0.499985 0.94967 0.314594
0.33 -0.499985 0.946531 0.324075
0.34 -0.499985 0.943303 0.333524
0.35 -0.499984 0.939985 0.34294
0.36 -0.499984 0.936579 0.352323
0.37 -0.499983 0.933085 0.361671
0.38 -0.499983 0.929503 0.370984
0.39 -0.499983 0.925835 0.38026
0.4 -0.499982 0.922081 0.3895
0.41 -0.499982 0.918242 0.398701
0.42 -0.499982 0.914318 0.407864
0.43 -0.499982 0.91031 0.416987
0.44 -0.499981 0.906218 0.42607
0.45 -0.499981 0.902045 0.435111
0.46 -0.499981 0.897789 0.44411
0.47 -0.49998 0.893453 0.453066
0.48 -0.49998 0.889036 0.461978
0.49 -0.49998 0.884539 0.470846
0.5 -0.49998 0.879964 0.479668
0.51 -0.499979 0.875311 0.488444
0.52 -0.499979 0.87058 0.497174
0.53 -0.499979 0.865773 0.505855
0.54 -0.499979 0.86089 0.514488
0.55 -0.499979 0.855932 0.523072
0.56 -0.499978 0.8509 0.531606
0.57 -0.499978 0.845795 0.54009
0.58 -0.499978 0.840617 0.548521
0.59 -0.499978 0.835367 0.556901
0.6 -0.499978 0.830047 0.565228
0.61 -0.499978 0.824656 0.573501
0.62 -0.499977 0.819196 0.58172
0.63 -0.499977 0.813668 0.589884
0.64 -0.499977 0.808072 0.597993
0.65 -0.499977 0.802409 0.606045
0.66 -0.499977 0.79668 0.61404
0.67 -0.499977 0.790886 0.621978
0.68 -0.499977 0.785028 0.629857
0.69 -0.499977 0.779107 0.637678
0.7 -0.499977 0.773123 0.645439
0.71 -0.499977 0.767077 0.653139
0.72 -0.499977 0.76097 0.660779
0.73 -0.499977 0.754803 0.668358
0.74 -0.499977 0.748577 0.675875
0.75 -0.499977 0.742292 0.683329
0.76 -0.499977 0.73595 0.69072
0.77 -0.499977 0.729551 0.698047
0.78 -0.499977 0.723096 0.70531
0.79 -0.499977 0.716587 0.712508
0.8 -0.499977 0.710023 0.719641
0.81 -0.499977 0.703405 0.726708
0.82 -0.499977 0.696735 0.733708
0.83 -0.499977 0.690013 0.740641
0.84 -0.499977 0.683241 0.747507
0.85 -0.499977 0.676418 0.754305
0.86 -0.499977 0.669546 0.761035
0.87 -0.499977 0.662625 0.767695
0.88 -0.499977 0.655657 0.774286
0.89 -0.499977 0.648642 0.780808
0.9 -0.499977 0.641581 0.787258
0.91 -0.499977 0.634474 0.793638
0.92 -0.499978 0.627323 0.799947
0.93 -0.499978 0.620128 0.806184
0.94 -0.499978 0.612891 0.812349
0.95 -0.499978 0.605611 0.818441
0.96 -0.499978 0.59829 0.82446
0.97 -0.499978 0.590928 0.830406
0.98 -0.499978 0.583526 0.836278
0.99 -0.499979 0.576086 0.842076
1 -0.499979 0.568606 0.847799
1.01 -0.499979 0.56109 0.853447
1.02 -0.499979 0.553536 0.85902
1.03 -0.499979 0.545946 0.864517
1.04 -0.499979 0.538321 0.869938
1.05 -0.49998 0.530661 0.875282
1.06 -0.49998 0.522967 0.88055
1.07 -0.49998 0.51524 0.885741
1.08 -0.49998 0.50748 0.890854
1.09 -0.49998 0.499688 0.895889
1.1 -0.499981 0.491865 0.900847
1.11 -0.499981 0.484012 0.905726
1.12 -0.499981 0.476128 0.910526
1.13 -0.499981 0.468216 0.915247
1.14 -0.499982 0.460275 0.91989
1.15 -0.499982 0.452306 0.924452
1.16 -0.499982 0.444309 0.928935
1.17 -0.499982 0.436286 0.933337
1.18 -0.499983 0.428237 0.93766
1.19 -0.499983 0.420163 0.941901
1.2 -0.499983 0.412064 0.946062
1.21 -0.499984 0.403941 0.950142
1.22 -0.499984 0.395795 0.95414
1.23 -0.499984 0.387625 0.958057
1.24 -0.499984 0.379434 0.961892
1.25 -0.499985 0.37122 0.965644
1.26 -0.499985 0.362986 0.969315
1.27 -0.499985 0.354731 0.972903
1.28 -0.499986 0.346456 0.976409
1.29 -0.499986 0.338161 0.979831
1.3 -0.499986 0.329848 0.983171
1.31 -0.499987 0.321517 0.986428
1.32 -0.499987 0.313167 0.989601
1.33 -0.499987 0.304801 0.99269
1.34 -0.499988 0.296418 0.995696
1.35 -0.499988 0.288018 0.998617
1.36 -0.499988 0.279603 1.00146
1.37 -0.499989 0.271174 1.00421
1.38 -0.499989 0.262729 1.00688
1.39 -0.499989 0.25427 1.00946
1.4 -0.49999 0.245798 1.01196
1.41 -0.49999 0.237313 1.01438
1.42 -0.49999 0.228816 1.01671
1.43 -0.499991 0.220306 1.01895
1.44 -0.499991 0.211785 1.02111
1.45 -0.499991 0.203252 1.02319
1.46 -0.499992 0.19471 1.02518
1.47 -0.499992 0.186157 1.02708
1.48 -0.499992 0.177594 1.0289
1.49 -0.499993 0.169022 1.03063
1.5 -0.499993 0.160442 1.03228
1.51 -0.499993 0.151853 1.03384
1.52 -0.499994 0.143257 1.03531
1.53 -0.499994 0.134653 1.0367
1.54 -0.499995 0.126042 1.03801
1.55 -0.499995 0.117425 1.03922
1.56 -0.499995 0.108802 1.04035
1.57 -0.499996 0.100174 1.0414
1.58 -0.499996 0.0915401 1.04236
1.59 -0.499996 0.082902 1.04323
1.6 -0.499997 0.0742596 1.04401
1.61 -0.499997 0.0656136 1.04471
1.62 -0.499998 0.0569642 1.04533
1.63 -0.499998 0.048312 1.04585
1.64 -0.499998 0.0396573 1.04629
1.65 -0.499999 0.0310007 1.04664
1.66 -0.499999 0.0223425 1.04691
1.67 -0.499999 0.0136832 1.04709
1.68 -0.5 0.00502324 1.04718
1.69 -0.5 -0.00363699 1.04719
1.7 -0.500001 -0.012297 1.04711
1.71 -0.500001 -0.0209565 1.04694
1.72 -0.500001 -0.0296149 1.04669
1.73 -0.500002 -0.0382718 1.04635
1.74 -0.500002 -0.0469268 1.04592
1.75 -0.500002 -0.0555794 1.04541
1.76 -0.500003 -0.0642293 1.04481
1.77 -0.500003 -0.0728759 1.04412
1.78 -0.500004 -0.0815189 1.04335
1.79 -0.500004 -0.0901577 1.04249
1.8 -0.500004 -0.098792 1.04155
1.81 -0.500005 -0.107421 1.04052
1.82 -0.500005 -0.116045 1.0394
1.83 -0.500005 -0.124663 1.0382
1.84 -0.500006 -0.133275 1.03691
1.85 -0.500006 -0.14188 1.03553
1.86 -0.500006 -0.150478 1.03407
1.87 -0.500007 -0.159067 1.03252
1.88 -0.500007 -0.167649 1.03088
1.89 -0.500008 -0.176222 1.02916
1.9 -0.500008 -0.184787 1.02736
1.91 -0.500008 -0.193341 1.02547
1.92 -0.500009 -0.201886 1.02349
1.93 -0.500009 -0.21042 1.02143
1.94 -0.500009 -0.218943 1.01928
1.95 -0.50001 -0.227454 1.01705
1.96 -0.50001 -0.235954 1.01473
1.97 -0.50001 -0.244441 1.01233
1.98 -0.500011 -0.252915 1.00984
1.99 -0.500011 -0.261376 1.00727
2 -0.500011 -0.269823 1.00461
2.01 -0.500012 -0.278255 1.00187
2.02 -0.500012 -0.286672 0.999049
2.03 -0.500012 -0.295074 0.996139
2.04 -0.500013 -0.30346 0.993146
2.05 -0.500013 -0.311829 0.99007
2.06 -0.500013 -0.320181 0.986909
2.07 -0.500014 -0.328516 0.983665
2.08 -0.500014 -0.336832 0.980338
2.09 -0.500014 -0.345129 0.976928
2.1 -0.500015 -0.353408 0.973435
2.11 -0.500015 -0.361666 0.969859
2.12 -0.500015 -0.369904 0.966201
2.13 -0.500016 -0.37812 0.96246
2.14 -0.500016 -0.386316 0.958637
2.15 -0.500016 -0.394489 0.954733
2.16 -0.500016 -0.402639 0.950747
2.17 -0.500017 -0.410766 0.946679
2.18 -0.500017 -0.418869 0.942531
2.19 -0.500017 -0.426947 0.938301
2.2 -0.500017 -0.435 0.933991
2.21 -0.500018 -0.443027 0.929601
2.22 -0.500018 -0.451027 0.92513
2.23 -0.500018 -0.459001 0.920579
2.24 -0.500019 -0.466946 0.915949
2.25 -0.500019 -0.474864 0.91124
2.26 -0.500019 -0.482752 0.906451
2.27 -0.500019 -0.49061 0.901584
2.28 -0.500019 -0.498438 0.896638
2.29 -0.50002 -0.506235 0.891615
2.3 -0.50002 -0.514 0.886513
2.31 -0.50002 -0.521732 0.881334
2.32 -0.50002 -0.529432 0.876078
2.33 -0.500021 -0.537097 0.870745
2.34 -0.500021 -0.544728 0.865335
2.35 -0.500021 -0.552324 0.859849
2.36 -0.500021 -0.559883 0.854288
2.37 -0.500021 -0.567406 0.848651
2.38 -0.500021 -0.574891 0.842939
2.39 -0.500022 -0.582338 0.837153
2.4 -0.500022 -0.589746 0.831292
2.41 -0.500022 -0.597114 0.825357
2.42 -0.500022 -0.604442 0.819349
2.43 -0.500022 -0.611728 0.813268
2.44 -0.500022 -0.618973 0.807114
2.45 -0.500022 -0.626174 0.800888
2.46 -0.500023 -0.633332 0.79459
2.47 -0.500023 -0.640446 0.78822
2.48 -0.500023 -0.647515 0.78178
2.49 -0.500023 -0.654537 0.77527
2.5 -0.500023 -0.661513 0.768689
2.51 -0.500023 -0.668441 0.762039
2.52 -0.500023 -0.675321 0.75532
2.53 -0.500023 -0.682152 0.748532
2.54 -0.500023 -0.688933 0.741676
2.55 -0.500023 -0.695663 0.734753
2.56 -0.500023 -0.702341 0.727762
2.57 -0.500023 -0.708967 0.720705
2.58 -0.500023 -0.71554 0.713582
2.59 -0.500023 -0.722058 0.706394
2.6 -0.500023 -0.728522 0.699141
2.61 -0.500023 -0.73493 0.691823
2.62 -0.500023 -0.741281 0.684442
2.63 -0.500023 -0.747575 0.676997
2.64 -0.500023 -0.75381 0.66949
2.65 -0.500023 -0.759987 0.661921
2.66 -0.500023 -0.766103 0.65429
2.67 -0.500023 -0.772159 0.646598
2.68 -0.500023 -0.778153 0.638846
2.69 -0.500023 -0.784085 0.631035
2.7 -0.500023 -0.789953 0.623164
2.71 -0.500023 -0.795757 0.615235
2.72 -0.500023 -0.801496 0.607249
2.73 -0.500023 -0.80717 0.599205
2.74 -0.500023 -0.812777 0.591105
2.75 -0.500023 -0.818316 0.582949
2.76 -0.500022 -0.823787 0.574738
2.77 -0.500022 -0.829188 0.566473
2.78 -0.500022 -0.83452 0.558154
2.79 -0.500022 -0.839781 0.549782
2.8 -0.500022 -0.844971 0.541358
2.81 -0.500022 -0.850088 0.532883
2.82 -0.500021 -0.855132 0.524356
2.83 -0.500021 -0.860101 0.51578
2.84 -0.500021 -0.864996 0.507154
2.85 -0.500021 -0.869816 0.49848
2.86 -0.500021 -0.874559 0.489757
2.87 -0.50002 -0.879224 0.480988
2.88 -0.50002 -0.883812 0.472173
2.89 -0.50002 -0.888321 0.463312
2.9 -0.50002 -0.892751 0.454406
2.91 -0.500019 -0.897101 0.445457
2.92 -0.500019 -0.901369 0.436464
2.93 -0.500019 -0.905556 0.427429
2.94 -0.500018 -0.90966 0.418353
2.95 -0.500018 -0.913682 0.409236
2.96 -0.500018 -0.917619 0.400079
2.97 -0.500018 -0.921472 0.390883
2.98 -0.500017 -0.92524 0.381649
2.99 -0.500017 -0.928922 0.372378
3 -0.500017 -0.932517 0.363071
3.01 -0.500016 -0.936025 0.353728
3.02 -0.500016 -0.939446 0.34435
3.03 -0.500015 -0.942778 0.334939
3.04 -0.500015 -0.946021 0.325495
3.05 -0.500015 -0.949174 0.316019
3.06 -0.500014 -0.952237 0.306511
3.07 -0.500014 -0.955209 0.296974
3.08 -0.500014 -0.95809 0.287407
3.09 -0.500013 -0.960879 0.277812
3.1 -0.500013 -0.963576 0.26819
3.11 -0.500012 -0.96618 0.258541
3.12 -0.500012 -0.96869 0.248866
3.13 -0.500012 -0.971107 0.239167
3.14 -0.500011 -0.973429 0.229444
3.15 -0.500011 -0.975656 0.219698
3.16 -0.50001 -0.977788 0.209931
3.17 -0.50001 -0.979825 0.200143
3.18 -0.500009 -0.981765 0.190335
3.19 -0.500009 -0.98361 0.180507
3.2 -0.500008 -0.985357 0.170662
3.21 -0.500008 -0.987007 0.1608
3.22 -0.500007 -0.98856 0.150922
3.23 -0.500007 -0.990015 0.141029
3.24 -0.500006 -0.991372 0.131122
3.25 -0.500006 -0.992631 0.121202
3.26 -0.500006 -0.993791 0.11127
3.27 -0.500005 -0.994853 0.101327
3.28 -0.500005 -0.995815 0.0913731
3.29 -0.500004 -0.996678 0.0814105
3.3 -0.500004 -0.997442 0.0714398
3.31 -0.500003 -0.998107 0.061462
3.32 -0.500003 -0.998672 0.0514779
3.33 -0.500002 -0.999137 0.0414888
3.34 -0.500002 -0.999502 0.0314955
3.35 -0.500001 -0.999768 0.0214991
3.36 -0.500001 -0.999933 0.0115005
3.37 -0.5 -0.999999 0.00150071
3.38 -0.5 -0.999964 -0.00849919
3.39 -0.499999 -0.99983 -0.0184982
3.4 -0.499999 -0.999595 -0.0284954
3.41 -0.499998 -0.999261 -0.0384898
3.42 -0.499998 -0.998827 -0.0484803
3.43 -0.499997 -0.998293 -0.0584659
3.44 -0.499997 -0.997659 -0.0684457
3.45 -0.499996 -0.996926 -0.0784187
3.46 -0.499996 -0.996093 -0.0883839
3.47 -0.499995 -0.995162 -0.0983402
3.48 -0.499995 -0.994131 -0.108287
3.49 -0.499994 -0.993001 -0.118222
3.5 -0.499994 -0.991773 -0.128146
3.51 -0.499993 -0.990446 -0.138057
3.52 -0.499993 -0.989022 -0.147955
3.53 -0.499992 -0.987499 -0.157837
3.54 -0.499992 -0.985879 -0.167704
3.55 -0.499991 -0.984162 -0.177554
3.56 -0.499991 -0.982348 -0.187387
3.57 -0.49999 -0.980437 -0.197201
3.58 -0.49999 -0.97843 -0.206995
3.59 -0.49999 -0.976328 -0.216769
3.6 -0.499989 -0.97413 -0.226521
3.61 -0.499989 -0.971837 -0.236251
3.62 -0.499988 -0.96945 -0.245957
3.63 -0.499988 -0.966968 -0.255639
3.64 -0.499987 -0.964394 -0.265296
3.65 -0.499987 -0.961726 -0.274927
3.66 -0.499987 -0.958965 -0.28453
3.67 -0.499986 -0.956113 -0.294105
3.68 -0.499986 -0.953169 -0.303652
3.69 -0.499985 -0.950134 -0.313168
3.7 -0.499985 -0.947008 -0.322654
3.71 -0.499985 -0.943793 -0.332108
3.72 -0.499984 -0.940489 -0.341529
3.73 -0.499984 -0.937096 -0.350917
3.74 -0.499984 -0.933614 -0.36027
3.75 -0.499983 -0.930046 -0.369589
3.76 -0.499983 -0.926391 -0.378871
3.77 -0.499983 -0.92265 -0.388116
3.78 -0.499982 -0.918823 -0.397323
3.79 -0.499982 -0.914912 -0.406492
3.8 -0.499982 -0.910916 -0.415621
3.81 -0.499981 -0.906838 -0.424709
3.82 -0.499981 -0.902676 -0.433757
3.83 -0.499981 -0.898433 -0.442762
3.84 -0.49998 -0.894109 -0.451725
3.85 -0.49998 -0.889704 -0.460643
3.86 -0.49998 -0.885219 -0.469518
3.87 -0.49998 -0.880656 -0.478347
3.88 -0.499979 -0.876014 -0.48713
3.89 -0.499979 -0.871295 -0.495867
3.9 -0.499979 -0.866499 -0.504555
3.91 -0.499979 -0.861628 -0.513196
3.92 -0.499979 -0.856681 -0.521787
3.93 -0.499978 -0.85166 -0.530329
3.94 -0.499978 -0.846566 -0.53882
3.95 -0.499978 -0.841398 -0.547259
3.96 -0.499978 -0.83616 -0.555647
3.97 -0.499978 -0.83085 -0.563982
3.98 -0.499978 -0.825469 -0.572263
3.99 -0.499978 -0.82002 -0.58049
4 -0.499977 -0.814502 -0.588663
4.01 -0.499977 -0.808916 -0.59678
4.02 -0.499977 -0.803263 -0.60484
4.03 -0.499977 -0.797544 -0.612844
4.04 -0.499977 -0.79176 -0.62079
4.05 -0.499977 -0.785912 -0.628679
4.06 -0.499977 -0.779999 -0.636508
4.07 -0.499977 -0.774025 -0.644278
4.08 -0.499977 -0.767988 -0.651988
4.09 -0.499977 -0.76189 -0.659637
4.1 -0.499977 -0.755732 -0.667225
4.11 -0.499977 -0.749515 -0.67475
4.12 -0.499977 -0.743239 -0.682214
4.13 -0.499977 -0.736905 -0.689614
4.14 -0.499977 -0.730515 -0.696951
4.15 -0.499977 -0.724069 -0.704224
4.16 -0.499977 -0.717567 -0.711432
4.17 -0.499977 -0.711011 -0.718574
4.18 -0.499977 -0.704402 -0.725651
4.19 -0.499977 -0.697739 -0.732662
4.2 -0.499977 -0.691025 -0.739605
4.21 -0.499977 -0.68426 -0.746481
4.22 -0.499977 -0.677445 -0.75329
4.23 -0.499977 -0.67058 -0.760029
4.24 -0.499977 -0.663667 -0.7667
4.25 -0.499977 -0.656706 -0.773302
4.26 -0.499977 -0.649698 -0.779834
4.27 -0.499977 -0.642643 -0.786295
4.28 -0.499977 -0.635543 -0.792686
4.29 -0.499977 -0.628399 -0.799005
4.3 -0.499978 -0.621211 -0.805253
4.31 -0.499978 -0.61398 -0.811428
4.32 -0.499978 -0.606706 -0.817531
4.33 -0.499978 -0.599391 -0.823562
4.34 -0.499978 -0.592035 -0.829518
4.35 -0.499978 -0.58464 -0.835401
4.36 -0.499978 -0.577205 -0.84121
4.37 -0.499979 -0.569731 -0.846945
4.38 -0.499979 -0.56222 -0.852604
4.39 -0.499979 -0.554672 -0.858188
4.4 -0.499979 -0.547088 -0.863697
4.41 -0.499979 -0.539468 -0.869129
4.42 -0.49998 -0.531813 -0.874485
4.43 -0.49998 -0.524124 -0.879764
4.44 -0.49998 -0.516402 -0.884967
4.45 -0.49998 -0.508647 -0.890092
4.46 -0.49998 -0.50086 -0.895139
4.47 -0.499981 -0.493041 -0.900108
4.48 -0.499981 -0.485192 -0.904999
4.49 -0.499981 -0.477313 -0.909811
4.5 -0.499981 -0.469405 -0.914544
4.51 -0.499982 -0.461468 -0.919198
4.52 -0.499982 -0.453503 -0.923772
4.53 -0.499982 -0.445511 -0.928267
4.54 -0.499982 -0.437492 -0.932682
4.55 -0.499983 -0.429447 -0.937016
4.56 -0.499983 -0.421377 -0.94127
4.57 -0.499983 -0.413281 -0.945443
4.58 -0.499984 -0.405162 -0.949535
4.59 -0.499984 -0.397019 -0.953545
4.6 -0.499984 -0.388853 -0.957474
4.61 -0.499984 -0.380664 -0.961321
4.62 -0.499985 -0.372454 -0.965086
4.63 -0.499985 -0.364223 -0.968769
4.64 -0.499985 -0.355971 -0.97237
4.65 -0.499986 -0.347699 -0.975888
4.66 -0.499986 -0.339407 -0.979323
4.67 -0.499986 -0.331097 -0.982675
4.68 -0.499987 -0.322768 -0.985944
4.69 -0.499987 -0.314421 -0.98913
4.7 -0.499987 -0.306057 -0.992232
4.71 -0.499988 -0.297677 -0.99525
4.72 -0.499988 -0.28928 -0.998184
4.73 -0.499988 -0.280867 -1.00103
4.74 -0.499989 -0.27244 -1.0038
4.75 -0.499989 -0.263997 -1.00648
4.76 -0.499989 -0.255541 -1.00908
4.77 -0.49999 -0.247071 -1.01159
4.78 -0.49999 -0.238587 -1.01402
4.79 -0.49999 -0.230092 -1.01636
4.8 -0.499991 -0.221584 -1.01862
4.81 -0.499991 -0.213064 -1.02079
4.82 -0.499991 -0.204534 -1.02288
4.83 -0.499992 -0.195992 -1.02488
4.84 -0.499992 -0.187441 -1.0268
4.85 -0.499992 -0.17888 -1.02863
4.86 -0.499993 -0.170309 -1.03038
4.87 -0.499993 -0.16173 -1.03204
4.88 -0.499993 -0.153142 -1.03361
4.89 -0.499994 -0.144547 -1.0351
4.9 -0.499994 -0.135944 -1.0365
4.91 -0.499995 -0.127335 -1.03782
4.92 -0.499995 -0.118719 -1.03905
4.93 -0.499995 -0.110097 -1.04019
4.94 -0.499996 -0.101469 -1.04125
4.95 -0.499996 -0.0928361 -1.04222
4.96 -0.499996 -0.0841986 -1.0431
4.97 -0.499997 -0.0755568 -1.0439
4.98 -0.499997 -0.0669113 -1.04461
4.99 -0.499997 -0.0582624 -1.04524
5 -0.499998 -0.0496106 -1.04578
5.01 -0.499998 -0.0409563 -1.04623
5.02 -0.499999 -0.0322999 -1.0466
5.03 -0.499999 -0.0236419 -1.04688
5.04 -0.499999 -0.0149828 -1.04707
5.05 -0.5 -0.00632288 -1.04717
5.06 -0.5 0.00233735 -1.04719
5.07 -0.5 0.0109975 -1.04713
5.08 -0.500001 0.019657 -1.04697
5.09 -0.500001 0.0283156 -1.04673
5.1 -0.500002 0.0369727 -1.04641
5.11 -0.500002 0.045628 -1.04599
5.12 -0.500002 0.0542811 -1.04549
5.13 -0.500003 0.0629314 -1.04491
5.14 -0.500003 0.0715785 -1.04423
5.15 -0.500003 0.080222 -1.04347
5.16 -0.500004 0.0888616 -1.04263
5.17 -0.500004 0.0974966 -1.0417
5.18 -0.500005 0.106127 -1.04068
5.19 -0.500005 0.114751 -1.03957
5.2 -0.500005 0.12337 -1.03838
5.21 -0.500006 0.131983 -1.0371
5.22 -0.500006 0.140589 -1.03574
5.23 -0.500006 0.149188 -1.03429
5.24 -0.500007 0.157779 -1.03276
5.25 -0.500007 0.166362 -1.03114
5.26 -0.500007 0.174936 -1.02943
5.27 -0.500008 0.183502 -1.02764
5.28 -0.500008 0.192058 -1.02576
5.29 -0.500009 0.200604 -1.02379
5.3 -0.500009 0.20914 -1.02174
5.31 -0.500009 0.217664 -1.01961
5.32 -0.50001 0.226178 -1.01739
5.33 -0.50001 0.234679 -1.01509
5.34 -0.50001 0.243168 -1.0127
5.35 -0.500011 0.251644 -1.01022
5.36 -0.500011 0.260107 -1.00766
5.37 -0.500011 0.268556 -1.00502
5.38 -0.500012 0.276991 -1.00229
5.39 -0.500012 0.28541 -0.999478
5.4 -0.500012 0.293814 -0.996581
5.41 -0.500013 0.302203 -0.993601
5.42 -0.500013 0.310574 -0.990537
5.43 -0.500013 0.318929 -0.987389
5.44 -0.500014 0.327266 -0.984157
5.45 -0.500014 0.335585 -0.980843
5.46 -0.500014 0.343885 -0.977445
5.47 -0.500015 0.352166 -0.973964
5.48 -0.500015 0.360428 -0.970401
5.49 -0.500015 0.368669 -0.966755
5.5 -0.500015 0.376889 -0.963027
5.51 -0.500016 0.385087 -0.959216
5.52 -0.500016 0.393264 -0.955324
5.53 -0.500016 0.401417 -0.95135
5.54 -0.500017 0.409548 -0.947295
5.55 -0.500017 0.417654 -0.943159
5.56 -0.500017 0.425736 -0.938941
5.57 -0.500017 0.433793 -0.934643
5.58 -0.500018 0.441824 -0.930265
5.59 -0.500018 0.449828 -0.925806
5.6 -0.500018 0.457806 -0.921267
5.61 -0.500018 0.465756 -0.916649
5.62 -0.500019 0.473677 -0.911952
5.63 -0.500019 0.48157 -0.907175
5.64 -0.500019 0.489433 -0.902319
5.65 -0.500019 0.497265 -0.897386
5.66 -0.50002 0.505067 -0.892373
5.67 -0.50002 0.512837 -0.887284
5.68 -0.50002 0.520574 -0.882116
5.69 -0.50002 0.528278 -0.876871
5.7 -0.500021 0.535949 -0.87155
5.71 -0.500021 0.543585 -0.866152
5.72 -0.500021 0.551186 -0.860677
5.73 -0.500021 0.558751 -0.855127
5.74 -0.500021 0.566279 -0.849502
5.75 -0.500021 0.57377 -0.843801
5.76 -0.500022 0.581223 -0.838026
5.77 -0.500022 0.588637 -0.832176
5.78 -0.500022 0.596011 -0.826252
5.79 -0.500022 0.603345 -0.820255
5.8 -0.500022 0.610638 -0.814185
5.81 -0.500022 0.617888 -0.808042
5.82 -0.500022 0.625096 -0.801827
5.83 -0.500023 0.632261 -0.795539
5.84 -0.500023 0.639381 -0.789181
5.85 -0.500023 0.646457 -0.782751
5.86 -0.500023 0.653486 -0.776251
5.87 -0.500023 0.660469 -0.769681
5.88 -0.500023 0.667405 -0.763041
5.89 -0.500023 0.674292 -0.756332
5.9 -0.500023 0.68113 -0.749555
5.91 -0.500023 0.687918 -0.742709
5.92 -0.500023 0.694656 -0.735796
5.93 -0.500023 0.701342 -0.728816
5.94 -0.500023 0.707976 -0.721769
5.95 -0.500023 0.714557 -0.714656
5.96 -0.500023 0.721083 -0.707477
5.97 -0.500023 0.727555 -0.700233
5.98 -0.500023 0.733972 -0.692925
5.99 -0.500023 0.740331 -0.685554
6 -0.500023 0.746634 -0.678118
6.01 -0.500023 0.752878 -0.67062
6.02 -0.500023 0.759064 -0.66306
6.03 -0.500023 0.765189 -0.655439
6.04 -0.500023 0.771254 -0.647756
6.05 -0.500023 0.777257 -0.640013
6.06 -0.500023 0.783199 -0.632211
6.07 -0.500023 0.789076 -0.624349
6.08 -0.500023 0.79489 -0.616429
6.09 -0.500023 0.800639 -0.608451
6.1 -0.500023 0.806323 -0.600416
6.11 -0.500023 0.811939 -0.592324
6.12 -0.500023 0.817489 -0.584177
6.13 -0.500022 0.82297 -0.575974
6.14 -0.500022 0.828382 -0.567717
6.15 -0.500022 0.833725 -0.559406
6.16 -0.500022 0.838996 -0.551042
6.17 -0.500022 0.844197 -0.542626
6.18 -0.500022 0.849325 -0.534158
6.19 -0.500021 0.854379 -0.525639
6.2 -0.500021 0.85936 -0.51707
6.21 -0.500021 0.864267 -0.508452
6.22 -0.500021 0.869097 -0.499784
6.23 -0.500021 0.873852 -0.491069
6.24 -0.50002 0.878529 -0.482307
6.25 -0.50002 0.883129 -0.473499
6.26 -0.50002 0.88765 -0.464644
6.27 -0.50002 0.892091 -0.455745
6.28 -0.500019 0.896453 -0.446802
6.29 -0.500019 0.900734 -0.437816
6.3 -0.500019 0.904933 -0.428788
6.31 -0.500019 0.90905 -0.419717
6.32 -0.500018 0.913083 -0.410606
6.33 -0.500018 0.917034 -0.401456
6.34 -0.500018 0.920899 -0.392266
6.35 -0.500017 0.92468 -0.383038
6.36 -0.500017 0.928375 -0.373772
6.37 -0.500017 0.931983 -0.36447
6.38 -0.500016 0.935504 -0.355132
6.39 -0.500016 0.938938 -0.34576
6.4 -0.500016 0.942283 -0.336353
6.41 -0.500015 0.94554 -0.326914
6.42 -0.500015 0.948706 -0.317443
6.43 -0.500014 0.951783 -0.30794
6.44 -0.500014 0.954769 -0.298407
6.45 -0.500014 0.957664 -0.288845
6.46 -0.500013 0.960467 -0.279254
6.47 -0.500013 0.963177 -0.269635
6.48 -0.500012 0.965795 -0.25999
6.49 -0.500012 0.96832 -0.250319
6.5 -0.500012 0.97075 -0.240624
6.51 -0.500011 0.973086 -0.230905
6.52 -0.500011 0.975328 -0.221162
6.53 -0.50001 0.977475 -0.211398
6.54 -0.50001 0.979525 -0.201613
6.55 -0.500009 0.98148 -0.191808
6.56 -0.500009 0.983339 -0.181983
6.57 -0.500008 0.985101 -0.172141
6.58 -0.500008 0.986766 -0.162282
6.59 -0.500008 0.988333 -0.152406
6.6 -0.500007 0.989803 -0.142515
6.61 -0.500007 0.991175 -0.13261
6.62 -0.500006 0.992448 -0.122692
6.63 -0.500006 0.993623 -0.112761
6.64 -0.500005 0.9947 -0.102819
6.65 -0.500005 0.995677 -0.0928675
6.66 -0.500004 0.996555 -0.0829062
6.67 -0.500004 0.997334 -0.0729366
6.68 -0.500003 0.998014 -0.0629598
6.69 -0.500003 0.998593 -0.0529766
6.7 -0.500002 0.999074 -0.0429882
6.71 -0.500002 0.999454 -0.0329954
6.72 -0.500001 0.999734 -0.0229994
6.73 -0.500001 0.999915 -0.0130011
6.74 -0.5 0.999995 -0.00300141
6.75 -0.5 0.999976 0.00699852
6.76 -0.499999 0.999856 0.0169978
6.77 -0.499999 0.999637 0.0269953
6.78 -0.499998 0.999318 0.0369901
6.79 -0.499998 0.998898 0.0469813
6.8 -0.499997 0.998379 0.0569677
6.81 -0.499997 0.997761 0.0669485
6.82 -0.499996 0.997042 0.0769225
6.83 -0.499996 0.996225 0.0868889
6.84 -0.499995 0.995308 0.0968466
6.85 -0.499995 0.994292 0.106795
6.86 -0.499994 0.993177 0.116732
6.87 -0.499994 0.991964 0.126658
6.88 -0.499993 0.990652 0.136571
6.89 -0.499993 0.989242 0.14647
6.9 -0.499992 0.987734 0.156355
6.91 -0.499992 0.986128 0.166225
6.92 -0.499991 0.984426 0.176077
6.93 -0.499991 0.982626 0.185913
6.94 -0.49999 0.98073 0.195729
6.95 -0.49999 0.978738 0.205527
6.96 -0.49999 0.976649 0.215304
6.97 -0.499989 0.974466 0.225059
6.98 -0.499989 0.972187 0.234792
6.99 -0.499988 0.969814 0.244502
7 -0.499988 0.967347 0.254188
7.01 -0.499987 0.964786 0.263849
7.02 -0.499987 0.962132 0.273483
7.03 -0.499987 0.959385 0.283091
7.04 -0.499986 0.956547 0.29267
7.05 -0.499986 0.953616 0.302221
7.06 -0.499985 0.950595 0.311742
7.07 -0.499985 0.947483 0.321232
7.08 -0.499985 0.944281 0.330691
7.09 -0.499984 0.94099 0.340117
7.1 -0.499984 0.93761 0.34951
7.11 -0.499984 0.934142 0.358869
7.12 -0.499983 0.930587 0.368192
7.13 -0.499983 0.926945 0.37748
7.14 -0.499983 0.923217 0.386731
7.15 -0.499982 0.919403 0.395944
7.16 -0.499982 0.915504 0.405118
7.17 -0.499982 0.911521 0.414253
7.18 -0.499981 0.907455 0.423348
7.19 -0.499981 0.903306 0.432401
7.2 -0.499981 0.899075 0.441413
7.21 -0.499981 0.894763 0.450382
7.22 -0.49998 0.89037 0.459308
7.23 -0.49998 0.885897 0.468189
7.24 -0.49998 0.881346 0.477025
7.25 -0.49998 0.876716 0.485815
7.26 -0.499979 0.872008 0.494559
7.27 -0.499979 0.867224 0.503255
7.28 -0.499979 0.862363 0.511902
7.29 -0.499979 0.857428 0.520501
7.3 -0.499978 0.852418 0.52905
7.31 -0.499978 0.847335 0.537549
7.32 -0.499978 0.842179 0.545996
7.33 -0.499978 0.83695 0.554392
7.34 -0.499978 0.831651 0.562734
7.35 -0.499978 0.826281 0.571024
7.36 -0.499978 0.820842 0.579259
7.37 -0.499977 0.815334 0.58744
7.38 -0.499977 0.809758 0.595565
7.39 -0.499977 0.804116 0.603634
7.4 -0.499977 0.798407 0.611647
7.41 -0.499977 0.792632 0.619602
7.42 -0.499977 0.786793 0.627498
7.43 -0.499977 0.780891 0.635337
7.44 -0.499977 0.774925 0.643115
7.45 -0.499977 0.768898 0.650834
7.46 -0.499977 0.762809 0.658493
7.47 -0.499977 0.75666 0.66609
7.48 -0.499977 0.750452 0.673625
7.49 -0.499977 0.744185 0.681098
7.5 -0.499977 0.73786 0.688508
7.51 -0.499977 0.731478 0.695854
7.52 -0.499977 0.72504 0.703137
7.53 -0.499977 0.718546 0.710354
7.54 -0.499977 0.711998 0.717507
7.55 -0.499977 0.705397 0.724593
7.56 -0.499977 0.698743 0.731614
7.57 -0.499977 0.692036 0.738567
7.58 -0.499977 0.685279 0.745454
7.59 -0.499977 0.678471 0.752272
7.6 -0.499977 0.671614 0.759022
7.61 -0.499977 0.664707 0.765704
7.62 -0.499977 0.657753 0.772316
7.63 -0.499977 0.650752 0.778858
7.64 -0.499977 0.643705 0.78533
7.65 -0.499977 0.636612 0.791731
7.66 -0.499977 0.629474 0.798061
7.67 -0.499978 0.622292 0.80432
7.68 -0.499978 0.615068 0.810506
7.69 -0.499978 0.6078 0.81662
7.7 -0.499978 0.600492 0.822661
7.71 -0.499978 0.593142 0.828629
7.72 -0.499978 0.585752 0.834523
7.73 -0.499978 0.578323 0.840343
7.74 -0.499979 0.570855 0.846089
7.75 -0.499979 0.56335 0.851759
7.76 -0.499979 0.555807 0.857355
7.77 -0.499979 0.548228 0.862875
7.78 -0.499979 0.540613 0.868319
7.79 -0.49998 0.532964 0.873686
7.8 -0.49998 0.52528 0.878977
7.81 -0.49998 0.517563 0.884191
7.82 -0.49998 0.509812 0.889327
7.83 -0.49998 0.50203 0.894386
7.84 -0.499981 0.494217 0.899367
7.85 -0.499981 0.486372 0.90427
7.86 -0.499981 0.478498 0.909094
7.87 -0.499981 0.470594 0.913839
7.88 -0.499982 0.462661 0.918505
7.89 -0.499982 0.4547 0.923091
7.9 -0.499982 0.446712 0.927598
7.91 -0.499982 0.438697 0.932024
7.92 -0.499983 0.430656 0.936371
7.93 -0.499983 0.422589 0.940637
7.94 -0.499983 0.414498 0.944822
7.95 -0.499983 0.406382 0.948926
7.96 -0.499984 0.398242 0.952948
7.97 -0.499984 0.39008 0.95689
7.98 -0.499984 0.381895 0.960749
7.99 -0.499985 0.373688 0.964527
8 -0.499985 0.36546 0.968222
8.01 -0.499985 0.357211 0.971835
8.02 -0.499986 0.348942 0.975365
8.03 -0.499986 0.340653 0.978813
8.04 -0.499986 0.332345 0.982177
8.05 -0.499986 0.324019 0.985459
8.06 -0.499987 0.315675 0.988657
8.07 -0.499987 0.307314 0.991772
8.08 -0.499987 0.298935 0.994802
8.09 -0.499988 0.290541 0.997749
8.1 -0.499988 0.282131 1.00061
8.11 -0.499988 0.273705 1.00339
8.12 -0.499989 0.265265 1.00609
8.13 -0.499989 0.256811 1.0087
8.14 -0.499989 0.248343 1.01122
8.15 -0.49999 0.239861 1.01366
8.16 -0.49999 0.231367 1.01602
8.17 -0.499991 0.222861 1.01829
8.18 -0.499991 0.214344 1.02047
8.19 -0.499991 0.205814 1.02257
8.2 -0.499992 0.197275 1.02459
8.21 -0.499992 0.188725 1.02652
8.22 -0.499992 0.180165 1.02836
8.23 -0.499993 0.171596 1.03012
8.24 -0.499993 0.163018 1.03179
8.25 -0.499993 0.154432 1.03338
8.26 -0.499994 0.145838 1.03488
8.27 -0.499994 0.137236 1.0363
8.28 -0.499994 0.128627 1.03763
8.29 -0.499995 0.120012 1.03887
8.3 -0.499995 0.111391 1.04002
8.31 -0.499996 0.102764 1.04109
8.32 -0.499996 0.0941319 1.04208
8.33 -0.499996 0.0854951 1.04298
8.34 -0.499997 0.076854 1.04379
8.35 -0.499997 0.068209 1.04451
8.36 -0.499997 0.0595606 1.04515
8.37 -0.499998 0.0509091 1.0457
8.38 -0.499998 0.0422552 1.04617
8.39 -0.499999 0.0335991 1.04655
8.4 -0.499999 0.0249413 1.04684
8.41 -0.499999 0.0162823 1.04705
8.42 -0.5 0.00762251 1.04716
8.43 -0.5 -0.0010377 1.0472
8.44 -0.5 -0.00969785 1.04714
8.45 -0.500001 -0.0183575 1.047
8.46 -0.500001 -0.0270163 1.04677
8.47 -0.500002 -0.0356737 1.04646
8.48 -0.500002 -0.0443293 1.04606
8.49 -0.500002 -0.0529827 1.04557
8.5 -0.500003 -0.0616334 1.045
8.51 -0.500003 -0.070281 1.04434
8.52 -0.500003 -0.0789252 1.04359
8.53 -0.500004 -0.0875653 1.04276
8.54 -0.500004 -0.096201 1.04184
8.55 -0.500005 -0.104832 1.04084
8.56 -0.500005 -0.113457 1.03974
8.57 -0.500005 -0.122077 1.03857
8.58 -0.500006 -0.130691 1.0373
8.59 -0.500006 -0.139298 1.03595
8.6 -0.500006 -0.147898 1.03451
8.61 -0.500007 -0.15649 1.03299
8.62 -0.500007 -0.165074 1.03138
8.63 -0.500007 -0.17365 1.02969
8.64 -0.500008 -0.182217 1.02791
8.65 -0.500008 -0.190775 1.02604
8.66 -0.500009 -0.199322 1.02409
8.67 -0.500009 -0.207859 1.02206
8.68 -0.500009 -0.216386 1.01994
8.69 -0.50001 -0.224901 1.01773
8.7 -0.50001 -0.233404 1.01544
8.71 -0.50001 -0.241895 1.01306
8.72 -0.500011 -0.250373 1.0106
8.73 -0.500011 -0.258838 1.00805
8.74 -0.500011 -0.267289 1.00542
8.75 -0.500012 -0.275726 1.00271
8.76 -0.500012 -0.284148 0.999905
8.77 -0.500012 -0.292554 0.997021
8.78 -0.500013 -0.300945 0.994054
8.79 -0.500013 -0.309319 0.991002
8.8 -0.500013 -0.317676 0.987866
8.81 -0.500014 -0.326016 0.984648
8.82 -0.500014 -0.334338 0.981345
8.83 -0.500014 -0.342641 0.97796
8.84 -0.500015 -0.350925 0.974492
8.85 -0.500015 -0.359189 0.970941
8.86 -0.500015 -0.367433 0.967307
8.87 -0.500015 -0.375657 0.963591
8.88 -0.500016 -0.383858 0.959793
8.89 -0.500016 -0.392038 0.955913
8.9 -0.500016 -0.400195 0.951952
8.91 -0.500017 -0.408329 0.947909
8.92 -0.500017 -0.416439 0.943784
8.93 -0.500017 -0.424525 0.939579
8.94 -0.500017 -0.432585 0.935293
8.95 -0.500018 -0.44062 0.930927
8.96 -0.500018 -0.448629 0.92648
8.97 -0.500018 -0.456611 0.921954
8.98 -0.500018 -0.464565 0.917347
8.99 -0.500019 -0.47249 0.912662
9 -0.500019 -0.480387 0.907897
9.01 -0.500019 -0.488255 0.903053
9.02 -0.500019 -0.496092 0.898131
9.03 -0.50002 -0.503898 0.893131
9.04 -0.50002 -0.511673 0.888052
9.05 -0.50002 -0.519415 0.882896
9.06 -0.50002 -0.527124 0.877663
9.07 -0.50002 -0.5348 0.872353
9.08 -0.500021 -0.542441 0.866967
9.09 -0.500021 -0.550048 0.861504
9.1 -0.500021 -0.557618 0.855965
9.11 -0.500021 -0.565152 0.850351
9.12 -0.500021 -0.572648 0.844661
9.13 -0.500022 -0.580107 0.838897
9.14 -0.500022 -0.587527 0.833059
9.15 -0.500022 -0.594907 0.827146
9.16 -0.500022 -0.602247 0.82116
9.17 -0.500022 -0.609546 0.815101
9.18 -0.500022 -0.616803 0.808968
9.19 -0.500022 -0.624017 0.802764
9.2 -0.500023 -0.631189 0.796488
9.21 -0.500023 -0.638316 0.79014
9.22 -0.500023 -0.645398 0.783721
9.23 -0.500023 -0.652434 0.777231
9.24 -0.500023 -0.659424 0.770671
9.25 -0.500023 -0.666367 0.764042
9.26 -0.500023 -0.673261 0.757344
9.27 -0.500023 -0.680107 0.750576
9.28 -0.500023 -0.686903 0.743741
9.29 -0.500023 -0.693648 0.736838
9.3 -0.500023 -0.700342 0.729867
9.31 -0.500023 -0.706984 0.72283
9.32 -0.500023 -0.713572 0.715727
9.33 -0.500023 -0.720107 0.708559
9.34 -0.500023 -0.726588 0.701325
9.35 -0.500023 -0.733012 0.694026
9.36 -0.500023 -0.739381 0.686664
9.37 -0.500023 -0.745692 0.679238
9.38 -0.500023 -0.751945 0.67175
9.39 -0.500023 -0.758139 0.664199
9.4 -0.500023 -0.764274 0.656586
9.41 -0.500023 -0.770348 0.648913
9.42 -0.500023 -0.77636 0.641179
9.43 -0.500023 -0.782311 0.633385
9.44 -0.500023 -0.788198 0.625533
9.45 -0.500023 -0.794022 0.617621
9.46 -0.500023 -0.799781 0.609652
9.47 -0.500023 -0.805474 0.601625
9.48 -0.500023 -0.811101 0.593542
9.49 -0.500023 -0.81666 0.585403
9.5 -0.500022 -0.822152 0.577208
9.51 -0.500022 -0.827574 0.568959
9.52 -0.500022 -0.832927 0.560657
9.53 -0.500022 -0.83821 0.552301
9.54 -0.500022 -0.843421 0.543892
9.55 -0.500022 -0.84856 0.535432
9.56 -0.500021 -0.853625 0.526921
9.57 -0.500021 -0.858618 0.518359
9.58 -0.500021 -0.863535 0.509748
9.59 -0.500021 -0.868377 0.501088
9.6 -0.500021 -0.873143 0.49238
9.61 -0.50002 -0.877832 0.483625
9.62 -0.50002 -0.882444 0.474823
9.63 -0.50002 -0.886976 0.465976
9.64 -0.50002 -0.89143 0.457084
9.65 -0.500019 -0.895804 0.448147
9.66 -0.500019 -0.900096 0.439167
9.67 -0.500019 -0.904308 0.430145
9.68 -0.500019 -0.908437 0.421081
9.69 -0.500018 -0.912483 0.411976
9.7 -0.500018 -0.916446 0.402831
9.71 -0.500018 -0.920325 0.393647
9.72 -0.500017 -0.924118 0.384425
9.73 -0.500017 -0.927826 0.375165
9.74 -0.500017 -0.931447 0.365868
9.75 -0.500016 -0.934982 0.356536
9.76 -0.500016 -0.938428 0.347169
9.77 -0.500016 -0.941787 0.337767
9.78 -0.500015 -0.945057 0.328333
9.79 -0.500015 -0.948237 0.318866
9.8 -0.500014 -0.951327 0.309368
9.81 -0.500014 -0.954327 0.299839
9.82 -0.500014 -0.957235 0.290281
9.83 -0.500013 -0.960052 0.280695
9.84 -0.500013 -0.962776 0.27108
9.85 -0.500012 -0.965408 0.261439
9.86 -0.500012 -0.967947 0.251772
9.87 -0.500012 -0.970391 0.24208
9.88 -0.500011 -0.972742 0.232365
9.89 -0.500011 -0.974998 0.222626
9.9 -0.50001 -0.977159 0.212865
9.91 -0.50001 -0.979224 0.203083
9.92 -0.500009 -0.981193 0.19328
9.93 -0.500009 -0.983066 0.183459
9.94 -0.500009 -0.984843 0.173619
9.95 -0.500008 -0.986522 0.163762
9.96 -0.500008 -0.988104 0.153889
9.97 -0.500007 -0.989589 0.144
9.98 -0.500007 -0.990975 0.134097
9.99 -0.500006 -0.992263 0.124181
10 -0.500006 -0.993453 0.114252
10.01 -0.500005 -0.994544 0.104312
10.02 -0.500005 -0.995537 0.0943616
10.03 -0.500004 -0.99643 0.0844016
10.04 -0.500004 -0.997224 0.0744332
10.05 -0.500003 -0.997918 0.0644574
10.06 -0.500003 -0.998513 0.0544752
10.07 -0.500002 -0.999008 0.0444874
10.08 -0.500002 -0.999403 0.0344953
10.09 -0.500001 -0.999699 0.0244997
10.1 -0.500001 -0.999894 0.0145016
10.11 -0.5 -0.99999 0.00450211
10.12 -0.5 -0.999985 -0.00549785
10.13 -0.499999 -0.999881 -0.0154973
10.14 -0.499999 -0.999676 -0.0254951
10.15 -0.499998 -0.999372 -0.0354904
10.16 -0.499998 -0.998968 -0.0454822
10.17 -0.499997 -0.998464 -0.0554694
10.18 -0.499997 -0.99786 -0.0654511
10.19 -0.499996 -0.997157 -0.0754262
10.2 -0.499996 -0.996354 -0.0853938
10.21 -0.499995 -0.995452 -0.0953529
10.22 -0.499995 -0.994451 -0.105302
10.23 -0.499994 -0.993351 -0.115241
10.24 -0.499994 -0.992152 -0.125169
10.25 -0.499993 -0.990855 -0.135084
10.26 -0.499993 -0.98946 -0.144986
10.27 -0.499992 -0.987966 -0.154873
10.28 -0.499992 -0.986376 -0.164744
10.29 -0.499991 -0.984687 -0.1746
10.3 -0.499991 -0.982902 -0.184438
10.31 -0.499991 -0.981021 -0.194257
10.32 -0.49999 -0.979043 -0.204058
10.33 -0.49999 -0.976969 -0.213838
10.34 -0.499989 -0.9748 -0.223596
10.35 -0.499989 -0.972535 -0.233333
10.36 -0.499988 -0.970176 -0.243047
10.37 -0.499988 -0.967723 -0.252736
10.38 -0.499987 -0.965176 -0.262401
10.39 -0.499987 -0.962536 -0.272039
10.4 -0.499987 -0.959803 -0.281651
10.41 -0.499986 -0.956978 -0.291234
10.42 -0.499986 -0.954062 -0.30079
10.43 -0.499985 -0.951054 -0.310315
10.44 -0.499985 -0.947956 -0.31981
10.45 -0.499985 -0.944767 -0.329274
10.46 -0.499984 -0.94149 -0.338705
10.47 -0.499984 -0.938123 -0.348103
10.48 -0.499984 -0.934669 -0.357467
10.49 -0.499983 -0.931126 -0.366796
10.5 -0.499983 -0.927497 -0.376089
10.51 -0.499983 -0.923782 -0.385345
10.52 -0.499982 -0.919981 -0.394564
10.53 -0.499982 -0.916095 -0.403744
10.54 -0.499982 -0.912124 -0.412885
10.55 -0.499981 -0.908071 -0.421986
10.56 -0.499981 -0.903934 -0.431045
10.57 -0.499981 -0.899715 -0.440064
10.58 -0.499981 -0.895415 -0.449039
10.59 -0.49998 -0.891034 -0.457971
10.6 -0.49998 -0.886574 -0.466859
10.61 -0.49998 -0.882034 -0.475702
10.62 -0.49998 -0.877415 -0.484499
10.63 -0.499979 -0.872719 -0.493249
10.64 -0.499979 -0.867947 -0.501953
10.65 -0.499979 -0.863098 -0.510608
10.66 -0.499979 -0.858173 -0.519214
10.67 -0.499979 -0.853175 -0.52777
10.68 -0.499978 -0.848102 -0.536277
10.69 -0.499978 -0.842957 -0.544732
10.7 -0.499978 -0.837739 -0.553135
10.71 -0.499978 -0.832451 -0.561486
10.72 -0.499978 -0.827092 -0.569783
10.73 -0.499978 -0.821663 -0.578027
10.74 -0.499977 -0.816165 -0.586216
10.75 -0.499977 -0.810599 -0.594349
10.76 -0.499977 -0.804967 -0.602427
10.77 -0.499977 -0.799268 -0.610448
10.78 -0.499977 -0.793503 -0.618411
10.79 -0.499977 -0.787674 -0.626317
10.8 -0.499977 -0.781781 -0.634164
10.81 -0.499977 -0.775824 -0.641952
10.82 -0.499977 -0.769806 -0.64968
10.83 -0.499977 -0.763727 -0.657347
10.84 -0.499977 -0.757587 -0.664954
10.85 -0.499977 -0.751387 -0.672498
10.86 -0.499977 -0.745129 -0.67998
10.87 -0.499977 -0.738812 -0.6874
10.88 -0.499977 -0.732439 -0.694756
10.89 -0.499977 -0.726009 -0.702048
10.9 -0.499977 -0.719524 -0.709275
10.91 -0.499977 -0.712984 -0.716438
10.92 -0.499977 -0.706391 -0.723534
10.93 -0.499977 -0.699745 -0.730564
10.94 -0.499977 -0.693046 -0.737528
10.95 -0.499977 -0.686296 -0.744425
10.96 -0.499977 -0.679496 -0.751253
10.97 -0.499977 -0.672646 -0.758014
10.98 -0.499977 -0.665747 -0.764705
10.99 -0.499977 -0.6588 -0.771328
11 -0.499977 -0.651806 -0.77788
11.01 -0.499977 -0.644765 -0.784363
11.02 -0.499977 -0.637679 -0.790775
11.03 -0.499977 -0.630548 -0.797116
11.04 -0.499978 -0.623373 -0.803385
11.05 -0.499978 -0.616155 -0.809582
11.06 -0.499978 -0.608894 -0.815707
11.07 -0.499978 -0.601591 -0.821759
11.08 -0.499978 -0.594247 -0.827738
11.09 -0.499978 -0.586864 -0.833643
11.1 -0.499978 -0.57944 -0.839475
11.11 -0.499979 -0.571978 -0.845231
11.12 -0.499979 -0.564478 -0.850913
11.13 -0.499979 -0.556941 -0.85652
11.14 -0.499979 -0.549368 -0.862051
11.15 -0.499979 -0.541758 -0.867506
11.16 -0.49998 -0.534114 -0.872885
11.17 -0.49998 -0.526435 -0.878188
11.18 -0.49998 -0.518723 -0.883413
11.19 -0.49998 -0.510978 -0.888561
11.2 -0.49998 -0.5032 -0.893632
11.21 -0.499981 -0.495391 -0.898625
11.22 -0.499981 -0.487551 -0.903539
11.23 -0.499981 -0.479681 -0.908375
11.24 -0.499981 -0.471782 -0.913132
11.25 -0.499982 -0.463853 -0.917809
11.26 -0.499982 -0.455897 -0.922408
11.27 -0.499982 -0.447913 -0.926927
11.28 -0.499982 -0.439902 -0.931365
11.29 -0.499983 -0.431864 -0.935724
11.3 -0.499983 -0.423801 -0.940002
11.31 -0.499983 -0.415714 -0.944199
11.32 -0.499983 -0.407601 -0.948315
11.33 -0.499984 -0.399465 -0.95235
11.34 -0.499984 -0.391306 -0.956303
11.35 -0.499984 -0.383124 -0.960175
11.36 -0.499985 -0.374921 -0.963965
11.37 -0.499985 -0.366696 -0.967673
11.38 -0.499985 -0.35845 -0.971298
11.39 -0.499986 -0.350184 -0.974841
11.4 -0.499986 -0.341898 -0.978301
11.41 -0.499986 -0.333593 -0.981678
11.42 -0.499986 -0.32527 -0.984972
11.43 -0.499987 -0.316928 -0.988182
11.44 -0.499987 -0.30857 -0.991309
11.45 -0.499987 -0.300194 -0.994353
11.46 -0.499988 -0.291802 -0.997312
11.47 -0.499988 -0.283394 -1.00019
11.48 -0.499988 -0.274971 -1.00298
11.49 -0.499989 -0.266533 -1.00569
11.5 -0.499989 -0.25808 -1.00831
11.51 -0.499989 -0.249614 -1.01085
11.52 -0.49999 -0.241135 -1.0133
11.53 -0.49999 -0.232643 -1.01567
11.54 -0.49999 -0.224139 -1.01795
11.55 -0.499991 -0.215623 -1.02015
11.56 -0.499991 -0.207095 -1.02226
11.57 -0.499992 -0.198557 -1.02429
11.58 -0.499992 -0.190008 -1.02623
11.59 -0.499992 -0.18145 -1.02809
11.6 -0.499993 -0.172882 -1.02986
11.61 -0.499993 -0.164306 -1.03155
11.62 -0.499993 -0.155721 -1.03315
11.63 -0.499994 -0.147128 -1.03466
11.64 -0.499994 -0.138527 -1.03609
11.65 -0.499994 -0.12992 -1.03743
11.66 -0.499995 -0.121305 -1.03869
11.67 -0.499995 -0.112685 -1.03986
11.68 -0.499996 -0.104059 -1.04094
11.69 -0.499996 -0.0954277 -1.04194
11.7 -0.499996 -0.0867915 -1.04285
11.71 -0.499997 -0.078151 -1.04367
11.72 -0.499997 -0.0695066 -1.04441
11.73 -0.499997 -0.0608586 -1.04506
11.74 -0.499998 -0.0522076 -1.04563
11.75 -0.499998 -0.043554 -1.0461
11.76 -0.499998 -0.0348982 -1.0465
11.77 -0.499999 -0.0262407 -1.0468
11.78 -0.499999 -0.0175819 -1.04702
11.79 -0.5 -0.00892213 -1.04715
11.8 -0.5 -0.000261957 -1.0472
11.81 -0.5 0.00839823 -1.04716
11.82 -0.500001 0.017058 -1.04703
11.83 -0.500001 0.0257169 -1.04681
11.84 -0.500001 0.0343745 -1.04651
11.85 -0.500002 0.0430305 -1.04613
11.86 -0.500002 0.0516842 -1.04565
11.87 -0.500003 0.0603354 -1.04509
11.88 -0.500003 0.0689835 -1.04444
11.89 -0.500003 0.0776282 -1.04371
11.9 -0.500004 0.0862689 -1.04289
11.91 -0.500004 0.0949053 -1.04198
11.92 -0.500004 0.103537 -1.04099
11.93 -0.500005 0.112163 -1.03991
11.94 -0.500005 0.120784 -1.03875
11.95 -0.500006 0.129399 -1.0375
11.96 -0.500006 0.138007 -1.03616
11.97 -0.500006 0.146608 -1.03474
11.98 -0.500007 0.155201 -1.03323
11.99 -0.500007 0.163787 -1.03163
12 -0.500007 0.172364 -1.02995
12.01 -0.500008 0.180932 -1.02818
12.02 -0.500008 0.189491 -1.02633
12.03 -0.500008 0.19804 -1.02439
12.04 -0.500009 0.206579 -1.02237
12.05 -0.500009 0.215107 -1.02026
12.06 -0.50001 0.223624 -1.01807
12.07 -0.50001 0.232129 -1.01579
12.08 -0.50001 0.240622 -1.01342
12.09 -0.500011 0.249102 -1.01097
12.1 -0.500011 0.257569 -1.00844
12.11 -0.500011 0.266022 -1.00582
12.12 -0.500012 0.274461 -1.00312
12.13 -0.500012 0.282885 -1.00033
12.14 -0.500012 0.291294 -0.99746
12.15 -0.500013 0.299687 -0.994504
12.16 -0.500013 0.308063 -0.991465
12.17 -0.500013 0.316423 -0.988342
12.18 -0.500014 0.324766 -0.985136
12.19 -0.500014 0.33309 -0.981846
12.2 -0.500014 0.341396 -0.978473
12.21 -0.500014 0.349683 -0.975017
12.22 -0.500015 0.35795 -0.971479
12.23 -0.500015 0.366197 -0.967858
12.24 -0.500015 0.374424 -0.964154
12.25 -0.500016 0.382629 -0.960368
12.26 -0.500016 0.390812 -0.956501
12.27 -0.500016 0.398972 -0.952552
12.28 -0.500017 0.40711 -0.948521
12.29 -0.500017 0.415224 -0.944409
12.3 -0.500017 0.423313 -0.940215
12.31 -0.500017 0.431377 -0.935942
12.32 -0.500018 0.439416 -0.931587
12.33 -0.500018 0.447429 -0.927153
12.34 -0.500018 0.455414 -0.922638
12.35 -0.500018 0.463373 -0.918044
12.36 -0.500019 0.471303 -0.91337
12.37 -0.500019 0.479204 -0.908617
12.38 -0.500019 0.487076 -0.903785
12.39 -0.500019 0.494918 -0.898875
12.4 -0.50002 0.502729 -0.893886
12.41 -0.50002 0.510508 -0.888819
12.42 -0.50002 0.518255 -0.883675
12.43 -0.50002 0.52597 -0.878454
12.44 -0.50002 0.53365 -0.873155
12.45 -0.500021 0.541297 -0.86778
12.46 -0.500021 0.548908 -0.862329
12.47 -0.500021 0.556484 -0.856801
12.48 -0.500021 0.564024 -0.851198
12.49 -0.500021 0.571526 -0.84552
12.5 -0.500022 0.57899 -0.839767
12.51 -0.500022 0.586416 -0.83394
12.52 -0.500022 0.593802 -0.828038
12.53 -0.500022 0.601148 -0.822063
12.54 -0.500022 0.608453 -0.816015
12.55 -0.500022 0.615716 -0.809893
12.56 -0.500022 0.622937 -0.8037
12.57 -0.500023 0.630115 -0.797434
12.58 -0.500023 0.637249 -0.791097
12.59 -0.500023 0.644338 -0.784688
12.6 -0.500023 0.651381 -0.778209
12.61 -0.500023 0.658378 -0.77166
12.62 -0.500023 0.665328 -0.765041
12.63 -0.500023 0.67223 -0.758353
12.64 -0.500023 0.679083 -0.751596
12.65 -0.500023 0.685886 -0.744771
12.66 -0.500023 0.692639 -0.737878
12.67 -0.500023 0.699341 -0.730918
12.68 -0.500023 0.70599 -0.723891
12.69 -0.500023 0.712587 -0.716797
12.7 -0.500023 0.71913 -0.709638
12.71 -0.500023 0.725619 -0.702414
12.72 -0.500023 0.732052 -0.695126
12.73 -0.500023 0.738428 -0.687773
12.74 -0.500023 0.744748 -0.680357
12.75 -0.500023 0.75101 -0.672877
12.76 -0.500023 0.757213 -0.665336
12.77 -0.500023 0.763357 -0.657733
12.78 -0.500023 0.76944 -0.650068
12.79 -0.500023 0.775462 -0.642344
12.8 -0.500023 0.781422 -0.634559
12.81 -0.500023 0.787319 -0.626715
12.82 -0.500023 0.793152 -0.618812
12.83 -0.500023 0.798921 -0.610851
12.84 -0.500023 0.804624 -0.602833
12.85 -0.500023 0.810261 -0.594759
12.86 -0.500023 0.81583 -0.586628
12.87 -0.500022 0.821332 -0.578442
12.88 -0.500022 0.826765 -0.570201
12.89 -0.500022 0.832129 -0.561906
12.9 -0.500022 0.837422 -0.553558
12.91 -0.500022 0.842643 -0.545157
12.92 -0.500022 0.847793 -0.536705
12.93 -0.500021 0.85287 -0.528201
12.94 -0.500021 0.857873 -0.519647
12.95 -0.500021 0.862802 -0.511043
12.96 -0.500021 0.867655 -0.502391
12.97 -0.500021 0.872433 -0.49369
12.98 -0.50002 0.877133 -0.484942
12.99 -0.50002 0.881756 -0.476147
13 -0.50002 0.886301 -0.467307
13.01 -0.50002 0.890767 -0.458421
13.02 -0.500019 0.895152 -0.449491
13.03 -0.500019 0.899457 -0.440518
13.04 -0.500019 0.903681 -0.431502
13.05 -0.500019 0.907823 -0.422444
13.06 -0.500018 0.911881 -0.413345
13.07 -0.500018 0.915857 -0.404206
13.08 -0.500018 0.919748 -0.395028
13.09 -0.500017 0.923554 -0.385811
13.1 -0.500017 0.927275 -0.376557
13.11 -0.500017 0.930909 -0.367266
13.12 -0.500016 0.934457 -0.357939
13.13 -0.500016 0.937917 -0.348576
13.14 -0.500016 0.941289 -0.33918
13.15 -0.500015 0.944572 -0.329751
13.16 -0.500015 0.947765 -0.320289
13.17 -0.500015 0.950869 -0.310795
13.18 -0.500014 0.953882 -0.301271
13.19 -0.500014 0.956805 -0.291718
13.2 -0.500013 0.959635 -0.282135
13.21 -0.500013 0.962373 -0.272525
13.22 -0.500013 0.965019 -0.262888
13.23 -0.500012 0.967572 -0.253225
13.24 -0.500012 0.97003 -0.243536
13.25 -0.500011 0.972395 -0.233824
13.26 -0.500011 0.974665 -0.224089
13.27 -0.50001 0.97684 -0.214331
13.28 -0.50001 0.97892 -0.204552
13.29 -0.500009 0.980904 -0.194753
13.3 -0.500009 0.982791 -0.184934
13.31 -0.500009 0.984582 -0.175097
13.32 -0.500008 0.986276 -0.165243
13.33 -0.500008 0.987873 -0.155372
13.34 -0.500007 0.989372 -0.145485
13.35 -0.500007 0.990773 -0.135584
13.36 -0.500006 0.992076 -0.12567
13.37 -0.500006 0.993281 -0.115743
13.38 -0.500005 0.994387 -0.105805
13.39 -0.500005 0.995394 -0.0958555
13.4 -0.500004 0.996302 -0.0858969
13.41 -0.500004 0.997111 -0.0759297
13.42 -0.500003 0.99782 -0.0659549
13.43 -0.500003 0.99843 -0.0559736
13.44 -0.500002 0.99894 -0.0459866
13.45 -0.500002 0.99935 -0.0359951
13.46 -0.500001 0.999661 -0.0259999
13.47 -0.500001 0.999871 -0.0160022
13.48 -0.5 0.999982 -0.0060028
13.49 -0.5 0.999992 0.00399715
13.5 -0.499999 0.999903 0.0139967
13.51 -0.499999 0.999713 0.0239949
13.52 -0.499998 0.999424 0.0339906
13.53 -0.499998 0.999035 0.043983
13.54 -0.499997 0.998546 0.0539709
13.55 -0.499997 0.997957 0.0639535
13.56 -0.499996 0.997268 0.0739297
13.57 -0.499996 0.996481 0.0838985
13.58 -0.499995 0.995593 0.0938589
13.59 -0.499995 0.994607 0.10381
13.6 -0.499994 0.993522 0.113751
13.61 -0.499994 0.992338 0.12368
13.62 -0.499993 0.991056 0.133597
13.63 -0.499993 0.989675 0.143501
13.64 -0.499992 0.988197 0.15339
13.65 -0.499992 0.986621 0.163264
13.66 -0.499992 0.984947 0.173122
13.67 -0.499991 0.983176 0.182962
13.68 -0.499991 0.981309 0.192785
13.69 -0.49999 0.979346 0.202588
13.7 -0.49999 0.977286 0.212371
13.71 -0.499989 0.975131 0.222133
13.72 -0.499989 0.972881 0.231873
13.73 -0.499988 0.970536 0.24159
13.74 -0.499988 0.968097 0.251284
13.75 -0.499988 0.965564 0.260952
13.76 -0.499987 0.962938 0.270594
13.77 -0.499987 0.960219 0.28021
13.78 -0.499986 0.957408 0.289798
13.79 -0.499986 0.954505 0.299358
13.8 -0.499986 0.951511 0.308888
13.81 -0.499985 0.948426 0.318387
13.82 -0.499985 0.945252 0.327855
13.83 -0.499984 0.941987 0.337292
13.84 -0.499984 0.938634 0.346695
13.85 -0.499984 0.935193 0.356064
13.86 -0.499983 0.931663 0.365398
13.87 -0.499983 0.928047 0.374696
13.88 -0.499983 0.924345 0.383958
13.89 -0.499982 0.920556 0.393182
13.9 -0.499982 0.916683 0.402369
13.91 -0.499982 0.912726 0.411515
13.92 -0.499981 0.908684 0.420622
13.93 -0.499981 0.90456 0.429688
13.94 -0.499981 0.900354 0.438713
13.95 -0.499981 0.896066 0.447695
13.96 -0.49998 0.891697 0.456634
13.97 -0.49998 0.887248 0.465528
13.98 -0.49998 0.88272 0.474378
13.99 -0.49998 0.878113 0.483182
14 -0.499979 0.873429 0.491939
14.01 -0.499979 0.868668 0.50065
14.02 -0.499979 0.86383 0.509312
14.03 -0.499979 0.858917 0.517925
14.04 -0.499979 0.85393 0.52649
14.05 -0.499978 0.848868 0.535003
14.06 -0.499978 0.843734 0.543466
14.07 -0.499978 0.838527 0.551877
14.08 -0.499978 0.833249 0.560236
14.09 -0.499978 0.8279 0.568541
14.1 -0.499978 0.822482 0.576793
14.11 -0.499977 0.816994 0.58499
14.12 -0.499977 0.811439 0.593132
14.13 -0.499977 0.805816 0.601218
14.14 -0.499977 0.800127 0.609248
14.15 -0.499977 0.794372 0.61722
14.16 -0.499977 0.788553 0.625134
14.17 -0.499977 0.782669 0.63299
14.18 -0.499977 0.776722 0.640787
14.19 -0.499977 0.770713 0.648524
14.2 -0.499977 0.764643 0.6562
14.21 -0.499977 0.758512 0.663816
14.22 -0.499977 0.752321 0.67137
14.23 -0.499977 0.746072 0.678862
14.24 -0.499977 0.739764 0.686291
14.25 -0.499977 0.733399 0.693656
14.26 -0.499977 0.726978 0.700958
14.27 -0.499977 0.720501 0.708195
14.28 -0.499977 0.713969 0.715367
14.29 -0.499977 0.707384 0.722473
14.3 -0.499977 0.700745 0.729514
14.31 -0.499977 0.694054 0.736487
14.32 -0.499977 0.687312 0.743394
14.33 -0.499977 0.680519 0.750233
14.34 -0.499977 0.673677 0.757003
14.35 -0.499977 0.666785 0.763705
14.36 -0.499977 0.659846 0.770338
14.37 -0.499977 0.652858 0.776902
14.38 -0.499977 0.645825 0.783395
14.39 -0.499977 0.638745 0.789817
14.4 -0.499977 0.631621 0.796169
14.41 -0.499978 0.624452 0.802449
14.42 -0.499978 0.617241 0.808657
14.43 -0.499978 0.609986 0.814793
14.44 -0.499978 0.60269 0.820856
14.45 -0.499978 0.595352 0.826846
14.46 -0.499978 0.587974 0.832762
14.47 -0.499978 0.580557 0.838604
14.48 -0.499979 0.573101 0.844372
14.49 -0.499979 0.565606 0.850065
14.5 -0.499979 0.558075 0.855683
14.51 -0.499979 0.550507 0.861226
14.52 -0.499979 0.542903 0.866693
14.53 -0.49998 0.535263 0.872083
14.54 -0.49998 0.52759 0.877397
14.55 -0.49998 0.519882 0.882634
14.56 -0.49998 0.512142 0.887794
14.57 -0.49998 0.504369 0.892876
14.58 -0.499981 0.496565 0.89788
14.59 -0.499981 0.48873 0.902806
14.6 -0.499981 0.480864 0.907654
14.61 -0.499981 0.472969 0.912423
14.62 -0.499982 0.465045 0.917113
14.63 -0.499982 0.457092 0.921723
14.64 -0.499982 0.449112 0.926253
14.65 -0.499982 0.441105 0.930704
14.66 -0.499983 0.433072 0.935075
14.67 -0.499983 0.425013 0.939365
14.68 -0.499983 0.416929 0.943574
14.69 -0.499983 0.40882 0.947702
14.7 -0.499984 0.400688 0.95175
14.71 -0.499984 0.392532 0.955715
14.72 -0.499984 0.384354 0.959599
14.73 -0.499985 0.376153 0.963401
14.74 -0.499985 0.367931 0.967122
14.75 -0.499985 0.359689 0.970759
14.76 -0.499985 0.351425 0.974314
14.77 -0.499986 0.343143 0.977787
14.78 -0.499986 0.334841 0.981176
14.79 -0.499986 0.32652 0.984483
14.8 -0.499987 0.318181 0.987706
14.81 -0.499987 0.309825 0.990845
14.82 -0.499987 0.301452 0.993901
14.83 -0.499988 0.293062 0.996874
14.84 -0.499988 0.284657 0.999762
14.85 -0.499988 0.276236 1.00257
14.86 -0.499989 0.2678 1.00529
14.87 -0.499989 0.25935 1.00792
14.88 -0.499989 0.250886 1.01047
14.89 -0.49999 0.242408 1.01294
14.9 -0.49999 0.233918 1.01532
14.91 -0.49999 0.225416 1.01762
14.92 -0.499991 0.216901 1.01983
14.93 -0.499991 0.208376 1.02195
14.94 -0.499991 0.199839 1.02399
14.95 -0.499992 0.191292 1.02595
14.96 -0.499992 0.182735 1.02782
14.97 -0.499993 0.174169 1.0296
14.98 -0.499993 0.165593 1.0313
14.99 -0.499993 0.15701 1.03291
15 -0.499994 0.148418 1.03444
15.01 -0.499994 0.139818 1.03588
15.02 -0.499994 0.131212 1.03724
15.03 -0.499995 0.122599 1.0385
15.04 -0.499995 0.113979 1.03969
15.05 -0.499995 0.105354 1.04078
15.06 -0.499996 0.0967233 1.04179
15.07 -0.499996 0.0880878 1.04272
15.08 -0.499997 0.079448 1.04355
15.09 -0.499997 0.0708041 1.0443
15.1 -0.499997 0.0621566 1.04497
15.11 -0.499998 0.0535061 1.04555
15.12 -0.499998 0.0448528 1.04604
15.13 -0.499998 0.0361974 1.04644
15.14 -0.499999 0.02754 1.04676
15.15 -0.499999 0.0188814 1.04699
15.16 -0.5 0.0102217 1.04714
15.17 -0.5 0.00156161 1.0472
15.18 -0.5 -0.00709861 1.04717
15.19 -0.500001 -0.0157585 1.04705
15.2 -0.500001 -0.0244175 1.04685
15.21 -0.500001 -0.0330754 1.04656
15.22 -0.500002 -0.0417316 1.04619
15.23 -0.500002 -0.0503857 1.04573
15.24 -0.500003 -0.0590373 1.04518
15.25 -0.500003 -0.0676859 1.04455
15.26 -0.500003 -0.0763311 1.04383
15.27 -0.500004 -0.0849725 1.04302
15.28 -0.500004 -0.0936096 1.04213
15.29 -0.500004 -0.102242 1.04115
15.3 -0.500005 -0.110869 1.04008
15.31 -0.500005 -0.119491 1.03893
15.32 -0.500006 -0.128106 1.03769
15.33 -0.500006 -0.136715 1.03637
15.34 -0.500006 -0.145317 1.03495
15.35 -0.500007 -0.153912 1.03346
15.36 -0.500007 -0.162499 1.03188
15.37 -0.500007 -0.171077 1.03021
15.38 -0.500008 -0.179647 1.02845
15.39 -0.500008 -0.188207 1.02661
15.4 -0.500008 -0.196758 1.02469
15.41 -0.500009 -0.205298 1.02268
15.42 -0.500009 -0.213828 1.02058
15.43 -0.500009 -0.222346 1.0184
15.44 -0.50001 -0.230853 1.01613
15.45 -0.50001 -0.239348 1.01378
15.46 -0.500011 -0.24783 1.01135
15.47 -0.500011 -0.256299 1.00883
15.48 -0.500011 -0.264754 1.00622
15.49 -0.500012 -0.273195 1.00353
15.5 -0.500012 -0.281621 1.00075
15.51 -0.500012 -0.290033 0.997896
15.52 -0.500013 -0.298428 0.994953
15.53 -0.500013 -0.306807 0.991927
15.54 -0.500013 -0.31517 0.988816
15.55 -0.500013 -0.323515 0.985622
15.56 -0.500014 -0.331842 0.982345
15.57 -0.500014 -0.340151 0.978985
15.58 -0.500014 -0.348441 0.975541
15.59 -0.500015 -0.356711 0.972015
15.6 -0.500015 -0.364961 0.968406
15.61 -0.500015 -0.373191 0.964715
15.62 -0.500016 -0.381399 0.960942
15.63 -0.500016 -0.389585 0.957087
15.64 -0.500016 -0.397749 0.953149
15.65 -0.500016 -0.40589 0.949131
15.66 -0.500017 -0.414007 0.945031
15.67 -0.500017 -0.4221 0.94085
15.68 -0.500017 -0.430169 0.936588
15.69 -0.500018 -0.438211 0.932246
15.7 -0.500018 -0.446228 0.927823
15.71 -0.500018 -0.454218 0.923321
15.72 -0.500018 -0.46218 0.918738
15.73 -0.500019 -0.470115 0.914076
15.74 -0.500019 -0.47802 0.909335
15.75 -0.500019 -0.485897 0.904515
15.76 -0.500019 -0.493743 0.899617
15.77 -0.50002 -0.501558 0.89464
15.78 -0.50002 -0.509343 0.889585
15.79 -0.50002 -0.517095 0.884452
15.8 -0.50002 -0.524814 0.879242
15.81 -0.50002 -0.5325 0.873955
15.82 -0.500021 -0.540152 0.868591
15.83 -0.500021 -0.547768 0.863151
15.84 -0.500021 -0.55535 0.857635
15.85 -0.500021 -0.562894 0.852044
15.86 -0.500021 -0.570402 0.846377
15.87 -0.500022 -0.577872 0.840635
15.88 -0.500022 -0.585304 0.834819
15.89 -0.500022 -0.592696 0.828928
15.9 -0.500022 -0.600048 0.822964
15.91 -0.500022 -0.607359 0.816927
15.92 -0.500022 -0.614629 0.810817
15.93 -0.500022 -0.621857 0.804634
15.94 -0.500023 -0.629041 0.798379
15.95 -0.500023 -0.636181 0.792052
15.96 -0.500023 -0.643277 0.785655
15.97 -0.500023 -0.650327 0.779186
15.98 -0.500023 -0.657331 0.772648
15.99 -0.500023 -0.664288 0.766039
16 -0.500023 -0.671197 0.759361
16.01 -0.500023 -0.678057 0.752615
16.02 -0.500023 -0.684868 0.7458
16.03 -0.500023 -0.691629 0.738917
16.04 -0.500023 -0.698338 0.731967
16.05 -0.500023 -0.704996 0.724949
16.06 -0.500023 -0.711601 0.717866
16.07 -0.500023 -0.718152 0.710717
16.08 -0.500023 -0.724648 0.703503
16.09 -0.500023 -0.73109 0.696224
16.1 -0.500023 -0.737475 0.68888
16.11 -0.500023 -0.743804 0.681474
16.12 -0.500023 -0.750074 0.674004
16.13 -0.500023 -0.756286 0.666472
16.14 -0.500023 -0.762439 0.658878
16.15 -0.500023 -0.768531 0.651223
16.16 -0.500023 -0.774562 0.643507
16.17 -0.500023 -0.780532 0.635731
16.18 -0.500023 -0.786438 0.627896
16.19 -0.500023 -0.792281 0.620002
16.2 -0.500023 -0.798059 0.61205
16.21 -0.500023 -0.803772 0.60404
16.22 -0.500023 -0.809419 0.595974
16.23 -0.500023 -0.814999 0.587852
16.24 -0.500022 -0.820511 0.579674
16.25 -0.500022 -0.825954 0.571441
16.26 -0.500022 -0.831328 0.563154
16.27 -0.500022 -0.836632 0.554814
16.28 -0.500022 -0.841864 0.546421
16.29 -0.500022 -0.847025 0.537977
16.3 -0.500022 -0.852113 0.529481
16.31 -0.500021 -0.857127 0.520934
16.32 -0.500021 -0.862067 0.512338
16.33 -0.500021 -0.866932 0.503692
16.34 -0.500021 -0.871721 0.494999
16.35 -0.50002 -0.876433 0.486258
16.36 -0.50002 -0.881068 0.47747
16.37 -0.50002 -0.885624 0.468636
16.38 -0.50002 -0.890102 0.459757
16.39 -0.500019 -0.894499 0.450834
16.4 -0.500019 -0.898817 0.441867
16.41 -0.500019 -0.903052 0.432858
16.42 -0.500019 -0.907206 0.423806
16.43 -0.500018 -0.911278 0.414713
16.44 -0.500018 -0.915266 0.40558
16.45 -0.500018 -0.919169 0.396408
16.46 -0.500017 -0.922988 0.387197
16.47 -0.500017 -0.926722 0.377948
16.48 -0.500017 -0.930369 0.368662
16.49 -0.500016 -0.93393 0.359341
16.5 -0.500016 -0.937403 0.349984
16.51 -0.500016 -0.940788 0.340592
16.52 -0.500015 -0.944085 0.331168
16.53 -0.500015 -0.947292 0.321711
16.54 -0.500015 -0.950409 0.312222
16.55 -0.500014 -0.953436 0.302703
16.56 -0.500014 -0.956372 0.293153
16.57 -0.500013 -0.959216 0.283575
16.58 -0.500013 -0.961968 0.273969
16.59 -0.500013 -0.964628 0.264336
16.6 -0.500012 -0.967195 0.254676
16.61 -0.500012 -0.969667 0.244992
16.62 -0.500011 -0.972046 0.235283
16.63 -0.500011 -0.974331 0.225551
16.64 -0.50001 -0.97652 0.215797
16.65 -0.50001 -0.978614 0.206021
16.66 -0.50001 -0.980612 0.196224
16.67 -0.500009 -0.982514 0.186409
16.68 -0.500009 -0.98432 0.176574
16.69 -0.500008 -0.986028 0.166722
16.7 -0.500008 -0.98764 0.156854
16.71 -0.500007 -0.989153 0.14697
16.72 -0.500007 -0.990569 0.137071
16.73 -0.500006 -0.991887 0.127159
16.74 -0.500006 -0.993106 0.117234
16.75 -0.500005 -0.994227 0.107297
16.76 -0.500005 -0.995249 0.0973492
16.77 -0.500004 -0.996172 0.087392
16.78 -0.500004 -0.996996 0.077426
16.79 -0.500003 -0.99772 0.0674523
16.8 -0.500003 -0.998345 0.0574719
16.81 -0.500002 -0.99887 0.0474857
16.82 -0.500002 -0.999295 0.0374948
16.83 -0.500001 -0.99962 0.0275001
16.84 -0.500001 -0.999846 0.0175027
16.85 -0.5 -0.999971 0.00750347
16.86 -0.5 -0.999997 -0.00249645
16.87 -0.499999 -0.999923 -0.0124961
16.88 -0.499999 -0.999748 -0.0224946
16.89 -0.499998 -0.999474 -0.0324907
16.9 -0.499998 -0.999099 -0.0424837
16.91 -0.499997 -0.998625 -0.0524723
16.92 -0.499997 -0.998051 -0.0624558
16.93 -0.499996 -0.997378 -0.072433
16.94 -0.499996 -0.996605 -0.0824029
16.95 -0.499995 -0.995733 -0.0923647
16.96 -0.499995 -0.994762 -0.102317
16.97 -0.499994 -0.993691 -0.112259
16.98 -0.499994 -0.992522 -0.122191
16.99 -0.499993 -0.991255 -0.132109
17 -0.499993 -0.989889 -0.142015
17.01 -0.499993 -0.988425 -0.151907
17.02 -0.499992 -0.986863 -0.161783
17.03 -0.499992 -0.985204 -0.171644
17.04 -0.499991 -0.983448 -0.181487
17.05 -0.499991 -0.981596 -0.191312
17.06 -0.49999 -0.979646 -0.201118
17.07 -0.49999 -0.977601 -0.210904
17.08 -0.499989 -0.975461 -0.22067
17.09 -0.499989 -0.973225 -0.230413
17.1 -0.499988 -0.970894 -0.240134
17.11 -0.499988 -0.968469 -0.24983
17.12 -0.499988 -0.96595 -0.259502
17.13 -0.499987 -0.963338 -0.269149
17.14 -0.499987 -0.960633 -0.278769
17.15 -0.499986 -0.957836 -0.288361
17.16 -0.499986 -0.954947 -0.297925
17.17 -0.499986 -0.951966 -0.307459
17.18 -0.499985 -0.948895 -0.316964
17.19 -0.499985 -0.945734 -0.326437
17.2 -0.499984 -0.942483 -0.335878
17.21 -0.499984 -0.939143 -0.345286
17.22 -0.499984 -0.935715 -0.35466
17.23 -0.499983 -0.932199 -0.363999
17.24 -0.499983 -0.928595 -0.373303
17.25 -0.499983 -0.924906 -0.382571
17.26 -0.499982 -0.92113 -0.391801
17.27 -0.499982 -0.91727 -0.400992
17.28 -0.499982 -0.913325 -0.410145
17.29 -0.499981 -0.909296 -0.419258
17.3 -0.499981 -0.905184 -0.428331
17.31 -0.499981 -0.90099 -0.437361
17.32 -0.499981 -0.896714 -0.44635
17.33 -0.49998 -0.892358 -0.455295
17.34 -0.49998 -0.887921 -0.464196
17.35 -0.49998 -0.883405 -0.473053
17.36 -0.49998 -0.87881 -0.481863
17.37 -0.499979 -0.874137 -0.490628
17.38 -0.499979 -0.869387 -0.499345
17.39 -0.499979 -0.864561 -0.508015
17.4 -0.499979 -0.859659 -0.516636
17.41 -0.499979 -0.854683 -0.525207
17.42 -0.499978 -0.849632 -0.533729
17.43 -0.499978 -0.844509 -0.542199
17.44 -0.499978 -0.839313 -0.550618
17.45 -0.499978 -0.834046 -0.558985
17.46 -0.499978 -0.828707 -0.567298
17.47 -0.499978 -0.823299 -0.575558
17.48 -0.499977 -0.817822 -0.583764
17.49 -0.499977 -0.812277 -0.591914
17.5 -0.499977 -0.806664 -0.600008
17.51 -0.499977 -0.800985 -0.608046
17.52 -0.499977 -0.79524 -0.616027
17.53 -0.499977 -0.78943 -0.62395
17.54 -0.499977 -0.783556 -0.631815
17.55 -0.499977 -0.777619 -0.639621
17.56 -0.499977 -0.771619 -0.647367
17.57 -0.499977 -0.765558 -0.655052
17.58 -0.499977 -0.759436 -0.662677
17.59 -0.499977 -0.753254 -0.67024
17.6 -0.499977 -0.747013 -0.677741
17.61 -0.499977 -0.740714 -0.68518
17.62 -0.499977 -0.734358 -0.692555
17.63 -0.499977 -0.727945 -0.699866
17.64 -0.499977 -0.721476 -0.707113
17.65 -0.499977 -0.714953 -0.714295
17.66 -0.499977 -0.708376 -0.721411
17.67 -0.499977 -0.701745 -0.728461
17.68 -0.499977 -0.695062 -0.735445
17.69 -0.499977 -0.688327 -0.742362
17.7 -0.499977 -0.681542 -0.749211
17.71 -0.499977 -0.674707 -0.755992
17.72 -0.499977 -0.667823 -0.762704
17.73 -0.499977 -0.66089 -0.769347
17.74 -0.499977 -0.65391 -0.775921
17.75 -0.499977 -0.646883 -0.782425
17.76 -0.499977 -0.639811 -0.788858
17.77 -0.499977 -0.632693 -0.79522
17.78 -0.499978 -0.625531 -0.801511
17.79 -0.499978 -0.618326 -0.80773
17.8 -0.499978 -0.611077 -0.813877
17.81 -0.499978 -0.603787 -0.81995
17.82 -0.499978 -0.596456 -0.825951
17.83 -0.499978 -0.589084 -0.831879
17.84 -0.499978 -0.581672 -0.837732
17.85 -0.499979 -0.574222 -0.843511
17.86 -0.499979 -0.566733 -0.849216
17.87 -0.499979 -0.559207 -0.854845
17.88 -0.499979 -0.551645 -0.860399
17.89 -0.499979 -0.544046 -0.865877
17.9 -0.499979 -0.536412 -0.871279
17.91 -0.49998 -0.528743 -0.876604
17.92 -0.49998 -0.521041 -0.881853
17.93 -0.49998 -0.513306 -0.887024
17.94 -0.49998 -0.505538 -0.892118
17.95 -0.499981 -0.497738 -0.897134
17.96 -0.499981 -0.489907 -0.902072
17.97 -0.499981 -0.482046 -0.906932
17.98 -0.499981 -0.474156 -0.911712
17.99 -0.499982 -0.466236 -0.916414
18 -0.499982 -0.458288 -0.921036
18.01 -0.499982 -0.450312 -0.925579
18.02 -0.499982 -0.442309 -0.930041
18.03 -0.499983 -0.434279 -0.934424
18.04 -0.499983 -0.426224 -0.938726
18.05 -0.499983 -0.418144 -0.942948
18.06 -0.499983 -0.410039 -0.947088
18.07 -0.499984 -0.40191 -0.951147
18.08 -0.499984 -0.393758 -0.955125
18.09 -0.499984 -0.385582 -0.959022
18.1 -0.499985 -0.377385 -0.962836
18.11 -0.499985 -0.369167 -0.966568
18.12 -0.499985 -0.360927 -0.970219
18.13 -0.499985 -0.352667 -0.973786
18.14 -0.499986 -0.344387 -0.977271
18.15 -0.499986 -0.336088 -0.980673
18.16 -0.499986 -0.32777 -0.983992
18.17 -0.499987 -0.319434 -0.987227
18.18 -0.499987 -0.31108 -0.99038
18.19 -0.499987 -0.302709 -0.993448
18.2 -0.499988 -0.294322 -0.996433
18.21 -0.499988 -0.285919 -0.999334
18.22 -0.499988 -0.2775 -1.00215
18.23 -0.499989 -0.269067 -1.00488
18.24 -0.499989 -0.260619 -1.00753
18.25 -0.499989 -0.252157 -1.01009
18.26 -0.49999 -0.243681 -1.01257
18.27 -0.49999 -0.235193 -1.01497
18.28 -0.49999 -0.226692 -1.01728
18.29 -0.499991 -0.21818 -1.0195
18.3 -0.499991 -0.209656 -1.02164
18.31 -0.499991 -0.201121 -1.02369
18.32 -0.499992 -0.192575 -1.02566
18.33 -0.499992 -0.18402 -1.02754
18.34 -0.499992 -0.175455 -1.02934
18.35 -0.499993 -0.166881 -1.03105
18.36 -0.499993 -0.158298 -1.03268
18.37 -0.499994 -0.149708 -1.03422
18.38 -0.499994 -0.141109 -1.03567
18.39 -0.499994 -0.132504 -1.03704
18.4 -0.499995 -0.123892 -1.03832
18.41 -0.499995 -0.115273 -1.03951
18.42 -0.499995 -0.106649 -1.04062
18.43 -0.499996 -0.0980188 -1.04165
18.44 -0.499996 -0.0893841 -1.04258
18.45 -0.499997 -0.0807448 -1.04343
18.46 -0.499997 -0.0721015 -1.0442
18.47 -0.499997 -0.0634546 -1.04487
18.48 -0.499998 -0.0548045 -1.04547
18.49 -0.499998 -0.0461516 -1.04597
18.5 -0.499998 -0.0374964 -1.04639
18.51 -0.499999 -0.0288394 -1.04672
18.52 -0.499999 -0.0201809 -1.04696
18.53 -0.5 -0.0115213 -1.04712
18.54 -0.5 -0.00286126 -1.04719
18.55 -0.5 0.00579897 -1.04718
18.56 -0.500001 0.0144589 -1.04708
18.57 -0.500001 0.0231181 -1.04689
18.58 -0.500001 0.0317762 -1.04661
18.59 -0.500002 0.0404327 -1.04625
18.6 -0.500002 0.0490871 -1.0458
18.61 -0.500002 0.0577391 -1.04527
18.62 -0.500003 0.0663882 -1.04465
18.63 -0.500003 0.0750339 -1.04394
18.64 -0.500004 0.0836759 -1.04315
18.65 -0.500004 0.0923137 -1.04227
18.66 -0.500004 0.100947 -1.0413
18.67 -0.500005 0.109575 -1.04025
18.68 -0.500005 0.118197 -1.03911
18.69 -0.500005 0.126814 -1.03788
18.7 -0.500006 0.135424 -1.03657
18.71 -0.500006 0.144027 -1.03517
18.72 -0.500007 0.152623 -1.03369
18.73 -0.500007 0.161211 -1.03212
18.74 -0.500007 0.16979 -1.03046
18.75 -0.500008 0.178361 -1.02872
18.76 -0.500008 0.186923 -1.0269
18.77 -0.500008 0.195475 -1.02498
18.78 -0.500009 0.204017 -1.02298
18.79 -0.500009 0.212549 -1.0209
18.8 -0.500009 0.221069 -1.01873
18.81 -0.50001 0.229577 -1.01648
18.82 -0.50001 0.238074 -1.01414
18.83 -0.50001 0.246558 -1.01172
18.84 -0.500011 0.255029 -1.00921
18.85 -0.500011 0.263486 -1.00662
18.86 -0.500011 0.271929 -1.00394
18.87 -0.500012 0.280358 -1.00118
18.88 -0.500012 0.288771 -0.99833
18.89 -0.500012 0.297169 -0.9954
18.9 -0.500013 0.305551 -0.992386
18.91 -0.500013 0.313916 -0.989288
18.92 -0.500013 0.322264 -0.986107
18.93 -0.500014 0.330593 -0.982842
18.94 -0.500014 0.338905 -0.979494
18.95 -0.500014 0.347198 -0.976063
18.96 -0.500015 0.355471 -0.97255
18.97 -0.500015 0.363724 -0.968953
18.98 -0.500015 0.371957 -0.965274
18.99 -0.500016 0.380168 -0.961513
19 -0.500016 0.388358 -0.95767
19.01 -0.500016 0.396526 -0.953745
19.02 -0.500016 0.40467 -0.949739
19.03 -0.500017 0.412791 -0.945651
19.04 -0.500017 0.420888 -0.941482
19.05 -0.500017 0.428959 -0.937233
19.06 -0.500018 0.437006 -0.932903
19.07 -0.500018 0.445027 -0.928492
19.08 -0.500018 0.45302 -0.924001
19.09 -0.500018 0.460987 -0.919431
19.1 -0.500019 0.468926 -0.914781
19.11 -0.500019 0.476836 -0.910052
19.12 -0.500019 0.484716 -0.905243
19.13 -0.500019 0.492567 -0.900357
19.14 -0.50002 0.500387 -0.895391
19.15 -0.50002 0.508176 -0.890348
19.16 -0.50002 0.515933 -0.885227
19.17 -0.50002 0.523658 -0.880029
19.18 -0.50002 0.531349 -0.874753
19.19 -0.500021 0.539006 -0.869401
19.2 -0.500021 0.546628 -0.863973
19.21 -0.500021 0.554214 -0.858468
19.22 -0.500021 0.561765 -0.852888
19.23 -0.500021 0.569278 -0.847232
19.24 -0.500022 0.576754 -0.841502
19.25 -0.500022 0.584191 -0.835696
19.26 -0.500022 0.591589 -0.829817
19.27 -0.500022 0.598947 -0.823864
19.28 -0.500022 0.606265 -0.817838
19.29 -0.500022 0.613541 -0.811738
19.3 -0.500022 0.620775 -0.805566
19.31 -0.500023 0.627965 -0.799322
19.32 -0.500023 0.635113 -0.793006
19.33 -0.500023 0.642215 -0.786619
19.34 -0.500023 0.649272 -0.780161
19.35 -0.500023 0.656283 -0.773633
19.36 -0.500023 0.663247 -0.767035
19.37 -0.500023 0.670163 -0.760368
19.38 -0.500023 0.677031 -0.753631
19.39 -0.500023 0.683849 -0.746827
19.4 -0.500023 0.690618 -0.739954
19.41 -0.500023 0.697335 -0.733014
19.42 -0.500023 0.704 -0.726007
19.43 -0.500023 0.710613 -0.718933
19.44 -0.500023 0.717172 -0.711794
19.45 -0.500023 0.723677 -0.704589
19.46 -0.500023 0.730127 -0.69732
19.47 -0.500023 0.73652 -0.689986
19.48 -0.500023 0.742857 -0.682589
19.49 -0.500023 0.749137 -0.675129
19.5 -0.500023 0.755358 -0.667606
19.51 -0.500023 0.761519 -0.660021
19.52 -0.500023 0.767621 -0.652375
19.53 -0.500023 0.773661 -0.644668
19.54 -0.500023 0.77964 -0.636902
19.55 -0.500023 0.785556 -0.629075
19.56 -0.500023 0.791408 -0.62119
19.57 -0.500023 0.797196 -0.613247
19.58 -0.500023 0.802919 -0.605246
19.59 -0.500023 0.808576 -0.597188
19.6 -0.500023 0.814166 -0.589074
19.61 -0.500022 0.819688 -0.580904
19.62 -0.500022 0.825142 -0.57268
19.63 -0.500022 0.830526 -0.564401
19.64 -0.500022 0.83584 -0.556069
19.65 -0.500022 0.841084 -0.547684
19.66 -0.500022 0.846255 -0.539247
19.67 -0.500022 0.851354 -0.530759
19.68 -0.500021 0.856379 -0.52222
19.69 -0.500021 0.86133 -0.513631
19.7 -0.500021 0.866207 -0.504993
19.71 -0.500021 0.871007 -0.496307
19.72 -0.500021 0.875731 -0.487573
19.73 -0.50002 0.880377 -0.478792
19.74 -0.50002 0.884945 -0.469965
19.75 -0.50002 0.889435 -0.461093
19.76 -0.50002 0.893844 -0.452176
19.77 -0.500019 0.898174 -0.443216
19.78 -0.500019 0.902422 -0.434212
19.79 -0.500019 0.906588 -0.425167
19.8 -0.500018 0.910672 -0.41608
19.81 -0.500018 0.914672 -0.406953
19.82 -0.500018 0.918589 -0.397787
19.83 -0.500017 0.922421 -0.388582
19.84 -0.500017 0.926167 -0.379338
19.85 -0.500017 0.929827 -0.370058
19.86 -0.500016 0.933401 -0.360742
19.87 -0.500016 0.936887 -0.35139
19.88 -0.500016 0.940286 -0.342004
19.89 -0.500015 0.943596 -0.332584
19.9 -0.500015 0.946816 -0.323132
19.91 -0.500015 0.949947 -0.313648
19.92 -0.500014 0.952988 -0.304133
19.93 -0.500014 0.955937 -0.294588
19.94 -0.500013 0.958795 -0.285014
19.95 -0.500013 0.961561 -0.275412
19.96 -0.500013 0.964235 -0.265783
19.97 -0.500012 0.966815 -0.256128
19.98 -0.500012 0.969302 -0.246447
19.99 -0.500011 0.971695 -0.236742
20 -0.500011 0.973994 -0.227013
