0 -0.5 1 0
0.01 -0.5 0.99995 0.00999983
0.02 -0.5 0.9998 0.0199987
0.03 -0.5 0.99955 0.0299955
0.04 -0.5 0.9992 0.0399893
0.05 -0.5 0.998751 0.0499792
0.06 -0.5 0.998201 0.059964
0.07 -0.5 0.997552 0.0699429
0.08 -0.5 0.996803 0.0799147
0.09 -0.5 0.995955 0.0898786
0.1 -0.5 0.995008 0.0998335
0.11 -0.5 0.993962 0.109778
0.12 -0.5 0.992817 0.119712
0.13 -0.5 0.991574 0.129634
0.14 -0.5 0.990232 0.139544
0.15 -0.5 0.988792 0.149439
0.16 -0.5 0.987254 0.159319
0.17 -0.5 0.985619 0.169184
0.18 -0.5 0.983887 0.179031
0.19 -0.5 0.982058 0.188861
0.2 -0.5 0.980132 0.198672
0.21 -0.5 0.978111 0.208463
0.22 -0.5 0.975993 0.218234
0.23 -0.5 0.973781 0.227983
0.24 -0.5 0.971473 0.237709
0.25 -0.5 0.969071 0.247412
0.26 -0.5 0.966575 0.25709
0.27 -0.5 0.963986 0.266743
0.28 -0.5 0.961304 0.27637
0.29 -0.5 0.958529 0.285969
0.3 -0.5 0.955662 0.29554
0.31 -0.5 0.952704 0.305082
0.32 -0.5 0.949655 0.314594
0.33 -0.5 0.946515 0.324075
0.34 -0.5 0.943286 0.333524
0.35 -0.5 0.939968 0.34294
0.36 -0.5 0.936561 0.352323
0.37 -0.5 0.933067 0.361671
0.38 -0.5 0.929485 0.370984
0.39 -0.5 0.925816 0.38026
0.4 -0.5 0.922062 0.3895
0.41 -0.5 0.918222 0.398701
0.42 -0.5 0.914298 0.407864
0.43 -0.5 0.910289 0.416987
0.44 -0.5 0.906198 0.42607
0.45 -0.5 0.902024 0.435111
0.46 -0.5 0.897768 0.44411
0.47 -0.5 0.893431 0.453066
0.48 -0.5 0.889014 0.461978
0.49 -0.5 0.884517 0.470846
0.5 -0.5 0.879941 0.479668
0.51 -0.5 0.875287 0.488444
0.52 -0.5 0.870556 0.497174
0.53 -0.5 0.865749 0.505855
0.54 -0.5 0.860865 0.514488
0.55 -0.5 0.855907 0.523072
0.56 -0.5 0.850875 0.531606
0.57 -0.5 0.845769 0.54009
0.58 -0.5 0.840591 0.548521
0.59 -0.5 0.835341 0.556901
0.6 -0.5 0.83002 0.565228
0.61 -0.5 0.824629 0.573501
0.62 -0.5 0.819169 0.58172
0.63 -0.5 0.81364 0.589884
0.64 -0.5 0.808044 0.597993
0.65 -0.5 0.802381 0.606045
0.66 -0.5 0.796651 0.61404
0.67 -0.5 0.790857 0.621978
0.68 -0.5 0.784999 0.629857
0.69 -0.5 0.779077 0.637678
0.7 -0.5 0.773093 0.645439
0.71 -0.5 0.767046 0.653139
0.72 -0.5 0.760939 0.660779
0.73 -0.5 0.754772 0.668358
0.74 -0.5 0.748545 0.675875
0.75 -0.5 0.742261 0.683329
0.76 -0.5 0.735918 0.69072
0.77 -0.5 0.729519 0.698047
0.78 -0.5 0.723064 0.70531
0.79 -0.5 0.716554 0.712508
0.8 -0.5 0.70999 0.719641
0.81 -0.5 0.703372 0.726708
0.82 -0.5 0.696702 0.733708
0.83 -0.5 0.68998 0.740641
0.84 -0.5 0.683207 0.747507
0.85 -0.5 0.676384 0.754305
0.86 -0.5 0.669511 0.761035
0.87 -0.5 0.66259 0.767695
0.88 -0.5 0.655622 0.774286
0.89 -0.5 0.648607 0.780808
0.9 -0.5 0.641545 0.787258
0.91 -0.5 0.634438 0.793638
0.92 -0.5 0.627287 0.799947
0.93 -0.5 0.620092 0.806184
0.94 -0.5 0.612855 0.812349
0.95 -0.5 0.605575 0.818441
0.96 -0.5 0.598253 0.82446
0.97 -0.5 0.590891 0.830406
0.98 -0.5 0.583489 0.836278
0.99 -0.5 0.576048 0.842076
1 -0.5 0.568569 0.847799
1.01 -0.5 0.561052 0.853447
1.02 -0.5 0.553498 0.85902
1.03 -0.5 0.545908 0.864517
1.04 -0.5 0.538283 0.869938
1.05 -0.5 0.530623 0.875282
1.06 -0.5 0.522929 0.88055
1.07 -0.5 0.515201 0.885741
1.08 -0.5 0.507441 0.890854
1.09 -0.5 0.499649 0.895889
1.1 -0.5 0.491826 0.900847
1.11 -0.5 0.483972 0.905726
1.12 -0.5 0.476089 0.910526
1.13 -0.5 0.468176 0.915247
1.14 -0.5 0.460235 0.91989
1.15 -0.5 0.452266 0.924452
1.16 -0.5 0.444269 0.928935
1.17 -0.5 0.436246 0.933337
1.18 -0.5 0.428197 0.93766
1.19 -0.5 0.420123 0.941901
1.2 -0.5 0.412024 0.946062
1.21 -0.5 0.403901 0.950142
1.22 -0.5 0.395754 0.95414
1.23 -0.5 0.387585 0.958057
1.24 -0.5 0.379393 0.961892
1.25 -0.5 0.371179 0.965644
1.26 -0.5 0.362945 0.969315
1.27 -0.5 0.354689 0.972903
1.28 -0.5 0.346414 0.976409
1.29 -0.5 0.33812 0.979831
1.3 -0.5 0.329806 0.983171
1.31 -0.5 0.321475 0.986428
1.32 -0.5 0.313125 0.989601
1.33 -0.5 0.304759 0.99269
1.34 -0.5 0.296376 0.995696
1.35 -0.5 0.287976 0.998617
1.36 -0.5 0.279561 1.00146
1.37 -0.5 0.271131 1.00421
1.38 -0.5 0.262687 1.00688
1.39 -0.5 0.254228 1.00946
1.4 -0.5 0.245756 1.01196
1.41 -0.5 0.237271 1.01438
1.42 -0.5 0.228773 1.01671
1.43 -0.5 0.220263 1.01895
1.44 -0.5 0.211742 1.02111
1.45 -0.5 0.20321 1.02319
1.46 -0.5 0.194667 1.02518
1.47 -0.5 0.186114 1.02708
1.48 -0.5 0.177551 1.0289
1.49 -0.5 0.168979 1.03063
1.5 -0.5 0.160399 1.03228
1.51 -0.5 0.15181 1.03384
1.52 -0.5 0.143214 1.03531
1.53 -0.5 0.13461 1.0367
1.54 -0.5 0.125999 1.03801
1.55 -0.5 0.117382 1.03922
1.56 -0.5 0.108759 1.04035
1.57 -0.5 0.100131 1.0414
1.58 -0.5 0.091497 1.04236
1.59 -0.5 0.0828588 1.04323
1.6 -0.5 0.0742164 1.04401
1.61 -0.5 0.0655703 1.04471
1.62 -0.5 0.0569209 1.04533
1.63 -0.5 0.0482687 1.04585
1.64 -0.5 0.0396141 1.04629
1.65 -0.5 0.0309574 1.04664
1.66 -0.5 0.0222992 1.04691
1.67 -0.5 0.0136399 1.04709
1.68 -0.5 0.00497994 1.04718
1.69 -0.5 -0.0036803 1.04719
1.7 -0.5 -0.0123403 1.04711
1.71 -0.5 -0.0209998 1.04694
1.72 -0.5 -0.0296582 1.04669
1.73 -0.5 -0.0383151 1.04635
1.74 -0.5 -0.04697 1.04592
1.75 -0.5 -0.0556227 1.04541
1.76 -0.5 -0.0642725 1.04481
1.77 -0.5 -0.0729191 1.04412
1.78 -0.5 -0.0815621 1.04335
1.79 -0.5 -0.0902009 1.04249
1.8 -0.5 -0.0988352 1.04155
1.81 -0.5 -0.107464 1.04052
1.82 -0.5 -0.116088 1.0394
1.83 -0.5 -0.124706 1.0382
1.84 -0.5 -0.133318 1.03691
1.85 -0.5 -0.141923 1.03553
1.86 -0.5 -0.15052 1.03407
1.87 -0.5 -0.15911 1.03252
1.88 -0.5 -0.167692 1.03088
1.89 -0.5 -0.176265 1.02916
1.9 -0.5 -0.184829 1.02736
1.91 -0.5 -0.193384 1.02547
1.92 -0.5 -0.201928 1.02349
1.93 -0.5 -0.210462 1.02143
1.94 -0.5 -0.218985 1.01928
1.95 -0.5 -0.227497 1.01705
1.96 -0.5 -0.235996 1.01473
1.97 -0.5 -0.244483 1.01233
1.98 -0.5 -0.252958 1.00984
1.99 -0.5 -0.261418 1.00727
2 -0.5 -0.269865 1.00461
2.01 -0.5 -0.278297 1.00187
2.02 -0.5 -0.286714 0.999049
2.03 -0.5 -0.295116 0.996139
2.04 -0.5 -0.303502 0.993146
2.05 -0.5 -0.311871 0.99007
2.06 -0.5 -0.320223 0.986909
2.07 -0.5 -0.328557 0.983665
2.08 -0.5 -0.336873 0.980338
2.09 -0.5 -0.345171 0.976928
2.1 -0.5 -0.353449 0.973435
2.11 -0.5 -0.361707 0.969859
2.12 -0.5 -0.369945 0.966201
2.13 -0.5 -0.378162 0.96246
2.14 -0.5 -0.386357 0.958637
2.15 -0.5 -0.394529 0.954733
2.16 -0.5 -0.40268 0.950747
2.17 -0.5 -0.410806 0.946679
2.18 -0.5 -0.418909 0.942531
2.19 -0.5 -0.426987 0.938301
2.2 -0.5 -0.43504 0.933991
2.21 -0.5 -0.443067 0.929601
2.22 -0.5 -0.451067 0.92513
2.23 -0.5 -0.459041 0.920579
2.24 -0.5 -0.466986 0.915949
2.25 -0.5 -0.474903 0.91124
2.26 -0.5 -0.482791 0.906451
2.27 -0.5 -0.490649 0.901584
2.28 -0.5 -0.498477 0.896638
2.29 -0.5 -0.506274 0.891615
2.3 -0.5 -0.514039 0.886513
2.31 -0.5 -0.521771 0.881334
2.32 -0.5 -0.52947 0.876078
2.33 -0.5 -0.537135 0.870745
2.34 -0.5 -0.544766 0.865335
2.35 -0.5 -0.552361 0.859849
2.36 -0.5 -0.559921 0.854288
2.37 -0.5 -0.567443 0.848651
2.38 -0.5 -0.574928 0.842939
2.39 -0.5 -0.582375 0.837153
2.4 -0.5 -0.589783 0.831292
2.41 -0.5 -0.597151 0.825357
2.42 -0.5 -0.604478 0.819349
2.43 -0.5 -0.611765 0.813268
2.44 -0.5 -0.619009 0.807114
2.45 -0.5 -0.62621 0.800888
2.46 -0.5 -0.633368 0.79459
2.47 -0.5 -0.640482 0.78822
2.48 -0.5 -0.64755 0.78178
2.49 -0.5 -0.654572 0.77527
2.5 -0.5 -0.661548 0.768689
2.51 -0.5 -0.668476 0.762039
2.52 -0.5 -0.675355 0.75532
2.53 -0.5 -0.682186 0.748532
2.54 -0.5 -0.688966 0.741676
2.55 -0.5 -0.695696 0.734753
2.56 -0.5 -0.702374 0.727762
2.57 -0.5 -0.709 0.720705
2.58 -0.5 -0.715572 0.713582
2.59 -0.5 -0.722091 0.706394
2.6 -0.5 -0.728554 0.699141
2.61 -0.5 -0.734961 0.691823
2.62 -0.5 -0.741312 0.684442
2.63 -0.5 -0.747606 0.676997
2.64 -0.5 -0.753841 0.66949
2.65 -0.5 -0.760017 0.661921
2.66 -0.5 -0.766134 0.65429
2.67 -0.5 -0.772189 0.646598
2.68 -0.5 -0.778183 0.638846
2.69 -0.5 -0.784114 0.631035
2.7 -0.5 -0.789982 0.623164
2.71 -0.5 -0.795786 0.615235
2.72 -0.5 -0.801525 0.607249
2.73 -0.5 -0.807198 0.599205
2.74 -0.5 -0.812804 0.591105
2.75 -0.5 -0.818343 0.582949
2.76 -0.5 -0.823814 0.574738
2.77 -0.5 -0.829215 0.566473
2.78 -0.5 -0.834547 0.558154
2.79 -0.5 -0.839807 0.549782
2.8 -0.5 -0.844997 0.541358
2.81 -0.5 -0.850113 0.532883
2.82 -0.5 -0.855157 0.524356
2.83 -0.5 -0.860126 0.51578
2.84 -0.5 -0.865021 0.507154
2.85 -0.5 -0.86984 0.49848
2.86 -0.5 -0.874582 0.489757
2.87 -0.5 -0.879248 0.480988
2.88 -0.5 -0.883835 0.472173
2.89 -0.5 -0.888344 0.463312
2.9 -0.5 -0.892773 0.454406
2.91 -0.5 -0.897122 0.445457
2.92 -0.5 -0.90139 0.436464
2.93 -0.5 -0.905577 0.427429
2.94 -0.5 -0.909681 0.418353
2.95 -0.5 -0.913701 0.409236
2.96 -0.5 -0.917639 0.400079
2.97 -0.5 -0.921491 0.390883
2.98 -0.5 -0.925258 0.381649
2.99 -0.5 -0.92894 0.372378
3 -0.5 -0.932535 0.363071
3.01 -0.5 -0.936043 0.353728
3.02 -0.5 -0.939463 0.34435
3.03 -0.5 -0.942794 0.334939
3.04 -0.5 -0.946037 0.325495
3.05 -0.5 -0.949189 0.316019
3.06 -0.5 -0.952252 0.306511
3.07 -0.5 -0.955224 0.296974
3.08 -0.5 -0.958104 0.287407
3.09 -0.5 -0.960893 0.277812
3.1 -0.5 -0.963589 0.26819
3.11 -0.5 -0.966193 0.258541
3.12 -0.5 -0.968703 0.248866
3.13 -0.5 -0.971119 0.239167
3.14 -0.5 -0.97344 0.229444
3.15 -0.5 -0.975667 0.219698
3.16 -0.5 -0.977799 0.209931
3.17 -0.5 -0.979835 0.200143
3.18 -0.5 -0.981775 0.190335
3.19 -0.5 -0.983619 0.180507
3.2 -0.5 -0.985365 0.170662
3.21 -0.5 -0.987015 0.1608
3.22 -0.5 -0.988567 0.150922
3.23 -0.5 -0.990022 0.141029
3.24 -0.5 -0.991379 0.131122
3.25 -0.5 -0.992637 0.121202
3.26 -0.5 -0.993797 0.11127
3.27 -0.5 -0.994858 0.101327
3.28 -0.5 -0.99582 0.0913731
3.29 -0.5 -0.996682 0.0814105
3.3 -0.5 -0.997446 0.0714398
3.31 -0.5 -0.99811 0.061462
3.32 -0.5 -0.998674 0.0514779
3.33 -0.5 -0.999139 0.0414888
3.34 -0.5 -0.999504 0.0314955
3.35 -0.5 -0.999769 0.0214991
3.36 -0.5 -0.999934 0.0115005
3.37 -0.5 -0.999999 0.00150071
3.38 -0.5 -0.999964 -0.00849919
3.39 -0.5 -0.999829 -0.0184982
3.4 -0.5 -0.999594 -0.0284954
3.41 -0.5 -0.999259 -0.0384898
3.42 -0.5 -0.998824 -0.0484803
3.43 -0.5 -0.99829 -0.0584659
3.44 -0.5 -0.997656 -0.0684457
3.45 -0.5 -0.996922 -0.0784187
3.46 -0.5 -0.996089 -0.0883839
3.47 -0.5 -0.995157 -0.0983402
3.48 -0.5 -0.994125 -0.108287
3.49 -0.5 -0.992995 -0.118222
3.5 -0.5 -0.991767 -0.128146
3.51 -0.5 -0.99044 -0.138057
3.52 -0.5 -0.989014 -0.147955
3.53 -0.5 -0.987491 -0.157837
3.54 -0.5 -0.985871 -0.167704
3.55 -0.5 -0.984153 -0.177554
3.56 -0.5 -0.982338 -0.187387
3.57 -0.5 -0.980427 -0.197201
3.58 -0.5 -0.97842 -0.206995
3.59 -0.5 -0.976317 -0.216769
3.6 -0.5 -0.974119 -0.226521
3.61 -0.5 -0.971825 -0.236251
3.62 -0.5 -0.969438 -0.245957
3.63 -0.5 -0.966956 -0.255639
3.64 -0.5 -0.964381 -0.265296
3.65 -0.5 -0.961712 -0.274927
3.66 -0.5 -0.958951 -0.28453
3.67 -0.5 -0.956098 -0.294105
3.68 -0.5 -0.953154 -0.303652
3.69 -0.5 -0.950118 -0.313168
3.7 -0.5 -0.946992 -0.322654
3.71 -0.5 -0.943777 -0.332108
3.72 -0.5 -0.940472 -0.341529
3.73 -0.5 -0.937078 -0.350917
3.74 -0.5 -0.933597 -0.36027
3.75 -0.5 -0.930028 -0.369589
3.76 -0.5 -0.926372 -0.378871
3.77 -0.5 -0.922631 -0.388116
3.78 -0.5 -0.918804 -0.397323
3.79 -0.5 -0.914892 -0.406492
3.8 -0.5 -0.910896 -0.415621
3.81 -0.5 -0.906817 -0.424709
3.82 -0.5 -0.902655 -0.433757
3.83 -0.5 -0.898412 -0.442762
3.84 -0.5 -0.894087 -0.451725
3.85 -0.5 -0.889682 -0.460643
3.86 -0.5 -0.885197 -0.469518
3.87 -0.5 -0.880633 -0.478347
3.88 -0.5 -0.875991 -0.48713
3.89 -0.5 -0.871271 -0.495867
3.9 -0.5 -0.866475 -0.504555
3.91 -0.5 -0.861603 -0.513196
3.92 -0.5 -0.856656 -0.521787
3.93 -0.5 -0.851635 -0.530329
3.94 -0.5 -0.84654 -0.53882
3.95 -0.5 -0.841372 -0.547259
3.96 -0.5 -0.836133 -0.555647
3.97 -0.5 -0.830823 -0.563982
3.98 -0.5 -0.825442 -0.572263
3.99 -0.5 -0.819992 -0.58049
4 -0.5 -0.814474 -0.588663
4.01 -0.5 -0.808888 -0.59678
4.02 -0.5 -0.803235 -0.60484
4.03 -0.5 -0.797515 -0.612844
4.04 -0.5 -0.791731 -0.62079
4.05 -0.5 -0.785882 -0.628679
4.06 -0.5 -0.77997 -0.636508
4.07 -0.5 -0.773995 -0.644278
4.08 -0.5 -0.767958 -0.651988
4.09 -0.5 -0.76186 -0.659637
4.1 -0.5 -0.755701 -0.667225
4.11 -0.5 -0.749484 -0.67475
4.12 -0.5 -0.743207 -0.682214
4.13 -0.5 -0.736874 -0.689614
4.14 -0.5 -0.730483 -0.696951
4.15 -0.5 -0.724036 -0.704224
4.16 -0.5 -0.717534 -0.711432
4.17 -0.5 -0.710978 -0.718574
4.18 -0.5 -0.704368 -0.725651
4.19 -0.5 -0.697706 -0.732662
4.2 -0.5 -0.690992 -0.739605
4.21 -0.5 -0.684226 -0.746481
4.22 -0.5 -0.677411 -0.75329
4.23 -0.5 -0.670546 -0.760029
4.24 -0.5 -0.663632 -0.7667
4.25 -0.5 -0.656671 -0.773302
4.26 -0.5 -0.649662 -0.779834
4.27 -0.5 -0.642608 -0.786295
4.28 -0.5 -0.635508 -0.792686
4.29 -0.5 -0.628363 -0.799005
4.3 -0.5 -0.621175 -0.805253
4.31 -0.5 -0.613943 -0.811428
4.32 -0.5 -0.60667 -0.817531
4.33 -0.5 -0.599354 -0.823562
4.34 -0.5 -0.591999 -0.829518
4.35 -0.5 -0.584603 -0.835401
4.36 -0.5 -0.577167 -0.84121
4.37 -0.5 -0.569694 -0.846945
4.38 -0.5 -0.562182 -0.852604
4.39 -0.5 -0.554634 -0.858188
4.4 -0.5 -0.54705 -0.863697
4.41 -0.5 -0.539429 -0.869129
4.42 -0.5 -0.531774 -0.874485
4.43 -0.5 -0.524085 -0.879764
4.44 -0.5 -0.516363 -0.884967
4.45 -0.5 -0.508608 -0.890092
4.46 -0.5 -0.500821 -0.895139
4.47 -0.5 -0.493002 -0.900108
4.48 -0.5 -0.485153 -0.904999
4.49 -0.5 -0.477274 -0.909811
4.5 -0.5 -0.469365 -0.914544
4.51 -0.5 -0.461428 -0.919198
4.52 -0.5 -0.453463 -0.923772
4.53 -0.5 -0.445471 -0.928267
4.54 -0.5 -0.437452 -0.932682
4.55 -0.5 -0.429407 -0.937016
4.56 -0.5 -0.421336 -0.94127
4.57 -0.5 -0.413241 -0.945443
4.58 -0.5 -0.405121 -0.949535
4.59 -0.5 -0.396978 -0.953545
4.6 -0.5 -0.388812 -0.957474
4.61 -0.5 -0.380623 -0.961321
4.62 -0.5 -0.372413 -0.965086
4.63 -0.5 -0.364182 -0.968769
4.64 -0.5 -0.35593 -0.97237
4.65 -0.5 -0.347657 -0.975888
4.66 -0.5 -0.339366 -0.979323
4.67 -0.5 -0.331055 -0.982675
4.68 -0.5 -0.322726 -0.985944
4.69 -0.5 -0.31438 -0.98913
4.7 -0.5 -0.306016 -0.992232
4.71 -0.5 -0.297635 -0.99525
4.72 -0.5 -0.289238 -0.998184
4.73 -0.5 -0.280825 -1.00103
4.74 -0.5 -0.272397 -1.0038
4.75 -0.5 -0.263955 -1.00648
4.76 -0.5 -0.255498 -1.00908
4.77 -0.5 -0.247028 -1.01159
4.78 -0.5 -0.238545 -1.01402
4.79 -0.5 -0.230049 -1.01636
4.8 -0.5 -0.221541 -1.01862
4.81 -0.5 -0.213022 -1.02079
4.82 -0.5 -0.204491 -1.02288
4.83 -0.5 -0.19595 -1.02488
4.84 -0.5 -0.187398 -1.0268
4.85 -0.5 -0.178837 -1.02863
4.86 -0.5 -0.170266 -1.03038
4.87 -0.5 -0.161687 -1.03204
4.88 -0.5 -0.1531 -1.03361
4.89 -0.5 -0.144504 -1.0351
4.9 -0.5 -0.135901 -1.0365
4.91 -0.5 -0.127292 -1.03782
4.92 -0.5 -0.118676 -1.03905
4.93 -0.5 -0.110053 -1.04019
4.94 -0.5 -0.101426 -1.04125
4.95 -0.5 -0.0927929 -1.04222
4.96 -0.5 -0.0841554 -1.0431
4.97 -0.5 -0.0755136 -1.0439
4.98 -0.5 -0.0668681 -1.04461
4.99 -0.5 -0.0582192 -1.04524
5 -0.5 -0.0495673 -1.04578
5.01 -0.5 -0.040913 -1.04623
5.02 -0.5 -0.0322566 -1.0466
5.03 -0.5 -0.0235987 -1.04688
5.04 -0.5 -0.0149395 -1.04707
5.05 -0.5 -0.00627958 -1.04717
5.06 -0.5 0.00238065 -1.04719
5.07 -0.5 0.0110408 -1.04713
5.08 -0.5 0.0197003 -1.04697
5.09 -0.5 0.0283589 -1.04673
5.1 -0.5 0.037016 -1.04641
5.11 -0.5 0.0456713 -1.04599
5.12 -0.5 0.0543243 -1.04549
5.13 -0.5 0.0629746 -1.04491
5.14 -0.5 0.0716217 -1.04423
5.15 -0.5 0.0802653 -1.04347
5.16 -0.5 0.0889047 -1.04263
5.17 -0.5 0.0975397 -1.0417
5.18 -0.5 0.10617 -1.04068
5.19 -0.5 0.114795 -1.03957
5.2 -0.5 0.123413 -1.03838
5.21 -0.5 0.132026 -1.0371
5.22 -0.5 0.140632 -1.03574
5.23 -0.5 0.149231 -1.03429
5.24 -0.5 0.157822 -1.03276
5.25 -0.5 0.166405 -1.03114
5.26 -0.5 0.174979 -1.02943
5.27 -0.5 0.183545 -1.02764
5.28 -0.5 0.192101 -1.02576
5.29 -0.5 0.200647 -1.02379
5.3 -0.5 0.209182 -1.02174
5.31 -0.5 0.217707 -1.01961
5.32 -0.5 0.22622 -1.01739
5.33 -0.5 0.234722 -1.01509
5.34 -0.5 0.243211 -1.0127
5.35 -0.5 0.251687 -1.01022
5.36 -0.5 0.260149 -1.00766
5.37 -0.5 0.268598 -1.00502
5.38 -0.5 0.277033 -1.00229
5.39 -0.5 0.285452 -0.999478
5.4 -0.5 0.293856 -0.996581
5.41 -0.5 0.302244 -0.993601
5.42 -0.5 0.310616 -0.990537
5.43 -0.5 0.318971 -0.987389
5.44 -0.5 0.327308 -0.984157
5.45 -0.5 0.335627 -0.980843
5.46 -0.5 0.343927 -0.977445
5.47 -0.5 0.352208 -0.973964
5.48 -0.5 0.360469 -0.970401
5.49 -0.5 0.36871 -0.966755
5.5 -0.5 0.37693 -0.963027
5.51 -0.5 0.385128 -0.959216
5.52 -0.5 0.393304 -0.955324
5.53 -0.5 0.401458 -0.95135
5.54 -0.5 0.409588 -0.947295
5.55 -0.5 0.417695 -0.943159
5.56 -0.5 0.425776 -0.938941
5.57 -0.5 0.433833 -0.934643
5.58 -0.5 0.441864 -0.930265
5.59 -0.5 0.449868 -0.925806
5.6 -0.5 0.457846 -0.921267
5.61 -0.5 0.465796 -0.916649
5.62 -0.5 0.473717 -0.911952
5.63 -0.5 0.481609 -0.907175
5.64 -0.5 0.489472 -0.902319
5.65 -0.5 0.497304 -0.897386
5.66 -0.5 0.505106 -0.892373
5.67 -0.5 0.512875 -0.887284
5.68 -0.5 0.520613 -0.882116
5.69 -0.5 0.528317 -0.876871
5.7 -0.5 0.535987 -0.87155
5.71 -0.5 0.543623 -0.866152
5.72 -0.5 0.551224 -0.860677
5.73 -0.5 0.558789 -0.855127
5.74 -0.5 0.566317 -0.849502
5.75 -0.5 0.573807 -0.843801
5.76 -0.5 0.58126 -0.838026
5.77 -0.5 0.588674 -0.832176
5.78 -0.5 0.596048 -0.826252
5.79 -0.5 0.603381 -0.820255
5.8 -0.5 0.610674 -0.814185
5.81 -0.5 0.617924 -0.808042
5.82 -0.5 0.625132 -0.801827
5.83 -0.5 0.632297 -0.795539
5.84 -0.5 0.639417 -0.789181
5.85 -0.5 0.646492 -0.782751
5.86 -0.5 0.653521 -0.776251
5.87 -0.5 0.660504 -0.769681
5.88 -0.5 0.667439 -0.763041
5.89 -0.5 0.674326 -0.756332
5.9 -0.5 0.681164 -0.749555
5.91 -0.5 0.687952 -0.742709
5.92 -0.5 0.694689 -0.735796
5.93 -0.5 0.701375 -0.728816
5.94 -0.5 0.708009 -0.721769
5.95 -0.5 0.714589 -0.714656
5.96 -0.5 0.721116 -0.707477
5.97 -0.5 0.727587 -0.700233
5.98 -0.5 0.734003 -0.692925
5.99 -0.5 0.740363 -0.685554
6 -0.5 0.746665 -0.678118
6.01 -0.5 0.752909 -0.67062
6.02 -0.5 0.759094 -0.66306
6.03 -0.5 0.76522 -0.655439
6.04 -0.5 0.771284 -0.647756
6.05 -0.5 0.777287 -0.640013
6.06 -0.5 0.783228 -0.632211
6.07 -0.5 0.789106 -0.624349
6.08 -0.5 0.794919 -0.616429
6.09 -0.5 0.800668 -0.608451
6.1 -0.5 0.806351 -0.600416
6.11 -0.5 0.811967 -0.592324
6.12 -0.5 0.817516 -0.584177
6.13 -0.5 0.822997 -0.575974
6.14 -0.5 0.828409 -0.567717
6.15 -0.5 0.833751 -0.559406
6.16 -0.5 0.839023 -0.551042
6.17 -0.5 0.844222 -0.542626
6.18 -0.5 0.84935 -0.534158
6.19 -0.5 0.854404 -0.525639
6.2 -0.5 0.859385 -0.51707
6.21 -0.5 0.864291 -0.508452
6.22 -0.5 0.869121 -0.499784
6.23 -0.5 0.873875 -0.491069
6.24 -0.5 0.878552 -0.482307
6.25 -0.5 0.883152 -0.473499
6.26 -0.5 0.887672 -0.464644
6.27 -0.5 0.892113 -0.455745
6.28 -0.5 0.896475 -0.446802
6.29 -0.5 0.900755 -0.437816
6.3 -0.5 0.904954 -0.428788
6.31 -0.5 0.90907 -0.419717
6.32 -0.5 0.913103 -0.410606
6.33 -0.5 0.917053 -0.401456
6.34 -0.5 0.920918 -0.392266
6.35 -0.5 0.924699 -0.383038
6.36 -0.5 0.928393 -0.373772
6.37 -0.5 0.932001 -0.36447
6.38 -0.5 0.935522 -0.355132
6.39 -0.5 0.938955 -0.34576
6.4 -0.5 0.9423 -0.336353
6.41 -0.5 0.945556 -0.326914
6.42 -0.5 0.948722 -0.317443
6.43 -0.5 0.951798 -0.30794
6.44 -0.5 0.954784 -0.298407
6.45 -0.5 0.957678 -0.288845
6.46 -0.5 0.960481 -0.279254
6.47 -0.5 0.963191 -0.269635
6.48 -0.5 0.965808 -0.25999
6.49 -0.5 0.968332 -0.250319
6.5 -0.5 0.970762 -0.240624
6.51 -0.5 0.973098 -0.230905
6.52 -0.5 0.975339 -0.221162
6.53 -0.5 0.977485 -0.211398
6.54 -0.5 0.979535 -0.201613
6.55 -0.5 0.98149 -0.191808
6.56 -0.5 0.983348 -0.181983
6.57 -0.5 0.985109 -0.172141
6.58 -0.5 0.986774 -0.162282
6.59 -0.5 0.988341 -0.152406
6.6 -0.5 0.98981 -0.142515
6.61 -0.5 0.991181 -0.13261
6.62 -0.5 0.992454 -0.122692
6.63 -0.5 0.993629 -0.112761
6.64 -0.5 0.994705 -0.102819
6.65 -0.5 0.995682 -0.0928675
6.66 -0.5 0.996559 -0.0829062
6.67 -0.5 0.997338 -0.0729366
6.68 -0.5 0.998017 -0.0629598
6.69 -0.5 0.998596 -0.0529766
6.7 -0.5 0.999076 -0.0429882
6.71 -0.5 0.999456 -0.0329954
6.72 -0.5 0.999735 -0.0229994
6.73 -0.5 0.999915 -0.0130011
6.74 -0.5 0.999995 -0.00300141
6.75 -0.5 0.999976 0.00699852
6.76 -0.5 0.999856 0.0169978
6.77 -0.5 0.999636 0.0269953
6.78 -0.5 0.999316 0.0369901
6.79 -0.5 0.998896 0.0469813
6.8 -0.5 0.998376 0.0569677
6.81 -0.5 0.997757 0.0669485
6.82 -0.5 0.997039 0.0769225
6.83 -0.5 0.99622 0.0868889
6.84 -0.5 0.995303 0.0968466
6.85 -0.5 0.994287 0.106795
6.86 -0.5 0.993171 0.116732
6.87 -0.5 0.991957 0.126658
6.88 -0.5 0.990645 0.136571
6.89 -0.5 0.989234 0.14647
6.9 -0.5 0.987726 0.156355
6.91 -0.5 0.98612 0.166225
6.92 -0.5 0.984417 0.176077
6.93 -0.5 0.982617 0.185913
6.94 -0.5 0.98072 0.195729
6.95 -0.5 0.978727 0.205527
6.96 -0.5 0.976639 0.215304
6.97 -0.5 0.974455 0.225059
6.98 -0.5 0.972176 0.234792
6.99 -0.5 0.969802 0.244502
7 -0.5 0.967334 0.254188
7.01 -0.5 0.964773 0.263849
7.02 -0.5 0.962118 0.273483
7.03 -0.5 0.959371 0.283091
7.04 -0.5 0.956532 0.29267
7.05 -0.5 0.953601 0.302221
7.06 -0.5 0.95058 0.311742
7.07 -0.5 0.947467 0.321232
7.08 -0.5 0.944265 0.330691
7.09 -0.5 0.940973 0.340117
7.1 -0.5 0.937593 0.34951
7.11 -0.5 0.934125 0.358869
7.12 -0.5 0.930569 0.368192
7.13 -0.5 0.926927 0.37748
7.14 -0.5 0.923198 0.386731
7.15 -0.5 0.919384 0.395944
7.16 -0.5 0.915484 0.405118
7.17 -0.5 0.911501 0.414253
7.18 -0.5 0.907435 0.423348
7.19 -0.5 0.903285 0.432401
7.2 -0.5 0.899054 0.441413
7.21 -0.5 0.894741 0.450382
7.22 -0.5 0.890348 0.459308
7.23 -0.5 0.885875 0.468189
7.24 -0.5 0.881323 0.477025
7.25 -0.5 0.876692 0.485815
7.26 -0.5 0.871984 0.494559
7.27 -0.5 0.8672 0.503255
7.28 -0.5 0.862339 0.511902
7.29 -0.5 0.857403 0.520501
7.3 -0.5 0.852393 0.52905
7.31 -0.5 0.847309 0.537549
7.32 -0.5 0.842153 0.545996
7.33 -0.5 0.836924 0.554392
7.34 -0.5 0.831624 0.562734
7.35 -0.5 0.826254 0.571024
7.36 -0.5 0.820815 0.579259
7.37 -0.5 0.815306 0.58744
7.38 -0.5 0.80973 0.595565
7.39 -0.5 0.804087 0.603634
7.4 -0.5 0.798378 0.611647
7.41 -0.5 0.792603 0.619602
7.42 -0.5 0.786764 0.627498
7.43 -0.5 0.780861 0.635337
7.44 -0.5 0.774895 0.643115
7.45 -0.5 0.768867 0.650834
7.46 -0.5 0.762779 0.658493
7.47 -0.5 0.756629 0.66609
7.48 -0.5 0.75042 0.673625
7.49 -0.5 0.744153 0.681098
7.5 -0.5 0.737828 0.688508
7.51 -0.5 0.731446 0.695854
7.52 -0.5 0.725007 0.703137
7.53 -0.5 0.718514 0.710354
7.54 -0.5 0.711965 0.717507
7.55 -0.5 0.705364 0.724593
7.56 -0.5 0.698709 0.731614
7.57 -0.5 0.692003 0.738567
7.58 -0.5 0.685245 0.745454
7.59 -0.5 0.678437 0.752272
7.6 -0.5 0.671579 0.759022
7.61 -0.5 0.664673 0.765704
7.62 -0.5 0.657718 0.772316
7.63 -0.5 0.650717 0.778858
7.64 -0.5 0.643669 0.78533
7.65 -0.5 0.636576 0.791731
7.66 -0.5 0.629438 0.798061
7.67 -0.5 0.622256 0.80432
7.68 -0.5 0.615031 0.810506
7.69 -0.5 0.607764 0.81662
7.7 -0.5 0.600455 0.822661
7.71 -0.5 0.593105 0.828629
7.72 -0.5 0.585715 0.834523
7.73 -0.5 0.578286 0.840343
7.74 -0.5 0.570818 0.846089
7.75 -0.5 0.563312 0.851759
7.76 -0.5 0.555769 0.857355
7.77 -0.5 0.54819 0.862875
7.78 -0.5 0.540575 0.868319
7.79 -0.5 0.532925 0.873686
7.8 -0.5 0.525241 0.878977
7.81 -0.5 0.517524 0.884191
7.82 -0.5 0.509774 0.889327
7.83 -0.5 0.501991 0.894386
7.84 -0.5 0.494177 0.899367
7.85 -0.5 0.486333 0.90427
7.86 -0.5 0.478458 0.909094
7.87 -0.5 0.470554 0.913839
7.88 -0.5 0.462621 0.918505
7.89 -0.5 0.45466 0.923091
7.9 -0.5 0.446672 0.927598
7.91 -0.5 0.438657 0.932024
7.92 -0.5 0.430616 0.936371
7.93 -0.5 0.422549 0.940637
7.94 -0.5 0.414457 0.944822
7.95 -0.5 0.406341 0.948926
7.96 -0.5 0.398202 0.952948
7.97 -0.5 0.390039 0.95689
7.98 -0.5 0.381854 0.960749
7.99 -0.5 0.373647 0.964527
8 -0.5 0.365418 0.968222
8.01 -0.5 0.357169 0.971835
8.02 -0.5 0.3489 0.975365
8.03 -0.5 0.340611 0.978813
8.04 -0.5 0.332304 0.982177
8.05 -0.5 0.323977 0.985459
8.06 -0.5 0.315633 0.988657
8.07 -0.5 0.307272 0.991772
8.08 -0.5 0.298894 0.994802
8.09 -0.5 0.290499 0.997749
8.1 -0.5 0.282089 1.00061
8.11 -0.5 0.273663 1.00339
8.12 -0.5 0.265223 1.00609
8.13 -0.5 0.256768 1.0087
8.14 -0.5 0.2483 1.01122
8.15 -0.5 0.239819 1.01366
8.16 -0.5 0.231325 1.01602
8.17 -0.5 0.222819 1.01829
8.18 -0.5 0.214301 1.02047
8.19 -0.5 0.205772 1.02257
8.2 -0.5 0.197232 1.02459
8.21 -0.5 0.188682 1.02652
8.22 -0.5 0.180122 1.02836
8.23 -0.5 0.171553 1.03012
8.24 -0.5 0.162975 1.03179
8.25 -0.5 0.154389 1.03338
8.26 -0.5 0.145795 1.03488
8.27 -0.5 0.137193 1.0363
8.28 -0.5 0.128584 1.03763
8.29 -0.5 0.119969 1.03887
8.3 -0.5 0.111348 1.04002
8.31 -0.5 0.102721 1.04109
8.32 -0.5 0.0940888 1.04208
8.33 -0.5 0.0854519 1.04298
8.34 -0.5 0.0768108 1.04379
8.35 -0.5 0.0681657 1.04451
8.36 -0.5 0.0595173 1.04515
8.37 -0.5 0.0508659 1.0457
8.38 -0.5 0.0422119 1.04617
8.39 -0.5 0.0335558 1.04655
8.4 -0.5 0.024898 1.04684
8.41 -0.5 0.016239 1.04705
8.42 -0.5 0.00757921 1.04716
8.43 -0.5 -0.001081 1.0472
8.44 -0.5 -0.00974115 1.04714
8.45 -0.5 -0.0184008 1.047
8.46 -0.5 -0.0270596 1.04677
8.47 -0.5 -0.0357169 1.04646
8.48 -0.5 -0.0443725 1.04606
8.49 -0.5 -0.0530259 1.04557
8.5 -0.5 -0.0616766 1.045
8.51 -0.5 -0.0703243 1.04434
8.52 -0.5 -0.0789684 1.04359
8.53 -0.5 -0.0876085 1.04276
8.54 -0.5 -0.0962442 1.04184
8.55 -0.5 -0.104875 1.04084
8.56 -0.5 -0.113501 1.03974
8.57 -0.5 -0.12212 1.03857
8.58 -0.5 -0.130734 1.0373
8.59 -0.5 -0.139341 1.03595
8.6 -0.5 -0.147941 1.03451
8.61 -0.5 -0.156533 1.03299
8.62 -0.5 -0.165117 1.03138
8.63 -0.5 -0.173693 1.02969
8.64 -0.5 -0.18226 1.02791
8.65 -0.5 -0.190817 1.02604
8.66 -0.5 -0.199365 1.02409
8.67 -0.5 -0.207902 1.02206
8.68 -0.5 -0.216428 1.01994
8.69 -0.5 -0.224943 1.01773
8.7 -0.5 -0.233447 1.01544
8.71 -0.5 -0.241937 1.01306
8.72 -0.5 -0.250416 1.0106
8.73 -0.5 -0.25888 1.00805
8.74 -0.5 -0.267331 1.00542
8.75 -0.5 -0.275768 1.00271
8.76 -0.5 -0.28419 0.999905
8.77 -0.5 -0.292596 0.997021
8.78 -0.5 -0.300987 0.994054
8.79 -0.5 -0.309361 0.991002
8.8 -0.5 -0.317718 0.987866
8.81 -0.5 -0.326058 0.984648
8.82 -0.5 -0.334379 0.981345
8.83 -0.5 -0.342682 0.97796
8.84 -0.5 -0.350966 0.974492
8.85 -0.5 -0.359231 0.970941
8.86 -0.5 -0.367474 0.967307
8.87 -0.5 -0.375698 0.963591
8.88 -0.5 -0.383899 0.959793
8.89 -0.5 -0.392079 0.955913
8.9 -0.5 -0.400236 0.951952
8.91 -0.5 -0.40837 0.947909
8.92 -0.5 -0.41648 0.943784
8.93 -0.5 -0.424565 0.939579
8.94 -0.5 -0.432626 0.935293
8.95 -0.5 -0.44066 0.930927
8.96 -0.5 -0.448669 0.92648
8.97 -0.5 -0.45665 0.921954
8.98 -0.5 -0.464604 0.917347
8.99 -0.5 -0.47253 0.912662
9 -0.5 -0.480427 0.907897
9.01 -0.5 -0.488294 0.903053
9.02 -0.5 -0.496131 0.898131
9.03 -0.5 -0.503937 0.893131
9.04 -0.5 -0.511711 0.888052
9.05 -0.5 -0.519454 0.882896
9.06 -0.5 -0.527163 0.877663
9.07 -0.5 -0.534838 0.872353
9.08 -0.5 -0.54248 0.866967
9.09 -0.5 -0.550086 0.861504
9.1 -0.5 -0.557656 0.855965
9.11 -0.5 -0.565189 0.850351
9.12 -0.5 -0.572686 0.844661
9.13 -0.5 -0.580144 0.838897
9.14 -0.5 -0.587564 0.833059
9.15 -0.5 -0.594944 0.827146
9.16 -0.5 -0.602283 0.82116
9.17 -0.5 -0.609582 0.815101
9.18 -0.5 -0.616839 0.808968
9.19 -0.5 -0.624053 0.802764
9.2 -0.5 -0.631224 0.796488
9.21 -0.5 -0.638351 0.79014
9.22 -0.5 -0.645433 0.783721
9.23 -0.5 -0.652469 0.777231
9.24 -0.5 -0.659459 0.770671
9.25 -0.5 -0.666401 0.764042
9.26 -0.5 -0.673296 0.757344
9.27 -0.5 -0.680141 0.750576
9.28 -0.5 -0.686937 0.743741
9.29 -0.5 -0.693682 0.736838
9.3 -0.5 -0.700375 0.729867
9.31 -0.5 -0.707017 0.72283
9.32 -0.5 -0.713605 0.715727
9.33 -0.5 -0.72014 0.708559
9.34 -0.5 -0.72662 0.701325
9.35 -0.5 -0.733044 0.694026
9.36 -0.5 -0.739412 0.686664
9.37 -0.5 -0.745723 0.679238
9.38 -0.5 -0.751976 0.67175
9.39 -0.5 -0.75817 0.664199
9.4 -0.5 -0.764304 0.656586
9.41 -0.5 -0.770378 0.648913
9.42 -0.5 -0.77639 0.641179
9.43 -0.5 -0.782341 0.633385
9.44 -0.5 -0.788228 0.625533
9.45 -0.5 -0.794051 0.617621
9.46 -0.5 -0.799809 0.609652
9.47 -0.5 -0.805502 0.601625
9.48 -0.5 -0.811129 0.593542
9.49 -0.5 -0.816688 0.585403
9.5 -0.5 -0.822179 0.577208
9.51 -0.5 -0.827601 0.568959
9.52 -0.5 -0.832954 0.560657
9.53 -0.5 -0.838236 0.552301
9.54 -0.5 -0.843447 0.543892
9.55 -0.5 -0.848585 0.535432
9.56 -0.5 -0.853651 0.526921
9.57 -0.5 -0.858642 0.518359
9.58 -0.5 -0.863559 0.509748
9.59 -0.5 -0.868401 0.501088
9.6 -0.5 -0.873167 0.49238
9.61 -0.5 -0.877855 0.483625
9.62 -0.5 -0.882466 0.474823
9.63 -0.5 -0.886999 0.465976
9.64 -0.5 -0.891452 0.457084
9.65 -0.5 -0.895825 0.448147
9.66 -0.5 -0.900118 0.439167
9.67 -0.5 -0.904329 0.430145
9.68 -0.5 -0.908458 0.421081
9.69 -0.5 -0.912503 0.411976
9.7 -0.5 -0.916466 0.402831
9.71 -0.5 -0.920344 0.393647
9.72 -0.5 -0.924137 0.384425
9.73 -0.5 -0.927844 0.375165
9.74 -0.5 -0.931465 0.365868
9.75 -0.5 -0.934999 0.356536
9.76 -0.5 -0.938445 0.347169
9.77 -0.5 -0.941804 0.337767
9.78 -0.5 -0.945073 0.328333
9.79 -0.5 -0.948253 0.318866
9.8 -0.5 -0.951342 0.309368
9.81 -0.5 -0.954342 0.299839
9.82 -0.5 -0.95725 0.290281
9.83 -0.5 -0.960066 0.280695
9.84 -0.5 -0.96279 0.27108
9.85 -0.5 -0.965421 0.261439
9.86 -0.5 -0.967959 0.251772
9.87 -0.5 -0.970403 0.24208
9.88 -0.5 -0.972753 0.232365
9.89 -0.5 -0.975009 0.222626
9.9 -0.5 -0.977169 0.212865
9.91 -0.5 -0.979234 0.203083
9.92 -0.5 -0.981203 0.19328
9.93 -0.5 -0.983075 0.183459
9.94 -0.5 -0.984851 0.173619
9.95 -0.5 -0.98653 0.163762
9.96 -0.5 -0.988112 0.153889
9.97 -0.5 -0.989596 0.144
9.98 -0.5 -0.990982 0.134097
9.99 -0.5 -0.99227 0.124181
10 -0.5 -0.993459 0.114252
10.01 -0.5 -0.99455 0.104312
10.02 -0.5 -0.995541 0.0943616
10.03 -0.5 -0.996434 0.0844016
10.04 -0.5 -0.997227 0.0744332
10.05 -0.5 -0.997921 0.0644574
10.06 -0.5 -0.998515 0.0544752
10.07 -0.5 -0.99901 0.0444874
10.08 -0.5 -0.999405 0.0344953
10.09 -0.5 -0.9997 0.0244997
10.1 -0.5 -0.999895 0.0145016
10.11 -0.5 -0.99999 0.00450211
10.12 -0.5 -0.999985 -0.00549785
10.13 -0.5 -0.99988 -0.0154973
10.14 -0.5 -0.999675 -0.0254951
10.15 -0.5 -0.99937 -0.0354904
10.16 -0.5 -0.998965 -0.0454822
10.17 -0.5 -0.998461 -0.0554694
10.18 -0.5 -0.997857 -0.0654511
10.19 -0.5 -0.997153 -0.0754262
10.2 -0.5 -0.99635 -0.0853938
10.21 -0.5 -0.995447 -0.0953529
10.22 -0.5 -0.994445 -0.105302
10.23 -0.5 -0.993345 -0.115241
10.24 -0.5 -0.992146 -0.125169
10.25 -0.5 -0.990848 -0.135084
10.26 -0.5 -0.989452 -0.144986
10.27 -0.5 -0.987959 -0.154873
10.28 -0.5 -0.986367 -0.164744
10.29 -0.5 -0.984679 -0.1746
10.3 -0.5 -0.982893 -0.184438
10.31 -0.5 -0.981011 -0.194257
10.32 -0.5 -0.979033 -0.204058
10.33 -0.5 -0.976958 -0.213838
10.34 -0.5 -0.974788 -0.223596
10.35 -0.5 -0.972524 -0.233333
10.36 -0.5 -0.970164 -0.243047
10.37 -0.5 -0.967711 -0.252736
10.38 -0.5 -0.965163 -0.262401
10.39 -0.5 -0.962523 -0.272039
10.4 -0.5 -0.95979 -0.281651
10.41 -0.5 -0.956964 -0.291234
10.42 -0.5 -0.954047 -0.30079
10.43 -0.5 -0.951039 -0.310315
10.44 -0.5 -0.94794 -0.31981
10.45 -0.5 -0.944751 -0.329274
10.46 -0.5 -0.941473 -0.338705
10.47 -0.5 -0.938106 -0.348103
10.48 -0.5 -0.934651 -0.357467
10.49 -0.5 -0.931108 -0.366796
10.5 -0.5 -0.927479 -0.376089
10.51 -0.5 -0.923763 -0.385345
10.52 -0.5 -0.919961 -0.394564
10.53 -0.5 -0.916075 -0.403744
10.54 -0.5 -0.912104 -0.412885
10.55 -0.5 -0.90805 -0.421986
10.56 -0.5 -0.903913 -0.431045
10.57 -0.5 -0.899694 -0.440064
10.58 -0.5 -0.895393 -0.449039
10.59 -0.5 -0.891012 -0.457971
10.6 -0.5 -0.886551 -0.466859
10.61 -0.5 -0.882011 -0.475702
10.62 -0.5 -0.877392 -0.484499
10.63 -0.5 -0.872696 -0.493249
10.64 -0.5 -0.867923 -0.501953
10.65 -0.5 -0.863073 -0.510608
10.66 -0.5 -0.858149 -0.519214
10.67 -0.5 -0.85315 -0.52777
10.68 -0.5 -0.848077 -0.536277
10.69 -0.5 -0.842931 -0.544732
10.7 -0.5 -0.837713 -0.553135
10.71 -0.5 -0.832424 -0.561486
10.72 -0.5 -0.827065 -0.569783
10.73 -0.5 -0.821635 -0.578027
10.74 -0.5 -0.816137 -0.586216
10.75 -0.5 -0.810571 -0.594349
10.76 -0.5 -0.804938 -0.602427
10.77 -0.5 -0.799239 -0.610448
10.78 -0.5 -0.793474 -0.618411
10.79 -0.5 -0.787644 -0.626317
10.8 -0.5 -0.781751 -0.634164
10.81 -0.5 -0.775794 -0.641952
10.82 -0.5 -0.769776 -0.64968
10.83 -0.5 -0.763696 -0.657347
10.84 -0.5 -0.757556 -0.664954
10.85 -0.5 -0.751356 -0.672498
10.86 -0.5 -0.745097 -0.67998
10.87 -0.5 -0.738781 -0.6874
10.88 -0.5 -0.732407 -0.694756
10.89 -0.5 -0.725977 -0.702048
10.9 -0.5 -0.719492 -0.709275
10.91 -0.5 -0.712952 -0.716438
10.92 -0.5 -0.706358 -0.723534
10.93 -0.5 -0.699711 -0.730564
10.94 -0.5 -0.693012 -0.737528
10.95 -0.5 -0.686262 -0.744425
10.96 -0.5 -0.679462 -0.751253
10.97 -0.5 -0.672611 -0.758014
10.98 -0.5 -0.665712 -0.764705
10.99 -0.5 -0.658765 -0.771328
11 -0.5 -0.651771 -0.77788
11.01 -0.5 -0.64473 -0.784363
11.02 -0.5 -0.637644 -0.790775
11.03 -0.5 -0.630512 -0.797116
11.04 -0.5 -0.623337 -0.803385
11.05 -0.5 -0.616118 -0.809582
11.06 -0.5 -0.608857 -0.815707
11.07 -0.5 -0.601554 -0.821759
11.08 -0.5 -0.594211 -0.827738
11.09 -0.5 -0.586827 -0.833643
11.1 -0.5 -0.579403 -0.839475
11.11 -0.5 -0.571941 -0.845231
11.12 -0.5 -0.564441 -0.850913
11.13 -0.5 -0.556904 -0.85652
11.14 -0.5 -0.54933 -0.862051
11.15 -0.5 -0.54172 -0.867506
11.16 -0.5 -0.534076 -0.872885
11.17 -0.5 -0.526397 -0.878188
11.18 -0.5 -0.518684 -0.883413
11.19 -0.5 -0.510939 -0.888561
11.2 -0.5 -0.503161 -0.893632
11.21 -0.5 -0.495352 -0.898625
11.22 -0.5 -0.487512 -0.903539
11.23 -0.5 -0.479642 -0.908375
11.24 -0.5 -0.471742 -0.913132
11.25 -0.5 -0.463814 -0.917809
11.26 -0.5 -0.455857 -0.922408
11.27 -0.5 -0.447873 -0.926927
11.28 -0.5 -0.439861 -0.931365
11.29 -0.5 -0.431824 -0.935724
11.3 -0.5 -0.423761 -0.940002
11.31 -0.5 -0.415673 -0.944199
11.32 -0.5 -0.407561 -0.948315
11.33 -0.5 -0.399425 -0.95235
11.34 -0.5 -0.391265 -0.956303
11.35 -0.5 -0.383084 -0.960175
11.36 -0.5 -0.37488 -0.963965
11.37 -0.5 -0.366655 -0.967673
11.38 -0.5 -0.358409 -0.971298
11.39 -0.5 -0.350142 -0.974841
11.4 -0.5 -0.341856 -0.978301
11.41 -0.5 -0.333552 -0.981678
11.42 -0.5 -0.325228 -0.984972
11.43 -0.5 -0.316887 -0.988182
11.44 -0.5 -0.308528 -0.991309
11.45 -0.5 -0.300152 -0.994353
11.46 -0.5 -0.29176 -0.997312
11.47 -0.5 -0.283352 -1.00019
11.48 -0.5 -0.274928 -1.00298
11.49 -0.5 -0.26649 -1.00569
11.5 -0.5 -0.258038 -1.00831
11.51 -0.5 -0.249572 -1.01085
11.52 -0.5 -0.241093 -1.0133
11.53 -0.5 -0.2326 -1.01567
11.54 -0.5 -0.224096 -1.01795
11.55 -0.5 -0.21558 -1.02015
11.56 -0.5 -0.207052 -1.02226
11.57 -0.5 -0.198514 -1.02429
11.58 -0.5 -0.189966 -1.02623
11.59 -0.5 -0.181407 -1.02809
11.6 -0.5 -0.17284 -1.02986
11.61 -0.5 -0.164263 -1.03155
11.62 -0.5 -0.155678 -1.03315
11.63 -0.5 -0.147085 -1.03466
11.64 -0.5 -0.138484 -1.03609
11.65 -0.5 -0.129877 -1.03743
11.66 -0.5 -0.121262 -1.03869
11.67 -0.5 -0.112642 -1.03986
11.68 -0.5 -0.104016 -1.04094
11.69 -0.5 -0.0953845 -1.04194
11.7 -0.5 -0.0867483 -1.04285
11.71 -0.5 -0.0781078 -1.04367
11.72 -0.5 -0.0694633 -1.04441
11.73 -0.5 -0.0608154 -1.04506
11.74 -0.5 -0.0521644 -1.04563
11.75 -0.5 -0.0435108 -1.0461
11.76 -0.5 -0.034855 -1.0465
11.77 -0.5 -0.0261974 -1.0468
11.78 -0.5 -0.0175386 -1.04702
11.79 -0.5 -0.00887883 -1.04715
11.8 -0.5 -0.000218655 -1.0472
11.81 -0.5 0.00844153 -1.04716
11.82 -0.5 0.0171013 -1.04703
11.83 -0.5 0.0257602 -1.04681
11.84 -0.5 0.0344178 -1.04651
11.85 -0.5 0.0430737 -1.04613
11.86 -0.5 0.0517275 -1.04565
11.87 -0.5 0.0603786 -1.04509
11.88 -0.5 0.0690267 -1.04444
11.89 -0.5 0.0776714 -1.04371
11.9 -0.5 0.0863121 -1.04289
11.91 -0.5 0.0949485 -1.04198
11.92 -0.5 0.10358 -1.04099
11.93 -0.5 0.112206 -1.03991
11.94 -0.5 0.120827 -1.03875
11.95 -0.5 0.129442 -1.0375
11.96 -0.5 0.13805 -1.03616
11.97 -0.5 0.146651 -1.03474
11.98 -0.5 0.155244 -1.03323
11.99 -0.5 0.16383 -1.03163
12 -0.5 0.172407 -1.02995
12.01 -0.5 0.180975 -1.02818
12.02 -0.5 0.189534 -1.02633
12.03 -0.5 0.198083 -1.02439
12.04 -0.5 0.206622 -1.02237
12.05 -0.5 0.21515 -1.02026
12.06 -0.5 0.223666 -1.01807
12.07 -0.5 0.232171 -1.01579
12.08 -0.5 0.240664 -1.01342
12.09 -0.5 0.249144 -1.01097
12.1 -0.5 0.257611 -1.00844
12.11 -0.5 0.266064 -1.00582
12.12 -0.5 0.274503 -1.00312
12.13 -0.5 0.282927 -1.00033
12.14 -0.5 0.291336 -0.99746
12.15 -0.5 0.299729 -0.994504
12.16 -0.5 0.308105 -0.991465
12.17 -0.5 0.316465 -0.988342
12.18 -0.5 0.324807 -0.985136
12.19 -0.5 0.333132 -0.981846
12.2 -0.5 0.341438 -0.978473
12.21 -0.5 0.349724 -0.975017
12.22 -0.5 0.357992 -0.971479
12.23 -0.5 0.366239 -0.967858
12.24 -0.5 0.374465 -0.964154
12.25 -0.5 0.38267 -0.960368
12.26 -0.5 0.390853 -0.956501
12.27 -0.5 0.399013 -0.952552
12.28 -0.5 0.40715 -0.948521
12.29 -0.5 0.415264 -0.944409
12.3 -0.5 0.423353 -0.940215
12.31 -0.5 0.431418 -0.935942
12.32 -0.5 0.439456 -0.931587
12.33 -0.5 0.447469 -0.927153
12.34 -0.5 0.455454 -0.922638
12.35 -0.5 0.463412 -0.918044
12.36 -0.5 0.471342 -0.91337
12.37 -0.5 0.479244 -0.908617
12.38 -0.5 0.487115 -0.903785
12.39 -0.5 0.494957 -0.898875
12.4 -0.5 0.502768 -0.893886
12.41 -0.5 0.510547 -0.888819
12.42 -0.5 0.518294 -0.883675
12.43 -0.5 0.526008 -0.878454
12.44 -0.5 0.533689 -0.873155
12.45 -0.5 0.541335 -0.86778
12.46 -0.5 0.548946 -0.862329
12.47 -0.5 0.556522 -0.856801
12.48 -0.5 0.564061 -0.851198
12.49 -0.5 0.571563 -0.84552
12.5 -0.5 0.579027 -0.839767
12.51 -0.5 0.586453 -0.83394
12.52 -0.5 0.593839 -0.828038
12.53 -0.5 0.601185 -0.822063
12.54 -0.5 0.608489 -0.816015
12.55 -0.5 0.615753 -0.809893
12.56 -0.5 0.622973 -0.8037
12.57 -0.5 0.630151 -0.797434
12.58 -0.5 0.637285 -0.791097
12.59 -0.5 0.644373 -0.784688
12.6 -0.5 0.651416 -0.778209
12.61 -0.5 0.658413 -0.77166
12.62 -0.5 0.665363 -0.765041
12.63 -0.5 0.672264 -0.758353
12.64 -0.5 0.679117 -0.751596
12.65 -0.5 0.68592 -0.744771
12.66 -0.5 0.692673 -0.737878
12.67 -0.5 0.699374 -0.730918
12.68 -0.5 0.706023 -0.723891
12.69 -0.5 0.71262 -0.716797
12.7 -0.5 0.719163 -0.709638
12.71 -0.5 0.725651 -0.702414
12.72 -0.5 0.732084 -0.695126
12.73 -0.5 0.73846 -0.687773
12.74 -0.5 0.74478 -0.680357
12.75 -0.5 0.751041 -0.672877
12.76 -0.5 0.757244 -0.665336
12.77 -0.5 0.763388 -0.657733
12.78 -0.5 0.76947 -0.650068
12.79 -0.5 0.775492 -0.642344
12.8 -0.5 0.781452 -0.634559
12.81 -0.5 0.787348 -0.626715
12.82 -0.5 0.793181 -0.618812
12.83 -0.5 0.798949 -0.610851
12.84 -0.5 0.804652 -0.602833
12.85 -0.5 0.810289 -0.594759
12.86 -0.5 0.815858 -0.586628
12.87 -0.5 0.821359 -0.578442
12.88 -0.5 0.826792 -0.570201
12.89 -0.5 0.832155 -0.561906
12.9 -0.5 0.837448 -0.553558
12.91 -0.5 0.842669 -0.545157
12.92 -0.5 0.847819 -0.536705
12.93 -0.5 0.852895 -0.528201
12.94 -0.5 0.857898 -0.519647
12.95 -0.5 0.862826 -0.511043
12.96 -0.5 0.867679 -0.502391
12.97 -0.5 0.872457 -0.49369
12.98 -0.5 0.877157 -0.484942
12.99 -0.5 0.881779 -0.476147
13 -0.5 0.886324 -0.467307
13.01 -0.5 0.890789 -0.458421
13.02 -0.5 0.895174 -0.449491
13.03 -0.5 0.899479 -0.440518
13.04 -0.5 0.903702 -0.431502
13.05 -0.5 0.907843 -0.422444
13.06 -0.5 0.911902 -0.413345
13.07 -0.5 0.915876 -0.404206
13.08 -0.5 0.919767 -0.395028
13.09 -0.5 0.923573 -0.385811
13.1 -0.5 0.927293 -0.376557
13.11 -0.5 0.930927 -0.367266
13.12 -0.5 0.934474 -0.357939
13.13 -0.5 0.937934 -0.348576
13.14 -0.5 0.941305 -0.33918
13.15 -0.5 0.944588 -0.329751
13.16 -0.5 0.947781 -0.320289
13.17 -0.5 0.950884 -0.310795
13.18 -0.5 0.953897 -0.301271
13.19 -0.5 0.956819 -0.291718
13.2 -0.5 0.959649 -0.282135
13.21 -0.5 0.962387 -0.272525
13.22 -0.5 0.965032 -0.262888
13.23 -0.5 0.967584 -0.253225
13.24 -0.5 0.970043 -0.243536
13.25 -0.5 0.972407 -0.233824
13.26 -0.5 0.974676 -0.224089
13.27 -0.5 0.976851 -0.214331
13.28 -0.5 0.97893 -0.204552
13.29 -0.5 0.980913 -0.194753
13.3 -0.5 0.9828 -0.184934
13.31 -0.5 0.984591 -0.175097
13.32 -0.5 0.986284 -0.165243
13.33 -0.5 0.987881 -0.155372
13.34 -0.5 0.989379 -0.145485
13.35 -0.5 0.99078 -0.135584
13.36 -0.5 0.992083 -0.12567
13.37 -0.5 0.993287 -0.115743
13.38 -0.5 0.994392 -0.105805
13.39 -0.5 0.995399 -0.0958555
13.4 -0.5 0.996306 -0.0858969
13.41 -0.5 0.997115 -0.0759297
13.42 -0.5 0.997823 -0.0659549
13.43 -0.5 0.998433 -0.0559736
13.44 -0.5 0.998942 -0.0459866
13.45 -0.5 0.999352 -0.0359951
13.46 -0.5 0.999662 -0.0259999
13.47 -0.5 0.999872 -0.0160022
13.48 -0.5 0.999982 -0.0060028
13.49 -0.5 0.999992 0.00399715
13.5 -0.5 0.999902 0.0139967
13.51 -0.5 0.999712 0.0239949
13.52 -0.5 0.999422 0.0339906
13.53 -0.5 0.999032 0.043983
13.54 -0.5 0.998543 0.0539709
13.55 -0.5 0.997954 0.0639535
13.56 -0.5 0.997265 0.0739297
13.57 -0.5 0.996476 0.0838985
13.58 -0.5 0.995589 0.0938589
13.59 -0.5 0.994602 0.10381
13.6 -0.5 0.993516 0.113751
13.61 -0.5 0.992332 0.12368
13.62 -0.5 0.991049 0.133597
13.63 -0.5 0.989668 0.143501
13.64 -0.5 0.988189 0.15339
13.65 -0.5 0.986612 0.163264
13.66 -0.5 0.984938 0.173122
13.67 -0.5 0.983167 0.182962
13.68 -0.5 0.9813 0.192785
13.69 -0.5 0.979336 0.202588
13.7 -0.5 0.977276 0.212371
13.71 -0.5 0.97512 0.222133
13.72 -0.5 0.97287 0.231873
13.73 -0.5 0.970524 0.24159
13.74 -0.5 0.968085 0.251284
13.75 -0.5 0.965552 0.260952
13.76 -0.5 0.962925 0.270594
13.77 -0.5 0.960206 0.28021
13.78 -0.5 0.957394 0.289798
13.79 -0.5 0.954491 0.299358
13.8 -0.5 0.951496 0.308888
13.81 -0.5 0.948411 0.318387
13.82 -0.5 0.945236 0.327855
13.83 -0.5 0.941971 0.337292
13.84 -0.5 0.938617 0.346695
13.85 -0.5 0.935175 0.356064
13.86 -0.5 0.931646 0.365398
13.87 -0.5 0.928029 0.374696
13.88 -0.5 0.924326 0.383958
13.89 -0.5 0.920537 0.393182
13.9 -0.5 0.916664 0.402369
13.91 -0.5 0.912706 0.411515
13.92 -0.5 0.908664 0.420622
13.93 -0.5 0.904539 0.429688
13.94 -0.5 0.900332 0.438713
13.95 -0.5 0.896044 0.447695
13.96 -0.5 0.891675 0.456634
13.97 -0.5 0.887226 0.465528
13.98 -0.5 0.882697 0.474378
13.99 -0.5 0.87809 0.483182
14 -0.5 0.873405 0.491939
14.01 -0.5 0.868644 0.50065
14.02 -0.5 0.863806 0.509312
14.03 -0.5 0.858892 0.517925
14.04 -0.5 0.853904 0.52649
14.05 -0.5 0.848843 0.535003
14.06 -0.5 0.843708 0.543466
14.07 -0.5 0.838501 0.551877
14.08 -0.5 0.833222 0.560236
14.09 -0.5 0.827873 0.568541
14.1 -0.5 0.822455 0.576793
14.11 -0.5 0.816967 0.58499
14.12 -0.5 0.811411 0.593132
14.13 -0.5 0.805788 0.601218
14.14 -0.5 0.800098 0.609248
14.15 -0.5 0.794343 0.61722
14.16 -0.5 0.788523 0.625134
14.17 -0.5 0.782639 0.63299
14.18 -0.5 0.776692 0.640787
14.19 -0.5 0.770683 0.648524
14.2 -0.5 0.764612 0.6562
14.21 -0.5 0.758481 0.663816
14.22 -0.5 0.75229 0.67137
14.23 -0.5 0.74604 0.678862
14.24 -0.5 0.739732 0.686291
14.25 -0.5 0.733367 0.693656
14.26 -0.5 0.726946 0.700958
14.27 -0.5 0.720468 0.708195
14.28 -0.5 0.713937 0.715367
14.29 -0.5 0.707351 0.722473
14.3 -0.5 0.700712 0.729514
14.31 -0.5 0.694021 0.736487
14.32 -0.5 0.687278 0.743394
14.33 -0.5 0.680485 0.750233
14.34 -0.5 0.673643 0.757003
14.35 -0.5 0.666751 0.763705
14.36 -0.5 0.659811 0.770338
14.37 -0.5 0.652823 0.776902
14.38 -0.5 0.64579 0.783395
14.39 -0.5 0.63871 0.789817
14.4 -0.5 0.631585 0.796169
14.41 -0.5 0.624417 0.802449
14.42 -0.5 0.617204 0.808657
14.43 -0.5 0.60995 0.814793
14.44 -0.5 0.602653 0.820856
14.45 -0.5 0.595315 0.826846
14.46 -0.5 0.587937 0.832762
14.47 -0.5 0.58052 0.838604
14.48 -0.5 0.573063 0.844372
14.49 -0.5 0.565569 0.850065
14.5 -0.5 0.558037 0.855683
14.51 -0.5 0.550469 0.861226
14.52 -0.5 0.542864 0.866693
14.53 -0.5 0.535225 0.872083
14.54 -0.5 0.527551 0.877397
14.55 -0.5 0.519844 0.882634
14.56 -0.5 0.512103 0.887794
14.57 -0.5 0.50433 0.892876
14.58 -0.5 0.496526 0.89788
14.59 -0.5 0.48869 0.902806
14.6 -0.5 0.480825 0.907654
14.61 -0.5 0.472929 0.912423
14.62 -0.5 0.465005 0.917113
14.63 -0.5 0.457053 0.921723
14.64 -0.5 0.449073 0.926253
14.65 -0.5 0.441065 0.930704
14.66 -0.5 0.433032 0.935075
14.67 -0.5 0.424973 0.939365
14.68 -0.5 0.416888 0.943574
14.69 -0.5 0.40878 0.947702
14.7 -0.5 0.400647 0.95175
14.71 -0.5 0.392491 0.955715
14.72 -0.5 0.384313 0.959599
14.73 -0.5 0.376112 0.963401
14.74 -0.5 0.36789 0.967122
14.75 -0.5 0.359647 0.970759
14.76 -0.5 0.351384 0.974314
14.77 -0.5 0.343101 0.977787
14.78 -0.5 0.334799 0.981176
14.79 -0.5 0.326478 0.984483
14.8 -0.5 0.31814 0.987706
14.81 -0.5 0.309783 0.990845
14.82 -0.5 0.30141 0.993901
14.83 -0.5 0.29302 0.996874
14.84 -0.5 0.284615 0.999762
14.85 -0.5 0.276194 1.00257
14.86 -0.5 0.267758 1.00529
14.87 -0.5 0.259307 1.00792
14.88 -0.5 0.250843 1.01047
14.89 -0.5 0.242366 1.01294
14.9 -0.5 0.233876 1.01532
14.91 -0.5 0.225373 1.01762
14.92 -0.5 0.216859 1.01983
14.93 -0.5 0.208333 1.02195
14.94 -0.5 0.199796 1.02399
14.95 -0.5 0.191249 1.02595
14.96 -0.5 0.182692 1.02782
14.97 -0.5 0.174126 1.0296
14.98 -0.5 0.165551 1.0313
14.99 -0.5 0.156967 1.03291
15 -0.5 0.148375 1.03444
15.01 -0.5 0.139775 1.03588
15.02 -0.5 0.131169 1.03724
15.03 -0.5 0.122555 1.0385
15.04 -0.5 0.113936 1.03969
15.05 -0.5 0.105311 1.04078
15.06 -0.5 0.0966801 1.04179
15.07 -0.5 0.0880447 1.04272
15.08 -0.5 0.0794048 1.04355
15.09 -0.5 0.0707609 1.0443
15.1 -0.5 0.0621134 1.04497
15.11 -0.5 0.0534628 1.04555
15.12 -0.5 0.0448096 1.04604
15.13 -0.5 0.0361541 1.04644
15.14 -0.5 0.0274968 1.04676
15.15 -0.5 0.0188381 1.04699
15.16 -0.5 0.0101784 1.04714
15.17 -0.5 0.00151831 1.0472
15.18 -0.5 -0.00714191 1.04717
15.19 -0.5 -0.0158018 1.04705
15.2 -0.5 -0.0244608 1.04685
15.21 -0.5 -0.0331187 1.04656
15.22 -0.5 -0.0417749 1.04619
15.23 -0.5 -0.0504289 1.04573
15.24 -0.5 -0.0590805 1.04518
15.25 -0.5 -0.0677291 1.04455
15.26 -0.5 -0.0763743 1.04383
15.27 -0.5 -0.0850157 1.04302
15.28 -0.5 -0.0936527 1.04213
15.29 -0.5 -0.102285 1.04115
15.3 -0.5 -0.110912 1.04008
15.31 -0.5 -0.119534 1.03893
15.32 -0.5 -0.128149 1.03769
15.33 -0.5 -0.136758 1.03637
15.34 -0.5 -0.14536 1.03495
15.35 -0.5 -0.153955 1.03346
15.36 -0.5 -0.162542 1.03188
15.37 -0.5 -0.17112 1.03021
15.38 -0.5 -0.17969 1.02845
15.39 -0.5 -0.18825 1.02661
15.4 -0.5 -0.196801 1.02469
15.41 -0.5 -0.205341 1.02268
15.42 -0.5 -0.21387 1.02058
15.43 -0.5 -0.222389 1.0184
15.44 -0.5 -0.230896 1.01613
15.45 -0.5 -0.23939 1.01378
15.46 -0.5 -0.247872 1.01135
15.47 -0.5 -0.256341 1.00883
15.48 -0.5 -0.264796 1.00622
15.49 -0.5 -0.273237 1.00353
15.5 -0.5 -0.281664 1.00075
15.51 -0.5 -0.290075 0.997896
15.52 -0.5 -0.29847 0.994953
15.53 -0.5 -0.306849 0.991927
15.54 -0.5 -0.315211 0.988816
15.55 -0.5 -0.323556 0.985622
15.56 -0.5 -0.331884 0.982345
15.57 -0.5 -0.340192 0.978985
15.58 -0.5 -0.348482 0.975541
15.59 -0.5 -0.356752 0.972015
15.6 -0.5 -0.365002 0.968406
15.61 -0.5 -0.373232 0.964715
15.62 -0.5 -0.38144 0.960942
15.63 -0.5 -0.389626 0.957087
15.64 -0.5 -0.39779 0.953149
15.65 -0.5 -0.405931 0.949131
15.66 -0.5 -0.414048 0.945031
15.67 -0.5 -0.422141 0.94085
15.68 -0.5 -0.430209 0.936588
15.69 -0.5 -0.438252 0.932246
15.7 -0.5 -0.446268 0.927823
15.71 -0.5 -0.454258 0.923321
15.72 -0.5 -0.46222 0.918738
15.73 -0.5 -0.470154 0.914076
15.74 -0.5 -0.47806 0.909335
15.75 -0.5 -0.485936 0.904515
15.76 -0.5 -0.493782 0.899617
15.77 -0.5 -0.501597 0.89464
15.78 -0.5 -0.509381 0.889585
15.79 -0.5 -0.517133 0.884452
15.8 -0.5 -0.524853 0.879242
15.81 -0.5 -0.532538 0.873955
15.82 -0.5 -0.54019 0.868591
15.83 -0.5 -0.547806 0.863151
15.84 -0.5 -0.555387 0.857635
15.85 -0.5 -0.562932 0.852044
15.86 -0.5 -0.57044 0.846377
15.87 -0.5 -0.57791 0.840635
15.88 -0.5 -0.585341 0.834819
15.89 -0.5 -0.592733 0.828928
15.9 -0.5 -0.600085 0.822964
15.91 -0.5 -0.607396 0.816927
15.92 -0.5 -0.614665 0.810817
15.93 -0.5 -0.621893 0.804634
15.94 -0.5 -0.629077 0.798379
15.95 -0.5 -0.636217 0.792052
15.96 -0.5 -0.643312 0.785655
15.97 -0.5 -0.650362 0.779186
15.98 -0.5 -0.657366 0.772648
15.99 -0.5 -0.664323 0.766039
16 -0.5 -0.671232 0.759361
16.01 -0.5 -0.678092 0.752615
16.02 -0.5 -0.684902 0.7458
16.03 -0.5 -0.691663 0.738917
16.04 -0.5 -0.698372 0.731967
16.05 -0.5 -0.705029 0.724949
16.06 -0.5 -0.711633 0.717866
16.07 -0.5 -0.718184 0.710717
16.08 -0.5 -0.724681 0.703503
16.09 -0.5 -0.731122 0.696224
16.1 -0.5 -0.737507 0.68888
16.11 -0.5 -0.743835 0.681474
16.12 -0.5 -0.750105 0.674004
16.13 -0.5 -0.756317 0.666472
16.14 -0.5 -0.762469 0.658878
16.15 -0.5 -0.768561 0.651223
16.16 -0.5 -0.774592 0.643507
16.17 -0.5 -0.780561 0.635731
16.18 -0.5 -0.786467 0.627896
16.19 -0.5 -0.79231 0.620002
16.2 -0.5 -0.798088 0.61205
16.21 -0.5 -0.8038 0.60404
16.22 -0.5 -0.809447 0.595974
16.23 -0.5 -0.815027 0.587852
16.24 -0.5 -0.820538 0.579674
16.25 -0.5 -0.825981 0.571441
16.26 -0.5 -0.831355 0.563154
16.27 -0.5 -0.836658 0.554814
16.28 -0.5 -0.84189 0.546421
16.29 -0.5 -0.84705 0.537977
16.3 -0.5 -0.852138 0.529481
16.31 -0.5 -0.857152 0.520934
16.32 -0.5 -0.862092 0.512338
16.33 -0.5 -0.866956 0.503692
16.34 -0.5 -0.871745 0.494999
16.35 -0.5 -0.876456 0.486258
16.36 -0.5 -0.881091 0.47747
16.37 -0.5 -0.885647 0.468636
16.38 -0.5 -0.890124 0.459757
16.39 -0.5 -0.894521 0.450834
16.4 -0.5 -0.898838 0.441867
16.41 -0.5 -0.903073 0.432858
16.42 -0.5 -0.907227 0.423806
16.43 -0.5 -0.911298 0.414713
16.44 -0.5 -0.915285 0.40558
16.45 -0.5 -0.919189 0.396408
16.46 -0.5 -0.923007 0.387197
16.47 -0.5 -0.92674 0.377948
16.48 -0.5 -0.930387 0.368662
16.49 -0.5 -0.933947 0.359341
16.5 -0.5 -0.93742 0.349984
16.51 -0.5 -0.940805 0.340592
16.52 -0.5 -0.944101 0.331168
16.53 -0.5 -0.947308 0.321711
16.54 -0.5 -0.950425 0.312222
16.55 -0.5 -0.953451 0.302703
16.56 -0.5 -0.956386 0.293153
16.57 -0.5 -0.95923 0.283575
16.58 -0.5 -0.961982 0.273969
16.59 -0.5 -0.964641 0.264336
16.6 -0.5 -0.967207 0.254676
16.61 -0.5 -0.96968 0.244992
16.62 -0.5 -0.972058 0.235283
16.63 -0.5 -0.974342 0.225551
16.64 -0.5 -0.976531 0.215797
16.65 -0.5 -0.978624 0.206021
16.66 -0.5 -0.980622 0.196224
16.67 -0.5 -0.982523 0.186409
16.68 -0.5 -0.984328 0.176574
16.69 -0.5 -0.986036 0.166722
16.7 -0.5 -0.987647 0.156854
16.71 -0.5 -0.989161 0.14697
16.72 -0.5 -0.990576 0.137071
16.73 -0.5 -0.991893 0.127159
16.74 -0.5 -0.993112 0.117234
16.75 -0.5 -0.994233 0.107297
16.76 -0.5 -0.995254 0.0973492
16.77 -0.5 -0.996176 0.087392
16.78 -0.5 -0.997 0.077426
16.79 -0.5 -0.997723 0.0674523
16.8 -0.5 -0.998348 0.0574719
16.81 -0.5 -0.998872 0.0474857
16.82 -0.5 -0.999297 0.0374948
16.83 -0.5 -0.999622 0.0275001
16.84 -0.5 -0.999847 0.0175027
16.85 -0.5 -0.999972 0.00750347
16.86 -0.5 -0.999997 -0.00249645
16.87 -0.5 -0.999922 -0.0124961
16.88 -0.5 -0.999747 -0.0224946
16.89 -0.5 -0.999472 -0.0324907
16.9 -0.5 -0.999097 -0.0424837
16.91 -0.5 -0.998623 -0.0524723
16.92 -0.5 -0.998048 -0.0624558
16.93 -0.5 -0.997374 -0.072433
16.94 -0.5 -0.996601 -0.0824029
16.95 -0.5 -0.995728 -0.0923647
16.96 -0.5 -0.994756 -0.102317
16.97 -0.5 -0.993686 -0.112259
16.98 -0.5 -0.992516 -0.122191
16.99 -0.5 -0.991248 -0.132109
17 -0.5 -0.989882 -0.142015
17.01 -0.5 -0.988417 -0.151907
17.02 -0.5 -0.986855 -0.161783
17.03 -0.5 -0.985196 -0.171644
17.04 -0.5 -0.983439 -0.181487
17.05 -0.5 -0.981586 -0.191312
17.06 -0.5 -0.979636 -0.201118
17.07 -0.5 -0.977591 -0.210904
17.08 -0.5 -0.97545 -0.22067
17.09 -0.5 -0.973213 -0.230413
17.1 -0.5 -0.970882 -0.240134
17.11 -0.5 -0.968457 -0.24983
17.12 -0.5 -0.965938 -0.259502
17.13 -0.5 -0.963325 -0.269149
17.14 -0.5 -0.96062 -0.278769
17.15 -0.5 -0.957822 -0.288361
17.16 -0.5 -0.954932 -0.297925
17.17 -0.5 -0.951951 -0.307459
17.18 -0.5 -0.94888 -0.316964
17.19 -0.5 -0.945718 -0.326437
17.2 -0.5 -0.942466 -0.335878
17.21 -0.5 -0.939126 -0.345286
17.22 -0.5 -0.935697 -0.35466
17.23 -0.5 -0.932181 -0.363999
17.24 -0.5 -0.928577 -0.373303
17.25 -0.5 -0.924887 -0.382571
17.26 -0.5 -0.921111 -0.391801
17.27 -0.5 -0.91725 -0.400992
17.28 -0.5 -0.913305 -0.410145
17.29 -0.5 -0.909276 -0.419258
17.3 -0.5 -0.905163 -0.428331
17.31 -0.5 -0.900969 -0.437361
17.32 -0.5 -0.896693 -0.44635
17.33 -0.5 -0.892336 -0.455295
17.34 -0.5 -0.887898 -0.464196
17.35 -0.5 -0.883382 -0.473053
17.36 -0.5 -0.878787 -0.481863
17.37 -0.5 -0.874113 -0.490628
17.38 -0.5 -0.869363 -0.499345
17.39 -0.5 -0.864537 -0.508015
17.4 -0.5 -0.859635 -0.516636
17.41 -0.5 -0.854658 -0.525207
17.42 -0.5 -0.849607 -0.533729
17.43 -0.5 -0.844483 -0.542199
17.44 -0.5 -0.839287 -0.550618
17.45 -0.5 -0.834019 -0.558985
17.46 -0.5 -0.828681 -0.567298
17.47 -0.5 -0.823272 -0.575558
17.48 -0.5 -0.817795 -0.583764
17.49 -0.5 -0.812249 -0.591914
17.5 -0.5 -0.806636 -0.600008
17.51 -0.5 -0.800956 -0.608046
17.52 -0.5 -0.795211 -0.616027
17.53 -0.5 -0.789401 -0.62395
17.54 -0.5 -0.783526 -0.631815
17.55 -0.5 -0.777589 -0.639621
17.56 -0.5 -0.771589 -0.647367
17.57 -0.5 -0.765527 -0.655052
17.58 -0.5 -0.759405 -0.662677
17.59 -0.5 -0.753223 -0.67024
17.6 -0.5 -0.746982 -0.677741
17.61 -0.5 -0.740683 -0.68518
17.62 -0.5 -0.734326 -0.692555
17.63 -0.5 -0.727913 -0.699866
17.64 -0.5 -0.721444 -0.707113
17.65 -0.5 -0.71492 -0.714295
17.66 -0.5 -0.708343 -0.721411
17.67 -0.5 -0.701712 -0.728461
17.68 -0.5 -0.695028 -0.735445
17.69 -0.5 -0.688294 -0.742362
17.7 -0.5 -0.681508 -0.749211
17.71 -0.5 -0.674673 -0.755992
17.72 -0.5 -0.667788 -0.762704
17.73 -0.5 -0.660855 -0.769347
17.74 -0.5 -0.653875 -0.775921
17.75 -0.5 -0.646848 -0.782425
17.76 -0.5 -0.639775 -0.788858
17.77 -0.5 -0.632657 -0.79522
17.78 -0.5 -0.625495 -0.801511
17.79 -0.5 -0.618289 -0.80773
17.8 -0.5 -0.611041 -0.813877
17.81 -0.5 -0.603751 -0.81995
17.82 -0.5 -0.596419 -0.825951
17.83 -0.5 -0.589047 -0.831879
17.84 -0.5 -0.581635 -0.837732
17.85 -0.5 -0.574185 -0.843511
17.86 -0.5 -0.566696 -0.849216
17.87 -0.5 -0.55917 -0.854845
17.88 -0.5 -0.551607 -0.860399
17.89 -0.5 -0.544008 -0.865877
17.9 -0.5 -0.536374 -0.871279
17.91 -0.5 -0.528705 -0.876604
17.92 -0.5 -0.521003 -0.881853
17.93 -0.5 -0.513267 -0.887024
17.94 -0.5 -0.505499 -0.892118
17.95 -0.5 -0.497699 -0.897134
17.96 -0.5 -0.489868 -0.902072
17.97 -0.5 -0.482007 -0.906932
17.98 -0.5 -0.474116 -0.911712
17.99 -0.5 -0.466196 -0.916414
18 -0.5 -0.458248 -0.921036
18.01 -0.5 -0.450272 -0.925579
18.02 -0.5 -0.442269 -0.930041
18.03 -0.5 -0.434239 -0.934424
18.04 -0.5 -0.426184 -0.938726
18.05 -0.5 -0.418103 -0.942948
18.06 -0.5 -0.409998 -0.947088
18.07 -0.5 -0.401869 -0.951147
18.08 -0.5 -0.393717 -0.955125
18.09 -0.5 -0.385542 -0.959022
18.1 -0.5 -0.377344 -0.962836
18.11 -0.5 -0.369125 -0.966568
18.12 -0.5 -0.360886 -0.970219
18.13 -0.5 -0.352625 -0.973786
18.14 -0.5 -0.344345 -0.977271
18.15 -0.5 -0.336046 -0.980673
18.16 -0.5 -0.327728 -0.983992
18.17 -0.5 -0.319392 -0.987227
18.18 -0.5 -0.311038 -0.99038
18.19 -0.5 -0.302668 -0.993448
18.2 -0.5 -0.29428 -0.996433
18.21 -0.5 -0.285877 -0.999334
18.22 -0.5 -0.277458 -1.00215
18.23 -0.5 -0.269025 -1.00488
18.24 -0.5 -0.260576 -1.00753
18.25 -0.5 -0.252114 -1.01009
18.26 -0.5 -0.243639 -1.01257
18.27 -0.5 -0.235151 -1.01497
18.28 -0.5 -0.22665 -1.01728
18.29 -0.5 -0.218137 -1.0195
18.3 -0.5 -0.209613 -1.02164
18.31 -0.5 -0.201078 -1.02369
18.32 -0.5 -0.192533 -1.02566
18.33 -0.5 -0.183977 -1.02754
18.34 -0.5 -0.175412 -1.02934
18.35 -0.5 -0.166838 -1.03105
18.36 -0.5 -0.158255 -1.03268
18.37 -0.5 -0.149665 -1.03422
18.38 -0.5 -0.141066 -1.03567
18.39 -0.5 -0.132461 -1.03704
18.4 -0.5 -0.123848 -1.03832
18.41 -0.5 -0.11523 -1.03951
18.42 -0.5 -0.106605 -1.04062
18.43 -0.5 -0.0979757 -1.04165
18.44 -0.5 -0.0893409 -1.04258
18.45 -0.5 -0.0807016 -1.04343
18.46 -0.5 -0.0720583 -1.0442
18.47 -0.5 -0.0634113 -1.04487
18.48 -0.5 -0.0547612 -1.04547
18.49 -0.5 -0.0461083 -1.04597
18.5 -0.5 -0.0374531 -1.04639
18.51 -0.5 -0.0287961 -1.04672
18.52 -0.5 -0.0201376 -1.04696
18.53 -0.5 -0.011478 -1.04712
18.54 -0.5 -0.00281796 -1.04719
18.55 -0.5 0.00584227 -1.04718
18.56 -0.5 0.0145022 -1.04708
18.57 -0.5 0.0231614 -1.04689
18.58 -0.5 0.0318195 -1.04661
18.59 -0.5 0.0404759 -1.04625
18.6 -0.5 0.0491304 -1.0458
18.61 -0.5 0.0577823 -1.04527
18.62 -0.5 0.0664314 -1.04465
18.63 -0.5 0.0750771 -1.04394
18.64 -0.5 0.0837191 -1.04315
18.65 -0.5 0.0923569 -1.04227
18.66 -0.5 0.10099 -1.0413
18.67 -0.5 0.109618 -1.04025
18.68 -0.5 0.11824 -1.03911
18.69 -0.5 0.126857 -1.03788
18.7 -0.5 0.135467 -1.03657
18.71 -0.5 0.14407 -1.03517
18.72 -0.5 0.152666 -1.03369
18.73 -0.5 0.161254 -1.03212
18.74 -0.5 0.169833 -1.03046
18.75 -0.5 0.178404 -1.02872
18.76 -0.5 0.186966 -1.0269
18.77 -0.5 0.195518 -1.02498
18.78 -0.5 0.20406 -1.02298
18.79 -0.5 0.212591 -1.0209
18.8 -0.5 0.221111 -1.01873
18.81 -0.5 0.22962 -1.01648
18.82 -0.5 0.238116 -1.01414
18.83 -0.5 0.2466 -1.01172
18.84 -0.5 0.255071 -1.00921
18.85 -0.5 0.263528 -1.00662
18.86 -0.5 0.271971 -1.00394
18.87 -0.5 0.2804 -1.00118
18.88 -0.5 0.288813 -0.99833
18.89 -0.5 0.297211 -0.9954
18.9 -0.5 0.305593 -0.992386
18.91 -0.5 0.313958 -0.989288
18.92 -0.5 0.322305 -0.986107
18.93 -0.5 0.330635 -0.982842
18.94 -0.5 0.338947 -0.979494
18.95 -0.5 0.347239 -0.976063
18.96 -0.5 0.355512 -0.97255
18.97 -0.5 0.363766 -0.968953
18.98 -0.5 0.371998 -0.965274
18.99 -0.5 0.380209 -0.961513
19 -0.5 0.388399 -0.95767
19.01 -0.5 0.396566 -0.953745
19.02 -0.5 0.404711 -0.949739
19.03 -0.5 0.412831 -0.945651
19.04 -0.5 0.420928 -0.941482
19.05 -0.5 0.429 -0.937233
19.06 -0.5 0.437046 -0.932903
19.07 -0.5 0.445067 -0.928492
19.08 -0.5 0.45306 -0.924001
19.09 -0.5 0.461027 -0.919431
19.1 -0.5 0.468965 -0.914781
19.11 -0.5 0.476875 -0.910052
19.12 -0.5 0.484756 -0.905243
19.13 -0.5 0.492606 -0.900357
19.14 -0.5 0.500426 -0.895391
19.15 -0.5 0.508215 -0.890348
19.16 -0.5 0.515972 -0.885227
19.17 -0.5 0.523696 -0.880029
19.18 -0.5 0.531387 -0.874753
19.19 -0.5 0.539044 -0.869401
19.2 -0.5 0.546666 -0.863973
19.21 -0.5 0.554252 -0.858468
19.22 -0.5 0.561802 -0.852888
19.23 -0.5 0.569315 -0.847232
19.24 -0.5 0.576791 -0.841502
19.25 -0.5 0.584228 -0.835696
19.26 -0.5 0.591626 -0.829817
19.27 -0.5 0.598984 -0.823864
19.28 -0.5 0.606301 -0.817838
19.29 -0.5 0.613577 -0.811738
19.3 -0.5 0.620811 -0.805566
19.31 -0.5 0.628001 -0.799322
19.32 -0.5 0.635148 -0.793006
19.33 -0.5 0.64225 -0.786619
19.34 -0.5 0.649307 -0.780161
19.35 -0.5 0.656318 -0.773633
19.36 -0.5 0.663282 -0.767035
19.37 -0.5 0.670198 -0.760368
19.38 -0.5 0.677065 -0.753631
19.39 -0.5 0.683883 -0.746827
19.4 -0.5 0.690651 -0.739954
19.41 -0.5 0.697368 -0.733014
19.42 -0.5 0.704033 -0.726007
19.43 -0.5 0.710646 -0.718933
19.44 -0.5 0.717205 -0.711794
19.45 -0.5 0.723709 -0.704589
19.46 -0.5 0.730159 -0.69732
19.47 -0.5 0.736552 -0.689986
19.48 -0.5 0.742889 -0.682589
19.49 -0.5 0.749168 -0.675129
19.5 -0.5 0.755389 -0.667606
19.51 -0.5 0.76155 -0.660021
19.52 -0.5 0.767651 -0.652375
19.53 -0.5 0.773691 -0.644668
19.54 -0.5 0.779669 -0.636902
19.55 -0.5 0.785585 -0.629075
19.56 -0.5 0.791437 -0.62119
19.57 -0.5 0.797225 -0.613247
19.58 -0.5 0.802947 -0.605246
19.59 -0.5 0.808604 -0.597188
19.6 -0.5 0.814193 -0.589074
19.61 -0.5 0.819715 -0.580904
19.62 -0.5 0.825169 -0.57268
19.63 -0.5 0.830553 -0.564401
19.64 -0.5 0.835867 -0.556069
19.65 -0.5 0.84111 -0.547684
19.66 -0.5 0.846281 -0.539247
19.67 -0.5 0.851379 -0.530759
19.68 -0.5 0.856404 -0.52222
19.69 -0.5 0.861355 -0.513631
19.7 -0.5 0.866231 -0.504993
19.71 -0.5 0.871031 -0.496307
19.72 -0.5 0.875754 -0.487573
19.73 -0.5 0.8804 -0.478792
19.74 -0.5 0.884968 -0.469965
19.75 -0.5 0.889457 -0.461093
19.76 -0.5 0.893866 -0.452176
19.77 -0.5 0.898195 -0.443216
19.78 -0.5 0.902443 -0.434212
19.79 -0.5 0.906609 -0.425167
19.8 -0.5 0.910692 -0.41608
19.81 -0.5 0.914692 -0.406953
19.82 -0.5 0.918608 -0.397787
19.83 -0.5 0.92244 -0.388582
19.84 -0.5 0.926186 -0.379338
19.85 -0.5 0.929845 -0.370058
19.86 -0.5 0.933419 -0.360742
19.87 -0.5 0.936905 -0.35139
19.88 -0.5 0.940303 -0.342004
19.89 -0.5 0.943612 -0.332584
19.9 -0.5 0.946832 -0.323132
19.91 -0.5 0.949963 -0.313648
19.92 -0.5 0.953003 -0.304133
19.93 -0.5 0.955952 -0.294588
19.94 -0.5 0.958809 -0.285014
19.95 -0.5 0.961575 -0.275412
19.96 -0.5 0.964248 -0.265783
19.97 -0.5 0.966828 -0.256128
19.98 -0.5 0.969315 -0.246447
19.99 -0.5 0.971707 -0.236742
20 -0.5 0.974005 -0.227013
