0 -1 1
1 0.134523 0.129969
2 0.434844 0.434812
3 0.256427 0.256799
4 -0.166494 -0.16607
5 -0.43731 -0.437225
6 -0.306173 -0.306505
7 0.106447 0.106002
8 0.421198 0.421051
9 0.348702 0.348987
10 -0.0443895 -0.0439339
11 -0.396669 -0.396462
12 -0.384253 -0.384485
13 -0.0185564 -0.0190141
14 0.364201 0.363938
15 0.412114 0.412287
16 0.081131 0.0815814
17 -0.324443 -0.32413
18 -0.431726 -0.431838
19 -0.142082 -0.142516
20 0.278192 0.277835
21 0.442697 0.442745
22 0.200189 0.200598
23 -0.226372 -0.225978
24 -0.444807 -0.444791
25 -0.254289 -0.254665
26 0.170022 0.169599
27 0.438015 0.437934
28 0.303299 0.303635
29 -0.110268 -0.109825
30 -0.422456 -0.422312
31 -0.346239 -0.346528
32 0.048308 0.0478528
33 0.398441 0.398238
34 0.382249 0.382485
35 0.0146193 0.015077
36 -0.366452 -0.366192
37 -0.410609 -0.410786
38 -0.0772539 -0.0777051
39 0.327128 0.326818
40 0.43075 0.430866
41 0.138342 0.138778
42 -0.281256 -0.280902
43 -0.442269 -0.442322
44 -0.196662 -0.197073
45 0.229756 0.229364
46 0.444937 0.444924
47 0.251045 0.251424
48 -0.173656 -0.173235
49 -0.438699 -0.438622
50 -0.300404 -0.300742
51 0.114081 0.113639
52 0.42368 0.423541
53 0.34375 0.344041
54 -0.0522227 -0.0517679
55 -0.400182 -0.399982
56 -0.380216 -0.380454
57 -0.0106809 -0.0111388
58 0.368674 0.368418
59 0.409072 0.409253
60 0.0733708 0.0738227
61 -0.329787 -0.32948
62 -0.42974 -0.42986
63 -0.134592 -0.135029
64 0.284299 0.283947
65 0.441807 0.441863
66 0.19312 0.193533
67 -0.233121 -0.232731
68 -0.445031 -0.445023
69 -0.247782 -0.248163
70 0.177277 0.176857
71 0.439348 0.439275
72 0.297485 0.297826
73 -0.117885 -0.117443
74 -0.424872 -0.424736
75 -0.341233 -0.341528
76 0.0561333 0.0556791
77 0.401891 0.401695
78 0.378152 0.378394
79 0.00674179 0.00719976
80 -0.370867 -0.370614
81 -0.407503 -0.407687
82 -0.069482 -0.0699345
83 0.33242 0.332116
84 0.428697 0.42882
85 0.130831 0.131269
86 -0.287319 -0.28697
87 -0.44131 -0.441371
88 -0.189562 -0.189977
89 0.236468 0.236081
90 0.445091 0.445087
91 0.244499 0.244882
92 -0.180884 -0.180466
93 -0.439963 -0.439894
94 -0.294542 -0.294886
95 0.12168 0.121239
96 0.42603 0.425898
97 0.33869 0.338988
98 -0.0600395 -0.0595858
99 -0.403569 -0.403377
100 -0.376059 -0.376305
101 -0.00280211 -0.00326012
102 0.373031 0.372782
103 0.405901 0.40609
104 0.0655877 0.0660408
105 -0.335027 -0.334726
106 -0.42762 -0.427747
107 -0.127061 -0.1275
108 0.290317 0.289971
109 0.440779 0.440843
110 0.18599 0.186407
111 -0.239797 -0.239411
112 -0.445116 -0.445116
113 -0.241197 -0.241583
114 0.184477 0.18406
115 0.440544 0.440479
116 0.291577 0.291923
117 -0.125465 -0.125025
118 -0.427154 -0.427026
119 -0.336121 -0.336421
120 0.063941 0.0634879
121 0.405216 0.405027
122 0.373937 0.374186
123 -0.00113778 -0.000679776
124 -0.375166 -0.37492
125 -0.404269 -0.404461
126 -0.0616883 -0.0621419
127 0.337608 0.33731
128 0.426509 0.426641
129 0.12328 0.12372
130 -0.293292 -0.292948
131 -0.440213 -0.440281
132 -0.182404 -0.182822
133 0.243107 0.242723
134 0.445106 0.44511
135 0.237877 0.238264
136 -0.188055 -0.18764
137 -0.44109 -0.441029
138 -0.288589 -0.288938
139 0.12924 0.128802
140 0.428246 0.428121
141 0.333525 0.333828
142 -0.0678375 -0.067385
143 -0.40683 -0.406645
144 -0.371785 -0.372037
145 0.00507759 0.00461962
146 0.377272 0.377029
147 0.402604 0.4028
148 0.057784 0.0582382
149 -0.340162 -0.339867
150 -0.425365 -0.425501
151 -0.119489 -0.11993
152 0.296245 0.295903
153 0.439612 0.439685
154 0.178802 0.179222
155 -0.246398 -0.246016
156 -0.445061 -0.445069
157 -0.234537 -0.234927
158 0.191619 0.191206
159 0.441601 0.441545
160 0.285578 0.285929
161 -0.133005 -0.132568
162 -0.429303 -0.429183
163 -0.330902 -0.331209
164 0.0717287 0.0712768
165 0.408413 0.408231
166 0.369604 0.36986
167 -0.009017 -0.0085591
168 -0.379348 -0.379109
169 -0.400908 -0.401107
170 -0.0538752 -0.0543299
171 0.34269 0.342398
172 0.424188 0.424327
173 0.115689 0.116132
174 -0.299174 -0.298835
175 -0.438977 -0.439054
176 -0.175187 -0.175609
177 0.249669 0.24929
178 0.444981 0.444993
179 0.231179 0.231571
180 -0.195167 -0.194756
181 -0.442078 -0.442025
182 -0.282544 -0.282899
183 0.136759 0.136324
184 0.430327 0.430211
185 0.328254 0.328564
186 -0.0756143 -0.075163
187 -0.409963 -0.409786
188 -0.367394 -0.367653
189 0.0129557 0.0124979
190 0.381394 0.381158
191 0.39918 0.399384
192 0.0499622 0.0504174
193 -0.345191 -0.344902
194 -0.422977 -0.42312
195 -0.11188 -0.112324
196 0.302079 0.301743
197 0.438308 0.438389
198 0.171559 0.171982
199 -0.252921 -0.252544
200 -0.444866 -0.444882
201 -0.227804 -0.228197
202 0.198701 0.198291
203 0.44252 0.442472
204 0.279489 0.279846
205 -0.140503 -0.140069
206 -0.431318 -0.431205
207 -0.32558 -0.325893
208 0.0794939 0.0790434
209 0.411482 0.411308
210 0.365155 0.365418
211 -0.0168934 -0.0164357
212 -0.38341 -0.383178
213 -0.397422 -0.397628
214 -0.0460453 -0.0465009
215 0.347665 0.347379
216 0.421734 0.421881
217 0.108062 0.108507
218 -0.304961 -0.304628
219 -0.437605 -0.437689
220 -0.167917 -0.168341
221 0.256153 0.255779
222 0.444717 0.444737
223 0.22441 0.224806
224 -0.202218 -0.201811
225 -0.442928 -0.442883
226 -0.276412 -0.276771
227 0.144236 0.143803
228 0.432274 0.432166
229 0.322881 0.323197
230 -0.0833673 -0.0829176
231 -0.412968 -0.412798
232 -0.362888 -0.363154
233 0.0208298 0.0203723
234 0.385397 0.385168
235 0.395632 0.395842
236 0.0421247 0.0425808
237 -0.350112 -0.349829
238 -0.420457 -0.420608
239 -0.104236 -0.104682
240 0.307819 0.307488
241 0.436867 0.436955
242 0.164261 0.164687
243 -0.259365 -0.258993
244 -0.444532 -0.444557
245 -0.220999 -0.221396
246 0.20572 0.205314
247 0.443301 0.44326
248 0.273313 0.273675
249 -0.147958 -0.147526
250 -0.433197 -0.433092
251 -0.320156 -0.320475
252 0.0872342 0.0867852
253 0.414422 0.414256
254 0.360592 0.360861
255 -0.0247645 -0.0243072
256 -0.387353 -0.387128
257 -0.393811 -0.394025
258 -0.0382009 -0.0386573
259 0.352531 0.352252
260 0.419147 0.419302
261 0.100402 0.100848
262 -0.310653 -0.310325
263 -0.436094 -0.436187
264 -0.160593 -0.16102
265 0.262557 0.262187
266 0.444313 0.444341
267 0.21757 0.21797
268 -0.209206 -0.208802
269 -0.443639 -0.443602
270 -0.270192 -0.270557
271 0.151668 0.151238
272 0.434085 0.433985
273 0.317407 0.317728
274 -0.0910943 -0.0906461
275 -0.415844 -0.415681
276 -0.358268 -0.358541
277 0.0286973 0.0282403
278 0.389279 0.389057
279 0.391959 0.392177
280 0.0342741 0.0347308
281 -0.354922 -0.354646
282 -0.417805 -0.417963
283 -0.0965595 -0.0970067
284 0.313462 0.313137
285 0.435288 0.435384
286 0.156912 0.157341
287 -0.265728 -0.265361
288 -0.444059 -0.444091
289 -0.214124 -0.214526
290 0.212675 0.212273
291 0.443942 0.44391
292 0.267051 0.267418
293 -0.155366 -0.154937
294 -0.43494 -0.434843
295 -0.314632 -0.314957
296 0.0949472 0.0944998
297 0.417233 0.417074
298 0.355916 0.356192
299 -0.0326278 -0.0321711
300 -0.391174 -0.390956
301 -0.390077 -0.390298
302 -0.0303446 -0.0308016
303 0.357286 0.357013
304 0.41643 0.416592
305 0.0927096 0.0931577
306 -0.316247 -0.315925
307 -0.434448 -0.434548
308 -0.153219 -0.153649
309 0.268878 0.268514
310 0.44377 0.443807
311 0.210662 0.211066
312 -0.216128 -0.215728
313 -0.444211 -0.444182
314 -0.263888 -0.264257
315 0.159052 0.158625
316 0.435761 0.435668
317 0.311833 0.31216
318 -0.0987926 -0.0983462
319 -0.418589 -0.418434
320 -0.353536 -0.353815
321 0.0365558 0.0360994
322 0.393039 0.392824
323 0.388164 0.388388
324 0.0264127 0.0268699
325 -0.359622 -0.359352
326 -0.415022 -0.415188
327 -0.0888525 -0.0893015
328 0.319007 0.318688
329 0.433573 0.433678
330 0.149514 0.149946
331 -0.272008 -0.271646
332 -0.443447 -0.443487
333 -0.207183 -0.207589
334 0.219564 0.219166
335 0.444445 0.44442
336 0.260705 0.261077
337 -0.162726 -0.1623
338 -0.436547 -0.436458
339 -0.309009 -0.309339
340 0.10263 0.102185
341 0.419912 0.419761
342 0.351129 0.351411
343 -0.0404809 -0.0400249
344 -0.394872 -0.394662
345 -0.38622 -0.386448
346 -0.0224787 -0.0229362
347 0.361929 0.361663
348 0.413581 0.413751
349 0.0849885 0.0854382
350 -0.321742 -0.321426
351 -0.432665 -0.432773
352 -0.145797 -0.14623
353 0.275116 0.274756
354 0.443089 0.443133
355 0.203688 0.204095
356 -0.222983 -0.222587
357 -0.444644 -0.444623
358 -0.257502 -0.257875
359 0.166386 0.165962
360 0.437299 0.437215
361 0.306161 0.306494
362 -0.10646 -0.106015
363 -0.421203 -0.421055
364 -0.348693 -0.348979
365 0.0444029 0.0439472
366 0.396675 0.396468
367 0.384246 0.384478
368 0.018543 0.0190006
369 -0.364209 -0.363946
370 -0.412109 -0.412282
371 -0.0811178 -0.0815682
372 0.324452 0.324139
373 0.431723 0.431835
374 0.142069 0.142503
375 -0.278202 -0.277845
376 -0.442695 -0.442744
377 -0.200177 -0.200586
378 0.226384 0.22599
379 0.444808 0.444791
380 0.254278 0.254654
381 -0.170034 -0.169611
382 -0.438017 -0.437937
383 -0.30329 -0.303625
384 0.110281 0.109838
385 0.42246 0.422316
386 0.346231 0.346519
387 -0.0483214 -0.0478661
388 -0.398447 -0.398244
389 -0.382243 -0.382478
390 -0.0146058 -0.0150636
391 0.366459 0.3662
392 0.410604 0.410781
393 0.0772407 0.0776919
394 -0.327137 -0.326827
395 -0.430746 -0.430862
396 -0.13833 -0.138765
397 0.281267 0.280912
398 0.442268 0.44232
399 0.19665 0.197061
400 -0.229767 -0.229375
401 -0.444937 -0.444925
402 -0.251034 -0.251413
403 0.173669 0.173247
404 0.438701 0.438624
405 0.300394 0.300732
406 -0.114094 -0.113652
407 -0.423685 -0.423545
408 -0.343741 -0.344033
409 0.052236 0.0517813
410 0.400188 0.399988
411 0.380209 0.380448
412 0.0106675 0.0111254
413 -0.368681 -0.368425
414 -0.409066 -0.409248
415 -0.0733576 -0.0738094
416 0.329796 0.329489
417 0.429736 0.429856
418 0.134579 0.135016
419 -0.284309 -0.283957
420 -0.441805 -0.441862
421 -0.193108 -0.193521
422 0.233132 0.232743
423 0.445032 0.445023
424 0.247771 0.248152
425 -0.177289 -0.17687
426 -0.43935 -0.439278
427 -0.297475 -0.297816
428 0.117898 0.117456
429 0.424876 0.42474
430 0.341225 0.341519
431 -0.0561466 -0.0556924
432 -0.401897 -0.401701
433 -0.378145 -0.378387
434 -0.00672838 -0.00718634
435 0.370875 0.370622
436 0.407497 0.407682
437 0.0694687 0.0699212
438 -0.332429 -0.332125
439 -0.428693 -0.428817
440 -0.130819 -0.131257
441 0.28733 0.28698
442 0.441308 0.441369
443 0.18955 0.189965
444 -0.23648 -0.236092
445 -0.445091 -0.445087
446 -0.244488 -0.244871
447 0.180896 0.180478
448 0.439965 0.439897
449 0.294532 0.294876
450 -0.121692 -0.121252
451 -0.426034 -0.425902
452 -0.338682 -0.338979
453 0.0600528 0.0595991
454 0.403575 0.403382
455 0.376052 0.376298
456 0.0027887 0.0032467
457 -0.373039 -0.372789
458 -0.405896 -0.406085
459 -0.0655744 -0.0660275
460 0.335036 0.334735
461 0.427616 0.427744
462 0.127048 0.127487
463 -0.290327 -0.289981
464 -0.440777 -0.440841
465 -0.185978 -0.186394
466 0.239808 0.239423
467 0.445116 0.445116
468 0.241186 0.241571
469 -0.184489 -0.184073
470 -0.440546 -0.440481
471 -0.291567 -0.291913
472 0.125477 0.125038
473 0.427158 0.42703
474 0.336112 0.336412
475 -0.0639543 -0.0635012
476 -0.405221 -0.405032
477 -0.373929 -0.374178
478 0.0011512 0.000693194
479 0.375173 0.374928
480 0.404263 0.404455
481 0.061675 0.0621286
482 -0.337617 -0.337319
483 -0.426505 -0.426637
484 -0.123267 -0.123707
485 0.293303 0.292958
486 0.440211 0.440279
487 0.182391 0.182809
488 -0.243118 -0.242735
489 -0.445106 -0.445109
490 -0.237865 -0.238253
491 0.188067 0.187652
492 0.441092 0.441031
493 0.288578 0.288928
494 -0.129253 -0.128814
495 -0.428249 -0.428125
496 -0.333516 -0.333819
497 0.0678508 0.0673982
498 0.406836 0.40665
499 0.371778 0.37203
500 -0.00509101 -0.00463303
501 -0.377279 -0.377036
502 -0.402598 -0.402794
503 -0.0577707 -0.0582249
504 0.340171 0.339876
505 0.425361 0.425497
506 0.119476 0.119917
507 -0.296255 -0.295913
508 -0.43961 -0.439683
509 -0.17879 -0.17921
510 0.246409 0.246028
511 0.445061 0.445068
512 0.234526 0.234915
513 -0.191631 -0.191218
514 -0.441603 -0.441546
515 -0.285567 -0.285919
516 0.133018 0.132581
517 0.429307 0.429186
518 0.330893 0.3312
519 -0.071742 -0.0712901
520 -0.408418 -0.408237
521 -0.369596 -0.369852
522 0.00903041 0.00857251
523 0.379355 0.379116
524 0.400902 0.401102
525 0.0538619 0.0543166
526 -0.342699 -0.342407
527 -0.424184 -0.424323
528 -0.115676 -0.116119
529 0.299184 0.298845
530 0.438975 0.439052
531 0.175175 0.175596
532 -0.24968 -0.249301
533 -0.444981 -0.444993
534 -0.231168 -0.23156
535 0.195179 0.194768
536 0.44208 0.442027
537 0.282534 0.282888
538 -0.136772 -0.136337
539 -0.430331 -0.430214
540 -0.328245 -0.328555
541 0.0756275 0.0751763
542 0.409969 0.409791
543 0.367386 0.367646
544 -0.0129691 -0.0125113
545 -0.381401 -0.381165
546 -0.399174 -0.399378
547 -0.0499489 -0.0504041
548 0.3452 0.344911
549 0.422973 0.423116
550 0.111867 0.112311
551 -0.302089 -0.301753
552 -0.438306 -0.438386
553 -0.171546 -0.171969
554 0.252932 0.252556
555 0.444866 0.444882
556 0.227792 0.228186
557 -0.198713 -0.198303
558 -0.442522 -0.442473
559 -0.279479 -0.279835
560 0.140516 0.140082
561 0.431321 0.431208
562 0.325571 0.325884
563 -0.0795071 -0.0790566
564 -0.411487 -0.411313
565 -0.365148 -0.36541
566 0.0169068 0.0164491
567 0.383417 0.383185
568 0.397416 0.397622
569 0.0460319 0.0464875
570 -0.347673 -0.347388
571 -0.421729 -0.421876
572 -0.108049 -0.108494
573 0.304971 0.304638
574 0.437602 0.437686
575 0.167904 0.168329
576 -0.256164 -0.25579
577 -0.444716 -0.444736
578 -0.224398 -0.224794
579 0.20223 0.201823
580 0.442929 0.442885
581 0.276401 0.276761
582 -0.144249 -0.143816
583 -0.432277 -0.432169
584 -0.322872 -0.323188
585 0.0833805 0.0829307
586 0.412973 0.412803
587 0.36288 0.363146
588 -0.0208432 -0.0203857
589 -0.385403 -0.385175
590 -0.395626 -0.395836
591 -0.0421114 -0.0425674
592 0.35012 0.349838
593 0.420452 0.420603
594 0.104223 0.104668
595 -0.307829 -0.307498
596 -0.436864 -0.436952
597 -0.164249 -0.164675
598 0.259376 0.259004
599 0.444532 0.444556
600 0.220987 0.221385
601 -0.205732 -0.205326
602 -0.443302 -0.443261
603 -0.273302 -0.273664
604 0.147971 0.147539
605 0.4332 0.433095
606 0.320147 0.320466
607 -0.0872474 -0.0867984
608 -0.414427 -0.414261
609 -0.360584 -0.360853
610 0.0247779 0.0243206
611 0.387359 0.387134
612 0.393805 0.394019
613 0.0381875 0.0386439
614 -0.352539 -0.35226
615 -0.419143 -0.419297
616 -0.100389 -0.100835
617 0.310662 0.310335
618 0.436092 0.436184
619 0.16058 0.161008
620 -0.262568 -0.262198
621 -0.444312 -0.444341
622 -0.217558 -0.217958
623 0.209218 0.208814
624 0.44364 0.443603
625 0.270182 0.270546
626 -0.151681 -0.15125
627 -0.434088 -0.433988
628 -0.317397 -0.317719
629 0.0911074 0.0906592
630 0.415848 0.415686
631 0.35826 0.358533
632 -0.0287107 -0.0282537
633 -0.389285 -0.389064
634 -0.391953 -0.39217
635 -0.0342607 -0.0347174
636 0.35493 0.354655
637 0.4178 0.417959
638 0.0965464 0.0969936
639 -0.313472 -0.313147
640 -0.435285 -0.435382
641 -0.1569 -0.157328
642 0.265739 0.265372
643 0.444058 0.44409
644 0.214113 0.214514
645 -0.212687 -0.212285
646 -0.443943 -0.443911
647 -0.26704 -0.267407
648 0.155379 0.15495
649 0.434943 0.434846
650 0.314623 0.314947
651 -0.0949603 -0.094513
652 -0.417237 -0.417078
653 -0.355908 -0.356184
654 0.0326412 0.0321845
655 0.39118 0.390962
656 0.39007 0.390291
657 0.0303312 0.0307882
658 -0.357294 -0.357021
659 -0.416425 -0.416587
660 -0.0926965 -0.0931446
661 0.316257 0.315935
662 0.434445 0.434545
663 0.153206 0.153637
664 -0.268889 -0.268525
665 -0.443769 -0.443806
666 -0.21065 -0.211054
667 0.21614 0.21574
668 0.444212 0.444183
669 0.263877 0.264247
670 -0.159065 -0.158637
671 -0.435763 -0.435671
672 -0.311823 -0.312151
673 0.0988057 0.0983593
674 0.418593 0.418438
675 0.353528 0.353807
676 -0.0365692 -0.0361128
677 -0.393045 -0.392831
678 -0.388157 -0.388382
679 -0.0263993 -0.0268565
680 0.35963 0.35936
681 0.415017 0.415183
682 0.0888394 0.0892883
683 -0.319017 -0.318698
684 -0.43357 -0.433674
685 -0.149501 -0.149933
686 0.272018 0.271656
687 0.443446 0.443486
688 0.207171 0.207577
689 -0.219576 -0.219178
690 -0.444446 -0.444421
691 -0.260694 -0.261066
692 0.162738 0.162312
693 0.43655 0.436461
694 0.309 0.30933
695 -0.102643 -0.102198
696 -0.419917 -0.419765
697 -0.35112 -0.351402
698 0.0404943 0.0400382
699 0.394879 0.394668
700 0.386213 0.386442
701 0.0224653 0.0229228
702 -0.361937 -0.361671
703 -0.413576 -0.413746
704 -0.0849753 -0.085425
705 0.321752 0.321436
706 0.432662 0.43277
707 0.145785 0.146217
708 -0.275126 -0.274767
709 -0.443087 -0.443132
710 -0.203676 -0.204083
711 0.222994 0.222598
712 0.444644 0.444624
713 0.257491 0.257865
714 -0.166399 -0.165974
715 -0.437302 -0.437217
716 -0.306152 -0.306485
717 0.106473 0.106029
718 0.421207 0.421059
719 0.348685 0.34897
720 -0.0444162 -0.0439606
721 -0.396681 -0.396474
722 -0.38424 -0.384471
723 -0.0185296 -0.0189872
724 0.364216 0.363954
725 0.412104 0.412277
726 0.0811046 0.081555
727 -0.324462 -0.324148
728 -0.431719 -0.431831
729 -0.142056 -0.142491
730 0.278213 0.277856
731 0.442694 0.442742
732 0.200165 0.200574
733 -0.226395 -0.226001
734 -0.444808 -0.444792
735 -0.254267 -0.254643
736 0.170047 0.169624
737 0.43802 0.437939
738 0.30328 0.303615
739 -0.110294 -0.109851
740 -0.422464 -0.422321
741 -0.346223 -0.346511
742 0.0483347 0.0478795
743 0.398453 0.39825
744 0.382236 0.382471
745 0.0145924 0.0150502
746 -0.366467 -0.366208
747 -0.410598 -0.410776
748 -0.0772275 -0.0776787
749 0.327146 0.326836
750 0.430743 0.430859
751 0.138317 0.138752
752 -0.281277 -0.280923
753 -0.442266 -0.442319
754 -0.196638 -0.197049
755 0.229779 0.229387
756 0.444938 0.444925
757 0.251023 0.251402
758 -0.173681 -0.173259
759 -0.438703 -0.438627
760 -0.300384 -0.300722
761 0.114107 0.113665
762 0.423689 0.423549
763 0.343733 0.344024
764 -0.0522494 -0.0517946
765 -0.400194 -0.399994
766 -0.380202 -0.380441
767 -0.0106541 -0.011112
768 0.368689 0.368433
769 0.409061 0.409242
770 0.0733444 0.0737962
771 -0.329805 -0.329498
772 -0.429733 -0.429853
773 -0.134567 -0.135003
774 0.28432 0.283968
775 0.441804 0.44186
776 0.193096 0.193508
777 -0.233144 -0.232754
778 -0.445032 -0.445024
779 -0.24776 -0.24814
780 0.177302 0.176882
781 0.439353 0.43928
782 0.297465 0.297806
783 -0.117911 -0.117469
784 -0.42488 -0.424744
785 -0.341216 -0.341511
786 0.05616 0.0557057
787 0.401903 0.401707
788 0.378138 0.37838
789 0.00671496 0.00717292
790 -0.370882 -0.370629
791 -0.407492 -0.407677
792 -0.0694555 -0.069908
793 0.332438 0.332134
794 0.428689 0.428813
795 0.130806 0.131244
796 -0.28734 -0.286991
797 -0.441307 -0.441367
798 -0.189538 -0.189953
799 0.236491 0.236103
800 0.445091 0.445087
801 0.244477 0.24486
802 -0.180909 -0.18049
803 -0.439967 -0.439899
804 -0.294522 -0.294866
805 0.121705 0.121265
806 0.426038 0.425906
807 0.338673 0.338971
808 -0.0600661 -0.0596124
809 -0.403581 -0.403388
810 -0.376045 -0.376291
811 -0.00277528 -0.00323328
812 0.373046 0.372797
813 0.40589 0.406079
814 0.0655611 0.0660142
815 -0.335045 -0.334744
816 -0.427612 -0.42774
817 -0.127035 -0.127474
818 0.290338 0.289991
819 0.440775 0.440839
820 0.185966 0.186382
821 -0.239819 -0.239434
822 -0.445116 -0.445116
823 -0.241175 -0.24156
824 0.184501 0.184085
825 0.440548 0.440483
826 0.291557 0.291903
827 -0.12549 -0.125051
828 -0.427162 -0.427034
829 -0.336103 -0.336404
830 0.0639676 0.0635144
831 0.405227 0.405038
832 0.373922 0.374171
833 -0.00116462 -0.000706612
834 -0.375181 -0.374935
835 -0.404257 -0.40445
836 -0.0616617 -0.0621154
837 0.337625 0.337327
838 0.426501 0.426633
839 0.123254 0.123694
840 -0.293313 -0.292969
841 -0.440209 -0.440277
842 -0.182379 -0.182797
843 0.243129 0.242746
844 0.445106 0.445109
845 0.237854 0.238241
846 -0.18808 -0.187665
847 -0.441094 -0.441033
848 -0.288568 -0.288917
849 0.129265 0.128827
850 0.428253 0.428129
851 0.333507 0.333811
852 -0.0678641 -0.0674115
853 -0.406841 -0.406656
854 -0.37177 -0.372023
855 0.00510442 0.00464645
856 0.377286 0.377044
857 0.402593 0.402789
858 0.0577574 0.0582116
859 -0.34018 -0.339885
860 -0.425357 -0.425493
861 -0.119463 -0.119905
862 0.296265 0.295923
863 0.439608 0.439681
864 0.178778 0.179198
865 -0.24642 -0.246039
866 -0.44506 -0.445068
867 -0.234514 -0.234904
868 0.191643 0.19123
869 0.441605 0.441548
870 0.285557 0.285909
871 -0.13303 -0.132594
872 -0.42931 -0.42919
873 -0.330884 -0.331191
874 0.0717552 0.0713033
875 0.408423 0.408242
876 0.369589 0.369845
877 -0.00904383 -0.00858593
878 -0.379362 -0.379123
879 -0.400896 -0.401096
880 -0.0538486 -0.0543033
881 0.342707 0.342415
882 0.42418 0.424319
883 0.115663 0.116106
884 -0.299193 -0.298855
885 -0.438973 -0.439049
886 -0.175163 -0.175584
887 0.249691 0.249312
888 0.44498 0.444992
889 0.231157 0.231548
890 -0.195192 -0.19478
891 -0.442081 -0.442029
892 -0.282524 -0.282878
893 0.136785 0.136349
894 0.430334 0.430218
895 0.328236 0.328546
896 -0.0756407 -0.0751895
897 -0.409974 -0.409796
898 -0.367379 -0.367638
899 0.0129825 0.0125247
900 0.381408 0.381172
901 0.399169 0.399372
902 0.0499355 0.0503907
903 -0.345208 -0.344919
904 -0.422969 -0.423112
905 -0.111854 -0.112298
906 0.302099 0.301763
907 0.438303 0.438384
908 0.171534 0.171957
909 -0.252943 -0.252567
910 -0.444865 -0.444881
911 -0.227781 -0.228174
912 0.198725 0.198315
913 0.442523 0.442475
914 0.279468 0.279825
915 -0.140529 -0.140094
916 -0.431324 -0.431212
917 -0.325562 -0.325875
918 0.0795203 0.0790698
919 0.411492 0.411318
920 0.36514 0.365402
921 -0.0169202 -0.0164626
922 -0.383424 -0.383192
923 -0.39741 -0.397616
924 -0.0460186 -0.0464742
925 0.347682 0.347396
926 0.421725 0.421872
927 0.108036 0.108481
928 -0.30498 -0.304647
929 -0.4376 -0.437684
930 -0.167892 -0.168316
931 0.256175 0.255801
932 0.444716 0.444736
933 0.224387 0.224783
934 -0.202242 -0.201835
935 -0.442931 -0.442886
936 -0.276391 -0.27675
937 0.144262 0.143829
938 0.432281 0.432172
939 0.322863 0.323178
940 -0.0833937 -0.0829439
941 -0.412978 -0.412808
942 -0.362872 -0.363138
943 0.0208566 0.0203991
944 0.38541 0.385182
945 0.395619 0.39583
946 0.042098 0.042554
947 -0.350128 -0.349846
948 -0.420448 -0.420599
949 -0.10421 -0.104655
950 0.307838 0.307508
951 0.436861 0.43695
952 0.164236 0.164662
953 -0.259387 -0.259015
954 -0.444531 -0.444555
955 -0.220975 -0.221373
956 0.205744 0.205338
957 0.443303 0.443263
958 0.273292 0.273653
959 -0.147983 -0.147552
960 -0.433203 -0.433098
961 -0.320138 -0.320456
962 0.0872605 0.0868115
963 0.414432 0.414265
964 0.360577 0.360846
965 -0.0247913 -0.024334
966 -0.387366 -0.387141
967 -0.393798 -0.394012
968 -0.0381742 -0.0386305
969 0.352547 0.352268
970 0.419138 0.419293
971 0.100376 0.100822
972 -0.310672 -0.310344
973 -0.436089 -0.436181
974 -0.160568 -0.160995
975 0.262579 0.262209
976 0.444312 0.44434
977 0.217547 0.217946
978 -0.20923 -0.208826
979 -0.443641 -0.443605
980 -0.270171 -0.270535
981 0.151693 0.151263
982 0.434091 0.433991
983 0.317388 0.317709
984 -0.0911205 -0.0906724
985 -0.415853 -0.41569
986 -0.358252 -0.358525
987 0.0287241 0.028267
988 0.389292 0.38907
989 0.391946 0.392164
990 0.0342473 0.034704
991 -0.354939 -0.354663
992 -0.417796 -0.417954
993 -0.0965333 -0.0969805
994 0.313481 0.313157
995 0.435283 0.435379
996 0.156887 0.157316
997 -0.26575 -0.265383
998 -0.444057 -0.44409
999 -0.214101 -0.214503
