0 0.001 -1 1
0.0101167 0.00014025 -0.981867 -0.983764
0.0217012 0.00269695 -0.959175 -0.961102
0.0323293 0.00394901 -0.938697 -0.940579
0.0429589 0.00168098 -0.918536 -0.920411
0.0538356 0.00106466 -0.89823 -0.90008
0.0642087 0.000826599 -0.879162 -0.880984
0.0756623 0.00155893 -0.85844 -0.860234
0.0877121 0.00214009 -0.837006 -0.838769
0.098907 0.00259921 -0.817423 -0.819152
0.111845 0.00406676 -0.795178 -0.796858
0.122329 0.00300857 -0.777448 -0.779108
0.133076 0.00082192 -0.759543 -0.761186
0.144417 0.00199242 -0.74094 -0.742558
0.154636 0.00244299 -0.724427 -0.72602
0.164766 0.00265377 -0.708287 -0.709855
0.175337 0.0035404 -0.691682 -0.693217
0.185984 0.00334931 -0.6752 -0.676716
0.196293 0.00156609 -0.659467 -0.660975
0.207079 0.000899566 -0.64324 -0.64473
0.217932 0.00129803 -0.627149 -0.62862
0.229532 0.0021376 -0.610205 -0.611653
0.240523 0.00276168 -0.59439 -0.595813
0.251534 0.00318353 -0.578776 -0.580178
0.264654 0.00435075 -0.560462 -0.561822
0.275764 0.00419658 -0.545199 -0.546531
0.286256 0.00231539 -0.530983 -0.532318
0.29663 0.00301603 -0.517115 -0.518428
0.307236 0.00397459 -0.503128 -0.504409
0.318044 0.00124446 -0.489066 -0.49035
0.328384 0.000517261 -0.475792 -0.477046
0.338805 0.00454637 -0.462589 -0.463821
0.349343 0.0044735 -0.449411 -0.450628
0.360954 0.00496029 -0.435089 -0.436272
0.371728 0.00240304 -0.421983 -0.423179
0.381858 0.00261531 -0.409817 -0.410997
0.392437 0.00343557 -0.397273 -0.398428
0.402764 0.00247841 -0.385182 -0.386333
0.412937 0.00277161 -0.373419 -0.374554
0.423157 0.00336123 -0.361745 -0.36286
0.433608 0.00144475 -0.349953 -0.351067
0.443609 0.000871643 -0.338808 -0.339905
0.454654 0.00159542 -0.32665 -0.327737
0.464666 0.00149739 -0.315766 -0.316839
0.475493 0.000868162 -0.304139 -0.305202
0.487199 0.0017072 -0.291732 -0.292782
0.498208 0.00207637 -0.280216 -0.281254
0.509296 0.00253683 -0.268766 -0.269786
0.522553 0.0043544 -0.255266 -0.256253
0.53334 0.00372171 -0.244431 -0.245406
0.544069 0.00328109 -0.233785 -0.234752
0.554554 0.00145119 -0.223507 -0.224474
0.564555 0.000898514 -0.213815 -0.214768
0.575963 0.00196839 -0.202891 -0.203833
0.586147 0.00236078 -0.193258 -0.194188
0.596541 0.00286579 -0.183537 -0.184451
0.607361 0.00462711 -0.173538 -0.174424
0.618339 0.00337605 -0.163513 -0.1644
0.628742 0.00172187 -0.154125 -0.155014
0.639622 0.00101153 -0.144421 -0.145304
0.650178 0.000858311 -0.135116 -0.135989
0.661021 0.00107736 -0.125668 -0.126532
0.671099 0.00104242 -0.116987 -0.117841
0.681593 0.000719997 -0.108048 -0.10889
0.691856 0.00154604 -0.0994038 -0.100234
0.702766 0.000972985 -0.0903194 -0.0911433
0.713529 0.00110975 -0.0814612 -0.0822774
0.724505 0.00163016 -0.0725329 -0.0733358
0.735909 0.00167078 -0.0633679 -0.0641638
0.746468 0.0017457 -0.0549809 -0.0557691
0.758339 0.00230054 -0.0456643 -0.0464414
0.772006 0.004069 -0.0350843 -0.0358358
0.782504 0.00438456 -0.0270613 -0.0277958
0.793532 0.00467928 -0.0187301 -0.0194516
0.804155 0.00190072 -0.0107969 -0.0115307
0.815909 0.00178242 -0.00212246 -0.00284917
0.82754 0.00182427 0.00635355 0.00563357
0.838994 0.00252816 0.0145996 0.0138877
0.852855 0.00390928 0.0244436 0.0237522
0.863381 0.00354028 0.0318229 0.0311469
0.873776 0.00199691 0.0390292 0.038349
0.884008 0.00245476 0.0460442 0.0453739
0.89439 0.00297337 0.0530843 0.0524263
0.905053 0.00447764 0.0602334 0.059595
0.915855 0.00142901 0.0673933 0.0667421
0.925878 0.000931924 0.0739623 0.0733205
0.937178 0.0018252 0.081284 0.0806475
0.947311 0.00181259 0.0877733 0.0871448
0.95873 0.0014544 0.0950021 0.0943776
0.969292 0.00116127 0.101608 0.100988
0.980424 0.00180848 0.108489 0.107881
0.991793 0.00176387 0.115431 0.114827
1.00337 0.00243047 0.122411 0.121815
1.01463 0.00284432 0.129117 0.128529
1.02765 0.00360576 0.136762 0.136188
1.03974 0.00211589 0.143763 0.143199
1.05028 0.00299974 0.149795 0.149244
1.06049 0.00432813 0.155563 0.155023
1.07116 0.00327492 0.161526 0.160989
1.08182 0.00133882 0.167406 0.166866
1.09201 0.000657908 0.172966 0.172439
1.10224 0.00133024 0.178478 0.17795
1.11242 0.000667926 0.1839 0.183385
1.12275 0.00119294 0.189337 0.188822
1.13275 0.000774292 0.194541 0.194036
1.14314 0.00416722 0.199878 0.199396
1.15385 0.00168732 0.205311 0.204815
1.16478 0.00103396 0.210787 0.210293
1.17544 0.00095923 0.21606 0.215572
1.18614 0.000770846 0.221281 0.220801
1.19651 0.0016994 0.226277 0.225805
1.20807 0.00175516 0.231771 0.231303
1.2194 0.002345 0.237079 0.236617
1.23218 0.00361159 0.242977 0.242529
1.24231 0.00263659 0.247582 0.247141
1.25281 0.0031431 0.252296 0.251867
1.26299 0.00430445 0.256804 0.256387
1.27363 0.00302256 0.261452 0.261035
1.28387 0.00432453 0.26586 0.265455
1.29455 0.00332373 0.270396 0.269994
1.30516 0.00142218 0.274841 0.274433
1.31531 0.000691119 0.279028 0.278632
1.32585 0.000829659 0.283318 0.282925
1.33675 0.00109402 0.287688 0.287298
1.34749 0.000735445 0.291925 0.291539
1.35777 0.000646798 0.295924 0.295554
1.3679 0.00153719 0.299805 0.299433
1.37799 0.000868148 0.303611 0.303248
1.38889 0.00107891 0.307663 0.307303
1.3996 0.000782853 0.311577 0.31122
1.40972 0.00109709 0.315219 0.31487
1.41972 0.000776705 0.318763 0.318424
1.4301 0.00414789 0.322378 0.32206
1.44087 0.00154492 0.326071 0.325739
1.45094 0.000880277 0.329465 0.329142
1.46188 0.00113409 0.333087 0.332766
1.47203 0.000692557 0.33639 0.336082
1.48251 0.000866748 0.339743 0.339436
1.4938 0.00180907 0.343287 0.342984
1.50527 0.00149104 0.346813 0.346514
1.51599 0.00131358 0.350048 0.349751
1.52604 0.00146856 0.353023 0.352732
1.5368 0.00158464 0.356146 0.355861
1.54713 0.00120821 0.359086 0.358806
1.5578 0.00172175 0.362064 0.361791
1.56859 0.00192875 0.365011 0.364743
1.57971 0.00178634 0.367982 0.367724
1.59085 0.0016462 0.370892 0.370636
1.60197 0.00197897 0.373733 0.373483
1.61308 0.0020375 0.376501 0.37626
1.62515 0.00232215 0.379436 0.379203
1.63892 0.00436478 0.382688 0.382485
1.64955 0.00218324 0.38513 0.384913
1.65977 0.00268462 0.387421 0.387212
1.67045 0.00350216 0.389756 0.389561
1.68086 0.00213325 0.391972 0.391772
1.69312 0.00264392 0.39451 0.394319
1.70387 0.00359548 0.396669 0.396493
1.71456 0.00302613 0.398756 0.39858
1.72478 0.00429914 0.400695 0.40053
1.73544 0.00316465 0.402657 0.402493
1.74632 0.00111058 0.404599 0.404432
1.75717 0.000983567 0.406473 0.406307
1.76846 0.00142095 0.408358 0.408196
1.77962 0.00181904 0.410156 0.409999
1.79208 0.00259226 0.412085 0.411937
1.80553 0.00375138 0.414076 0.413943
1.81602 0.00315369 0.415564 0.415442
1.8262 0.00427719 0.416954 0.416842
1.83684 0.00292555 0.418347 0.418235
1.84731 0.00434985 0.419662 0.419564
1.85852 0.00475322 0.421006 0.42092
1.86946 0.00311462 0.422255 0.422161
1.88031 0.000939758 0.423433 0.423336
1.8913 0.00141549 0.424563 0.424468
1.90185 0.00108776 0.42559 0.425498
1.91197 0.00106969 0.426521 0.426435
1.92258 0.000881954 0.427441 0.427361
1.9334 0.000979443 0.428319 0.428244
1.94411 0.00080107 0.42913 0.429061
1.95423 0.0013849 0.429842 0.429779
1.96478 0.00104822 0.430529 0.430469
1.97479 0.000950826 0.431128 0.431075
1.98619 0.0014869 0.431748 0.431698
1.99689 0.00156258 0.43227 0.432226
2.00726 0.00121845 0.432721 0.432682
2.01788 0.00169995 0.433126 0.433094
2.02852 0.00177881 0.433475 0.433447
2.04076 0.00247564 0.433807 0.433786
2.05179 0.00275083 0.434041 0.434026
2.06539 0.00382267 0.434246 0.434246
2.07607 0.00348134 0.434342 0.434357
2.08648 0.00210868 0.434381 0.43439
2.09879 0.00258936 0.434359 0.434376
2.10924 0.00337783 0.43428 0.434309
2.11993 0.0013425 0.434145 0.434168
2.13007 0.000706581 0.433964 0.433998
2.14079 0.000744241 0.433718 0.433756
2.15144 0.00483547 0.433418 0.433483
2.16316 0.00486536 0.433024 0.433095
2.17455 0.00472157 0.432577 0.432649
2.18519 0.00219352 0.432103 0.432161
2.19539 0.00267856 0.431598 0.431662
2.206 0.00339806 0.431018 0.431095
2.21653 0.0016278 0.43039 0.43046
2.22744 0.00094645 0.429683 0.429755
2.2389 0.00152724 0.428879 0.428954
2.24944 0.00149097 0.428086 0.428165
2.25962 0.000934975 0.427269 0.427355
2.26979 0.000483751 0.426404 0.426506
2.28013 0.000944718 0.425475 0.425577
2.29113 0.00141408 0.424433 0.424534
2.30171 0.00111023 0.423376 0.423481
2.3121 0.00120319 0.422288 0.422399
2.32265 0.000963509 0.421133 0.421248
2.33338 0.000811076 0.419905 0.420026
2.34346 0.0013103 0.418703 0.418829
2.35406 0.000990411 0.417391 0.41752
2.36478 0.000823598 0.416011 0.416146
2.3748 0.00119402 0.414674 0.414814
2.38535 0.000936307 0.413219 0.413362
2.39542 0.000524959 0.411782 0.411939
2.40571 0.00433697 0.410267 0.410445
2.41653 0.001527 0.408625 0.408787
2.4266 0.000899787 0.407049 0.407219
2.43772 0.00133839 0.405258 0.40543
2.4478 0.000759516 0.403589 0.403769
2.45811 0.00426515 0.401835 0.402034
2.46903 0.0013493 0.399926 0.400111
2.47914 0.00073828 0.398115 0.398309
2.48975 0.00480849 0.396166 0.396384
2.50114 0.00429029 0.394023 0.394241
2.512 0.00145335 0.391927 0.39213
2.52214 0.000848987 0.389925 0.390137
2.53302 0.000989492 0.387731 0.387945
2.54405 0.00144076 0.385456 0.385669
2.5547 0.00118787 0.383213 0.383428
2.56573 0.00180598 0.380839 0.381062
2.57753 0.00183042 0.378247 0.378473
2.58923 0.00259212 0.375622 0.375853
2.60327 0.004077 0.372399 0.372647
2.61372 0.00411788 0.369948 0.370206
2.62438 0.00330487 0.367405 0.367664
2.63511 0.00132605 0.364801 0.365054
2.64521 0.000753753 0.362311 0.362572
2.65549 0.00431002 0.359735 0.360015
2.66651 0.00124282 0.356928 0.357193
2.67652 0.000820902 0.354342 0.354613
2.68741 0.00107935 0.351481 0.351754
2.69829 0.000944618 0.348581 0.348854
2.70833 0.0013252 0.345869 0.346145
2.71897 0.00104258 0.342952 0.343231
2.72898 0.00094926 0.34017 0.340454
2.74052 0.00156258 0.336921 0.337207
2.75113 0.00158148 0.333891 0.334181
2.76162 0.00131431 0.330857 0.33115
2.77165 0.00136622 0.327918 0.328215
2.78392 0.00234924 0.324277 0.324579
2.79735 0.00388423 0.320235 0.320553
2.80805 0.00386951 0.31697 0.3173
2.81878 0.00340042 0.313659 0.313988
2.82943 0.00147672 0.310335 0.310657
2.83954 0.000895167 0.307146 0.307474
2.8505 0.00117603 0.303649 0.303978
2.86064 0.000733195 0.300382 0.300719
2.87101 0.0046711 0.297008 0.297364
2.88171 0.00197467 0.293493 0.293832
2.89198 0.00244956 0.290084 0.290429
2.90232 0.00304974 0.286618 0.28697
2.91274 0.00418554 0.283095 0.283457
2.92342 0.00350185 0.279452 0.279814
2.93398 0.00166332 0.275814 0.276168
2.94498 0.00108315 0.271992 0.272345
2.95575 0.00106178 0.268216 0.268571
2.96583 0.00101443 0.264656 0.265015
2.97705 0.00132583 0.260659 0.261019
2.98724 0.00155581 0.256996 0.257359
2.99829 0.00176893 0.252995 0.253361
3.01059 0.00246799 0.248504 0.248874
3.02232 0.00314115 0.244183 0.244559
3.03546 0.00411331 0.239304 0.239697
3.04609 0.00161621 0.235324 0.235708
3.05706 0.0010109 0.231188 0.231571
3.06835 0.00138196 0.226902 0.227286
3.08066 0.0023621 0.222193 0.22258
3.09411 0.00387798 0.217011 0.217412
3.10472 0.00385349 0.212894 0.213305
3.11541 0.00287841 0.208719 0.209126
3.12586 0.00414535 0.204613 0.205029
3.13653 0.00351074 0.200401 0.200816
3.14713 0.00162882 0.19619 0.196596
3.15812 0.00104921 0.191798 0.192203
3.16928 0.00128112 0.187315 0.18772
3.17981 0.00169499 0.183067 0.183475
3.19092 0.00203084 0.178558 0.178968
3.20198 0.0022373 0.174046 0.174461
3.21521 0.00339659 0.168621 0.16905
3.22617 0.00119487 0.164105 0.164527
3.23712 0.000979675 0.159572 0.159992
3.24715 0.00127796 0.155403 0.155823
3.25797 0.00113945 0.150885 0.151306
3.26899 0.00166368 0.146263 0.14669
3.27906 0.00173814 0.142028 0.142456
3.28907 0.00175532 0.137802 0.138232
3.30081 0.00182383 0.132827 0.133257
3.31286 0.00240113 0.1277 0.128132
3.32597 0.00396681 0.122101 0.122545
3.33598 0.00394792 0.11781 0.118256
3.34692 0.00128281 0.113109 0.113547
3.35699 0.000990491 0.108767 0.109208
3.36831 0.00176565 0.103871 0.104311
3.37847 0.00173971 0.0994677 0.0999097
3.3885 0.00146094 0.0951065 0.0955497
3.39852 0.00106003 0.090746 0.0911911
3.40956 0.00132069 0.0859245 0.0863658
3.42042 0.00120342 0.0811745 0.0816151
3.43152 0.00181719 0.076307 0.0767521
3.44281 0.00171131 0.0713438 0.0717869
3.45381 0.00194021 0.0665036 0.0669466
3.46494 0.00182803 0.0615927 0.0620404
3.47623 0.00171253 0.0566076 0.0570529
3.48721 0.00192875 0.0517487 0.0521938
3.49836 0.00177129 0.0468107 0.0472603
3.50987 0.00176778 0.0417022 0.04215
3.52143 0.00237501 0.03657 0.0370179
3.53497 0.00382637 0.0305518 0.0310109
3.5454 0.00378801 0.0259104 0.0263752
3.55598 0.00187797 0.0211985 0.0216527
3.56617 0.00211106 0.0166577 0.0171137
3.57827 0.00239357 0.0112611 0.0117183
3.58879 0.00317297 0.00656968 0.00703295
3.5997 0.00130941 0.00170441 0.00215858
3.60976 0.0010353 -0.00278172 -0.00232614
3.62098 0.00157721 -0.0077871 -0.00733555
3.6322 0.00164181 -0.0127927 -0.0123439
3.64314 0.00174268 -0.017671 -0.0172228
3.65541 0.00240121 -0.0231411 -0.0226917
3.66877 0.00376187 -0.0290955 -0.0286369
3.67924 0.00358324 -0.0337579 -0.0332941
3.68992 0.00169465 -0.0385083 -0.0380554
3.70109 0.00126785 -0.0434736 -0.0430253
3.71194 0.00110436 -0.048291 -0.0478443
3.72214 0.00112972 -0.0528134 -0.052366
3.73327 0.00125736 -0.0577467 -0.0573014
3.7442 0.00180008 -0.0625804 -0.0621332
3.75635 0.00223069 -0.0679485 -0.0675013
3.76939 0.00316331 -0.0736965 -0.0732415
3.77977 0.00384742 -0.0782643 -0.077805
3.79037 0.00198604 -0.082917 -0.0824691
3.80052 0.00236661 -0.0873684 -0.08692
3.81261 0.00231904 -0.0926565 -0.0922084
3.82438 0.00179454 -0.0977947 -0.0973502
3.83439 0.00179029 -0.102151 -0.101708
3.8444 0.00173932 -0.106499 -0.106057
3.85443 0.00162918 -0.110844 -0.110403
3.86559 0.00125217 -0.115668 -0.115232
3.87657 0.00120088 -0.120397 -0.119964
3.88793 0.00184172 -0.125275 -0.124838
3.89793 0.00182093 -0.129559 -0.129123
3.90794 0.00175221 -0.133831 -0.133397
3.91797 0.00161947 -0.1381 -0.137667
3.92912 0.00123006 -0.14283 -0.142403
3.94016 0.00123739 -0.147497 -0.147073
3.95131 0.00182995 -0.15219 -0.151763
3.96135 0.00168186 -0.156399 -0.155974
3.97162 0.00172441 -0.160689 -0.160263
3.98164 0.00172114 -0.164862 -0.164438
3.99167 0.00169275 -0.16902 -0.168598
4.00172 0.00164518 -0.173167 -0.172746
4.01297 0.00135733 -0.177791 -0.177376
4.02389 0.00124773 -0.182261 -0.18185
4.03501 0.00182768 -0.186786 -0.186374
4.04645 0.00175926 -0.191417 -0.191009
4.05802 0.00231214 -0.196079 -0.195674
4.0683 0.00242325 -0.200199 -0.199795
4.08154 0.0037045 -0.205471 -0.205061
4.09188 0.00353119 -0.209565 -0.209153
4.1028 0.00147817 -0.213863 -0.213462
4.11282 0.00113787 -0.217786 -0.217387
4.12395 0.00127997 -0.222119 -0.221727
4.13513 0.00138883 -0.226444 -0.226056
4.14555 0.00166781 -0.230445 -0.230059
4.15729 0.00227715 -0.234929 -0.234545
4.16776 0.00243957 -0.238896 -0.238513
4.18081 0.00368087 -0.243808 -0.24342
4.19114 0.00344658 -0.247669 -0.24728
4.20214 0.00140806 -0.251746 -0.251369
4.21217 0.00114052 -0.255441 -0.255065
4.22334 0.00133051 -0.259524 -0.259155
4.23452 0.00141719 -0.263577 -0.263213
4.24484 0.00163518 -0.26729 -0.266928
4.25668 0.00227336 -0.271515 -0.271156
4.26717 0.00243402 -0.275228 -0.274871
4.28025 0.00367758 -0.279814 -0.279452
4.29054 0.00349594 -0.283388 -0.283025
4.30156 0.00141279 -0.287181 -0.286831
4.31158 0.00115954 -0.290605 -0.290256
4.32276 0.00130496 -0.294383 -0.294042
4.33399 0.00143233 -0.298146 -0.29781
4.34428 0.00163012 -0.301561 -0.301228
4.35619 0.00229258 -0.30547 -0.30514
4.36661 0.00242894 -0.308858 -0.30853
4.37976 0.00366208 -0.313085 -0.312752
4.39001 0.00350205 -0.316341 -0.316009
4.40107 0.00139494 -0.319818 -0.319497
4.4111 0.00117872 -0.322936 -0.322618
4.42227 0.00128943 -0.326374 -0.326064
4.43355 0.00145107 -0.329802 -0.329498
4.4438 0.00161833 -0.332882 -0.33258
4.45579 0.00230962 -0.336437 -0.336138
4.46614 0.00242272 -0.33947 -0.339174
4.47936 0.00364642 -0.34329 -0.34299
4.48957 0.00351221 -0.346198 -0.345899
4.50067 0.00137674 -0.34932 -0.349033
4.51069 0.00119923 -0.352101 -0.351817
4.52187 0.00127264 -0.355163 -0.354887
4.5332 0.00147063 -0.358221 -0.35795
4.54341 0.00160541 -0.360935 -0.360668
4.55547 0.0023265 -0.364095 -0.363831
4.56575 0.00241533 -0.366747 -0.366486
4.57905 0.00362932 -0.370118 -0.369853
4.58921 0.00352267 -0.37265 -0.372387
4.60035 0.00135756 -0.375383 -0.375132
4.61036 0.00122121 -0.3778 -0.377552
4.62155 0.00125497 -0.380455 -0.380215
4.63293 0.001491 -0.383107 -0.382874
4.64308 0.00159148 -0.385431 -0.385201
4.65523 0.00234294 -0.388159 -0.387933
4.66543 0.0024067 -0.390407 -0.390184
4.6788 0.00361034 -0.39329 -0.393063
4.68891 0.00353272 -0.395424 -0.395199
4.70009 0.00133804 -0.397738 -0.397525
4.7101 0.00124443 -0.399765 -0.399556
4.72128 0.00123723 -0.401985 -0.401785
4.73272 0.00151171 -0.404202 -0.404008
4.74282 0.00157732 -0.406116 -0.405925
4.75504 0.0023581 -0.408378 -0.408191
4.76517 0.00239729 -0.410205 -0.410022
4.7786 0.00358941 -0.412564 -0.412377
4.78866 0.00354076 -0.414282 -0.414098
4.79989 0.00132016 -0.416149 -0.415977
4.81106 0.0011751 -0.417956 -0.417792
4.82107 0.00122169 -0.419531 -0.419371
4.83255 0.00153089 -0.421285 -0.421132
4.8426 0.0015652 -0.422774 -0.422625
4.85489 0.00237016 -0.424539 -0.424394
4.86495 0.00238882 -0.425935 -0.425794
4.87843 0.00356853 -0.427739 -0.427594
4.88845 0.00354464 -0.429029 -0.428888
4.89971 0.00130758 -0.430427 -0.430297
4.91089 0.00119258 -0.431762 -0.43164
4.92245 0.00155903 -0.433085 -0.43297
4.93478 0.00237626 -0.434433 -0.434322
4.9448 0.00238435 -0.435479 -0.435372
4.95831 0.0035551 -0.43682 -0.43671
4.9696 0.0012925 -0.437881 -0.437781
4.98079 0.00120907 -0.438877 -0.438786
4.99232 0.00155011 -0.439845 -0.43976
5.0047 0.00238256 -0.44082 -0.440739
5.01822 0.00354813 -0.441807 -0.441723
5.02951 0.00129687 -0.44257 -0.442497
5.0407 0.00120807 -0.44327 -0.443206
5.05224 0.00155315 -0.443934 -0.443876
5.06461 0.00238171 -0.44458 -0.444527
5.07813 0.00354372 -0.445209 -0.445151
5.08942 0.00129924 -0.445672 -0.445625
5.10061 0.00120789 -0.446074 -0.446036
5.11215 0.00155474 -0.446431 -0.446399
5.12452 0.00238137 -0.446747 -0.44672
5.13805 0.00354141 -0.447014 -0.446983
5.14933 0.0013003 -0.447175 -0.447155
5.16053 0.00120786 -0.447278 -0.447267
5.17207 0.00155537 -0.447326 -0.447321
5.18443 0.00238125 -0.447311 -0.44731
5.19796 0.00354083 -0.447216 -0.447211
5.20925 0.0013005 -0.447074 -0.447081
5.22044 0.00120757 -0.446877 -0.446893
5.23198 0.00155534 -0.446616 -0.446638
5.24435 0.00238118 -0.44627 -0.446296
5.25787 0.00354175 -0.445813 -0.445835
5.26916 0.00130007 -0.445369 -0.445403
5.28035 0.00120686 -0.444873 -0.444916
5.29189 0.00155477 -0.444304 -0.444353
5.30426 0.00238111 -0.443628 -0.443681
5.31779 0.00354407 -0.44281 -0.442859
5.32907 0.00129908 -0.442067 -0.442127
5.34026 0.00120565 -0.441273 -0.441342
5.3518 0.00155371 -0.440398 -0.440473
5.36417 0.002381 -0.439394 -0.439474
5.3777 0.00354774 -0.438219 -0.438295
5.38898 0.00129759 -0.437178 -0.437265
5.40017 0.00120394 -0.436091 -0.436186
5.41171 0.0015522 -0.434913 -0.435014
5.42407 0.00238083 -0.433586 -0.433691
5.43761 0.00355272 -0.432057 -0.432158
5.44889 0.00129563 -0.430722 -0.430835
5.46007 0.00120172 -0.429345 -0.429466
5.4716 0.00155024 -0.427868 -0.427996
5.48397 0.00238059 -0.426222 -0.426354
5.49751 0.00355897 -0.424345 -0.424472
5.50879 0.0012932 -0.422722 -0.42286
5.51997 0.00119901 -0.42106 -0.421206
5.5315 0.00154785 -0.41929 -0.419443
5.54386 0.00238027 -0.417332 -0.417489
5.55741 0.00356644 -0.415112 -0.415264
5.56868 0.00129034 -0.413207 -0.41337
5.57986 0.00119583 -0.411266 -0.411437
5.59138 0.00154506 -0.409211 -0.409388
5.60374 0.00237987 -0.406946 -0.407128
5.6173 0.00357509 -0.404392 -0.404568
5.62857 0.00128706 -0.402211 -0.402399
5.63974 0.00119221 -0.399999 -0.400195
5.65126 0.00154186 -0.397666 -0.397868
5.66362 0.00237936 -0.395104 -0.39531
5.67718 0.00358486 -0.392223 -0.392424
5.68844 0.00128339 -0.389776 -0.389987
5.69961 0.00118818 -0.387301 -0.38752
5.71112 0.00153829 -0.384698 -0.384923
5.72348 0.00237874 -0.381848 -0.382077
5.73705 0.00359568 -0.378651 -0.378875
5.74831 0.00127936 -0.375946 -0.376181
5.75947 0.00118376 -0.373218 -0.37346
5.77098 0.00153437 -0.370355 -0.370603
5.78333 0.002378 -0.367228 -0.367479
5.79691 0.00360749 -0.363725 -0.363971
5.80817 0.001275 -0.360773 -0.361029
5.81932 0.00117898 -0.357801 -0.358065
5.83082 0.00153011 -0.354689 -0.354958
5.84317 0.00237712 -0.351296 -0.351569
5.85676 0.00362021 -0.347499 -0.347766
5.86801 0.00127034 -0.34431 -0.344588
5.87916 0.0011739 -0.341106 -0.341391
5.89065 0.00152554 -0.337757 -0.338047
5.903 0.00237609 -0.33411 -0.334404
5.9166 0.00363377 -0.330034 -0.33032
5.92784 0.00126541 -0.32662 -0.326917
5.93898 0.00116853 -0.323195 -0.3235
5.95047 0.00152068 -0.319621 -0.319931
5.96281 0.00237491 -0.315734 -0.316047
5.97643 0.00364808 -0.311391 -0.311697
5.98765 0.00126022 -0.307765 -0.308082
5.99879 0.00116295 -0.304133 -0.304457
6.01027 0.00151554 -0.300347 -0.300676
6.02261 0.0023736 -0.296234 -0.296565
6.03623 0.0036631 -0.291639 -0.291963
6.04745 0.00125471 -0.287815 -0.288149
6.05858 0.00115731 -0.283989 -0.28433
6.07005 0.00150997 -0.280005 -0.280351
6.08239 0.00237236 -0.275681 -0.276029
6.09602 0.00367884 -0.270851 -0.271192
6.10724 0.00124832 -0.266842 -0.267193
6.11835 0.00115243 -0.262836 -0.263193
6.12981 0.00150295 -0.25867 -0.259032
6.14215 0.0023726 -0.254148 -0.254512
6.15579 0.00369586 -0.249104 -0.24946
6.16701 0.00123639 -0.244921 -0.245287
6.17811 0.00115501 -0.240749 -0.241122
6.18954 0.00148555 -0.236425 -0.236801
6.19955 0.00151801 -0.232612 -0.232991
6.21177 0.00233952 -0.227926 -0.228307
6.2219 0.00240444 -0.224016 -0.224399
6.23532 0.00371355 -0.218801 -0.219177
6.24555 0.00364111 -0.214797 -0.215173
6.25651 0.00143983 -0.210484 -0.210871
6.26655 0.00112009 -0.206513 -0.206901
6.2777 0.00133936 -0.202075 -0.202469
6.28882 0.00138755 -0.197626 -0.198025
6.2992 0.00165329 -0.19345 -0.19385
6.31089 0.00223714 -0.18872 -0.189123
6.3215 0.00244303 -0.184406 -0.184809
6.33445 0.00371325 -0.179115 -0.179512
6.34482 0.00349694 -0.174853 -0.175247
6.35572 0.00146971 -0.170356 -0.170762
6.36575 0.00111125 -0.166199 -0.166606
6.37688 0.00132244 -0.161566 -0.161979
6.38797 0.00135679 -0.156932 -0.157349
6.39846 0.0016892 -0.152531 -0.152948
6.4101 0.00227453 -0.147623 -0.148042
6.42054 0.00245013 -0.143208 -0.143627
6.43348 0.00368159 -0.137711 -0.138125
6.44387 0.00329612 -0.133282 -0.133692
6.45492 0.00126735 -0.128557 -0.128977
6.46597 0.00105088 -0.123816 -0.124242
6.47601 0.00125222 -0.119493 -0.11992
6.48712 0.0013242 -0.114698 -0.115128
6.49773 0.00172875 -0.110104 -0.110534
6.50948 0.00239379 -0.105003 -0.105434
6.52297 0.00376604 -0.0991255 -0.0995475
6.53331 0.00370139 -0.0946098 -0.0950288
6.54408 0.00161058 -0.0898978 -0.090328
6.55517 0.00113288 -0.0850346 -0.0854696
6.56637 0.00131474 -0.0801101 -0.0805476
6.577 0.00173469 -0.0754278 -0.0758649
6.58874 0.00240877 -0.0702442 -0.0706821
6.60209 0.00374871 -0.0643417 -0.0647711
6.61254 0.00357653 -0.0597132 -0.0601381
6.62326 0.00164249 -0.054958 -0.0553938
6.63436 0.00117133 -0.0500254 -0.0504659
6.64541 0.00121136 -0.0451104 -0.0455528
6.65662 0.00183053 -0.0401217 -0.0405601
6.66683 0.00189909 -0.0355708 -0.0360081
6.67699 0.00210349 -0.0310387 -0.0314749
6.68931 0.00259882 -0.0255405 -0.0259738
6.69976 0.00356414 -0.0208684 -0.0212968
6.71048 0.00161736 -0.0160803 -0.0165193
6.72154 0.00111354 -0.0111341 -0.0115772
6.73271 0.00129016 -0.00613744 -0.00658217
6.7434 0.00174766 -0.00135936 -0.00180271
6.75518 0.00246284 0.00391268 0.00346941
6.76791 0.00357341 0.00960507 0.00916796
6.77794 0.00254717 0.0140907 0.0136538
6.78806 0.00263149 0.0186148 0.018179
6.79834 0.0029719 0.023208 0.0227752
6.80896 0.00388404 0.0279495 0.0275254
6.81965 0.00310522 0.0327206 0.0322908
6.83074 0.00112978 0.0376648 0.0372279
6.84176 0.00120892 0.0425768 0.0421357
6.85278 0.00123252 0.0474771 0.0470349
6.86374 0.00180248 0.0523487 0.0519097
6.8759 0.00219763 0.0577473 0.0573099
6.8889 0.00308773 0.0635089 0.063081
6.89934 0.00398229 0.0681309 0.0677101
6.91006 0.00265983 0.072864 0.0724367
6.92052 0.00372459 0.0774744 0.0770533
6.93111 0.00178162 0.0821367 0.0817054
6.94111 0.00164395 0.0865316 0.086101
6.95218 0.00115478 0.0913844 0.0909505
6.96313 0.00112433 0.0961735 0.0957394
6.97358 0.00125046 0.100732 0.1003
6.98455 0.00124342 0.105505 0.105073
6.99537 0.00177831 0.110205 0.109776
7.00742 0.00238964 0.115418 0.114991
7.02066 0.00395 0.12113 0.120715
7.03071 0.00394949 0.125454 0.125042
7.04159 0.00133719 0.130117 0.129697
7.0517 0.000951115 0.134435 0.134019
7.06305 0.00182841 0.139269 0.138852
7.07462 0.00158037 0.144178 0.14376
7.0857 0.00157847 0.148861 0.148442
7.09634 0.00155494 0.153338 0.15292
7.10705 0.00144308 0.157831 0.157415
7.11786 0.00141191 0.162346 0.161931
7.12896 0.00160813 0.166961 0.166548
7.13961 0.00144109 0.171372 0.170961
7.15041 0.0014039 0.175823 0.175414
7.16156 0.00164321 0.180398 0.179991
7.1733 0.00210381 0.185194 0.184789
7.18424 0.00244054 0.189635 0.189235
7.19694 0.0038666 0.194766 0.194377
7.20755 0.00377258 0.199026 0.198647
7.21825 0.00268058 0.2033 0.202916
7.22877 0.0038384 0.207482 0.207107
7.23923 0.00219893 0.211615 0.211231
7.24934 0.00259876 0.215588 0.215207
7.25967 0.00296066 0.219627 0.219252
7.27039 0.00408366 0.223789 0.223427
7.28123 0.00453608 0.227974 0.227614
7.29196 0.00449596 0.23209 0.231731
7.30337 0.00472199 0.236439 0.236091
7.31468 0.00418501 0.240719 0.240368
7.325 0.00432433 0.244596 0.244242
7.33542 0.001988 0.248484 0.248122
7.34562 0.00241427 0.252265 0.251907
7.35617 0.00311957 0.256149 0.2558
7.36708 0.00117662 0.260134 0.259778
7.378 0.000964277 0.264092 0.263736
7.38801 0.00126989 0.267693 0.267339
7.39876 0.00107083 0.271528 0.271175
7.40884 0.00103193 0.275098 0.274749
7.41997 0.00125693 0.279008 0.27866
7.43057 0.00172281 0.282699 0.282356
7.44174 0.00213317 0.286552 0.286211
7.45259 0.0025114 0.29026 0.289924
7.46421 0.00328763 0.294196 0.293866
7.47747 0.00392648 0.298637 0.298326
7.48817 0.00267699 0.302184 0.301869
7.49877 0.00391638 0.305662 0.305357
7.50946 0.0029684 0.309138 0.308831
7.51978 0.00419478 0.312455 0.312157
7.53041 0.00310382 0.315842 0.315542
7.54145 0.00104942 0.319319 0.319015
7.55245 0.00133878 0.322744 0.322438
7.56311 0.0010789 0.326028 0.325724
7.57321 0.00105084 0.329104 0.328805
7.58402 0.00109676 0.332361 0.332064
7.5942 0.00111118 0.335388 0.335096
7.60483 0.000909926 0.338516 0.338227
7.6156 0.000827373 0.341645 0.34136
7.62564 0.00121755 0.344529 0.344248
7.63623 0.000995917 0.34753 0.347251
7.64699 0.000855369 0.350539 0.350265
7.6581 0.00129774 0.353605 0.353333
7.66835 0.00156399 0.356393 0.356126
7.67895 0.00157956 0.359239 0.358975
7.68943 0.00130827 0.362013 0.361753
7.6995 0.00138876 0.364639 0.364382
7.71153 0.00223565 0.367731 0.367479
7.7218 0.00244638 0.370326 0.370079
7.73356 0.00317813 0.37325 0.37301
7.74682 0.00422553 0.376485 0.376266
7.75745 0.00302326 0.379033 0.378812
7.76765 0.00421455 0.381435 0.381222
7.77828 0.00273993 0.383896 0.383682
7.78885 0.00400022 0.386302 0.386099
7.79952 0.00340982 0.388686 0.388484
7.81012 0.00152579 0.391012 0.390802
7.8202 0.000910663 0.39318 0.392977
7.83151 0.0018133 0.395568 0.395369
7.84312 0.00162196 0.397964 0.397766
7.85453 0.00165532 0.40027 0.400073
7.86574 0.00208946 0.402482 0.402289
7.87672 0.00245567 0.404601 0.404416
7.88899 0.00371265 0.406911 0.406736
7.89947 0.00315063 0.408834 0.40867
7.90964 0.0042152 0.410659 0.410503
7.92 0.0023638 0.412474 0.412312
7.9303 0.00283889 0.414236 0.414081
7.9412 0.00425232 0.416051 0.415915
7.95188 0.0019249 0.417781 0.41763
7.96205 0.00218554 0.419383 0.419238
7.97231 0.00277526 0.420958 0.42082
7.98294 0.00362808 0.422542 0.422416
7.99337 0.00212758 0.424049 0.423917
8.00561 0.00261185 0.425761 0.425636
8.0163 0.0034899 0.427201 0.42709
8.02671 0.00215242 0.428559 0.428441
8.03693 0.00262946 0.429846 0.429734
8.04757 0.00341267 0.431138 0.431039
8.05806 0.00176852 0.432364 0.432258
8.06942 0.00136903 0.433639 0.433534
8.08013 0.00117641 0.434789 0.434686
8.09125 0.00181177 0.43593 0.435836
8.10256 0.00173373 0.437036 0.436943
8.1141 0.00233822 0.438107 0.438019
8.12713 0.00373193 0.439245 0.439172
8.13766 0.00322384 0.44011 0.440048
8.14857 0.00110575 0.440956 0.44089
8.15944 0.00103808 0.441746 0.44168
8.17034 0.00121627 0.442486 0.442423
8.18112 0.00176615 0.443166 0.44311
8.19281 0.00253283 0.443845 0.443794
8.20333 0.00253194 0.444405 0.444357
8.21411 0.00252986 0.444927 0.444884
8.22491 0.00254311 0.445398 0.44536
8.23555 0.00245418 0.445812 0.445778
8.24741 0.00309034 0.446213 0.446188
8.26028 0.00406218 0.446578 0.446569
8.27053 0.00416557 0.446815 0.446815
8.28089 0.00236638 0.447007 0.447002
8.2912 0.00284638 0.447151 0.447154
8.3021 0.00428619 0.447252 0.447274
8.31276 0.00201988 0.447298 0.447306
8.32285 0.0023974 0.447296 0.447308
8.33526 0.002709 0.44723 0.447253
8.34592 0.00402936 0.447119 0.447156
8.35699 0.00430473 0.446949 0.446995
8.36788 0.00139811 0.446729 0.44676
8.37799 0.000733875 0.446478 0.446518
8.38856 0.00480001 0.446165 0.44623
8.39999 0.00413846 0.445772 0.445837
8.41085 0.00143082 0.445344 0.445394
8.42102 0.000827047 0.444896 0.444954
8.43136 0.0041207 0.444393 0.444471
8.44233 0.00127802 0.443807 0.443871
8.4524 0.000758833 0.443222 0.443295
8.46272 0.00428754 0.442577 0.44267
8.47362 0.00138121 0.441844 0.441922
8.48373 0.000732892 0.441117 0.441204
8.49427 0.00478384 0.440311 0.440422
8.50526 0.00350713 0.439419 0.439523
8.51575 0.00179706 0.438518 0.438615
8.52718 0.00145555 0.43748 0.437578
8.53792 0.00127936 0.436454 0.436555
8.54826 0.0016232 0.435418 0.435523
8.55857 0.00147089 0.434339 0.434448
8.56887 0.0010334 0.433215 0.433329
8.57892 0.000955861 0.432074 0.432194
8.59034 0.00149128 0.430724 0.430847
8.60116 0.00164529 0.429394 0.429521
8.6127 0.00200249 0.42792 0.428052
8.62379 0.00214141 0.426448 0.426589
8.6338 0.0023094 0.425075 0.425221
8.64759 0.00426097 0.423115 0.423288
8.6584 0.00154594 0.421522 0.42168
8.66845 0.000928014 0.419997 0.420161
8.67992 0.00198181 0.418203 0.418371
8.69023 0.00257638 0.416546 0.416721
8.70099 0.00364445 0.414767 0.414958
8.7117 0.00322637 0.41295 0.41314
8.72254 0.00119066 0.411063 0.411248
8.73329 0.000816793 0.409143 0.409329
8.74378 0.00181173 0.407224 0.407418
8.75538 0.00162001 0.40505 0.405246
8.76679 0.00165448 0.402857 0.403055
8.778 0.00209077 0.400653 0.400855
8.78898 0.00245808 0.398445 0.398654
8.80122 0.00369422 0.395928 0.396147
8.81163 0.00305334 0.39374 0.393968
8.82219 0.00425683 0.391476 0.391717
8.83337 0.00473384 0.389033 0.389284
8.84429 0.00278705 0.386599 0.386839
8.85498 0.00428519 0.384171 0.384427
8.86507 0.0042278 0.381841 0.382092
8.87575 0.00132642 0.37933 0.379575
8.88584 0.000757275 0.376919 0.377172
8.89613 0.00427454 0.374422 0.374694
8.90717 0.00122186 0.371696 0.371953
8.91794 0.000803528 0.368995 0.369253
8.92811 0.00119022 0.366406 0.36667
8.93832 0.000683738 0.363767 0.364042
8.94876 0.00114394 0.361029 0.361302
8.95965 0.000996392 0.358131 0.358403
8.971 0.00144997 0.355066 0.35534
8.98228 0.00190299 0.351976 0.352255
8.99324 0.00181772 0.34893 0.349215
9.00535 0.00238696 0.345516 0.345805
9.01855 0.00414424 0.341734 0.342042
9.02921 0.00153469 0.338639 0.33894
9.03926 0.000940188 0.335684 0.33599
9.05068 0.00190601 0.332288 0.332596
9.06083 0.00203454 0.329232 0.329544
9.07088 0.002481 0.32617 0.326486
9.08112 0.00269193 0.32302 0.323342
9.0917 0.00346348 0.319728 0.32006
9.10227 0.00163601 0.316404 0.316728
9.11323 0.001019 0.312919 0.313243
9.1244 0.00128912 0.309331 0.309656
9.13476 0.00163419 0.305965 0.306294
9.14554 0.00171406 0.302431 0.302763
9.15753 0.00229421 0.298457 0.298794
9.17154 0.00403752 0.293761 0.294116
9.18247 0.00121342 0.290058 0.290407
9.1925 0.000981382 0.286625 0.286979
9.20382 0.00178747 0.282721 0.283075
9.21397 0.00176694 0.27919 0.279548
9.22397 0.00150022 0.275678 0.276039
9.23401 0.000984946 0.27213 0.272495
9.24517 0.00159672 0.268151 0.268514
9.25629 0.00162381 0.264151 0.264515
9.26649 0.00131391 0.260456 0.260822
9.27658 0.00139905 0.256774 0.257143
9.28873 0.00229393 0.252304 0.252677
9.29874 0.00235419 0.248597 0.248973
9.31224 0.00390086 0.243553 0.243943
9.32282 0.00391989 0.239569 0.239969
9.33352 0.0029424 0.235515 0.235911
9.34386 0.00414843 0.231572 0.231976
9.35449 0.00303514 0.227491 0.227893
9.36462 0.00410998 0.223578 0.223985
9.37519 0.00174624 0.219467 0.219865
9.38521 0.00152063 0.215552 0.215953
9.39617 0.000971914 0.211243 0.211642
9.40774 0.00157336 0.206668 0.207067
9.41884 0.00182422 0.20225 0.202652
9.42901 0.00156648 0.198185 0.198588
9.44031 0.00195419 0.193642 0.194048
9.45142 0.00191849 0.189147 0.189559
9.46347 0.00237259 0.184252 0.184666
9.47677 0.00410704 0.178812 0.179244
9.4874 0.00289326 0.174446 0.174873
9.4978 0.00411067 0.170153 0.170588
9.50843 0.00316418 0.165746 0.166178
9.51942 0.0011558 0.161172 0.161597
9.53037 0.00106534 0.15659 0.157014
9.54164 0.00137896 0.15186 0.152283
9.55169 0.00148708 0.147624 0.148049
9.56336 0.00207449 0.142685 0.143111
9.57436 0.00235256 0.138016 0.138447
9.58781 0.00405545 0.132281 0.13273
9.59827 0.00227622 0.1278 0.128239
9.6101 0.00182249 0.122724 0.123163
9.62171 0.00161811 0.117722 0.118159
9.63313 0.00164338 0.112784 0.11322
9.64479 0.00229537 0.107729 0.108167
9.65493 0.00239524 0.103323 0.103762
9.66819 0.00379407 0.0975413 0.0979909
9.67875 0.00359863 0.0929288 0.0933861
9.68929 0.00187212 0.0883102 0.0887574
9.69949 0.00209706 0.0838333 0.0842831
9.71159 0.00231524 0.0785104 0.0789621
9.72166 0.00285737 0.0740737 0.0745265
9.73185 0.00300556 0.0695759 0.070031
9.74257 0.00379018 0.0648331 0.0652986
9.75326 0.00336527 0.0600978 0.060559
9.76407 0.00140871 0.0553044 0.0557562
9.77415 0.000984186 0.0508252 0.0512795
9.78552 0.00179564 0.0457722 0.0462243
9.79567 0.00179954 0.0412505 0.0417042
9.80568 0.00166404 0.0367931 0.0372471
9.81678 0.00118946 0.0318417 0.0322919
9.8277 0.00111616 0.0269659 0.0274152
9.83813 0.00122802 0.0223076 0.0227587
9.84927 0.00135548 0.0173325 0.017782
9.85957 0.00161089 0.0127277 0.0131777
9.87094 0.00202392 0.00764179 0.00809166
9.88201 0.0021075 0.0026924 0.00314573
9.89206 0.00213524 -0.00180692 -0.00135334
9.90475 0.002684 -0.00747937 -0.00702034
9.91507 0.00314262 -0.012097 -0.0116348
9.92539 0.0039251 -0.0167079 -0.0162412
9.93598 0.00192635 -0.021441 -0.0209854
9.94612 0.00219527 -0.0259702 -0.0255136
9.95618 0.00256095 -0.0304619 -0.0300052
9.96635 0.00272789 -0.0349974 -0.0345395
9.97664 0.0031475 -0.0395856 -0.0391253
9.987 0.00388989 -0.0441984 -0.0437335
9.99756 0.00197584 -0.0488991 -0.0484456
10 0.000570189 -0.049982 -0.0495329
