0 0.001 -1 1
0.0100001 1e-07 -0.982097 -0.983985
0.0200003 3.9538e-07 -0.962482 -0.964432
0.0300007 4.03022e-07 -0.943156 -0.945077
0.0400008 4.1105e-07 -0.924115 -0.926007
0.0500012 4.19354e-07 -0.905351 -0.907216
0.0600012 4.27716e-07 -0.886861 -0.888699
0.0700016 4.36281e-07 -0.868638 -0.87045
0.0800019 4.44968e-07 -0.850677 -0.852463
0.0900023 4.5382e-07 -0.832974 -0.834734
0.100002 4.62817e-07 -0.815523 -0.817258
0.110002 4.71975e-07 -0.79832 -0.80003
0.120003 4.81211e-07 -0.781358 -0.783045
0.130003 4.90745e-07 -0.764635 -0.766298
0.140003 5.00426e-07 -0.748145 -0.749785
0.150003 5.10193e-07 -0.731883 -0.7335
0.160004 5.20147e-07 -0.715846 -0.717441
0.170004 5.30269e-07 -0.700029 -0.701602
0.180004 5.40522e-07 -0.684428 -0.685979
0.190004 5.50989e-07 -0.669039 -0.670569
0.200005 5.61645e-07 -0.653856 -0.655366
0.210005 5.72354e-07 -0.638878 -0.640368
0.220005 5.83312e-07 -0.6241 -0.62557
0.230006 5.94423e-07 -0.609518 -0.610968
0.240006 6.05739e-07 -0.595128 -0.596559
0.250007 6.17166e-07 -0.580927 -0.58234
0.260007 6.28783e-07 -0.566912 -0.568306
0.270007 6.40574e-07 -0.553079 -0.554455
0.280008 6.52504e-07 -0.539424 -0.540783
0.290008 6.64669e-07 -0.525945 -0.527286
0.300009 6.7694e-07 -0.512638 -0.513962
0.310009 6.89378e-07 -0.4995 -0.500807
0.32001 7.02018e-07 -0.486528 -0.487819
0.33001 7.14809e-07 -0.47372 -0.474994
0.34001 7.27744e-07 -0.461072 -0.46233
0.35001 7.40852e-07 -0.448581 -0.449824
0.36001 7.54155e-07 -0.436244 -0.437472
0.370011 7.67531e-07 -0.424059 -0.425272
0.380011 7.81159e-07 -0.412023 -0.413221
0.390011 7.949e-07 -0.400134 -0.401317
0.400011 8.08788e-07 -0.388389 -0.389558
0.410012 8.22813e-07 -0.376785 -0.37794
0.420012 8.36999e-07 -0.36532 -0.366461
0.430013 8.51334e-07 -0.353992 -0.35512
0.440013 8.65845e-07 -0.342798 -0.343912
0.450014 8.80434e-07 -0.331737 -0.332838
0.460014 8.95199e-07 -0.320806 -0.321894
0.470015 9.10094e-07 -0.310002 -0.311077
0.480015 9.25089e-07 -0.299324 -0.300387
0.490016 9.40202e-07 -0.28877 -0.289821
0.500016 9.5547e-07 -0.278338 -0.279376
0.510016 9.70823e-07 -0.268026 -0.269052
0.520017 9.86355e-07 -0.257831 -0.258846
0.530017 1.00187e-06 -0.247753 -0.248756
0.540017 1.01757e-06 -0.237789 -0.238781
0.550018 1.03334e-06 -0.227937 -0.228918
0.560019 1.04919e-06 -0.218196 -0.219165
0.57002 1.06511e-06 -0.208564 -0.209523
0.58002 1.08114e-06 -0.19904 -0.199988
0.590021 1.09723e-06 -0.189621 -0.190559
0.600021 1.11339e-06 -0.180307 -0.181234
0.610021 1.12958e-06 -0.171096 -0.172013
0.620022 1.14585e-06 -0.161986 -0.162893
0.630022 1.16213e-06 -0.152976 -0.153873
0.640022 1.17847e-06 -0.144065 -0.144952
0.650023 1.19484e-06 -0.13525 -0.136128
0.660024 1.21122e-06 -0.126532 -0.1274
0.670024 1.22762e-06 -0.117908 -0.118766
0.680024 1.24403e-06 -0.109377 -0.110226
0.690024 1.26044e-06 -0.100939 -0.101779
0.700025 1.27684e-06 -0.0925906 -0.0934217
0.710026 1.29321e-06 -0.0843317 -0.0851539
0.720027 1.30957e-06 -0.0761615 -0.0769749
0.730027 1.3259e-06 -0.0680794 -0.0688842
0.740029 1.34218e-06 -0.0600829 -0.0608791
0.750029 1.35842e-06 -0.0521725 -0.0529601
0.760029 1.3746e-06 -0.0443465 -0.0451257
0.77003 1.39072e-06 -0.0366033 -0.0373742
0.780031 1.40677e-06 -0.0289422 -0.029705
0.790032 1.42274e-06 -0.0213626 -0.0221173
0.800032 1.43862e-06 -0.0138639 -0.0146105
0.810033 1.4544e-06 -0.00644417 -0.0071829
0.820033 1.47008e-06 0.000896165 0.000165278
0.830034 1.48566e-06 0.00815897 0.00743584
0.840035 1.50112e-06 0.015345 0.0146296
0.850035 1.51645e-06 0.0224541 0.0217462
0.860036 1.53165e-06 0.0294881 0.0287877
0.870036 1.54672e-06 0.0364468 0.0357539
0.880037 1.56164e-06 0.0433322 0.0426467
0.890038 1.57641e-06 0.0501442 0.049466
0.90004 1.59102e-06 0.0568836 0.0562127
0.91004 1.60547e-06 0.0635505 0.0628867
0.920041 1.61975e-06 0.0701468 0.0694901
0.930041 1.63386e-06 0.0766715 0.0760218
0.940042 1.64779e-06 0.0831266 0.0824839
0.950043 1.66153e-06 0.0895122 0.0888765
0.960045 1.67508e-06 0.0958293 0.0952005
0.970046 1.68844e-06 0.102078 0.101456
0.980047 1.70161e-06 0.108258 0.107643
0.990048 1.71457e-06 0.114372 0.113763
1.00005 1.72731e-06 0.120418 0.119816
1.01005 1.73985e-06 0.126398 0.125803
1.02005 1.7522e-06 0.132313 0.131724
1.03005 1.76431e-06 0.138162 0.137579
1.04005 1.77622e-06 0.143945 0.143369
1.05005 1.7879e-06 0.149665 0.149095
1.06005 1.79934e-06 0.15532 0.154757
1.07006 1.81059e-06 0.160912 0.160356
1.08006 1.82161e-06 0.166441 0.165891
1.09006 1.8324e-06 0.171907 0.171363
1.10006 1.84297e-06 0.17731 0.176772
1.11006 1.8533e-06 0.182651 0.182119
1.12006 1.86342e-06 0.18793 0.187405
1.13006 1.8733e-06 0.193148 0.192629
1.14006 1.88297e-06 0.198305 0.197792
1.15006 1.89241e-06 0.203401 0.202894
1.16007 1.90163e-06 0.208436 0.207935
1.17007 1.91062e-06 0.213411 0.212916
1.18007 1.9194e-06 0.218326 0.217837
1.19007 1.92797e-06 0.223182 0.222699
1.20007 1.9363e-06 0.227978 0.2275
1.21007 1.94443e-06 0.232714 0.232243
1.22007 1.95233e-06 0.237392 0.236927
1.23007 1.96004e-06 0.242011 0.241551
1.24007 1.96756e-06 0.246572 0.246118
1.25008 1.97485e-06 0.251075 0.250627
1.26008 1.98196e-06 0.25552 0.255077
1.27008 1.98887e-06 0.259906 0.25947
1.28008 1.99555e-06 0.264235 0.263805
1.29008 2.00208e-06 0.268507 0.268082
1.30008 2.00842e-06 0.272721 0.272302
1.31008 2.0146e-06 0.276879 0.276465
1.32008 2.02058e-06 0.280979 0.280572
1.33008 2.02637e-06 0.285023 0.284621
1.34008 2.03202e-06 0.28901 0.288613
1.35008 2.03752e-06 0.292941 0.29255
1.36008 2.04284e-06 0.296816 0.296431
1.37008 2.04798e-06 0.300634 0.300255
1.38008 2.05301e-06 0.304397 0.304023
1.39009 2.05787e-06 0.308104 0.307736
1.40009 2.0626e-06 0.311755 0.311392
1.41009 2.06722e-06 0.315351 0.314993
1.42009 2.07167e-06 0.318891 0.318539
1.43009 2.07599e-06 0.322376 0.32203
1.44009 2.08024e-06 0.325806 0.325465
1.45009 2.08432e-06 0.329181 0.328846
1.46009 2.08831e-06 0.332501 0.332171
1.47009 2.09222e-06 0.335766 0.335442
1.4801 2.09599e-06 0.338977 0.338658
1.4901 2.09967e-06 0.342132 0.341819
1.5001 2.10326e-06 0.345233 0.344925
1.5101 2.10679e-06 0.34828 0.347977
1.5201 2.11018e-06 0.351272 0.350975
1.5301 2.11353e-06 0.35421 0.353918
1.5401 2.11677e-06 0.357093 0.356807
1.5501 2.12003e-06 0.359923 0.359642
1.5601 2.12317e-06 0.362698 0.362423
1.5701 2.12628e-06 0.36542 0.36515
1.58011 2.12931e-06 0.368087 0.367823
1.59011 2.13228e-06 0.370701 0.370442
1.60011 2.13523e-06 0.373262 0.373008
1.61011 2.13814e-06 0.375768 0.37552
1.62011 2.14102e-06 0.378221 0.377978
1.63011 2.14381e-06 0.38062 0.380382
1.64011 2.14666e-06 0.382966 0.382734
1.65011 2.14945e-06 0.385259 0.385032
1.66011 2.15224e-06 0.387498 0.387276
1.67012 2.15499e-06 0.389684 0.389468
1.68012 2.15776e-06 0.391817 0.391606
1.69012 2.16048e-06 0.393897 0.393691
1.70012 2.16325e-06 0.395924 0.395723
1.71012 2.16598e-06 0.397897 0.397702
1.72012 2.1688e-06 0.399818 0.399628
1.73012 2.17155e-06 0.401686 0.401501
1.74012 2.17436e-06 0.403501 0.403322
1.75012 2.17715e-06 0.405264 0.40509
1.76013 2.18002e-06 0.406974 0.406805
1.77013 2.1829e-06 0.408632 0.408468
1.78013 2.18577e-06 0.410237 0.410078
1.79013 2.1887e-06 0.411789 0.411636
1.80013 2.19169e-06 0.413289 0.413141
1.81013 2.19468e-06 0.414737 0.414594
1.82013 2.19779e-06 0.416133 0.415995
1.83013 2.20088e-06 0.417476 0.417344
1.84013 2.20405e-06 0.418768 0.418641
1.85014 2.2073e-06 0.420007 0.419886
1.86014 2.21056e-06 0.421195 0.421079
1.87014 2.21392e-06 0.422331 0.42222
1.88014 2.21735e-06 0.423415 0.423309
1.89014 2.22085e-06 0.424448 0.424346
1.90014 2.22447e-06 0.425428 0.425332
1.91014 2.22807e-06 0.426358 0.426267
1.92015 2.23181e-06 0.427236 0.42715
1.93015 2.23565e-06 0.428062 0.427981
1.94015 2.23953e-06 0.428837 0.428762
1.95015 2.24357e-06 0.429562 0.429491
1.96015 2.24766e-06 0.430235 0.430169
1.97015 2.25182e-06 0.430857 0.430797
1.98015 2.25616e-06 0.431428 0.431373
1.99015 2.26057e-06 0.431949 0.431899
2.00016 2.26507e-06 0.432418 0.432373
2.01016 2.26971e-06 0.432838 0.432798
2.02016 2.27446e-06 0.433206 0.433171
2.03016 2.27935e-06 0.433525 0.433495
2.04016 2.28433e-06 0.433793 0.433768
2.05016 2.28943e-06 0.434011 0.433991
2.06016 2.29469e-06 0.434178 0.434164
2.07016 2.30005e-06 0.434296 0.434287
2.08016 2.30558e-06 0.434365 0.43436
2.09016 2.31125e-06 0.434383 0.434383
2.10016 2.31706e-06 0.434352 0.434357
2.11017 2.32303e-06 0.434271 0.434281
2.12017 2.32914e-06 0.434141 0.434156
2.13017 2.33541e-06 0.433962 0.433982
2.14017 2.34184e-06 0.433734 0.433759
2.15017 2.34843e-06 0.433457 0.433487
2.16018 2.35519e-06 0.433131 0.433166
2.17018 2.36211e-06 0.432757 0.432796
2.18018 2.3692e-06 0.432334 0.432378
2.19018 2.37652e-06 0.431863 0.431912
2.20018 2.38395e-06 0.431343 0.431397
2.21018 2.39167e-06 0.430776 0.430834
2.22018 2.39949e-06 0.43016 0.430224
2.23018 2.40753e-06 0.429497 0.429565
2.24018 2.4158e-06 0.428786 0.428859
2.25019 2.42426e-06 0.428028 0.428106
2.26019 2.43296e-06 0.427223 0.427305
2.27019 2.44182e-06 0.42637 0.426457
2.28019 2.4509e-06 0.425471 0.425562
2.29019 2.46025e-06 0.424524 0.424621
2.30019 2.46985e-06 0.423532 0.423633
2.31019 2.47963e-06 0.422493 0.422598
2.32019 2.48968e-06 0.421407 0.421518
2.33019 2.49998e-06 0.420276 0.420391
2.34019 2.51052e-06 0.419099 0.419218
2.3502 2.52135e-06 0.417876 0.418
2.3602 2.53242e-06 0.416608 0.416736
2.3702 2.54375e-06 0.415294 0.415427
2.3802 2.55541e-06 0.413936 0.414073
2.3902 2.56733e-06 0.412532 0.412674
2.4002 2.57954e-06 0.411084 0.411231
2.4102 2.59205e-06 0.409592 0.409743
2.42021 2.60484e-06 0.408055 0.408211
2.43021 2.61796e-06 0.406475 0.406634
2.44021 2.63142e-06 0.40485 0.405014
2.45021 2.6452e-06 0.403182 0.403351
2.46021 2.65932e-06 0.401471 0.401644
2.47022 2.67378e-06 0.399717 0.399894
2.48022 2.68862e-06 0.39792 0.398101
2.49022 2.7038e-06 0.39608 0.396266
2.50022 2.71937e-06 0.394198 0.394388
2.51022 2.73532e-06 0.392274 0.392468
2.52022 2.75167e-06 0.390308 0.390506
2.53022 2.76842e-06 0.3883 0.388503
2.54023 2.78561e-06 0.386251 0.386457
2.55023 2.80319e-06 0.384161 0.384371
2.56023 2.82121e-06 0.38203 0.382245
2.57023 2.83971e-06 0.379858 0.380077
2.58023 2.85866e-06 0.377646 0.377869
2.59023 2.87808e-06 0.375394 0.375621
2.60023 2.89802e-06 0.373102 0.373333
2.61023 2.91844e-06 0.370771 0.371006
2.62024 2.93935e-06 0.3684 0.368639
2.63024 2.96082e-06 0.365991 0.366233
2.64024 2.98289e-06 0.363543 0.363789
2.65024 3.00549e-06 0.361057 0.361307
2.66024 3.02867e-06 0.358532 0.358786
2.67024 3.05247e-06 0.35597 0.356227
2.68024 3.0769e-06 0.353369 0.35363
2.69024 3.10198e-06 0.350732 0.350997
2.70024 3.12766e-06 0.348058 0.348327
2.71024 3.15408e-06 0.345347 0.34562
2.72024 3.18118e-06 0.3426 0.342876
2.73024 3.20906e-06 0.339817 0.340097
2.74025 3.23765e-06 0.336998 0.337282
2.75025 3.26709e-06 0.334144 0.334431
2.76025 3.29724e-06 0.331255 0.331546
2.77025 3.32829e-06 0.328331 0.328625
2.78025 3.36015e-06 0.325373 0.32567
2.79025 3.393e-06 0.32238 0.322681
2.80025 3.42673e-06 0.319354 0.319658
2.81025 3.46139e-06 0.316294 0.316602
2.82026 3.49712e-06 0.313201 0.313512
2.83026 3.53386e-06 0.310076 0.31039
2.84026 3.57167e-06 0.306918 0.307235
2.85026 3.61063e-06 0.303728 0.304049
2.86026 3.65072e-06 0.300506 0.30083
2.87026 3.69205e-06 0.297254 0.29758
2.88026 3.73459e-06 0.293969 0.294298
2.89027 3.7785e-06 0.290653 0.290986
2.90027 3.82377e-06 0.287309 0.287644
2.91027 3.87044e-06 0.283933 0.284272
2.92027 3.91862e-06 0.280529 0.280871
2.93027 3.96833e-06 0.277096 0.27744
2.94027 4.01964e-06 0.273633 0.273981
2.95027 4.07271e-06 0.270142 0.270492
2.96028 4.12753e-06 0.266622 0.266975
2.97028 4.18419e-06 0.263074 0.26343
2.98028 4.24283e-06 0.2595 0.259858
2.99029 4.30347e-06 0.255898 0.256259
3.00029 4.36624e-06 0.252269 0.252633
3.01029 4.43125e-06 0.248614 0.248981
3.02029 4.49861e-06 0.244934 0.245303
3.03029 4.56844e-06 0.241229 0.241601
3.04029 4.64087e-06 0.237499 0.237873
3.0503 4.71606e-06 0.233744 0.23412
3.0603 4.79418e-06 0.229963 0.230342
3.0703 4.87531e-06 0.226159 0.22654
3.0803 4.95965e-06 0.222332 0.222716
3.0903 5.04741e-06 0.218482 0.218868
3.10031 5.13878e-06 0.214609 0.214998
3.11031 5.23402e-06 0.210714 0.211104
3.12031 5.33325e-06 0.206797 0.207189
3.13032 5.43685e-06 0.202857 0.203252
3.14032 5.54503e-06 0.198897 0.199294
3.15032 5.65808e-06 0.194917 0.195315
3.16033 5.77636e-06 0.190915 0.191316
3.17033 5.90022e-06 0.186893 0.187296
3.18033 6.03002e-06 0.182854 0.183258
3.19034 6.16621e-06 0.178793 0.1792
3.20034 6.30922e-06 0.174715 0.175124
3.21035 6.45957e-06 0.17062 0.17103
3.22035 6.61784e-06 0.166506 0.166918
3.23035 6.78468e-06 0.162375 0.162789
3.24036 6.9608e-06 0.158227 0.158642
3.25036 7.14681e-06 0.154064 0.15448
3.26036 7.34375e-06 0.149883 0.150302
3.27036 7.55245e-06 0.145688 0.146108
3.28037 7.77416e-06 0.141476 0.141897
3.29037 8.00994e-06 0.13725 0.137673
3.30038 8.26119e-06 0.133009 0.133433
3.31038 8.52944e-06 0.128755 0.12918
3.32039 8.81652e-06 0.124486 0.124913
3.3304 9.12446e-06 0.120204 0.120632
3.3404 9.45529e-06 0.115911 0.116341
3.35041 9.812e-06 0.111605 0.112036
3.36041 1.01974e-05 0.10729 0.107722
3.37041 1.06154e-05 0.10296 0.103393
3.38042 1.107e-05 0.0986215 0.0990557
3.39042 1.1566e-05 0.0942738 0.094709
3.40043 1.21102e-05 0.0899121 0.0903482
3.41044 1.27092e-05 0.0855414 0.0859784
3.42045 1.33715e-05 0.0811617 0.0815997
3.43046 1.41079e-05 0.0767733 0.077212
3.44047 1.49315e-05 0.072376 0.0728156
3.45048 1.58589e-05 0.0679699 0.0684103
3.46048 1.69089e-05 0.0635623 0.0640033
3.47048 1.81097e-05 0.0591464 0.0595881
3.48049 1.94963e-05 0.0547221 0.0551644
3.49051 2.11157e-05 0.0502888 0.0507316
3.50051 2.30274e-05 0.045856 0.0462994
3.51052 2.53235e-05 0.0414144 0.0418583
3.52055 2.81337e-05 0.0369629 0.0374071
3.53056 3.16414e-05 0.0325136 0.0329582
3.54058 3.61578e-05 0.0280534 0.0284984
3.55059 4.21659e-05 0.0235977 0.0240431
3.56062 5.05874e-05 0.0191293 0.0195749
3.57063 6.31576e-05 0.0146698 0.0151155
3.58066 8.40611e-05 0.0101949 0.0106408
3.59076 0.000125655 0.00569176 0.00613779
3.601 0.000246895 0.00112415 0.00157026
3.6118 0.00140732 -0.00369497 -0.00324884
3.62186 0.000239488 -0.00818186 -0.00773575
3.63189 0.000120807 -0.0126571 -0.0122111
3.6419 8.15248e-05 -0.0171191 -0.0166732
3.65192 6.15868e-05 -0.0215876 -0.0211419
3.66196 4.94989e-05 -0.0260607 -0.0256151
3.67197 4.14111e-05 -0.0305177 -0.0300724
3.68199 3.55926e-05 -0.0349808 -0.0345358
3.692 3.12195e-05 -0.0394331 -0.0389885
3.70203 2.7802e-05 -0.0438896 -0.0434453
3.71205 2.50649e-05 -0.0483369 -0.0478931
3.72206 2.28227e-05 -0.0527765 -0.0523331
3.73206 2.09519e-05 -0.0572091 -0.0567663
3.74206 1.93671e-05 -0.0616353 -0.0611931
3.75207 1.80073e-05 -0.0660553 -0.0656137
3.76207 1.68277e-05 -0.0704692 -0.0700282
3.77207 1.57947e-05 -0.0748769 -0.0744366
3.78208 1.48826e-05 -0.0792783 -0.0788388
3.79209 1.40713e-05 -0.0836733 -0.0832346
3.8021 1.33451e-05 -0.0880617 -0.0876238
3.81211 1.26921e-05 -0.0924377 -0.0920006
3.82212 1.21009e-05 -0.0968071 -0.0963709
3.83212 1.15638e-05 -0.101164 -0.100729
3.84212 1.10737e-05 -0.10551 -0.105076
3.85213 1.06242e-05 -0.109849 -0.109416
3.86214 1.02109e-05 -0.114177 -0.113745
3.87215 9.82963e-06 -0.118492 -0.118062
3.88215 9.47673e-06 -0.122797 -0.122367
3.89216 9.14919e-06 -0.127089 -0.126661
3.90216 8.84464e-06 -0.131367 -0.13094
3.91217 8.56049e-06 -0.135633 -0.135207
3.92217 8.29495e-06 -0.139883 -0.139459
3.93217 8.0461e-06 -0.144122 -0.143699
3.94218 7.81258e-06 -0.148347 -0.147925
3.95218 7.59301e-06 -0.152556 -0.152135
3.96219 7.38619e-06 -0.15675 -0.156331
3.97219 7.19103e-06 -0.160929 -0.160512
3.98219 7.00673e-06 -0.16509 -0.164674
3.9922 6.83228e-06 -0.169236 -0.168822
4.0022 6.667e-06 -0.173364 -0.172952
4.0122 6.51011e-06 -0.177477 -0.177067
4.02221 6.36107e-06 -0.181573 -0.181164
4.03221 6.21944e-06 -0.185648 -0.185241
4.04221 6.08456e-06 -0.189705 -0.1893
4.05222 5.95596e-06 -0.193744 -0.193341
4.06222 5.83332e-06 -0.197763 -0.197362
4.07222 5.71618e-06 -0.201762 -0.201363
4.08222 5.60424e-06 -0.205741 -0.205344
4.09222 5.49713e-06 -0.2097 -0.209305
4.10222 5.39459e-06 -0.213638 -0.213245
4.11222 5.29634e-06 -0.217554 -0.217163
4.12223 5.20208e-06 -0.22145 -0.221062
4.13223 5.11166e-06 -0.225324 -0.224937
4.14223 5.02482e-06 -0.229175 -0.228791
4.15224 4.94141e-06 -0.233002 -0.23262
4.16224 4.86117e-06 -0.236807 -0.236428
4.17224 4.784e-06 -0.240588 -0.240211
4.18224 4.70971e-06 -0.244344 -0.24397
4.19224 4.63816e-06 -0.248077 -0.247705
4.20224 4.56921e-06 -0.251785 -0.251416
4.21225 4.50272e-06 -0.255468 -0.255101
4.22225 4.43858e-06 -0.259125 -0.25876
4.23225 4.3767e-06 -0.262756 -0.262394
4.24225 4.31695e-06 -0.266361 -0.266001
4.25225 4.25922e-06 -0.26994 -0.269583
4.26225 4.20342e-06 -0.273492 -0.273138
4.27226 4.14949e-06 -0.277017 -0.276665
4.28226 4.0973e-06 -0.280514 -0.280165
4.29226 4.04688e-06 -0.283982 -0.283637
4.30226 3.99807e-06 -0.287423 -0.287081
4.31227 3.95078e-06 -0.290836 -0.290496
4.32227 3.90498e-06 -0.294219 -0.293882
4.33227 3.86066e-06 -0.297573 -0.297239
4.34227 3.81771e-06 -0.300896 -0.300565
4.35227 3.77607e-06 -0.30419 -0.303862
4.36227 3.73574e-06 -0.307453 -0.307128
4.37228 3.69652e-06 -0.310686 -0.310364
4.38228 3.6586e-06 -0.313888 -0.313569
4.39228 3.62175e-06 -0.317059 -0.316743
4.40228 3.58601e-06 -0.320197 -0.319884
4.41229 3.5513e-06 -0.323304 -0.322995
4.42229 3.51765e-06 -0.326379 -0.326072
4.43229 3.48496e-06 -0.329421 -0.329118
4.44229 3.45321e-06 -0.332429 -0.33213
4.45229 3.42237e-06 -0.335405 -0.335109
4.46229 3.39242e-06 -0.338347 -0.338054
4.47229 3.36335e-06 -0.341255 -0.340966
4.48229 3.33508e-06 -0.344129 -0.343843
4.4923 3.30759e-06 -0.346969 -0.346686
4.5023 3.28094e-06 -0.349774 -0.349495
4.5123 3.25497e-06 -0.352545 -0.352269
4.5223 3.22979e-06 -0.35528 -0.355008
4.5323 3.20531e-06 -0.35798 -0.357711
4.54231 3.18149e-06 -0.360644 -0.360379
4.55231 3.15833e-06 -0.363271 -0.36301
4.56231 3.13582e-06 -0.365863 -0.365605
4.57231 3.11394e-06 -0.368418 -0.368164
4.58231 3.0927e-06 -0.370936 -0.370686
4.59231 3.07205e-06 -0.373418 -0.373171
4.60232 3.05196e-06 -0.375861 -0.375618
4.61232 3.03243e-06 -0.378268 -0.378028
4.62232 3.01348e-06 -0.380636 -0.380401
4.63232 2.99503e-06 -0.382967 -0.382735
4.64232 2.97712e-06 -0.385258 -0.385031
4.65232 2.95972e-06 -0.387512 -0.387288
4.66232 2.94281e-06 -0.389727 -0.389507
4.67232 2.92638e-06 -0.391902 -0.391686
4.68233 2.91042e-06 -0.394039 -0.393827
4.69233 2.89492e-06 -0.396137 -0.395929
4.70233 2.87991e-06 -0.398195 -0.397991
4.71233 2.86531e-06 -0.400213 -0.400013
4.72233 2.85112e-06 -0.402191 -0.401995
4.73233 2.83737e-06 -0.404128 -0.403936
4.74233 2.82406e-06 -0.406026 -0.405837
4.75234 2.81109e-06 -0.407883 -0.407699
4.76234 2.79862e-06 -0.409699 -0.409519
4.77234 2.78644e-06 -0.411474 -0.411298
4.78234 2.77471e-06 -0.413208 -0.413036
4.79234 2.7633e-06 -0.414901 -0.414733
4.80235 2.75233e-06 -0.416552 -0.416389
4.81235 2.74168e-06 -0.418162 -0.418002
4.82235 2.73138e-06 -0.419729 -0.419574
4.83235 2.72143e-06 -0.421255 -0.421104
4.84235 2.71178e-06 -0.422739 -0.422592
4.85235 2.70253e-06 -0.42418 -0.424038
4.86235 2.69361e-06 -0.425579 -0.425441
4.87236 2.68501e-06 -0.426936 -0.426802
4.88236 2.67672e-06 -0.428249 -0.42812
4.89236 2.66874e-06 -0.42952 -0.429395
4.90236 2.66108e-06 -0.430748 -0.430627
4.91236 2.65376e-06 -0.431934 -0.431817
4.92236 2.64669e-06 -0.433075 -0.432963
4.93237 2.63995e-06 -0.434174 -0.434066
4.94237 2.63354e-06 -0.435229 -0.435125
4.95237 2.62736e-06 -0.43624 -0.436141
4.96237 2.62153e-06 -0.437208 -0.437113
4.97237 2.61595e-06 -0.438133 -0.438042
4.98237 2.61067e-06 -0.439013 -0.438927
4.99237 2.60562e-06 -0.439849 -0.439768
5.00238 2.60095e-06 -0.440642 -0.440565
5.01238 2.59647e-06 -0.441391 -0.441318
5.02238 2.59232e-06 -0.442095 -0.442026
5.03238 2.5884e-06 -0.442755 -0.442691
5.04238 2.5848e-06 -0.443371 -0.443311
5.05239 2.58143e-06 -0.443942 -0.443887
5.06239 2.57831e-06 -0.44447 -0.444419
5.07239 2.57549e-06 -0.444952 -0.444906
5.08239 2.57293e-06 -0.445391 -0.445348
5.09239 2.57065e-06 -0.445784 -0.445747
5.10239 2.56861e-06 -0.446133 -0.4461
5.11239 2.56679e-06 -0.446438 -0.446409
5.1224 2.5653e-06 -0.446698 -0.446673
5.1324 2.56403e-06 -0.446913 -0.446893
5.1424 2.56301e-06 -0.447083 -0.447068
5.1524 2.56225e-06 -0.447209 -0.447198
5.1624 2.56177e-06 -0.44729 -0.447284
5.1724 2.56152e-06 -0.447326 -0.447325
5.1824 2.56155e-06 -0.447318 -0.447321
5.1924 2.56184e-06 -0.447265 -0.447272
5.20241 2.56238e-06 -0.447167 -0.447179
5.21241 2.56315e-06 -0.447024 -0.44704
5.22241 2.56419e-06 -0.446837 -0.446858
5.23241 2.56553e-06 -0.446605 -0.44663
5.24241 2.56705e-06 -0.446329 -0.446358
5.25241 2.5689e-06 -0.446007 -0.446041
5.26241 2.57098e-06 -0.445641 -0.44568
5.27241 2.5733e-06 -0.445231 -0.445274
5.28242 2.57593e-06 -0.444776 -0.444823
5.29242 2.57883e-06 -0.444277 -0.444328
5.30242 2.58195e-06 -0.443733 -0.443789
5.31242 2.58535e-06 -0.443145 -0.443205
5.32242 2.58902e-06 -0.442512 -0.442577
5.33242 2.59297e-06 -0.441835 -0.441905
5.34242 2.59718e-06 -0.441114 -0.441188
5.35243 2.60168e-06 -0.440349 -0.440427
5.36243 2.60645e-06 -0.43954 -0.439623
5.37243 2.61146e-06 -0.438687 -0.438774
5.38243 2.61678e-06 -0.43779 -0.437881
5.39243 2.62242e-06 -0.436849 -0.436945
5.40243 2.62831e-06 -0.435865 -0.435965
5.41244 2.63453e-06 -0.434836 -0.434941
5.42244 2.641e-06 -0.433765 -0.433874
5.43244 2.64775e-06 -0.43265 -0.432763
5.44244 2.65487e-06 -0.431492 -0.431609
5.45244 2.66224e-06 -0.430291 -0.430412
5.46244 2.66993e-06 -0.429046 -0.429172
5.47244 2.67796e-06 -0.427759 -0.42789
5.48244 2.68631e-06 -0.426429 -0.426564
5.49244 2.69495e-06 -0.425056 -0.425195
5.50245 2.70392e-06 -0.423641 -0.423784
5.51245 2.71324e-06 -0.422183 -0.422331
5.52245 2.7229e-06 -0.420684 -0.420835
5.53245 2.73289e-06 -0.419142 -0.419298
5.54245 2.74323e-06 -0.417558 -0.417718
5.55246 2.75395e-06 -0.415932 -0.416096
5.56246 2.76496e-06 -0.414265 -0.414434
5.57246 2.77639e-06 -0.412557 -0.412729
5.58246 2.78824e-06 -0.410807 -0.410983
5.59246 2.8004e-06 -0.409016 -0.409197
5.60246 2.81301e-06 -0.407184 -0.407369
5.61246 2.82597e-06 -0.405312 -0.405501
5.62246 2.83935e-06 -0.403399 -0.403592
5.63246 2.8531e-06 -0.401445 -0.401642
5.64247 2.86732e-06 -0.399451 -0.399652
5.65247 2.88199e-06 -0.397418 -0.397623
5.66247 2.8971e-06 -0.395345 -0.395554
5.67247 2.91262e-06 -0.393232 -0.393445
5.68247 2.9286e-06 -0.39108 -0.391297
5.69247 2.9451e-06 -0.388889 -0.389109
5.70247 2.96207e-06 -0.386659 -0.386883
5.71248 2.97953e-06 -0.38439 -0.384618
5.72248 2.99747e-06 -0.382082 -0.382314
5.73248 3.01595e-06 -0.379737 -0.379973
5.74248 3.03502e-06 -0.377353 -0.377593
5.75248 3.05457e-06 -0.374932 -0.375175
5.76248 3.07471e-06 -0.372473 -0.37272
5.77249 3.09542e-06 -0.369977 -0.370228
5.78249 3.11674e-06 -0.367444 -0.367699
5.79249 3.13864e-06 -0.364874 -0.365132
5.80249 3.16122e-06 -0.362268 -0.36253
5.81249 3.1844e-06 -0.359626 -0.359891
5.82249 3.20827e-06 -0.356947 -0.357216
5.8325 3.23281e-06 -0.354233 -0.354505
5.8425 3.2581e-06 -0.351483 -0.351759
5.8525 3.28409e-06 -0.348698 -0.348978
5.8625 3.31082e-06 -0.345878 -0.346162
5.8725 3.33832e-06 -0.343024 -0.343311
5.8825 3.36662e-06 -0.340136 -0.340426
5.8925 3.39581e-06 -0.337214 -0.337507
5.9025 3.42579e-06 -0.334258 -0.334555
5.91251 3.45668e-06 -0.331268 -0.331568
5.92251 3.48845e-06 -0.328245 -0.328549
5.93251 3.52122e-06 -0.325189 -0.325496
5.94251 3.55493e-06 -0.322101 -0.322411
5.95251 3.58965e-06 -0.31898 -0.319293
5.96252 3.62546e-06 -0.315827 -0.316144
5.97252 3.66233e-06 -0.312643 -0.312963
5.98252 3.70035e-06 -0.309428 -0.30975
5.99252 3.73955e-06 -0.306181 -0.306507
6.00252 3.77998e-06 -0.302905 -0.303234
6.01253 3.82165e-06 -0.299597 -0.299929
6.02253 3.86468e-06 -0.296259 -0.296594
6.03253 3.909e-06 -0.292893 -0.293231
6.04253 3.95484e-06 -0.289497 -0.289837
6.05254 4.00213e-06 -0.286072 -0.286415
6.06254 4.05098e-06 -0.282618 -0.282965
6.07254 4.10146e-06 -0.279136 -0.279485
6.08254 4.15363e-06 -0.275627 -0.275979
6.09254 4.20755e-06 -0.272089 -0.272443
6.10255 4.26336e-06 -0.268523 -0.268881
6.11255 4.32111e-06 -0.264932 -0.265293
6.12255 4.38087e-06 -0.261314 -0.261677
6.13255 4.44273e-06 -0.25767 -0.258036
6.14255 4.50686e-06 -0.254001 -0.254369
6.15255 4.57331e-06 -0.250306 -0.250676
6.16256 4.64221e-06 -0.246585 -0.246958
6.17256 4.71374e-06 -0.24284 -0.243216
6.18256 4.78798e-06 -0.23907 -0.239448
6.19257 4.86511e-06 -0.235276 -0.235656
6.20257 4.94521e-06 -0.231459 -0.231842
6.21257 5.02857e-06 -0.227619 -0.228004
6.22257 5.11525e-06 -0.223757 -0.224144
6.23257 5.20552e-06 -0.219872 -0.220261
6.24258 5.29961e-06 -0.215964 -0.216355
6.25258 5.39766e-06 -0.212035 -0.212429
6.26258 5.50001e-06 -0.208085 -0.208481
6.27258 5.60682e-06 -0.204115 -0.204513
6.28259 5.71856e-06 -0.200122 -0.200522
6.29259 5.83539e-06 -0.19611 -0.196512
6.3026 5.95773e-06 -0.192078 -0.192482
6.3126 6.08585e-06 -0.188028 -0.188434
6.3226 6.22028e-06 -0.183959 -0.184366
6.3326 6.36141e-06 -0.179872 -0.180281
6.34261 6.50983e-06 -0.175765 -0.176176
6.35261 6.66604e-06 -0.171641 -0.172053
6.36262 6.83061e-06 -0.167499 -0.167913
6.37262 7.00415e-06 -0.163342 -0.163759
6.38263 7.18752e-06 -0.159169 -0.159587
6.39263 7.38159e-06 -0.154977 -0.155397
6.40264 7.58715e-06 -0.150772 -0.151193
6.41264 7.80524e-06 -0.146552 -0.146974
6.42264 8.03705e-06 -0.142317 -0.142741
6.43264 8.28391e-06 -0.138068 -0.138494
6.44265 8.54736e-06 -0.133805 -0.134232
6.45265 8.82907e-06 -0.129528 -0.129956
6.46266 9.13077e-06 -0.12524 -0.125669
6.47266 9.45495e-06 -0.120937 -0.121367
6.48266 9.80387e-06 -0.116624 -0.117055
6.49267 1.01809e-05 -0.112296 -0.112729
6.50268 1.05891e-05 -0.107957 -0.108391
6.51269 1.10325e-05 -0.103608 -0.104043
6.52269 1.15158e-05 -0.0992485 -0.0996846
6.5327 1.20448e-05 -0.0948784 -0.0953154
6.54271 1.26262e-05 -0.0904975 -0.0909355
6.55271 1.32674e-05 -0.0861116 -0.0865505
6.56272 1.3979e-05 -0.0817152 -0.0821549
6.57273 1.47733e-05 -0.0773077 -0.0777482
6.58274 1.56642e-05 -0.0728956 -0.0733369
6.59275 1.66723e-05 -0.0684721 -0.0689141
6.60276 1.78202e-05 -0.0640443 -0.0644869
6.61277 1.91391e-05 -0.0596125 -0.0600557
6.62279 2.06733e-05 -0.0551682 -0.055612
6.6328 2.24767e-05 -0.0507196 -0.051164
6.64282 2.46267e-05 -0.0462671 -0.046712
6.65283 2.72334e-05 -0.041811 -0.0422563
6.66283 3.04593e-05 -0.0373516 -0.0377973
6.67284 3.45539e-05 -0.0328894 -0.0333355
6.68285 3.99214e-05 -0.0284248 -0.0288712
6.69285 4.72614e-05 -0.0239586 -0.0244052
6.7029 5.79726e-05 -0.0194661 -0.019913
6.71291 7.48199e-05 -0.0149947 -0.0154417
6.723 0.000105697 -0.0104819 -0.0109291
6.73315 0.000179211 -0.00594258 -0.00638984
6.7432 0.000504883 -0.00144904 -0.00189634
6.75358 0.000504292 0.00319378 0.00274648
6.76359 0.000157961 0.00767376 0.00722651
6.77364 9.68578e-05 0.0121682 0.0117211
6.78371 7.00168e-05 0.0166675 0.0162205
6.79373 5.49141e-05 0.0211478 0.0207009
6.80374 4.5198e-05 0.0256196 0.025173
6.81375 3.84146e-05 0.0300864 0.0296401
6.82375 3.34075e-05 0.0345493 0.0341033
6.83375 2.95589e-05 0.0390088 0.0385632
6.84376 2.65081e-05 0.0434649 0.0430196
6.85377 2.40303e-05 0.0479174 0.0474726
6.86377 2.1978e-05 0.0523661 0.0519218
6.87379 2.02502e-05 0.0568108 0.056367
6.8838 1.87757e-05 0.0612511 0.0608079
6.8938 1.75047e-05 0.065679 0.0652365
6.90381 1.63959e-05 0.070103 0.0696612
6.91382 1.54201e-05 0.0745225 0.0740814
6.92382 1.45561e-05 0.0789307 0.0784903
6.93383 1.37845e-05 0.0833341 0.0828946
6.94384 1.30923e-05 0.0877266 0.0872879
6.95384 1.24677e-05 0.0921085 0.0916707
6.96385 1.19007e-05 0.0964852 0.0960484
6.97385 1.13842e-05 0.100851 0.100415
6.98386 1.09118e-05 0.105207 0.104772
6.99387 1.0478e-05 0.109551 0.109118
7.00387 1.00784e-05 0.113886 0.113453
7.01388 9.70895e-06 0.118209 0.117778
7.02388 9.3668e-06 0.122518 0.122088
7.03389 9.04872e-06 0.126816 0.126387
7.04389 8.75247e-06 0.1311 0.130672
7.0539 8.4757e-06 0.135373 0.134946
7.0639 8.21675e-06 0.139631 0.139206
7.07391 7.97397e-06 0.143875 0.143451
7.08391 7.74586e-06 0.148105 0.147682
7.09391 7.53115e-06 0.15232 0.151899
7.10392 7.32873e-06 0.15652 0.156101
7.11392 7.13767e-06 0.160703 0.160286
7.12393 6.9569e-06 0.164872 0.164456
7.13393 6.7858e-06 0.169023 0.168608
7.14393 6.62358e-06 0.173156 0.172744
7.15393 6.46955e-06 0.177273 0.176862
7.16394 6.32315e-06 0.181371 0.180962
7.17394 6.18377e-06 0.185453 0.185045
7.18394 6.05109e-06 0.189514 0.189109
7.19394 5.92449e-06 0.193558 0.193155
7.20395 5.80367e-06 0.197582 0.197181
7.21395 5.68826e-06 0.201586 0.201187
7.22395 5.57786e-06 0.20557 0.205173
7.23396 5.47221e-06 0.209535 0.209139
7.24396 5.37103e-06 0.213477 0.213083
7.25396 5.27406e-06 0.217397 0.217006
7.26396 5.181e-06 0.221297 0.220908
7.27397 5.09166e-06 0.225175 0.224788
7.28397 5.0059e-06 0.229029 0.228644
7.29397 4.92342e-06 0.23286 0.232478
7.30397 4.8441e-06 0.236668 0.236288
7.31397 4.7678e-06 0.240452 0.240075
7.32398 4.6943e-06 0.244212 0.243837
7.33398 4.62349e-06 0.247948 0.247576
7.34398 4.55523e-06 0.25166 0.25129
7.35398 4.48939e-06 0.255346 0.254979
7.36399 4.42589e-06 0.259007 0.258642
7.37399 4.36455e-06 0.262642 0.26228
7.38399 4.30536e-06 0.26625 0.26589
7.39399 4.24812e-06 0.269832 0.269474
7.40399 4.19284e-06 0.273386 0.273032
7.414 4.13936e-06 0.276914 0.276562
7.424 4.08765e-06 0.280414 0.280065
7.434 4.03758e-06 0.283885 0.283539
7.444 3.98919e-06 0.287328 0.286985
7.454 3.94228e-06 0.290742 0.290402
7.46401 3.89684e-06 0.294128 0.29379
7.47401 3.85288e-06 0.297483 0.297149
7.48401 3.81021e-06 0.30081 0.300478
7.49401 3.7689e-06 0.304105 0.303777
7.50401 3.72882e-06 0.307371 0.307046
7.51401 3.68991e-06 0.310605 0.310283
7.52402 3.65221e-06 0.313809 0.31349
7.53402 3.61562e-06 0.316981 0.316665
7.54402 3.58014e-06 0.320122 0.319809
7.55402 3.54565e-06 0.32323 0.322921
7.56402 3.51222e-06 0.326306 0.326
7.57402 3.47972e-06 0.32935 0.329047
7.58402 3.44818e-06 0.33236 0.33206
7.59402 3.41752e-06 0.335338 0.335041
7.60402 3.38775e-06 0.338281 0.337988
7.61403 3.35887e-06 0.341191 0.340902
7.62403 3.33076e-06 0.344067 0.343781
7.63403 3.30341e-06 0.346908 0.346625
7.64403 3.27686e-06 0.349715 0.349436
7.65403 3.2511e-06 0.352486 0.352211
7.66403 3.22603e-06 0.355223 0.354951
7.67403 3.20166e-06 0.357924 0.357655
7.68403 3.17798e-06 0.360589 0.360324
7.69404 3.15494e-06 0.363219 0.362957
7.70404 3.13254e-06 0.365811 0.365553
7.71404 3.11079e-06 0.368367 0.368113
7.72404 3.08963e-06 0.370886 0.370636
7.73404 3.06908e-06 0.373369 0.373122
7.74404 3.04908e-06 0.375814 0.375571
7.75405 3.02961e-06 0.378222 0.377982
7.76405 3.01078e-06 0.380591 0.380356
7.77405 2.99242e-06 0.382923 0.382691
7.78405 2.9746e-06 0.385215 0.384988
7.79405 2.95725e-06 0.38747 0.387246
7.80405 2.94042e-06 0.389686 0.389466
7.81406 2.92407e-06 0.391863 0.391647
7.82406 2.90819e-06 0.394 0.393788
7.83406 2.89274e-06 0.396099 0.39589
7.84406 2.87778e-06 0.398157 0.397953
7.85406 2.86323e-06 0.400175 0.399975
7.86406 2.84913e-06 0.402154 0.401958
7.87406 2.83546e-06 0.404093 0.403901
7.88407 2.82221e-06 0.405991 0.405803
7.89407 2.80933e-06 0.407849 0.407665
7.90407 2.79685e-06 0.409665 0.409485
7.91407 2.78472e-06 0.411441 0.411265
7.92407 2.77305e-06 0.413176 0.413004
7.93407 2.76172e-06 0.414869 0.414701
7.94407 2.75074e-06 0.416521 0.416357
7.95408 2.74013e-06 0.418131 0.417971
7.96408 2.72986e-06 0.419699 0.419544
7.97408 2.71995e-06 0.421225 0.421074
7.98408 2.7104e-06 0.422709 0.422563
7.99408 2.70118e-06 0.424151 0.424008
8.00408 2.69227e-06 0.42555 0.425412
8.01409 2.68369e-06 0.426907 0.426773
8.02409 2.67544e-06 0.428221 0.428092
8.03409 2.66753e-06 0.429493 0.429367
8.04409 2.65991e-06 0.430721 0.4306
8.05409 2.6526e-06 0.431906 0.431789
8.06409 2.64559e-06 0.433048 0.432936
8.07409 2.63888e-06 0.434147 0.434039
8.08409 2.63245e-06 0.435202 0.435098
8.0941 2.62633e-06 0.436214 0.436115
8.1041 2.62048e-06 0.437182 0.437087
8.1141 2.61496e-06 0.438106 0.438016
8.1241 2.60971e-06 0.438987 0.438901
8.1341 2.60475e-06 0.439824 0.439742
8.1441 2.60004e-06 0.440616 0.440539
8.1541 2.59561e-06 0.441365 0.441292
8.1641 2.59142e-06 0.442069 0.442001
8.17411 2.58757e-06 0.44273 0.442665
8.18411 2.58395e-06 0.443346 0.443286
8.19411 2.5806e-06 0.443917 0.443862
8.20411 2.57755e-06 0.444444 0.444393
8.21411 2.57475e-06 0.444927 0.444881
8.22411 2.57217e-06 0.445365 0.445323
8.23411 2.56992e-06 0.445759 0.445721
8.24411 2.56789e-06 0.446108 0.446075
8.25411 2.56608e-06 0.446413 0.446384
8.26412 2.56462e-06 0.446672 0.446648
8.27412 2.56336e-06 0.446888 0.446868
8.28412 2.56237e-06 0.447058 0.447043
8.29412 2.56165e-06 0.447184 0.447173
8.30412 2.56113e-06 0.447265 0.447258
8.31412 2.56095e-06 0.447301 0.447299
8.32412 2.56099e-06 0.447293 0.447295
8.33412 2.56125e-06 0.447239 0.447246
8.34413 2.56182e-06 0.447141 0.447153
8.35413 2.56264e-06 0.446999 0.447015
8.36413 2.56368e-06 0.446811 0.446832
8.37413 2.565e-06 0.446579 0.446604
8.38413 2.56657e-06 0.446303 0.446332
8.39413 2.56841e-06 0.445981 0.446015
8.40413 2.57053e-06 0.445615 0.445654
8.41413 2.5729e-06 0.445205 0.445248
8.42413 2.57549e-06 0.44475 0.444797
8.43413 2.57837e-06 0.44425 0.444302
8.44413 2.58154e-06 0.443706 0.443762
8.45414 2.58493e-06 0.443118 0.443178
8.46414 2.5886e-06 0.442485 0.44255
8.47414 2.59258e-06 0.441808 0.441877
8.48414 2.5968e-06 0.441087 0.441161
8.49414 2.60128e-06 0.440321 0.4404
8.50414 2.60609e-06 0.439512 0.439595
8.51415 2.61111e-06 0.438659 0.438746
8.52415 2.61644e-06 0.437762 0.437853
8.53415 2.62207e-06 0.436821 0.436917
8.54415 2.62799e-06 0.435836 0.435936
8.55415 2.63419e-06 0.434808 0.434913
8.56415 2.64072e-06 0.433736 0.433845
8.57415 2.6475e-06 0.432621 0.432734
8.58415 2.65457e-06 0.431463 0.43158
8.59415 2.66198e-06 0.430261 0.430383
8.60416 2.66969e-06 0.429017 0.429143
8.61416 2.6777e-06 0.427729 0.427859
8.62416 2.68603e-06 0.426399 0.426533
8.63416 2.6947e-06 0.425026 0.425165
8.64416 2.70371e-06 0.423611 0.423754
8.65416 2.71304e-06 0.422153 0.4223
8.66416 2.72269e-06 0.420653 0.420804
8.67417 2.73268e-06 0.41911 0.419266
8.68417 2.74305e-06 0.417526 0.417686
8.69417 2.75373e-06 0.415901 0.416065
8.70417 2.76478e-06 0.414233 0.414401
8.71417 2.77626e-06 0.412524 0.412697
8.72417 2.78807e-06 0.410774 0.410951
8.73417 2.80025e-06 0.408983 0.409164
8.74418 2.81283e-06 0.407151 0.407336
8.75418 2.82583e-06 0.405278 0.405467
8.76418 2.83923e-06 0.403365 0.403558
8.77418 2.85299e-06 0.401411 0.401608
8.78418 2.86721e-06 0.399417 0.399618
8.79418 2.88187e-06 0.397384 0.397589
8.80418 2.89696e-06 0.39531 0.395519
8.81418 2.91254e-06 0.393197 0.39341
8.82418 2.92854e-06 0.391045 0.391261
8.83419 2.94501e-06 0.388853 0.389073
8.84419 2.962e-06 0.386622 0.386847
8.85419 2.97942e-06 0.384353 0.384582
8.86419 2.99746e-06 0.382045 0.382278
8.87419 3.01596e-06 0.3797 0.379936
8.88419 3.03496e-06 0.377316 0.377556
8.8942 3.05454e-06 0.374894 0.375138
8.9042 3.07469e-06 0.372435 0.372682
8.9142 3.09541e-06 0.369939 0.37019
8.9242 3.11674e-06 0.367405 0.36766
8.9342 3.13868e-06 0.364835 0.365094
8.9442 3.16121e-06 0.362229 0.362491
8.9542 3.18445e-06 0.359586 0.359852
8.96421 3.20831e-06 0.356908 0.357177
8.97421 3.2329e-06 0.354193 0.354466
8.98421 3.25815e-06 0.351443 0.351719
8.99421 3.28417e-06 0.348657 0.348937
9.00422 3.31093e-06 0.345837 0.346121
9.01422 3.33844e-06 0.342983 0.34327
9.02422 3.36675e-06 0.340095 0.340385
9.03422 3.39591e-06 0.337172 0.337465
9.04422 3.42591e-06 0.334215 0.334512
9.05422 3.45682e-06 0.331226 0.331526
9.06422 3.48861e-06 0.328203 0.328506
9.07422 3.52137e-06 0.325146 0.325453
9.08423 3.55515e-06 0.322058 0.322368
9.09423 3.58984e-06 0.318937 0.31925
9.10423 3.62567e-06 0.315784 0.316101
9.11423 3.66253e-06 0.3126 0.312919
9.12423 3.70062e-06 0.309384 0.309707
9.13424 3.73977e-06 0.306137 0.306463
9.14424 3.78021e-06 0.30286 0.303189
9.15424 3.82191e-06 0.299553 0.299885
9.16424 3.8649e-06 0.296216 0.296551
9.17424 3.90931e-06 0.292849 0.293187
9.18424 3.95514e-06 0.289453 0.289793
9.19425 4.00246e-06 0.286027 0.286371
9.20425 4.05131e-06 0.282573 0.28292
9.21425 4.10185e-06 0.27909 0.27944
9.22425 4.15401e-06 0.27558 0.275933
9.23425 4.20793e-06 0.272043 0.272398
9.24425 4.26377e-06 0.268479 0.268836
9.25425 4.32152e-06 0.264887 0.265248
9.26426 4.38128e-06 0.261269 0.261631
9.27426 4.4432e-06 0.257624 0.25799
9.28426 4.50735e-06 0.253954 0.254322
9.29426 4.57384e-06 0.250258 0.250629
9.30427 4.6428e-06 0.246537 0.24691
9.31427 4.71434e-06 0.242792 0.243167
9.32427 4.78859e-06 0.239022 0.2394
9.33427 4.86571e-06 0.235229 0.235609
9.34427 4.94589e-06 0.231412 0.231795
9.35428 5.02926e-06 0.227571 0.227956
9.36428 5.11602e-06 0.223708 0.224095
9.37428 5.20632e-06 0.219823 0.220212
9.38428 5.30041e-06 0.215916 0.216307
9.39429 5.39853e-06 0.211986 0.21238
9.40429 5.50094e-06 0.208035 0.208431
9.41429 5.60784e-06 0.204064 0.204462
9.4243 5.71956e-06 0.200073 0.200473
9.4343 5.83641e-06 0.196062 0.196464
9.4443 5.95875e-06 0.192031 0.192435
9.4543 6.08696e-06 0.187981 0.188387
9.46431 6.22148e-06 0.18391 0.184318
9.47431 6.36273e-06 0.179823 0.180232
9.48431 6.51114e-06 0.175717 0.176129
9.49431 6.66734e-06 0.171595 0.172008
9.50431 6.83192e-06 0.167455 0.167869
9.51432 7.00558e-06 0.163298 0.163714
9.52432 7.18907e-06 0.159123 0.159541
9.53432 7.38312e-06 0.154934 0.155353
9.54433 7.58885e-06 0.150727 0.151148
9.55434 7.80709e-06 0.146506 0.146928
9.56434 8.03913e-06 0.14227 0.142694
9.57435 8.28621e-06 0.13802 0.138446
9.58435 8.54987e-06 0.133756 0.134182
9.59435 8.83162e-06 0.129481 0.129909
9.60436 9.13362e-06 0.125191 0.12562
9.61437 9.45812e-06 0.120887 0.121317
9.62437 9.80743e-06 0.116572 0.117004
9.63437 1.01845e-05 0.112247 0.11268
9.64437 1.05927e-05 0.107911 0.108345
9.65438 1.10366e-05 0.10356 0.103995
9.6644 1.15206e-05 0.0991989 0.099635
9.6744 1.20496e-05 0.0948321 0.0952691
9.6844 1.2631e-05 0.0904549 0.0908929
9.6944 1.3273e-05 0.0860672 0.0865061
9.70442 1.39856e-05 0.0816687 0.0821084
9.71442 1.47798e-05 0.0772655 0.077706
9.72443 1.56721e-05 0.0728513 0.0732926
9.73443 1.668e-05 0.0684328 0.0688748
9.74445 1.78297e-05 0.0640027 0.0644453
9.75446 1.91509e-05 0.0595683 0.0600116
9.76446 2.06849e-05 0.0551302 0.0555741
9.77448 2.24916e-05 0.0506789 0.0511233
9.7845 2.46464e-05 0.0462232 0.046668
9.79452 2.72601e-05 0.0417631 0.0422084
9.80454 3.04969e-05 0.0372988 0.0377445
9.81456 3.46089e-05 0.0328303 0.0332764
9.82459 4.00065e-05 0.0283575 0.0288039
9.83461 4.74029e-05 0.02388 0.0243266
9.84465 5.81579e-05 0.0193969 0.0198438
9.85469 7.52194e-05 0.014907 0.015354
9.86476 0.00010636 0.0104078 0.0108549
9.87483 0.000180183 0.00590124 0.0063485
9.88504 0.00052481 0.00133708 0.00178438
9.89528 0.000482295 -0.0032457 -0.00279841
9.90538 0.000156124 -0.00776191 -0.00731466
9.91545 9.60847e-05 -0.0122676 -0.0118204
9.92546 6.97241e-05 -0.0167409 -0.0162939
9.93551 5.47085e-05 -0.0212309 -0.0207841
9.94553 4.50475e-05 -0.025709 -0.0252624
9.95555 3.83001e-05 -0.0301802 -0.0297339
9.96556 3.33177e-05 -0.0346463 -0.0342003
9.97557 2.94866e-05 -0.0391082 -0.0386626
9.98558 2.64488e-05 -0.0435662 -0.043121
9.99559 2.39808e-05 -0.0480202 -0.0475755
10 1.80493e-05 -0.0499818684453536 -0.0495373169826214
