0 0.001 -1 1
0.0100002 1.82366e-07 -0.982097 -0.983984
0.0200026 3.95311e-06 -0.962478 -0.964427
0.0300057 4.02976e-06 -0.943146 -0.945068
0.0400057 4.11075e-06 -0.924105 -0.925998
0.0500072 4.19321e-06 -0.90534 -0.907205
0.0600101 4.27717e-06 -0.886845 -0.888683
0.0700145 4.36263e-06 -0.868615 -0.870426
0.0800157 4.44958e-06 -0.850653 -0.852438
0.0900184 4.53808e-06 -0.832946 -0.834706
0.100023 4.62814e-06 -0.815488 -0.817223
0.110024 4.71972e-06 -0.798282 -0.799993
0.120028 4.81291e-06 -0.781315 -0.783002
0.13003 4.90766e-06 -0.764589 -0.766252
0.140031 5.00399e-06 -0.7481 -0.749739
0.150035 5.10198e-06 -0.731832 -0.733449
0.160039 5.20158e-06 -0.715789 -0.717384
0.170044 5.30283e-06 -0.699966 -0.701538
0.180045 5.40568e-06 -0.684364 -0.685915
0.190049 5.51021e-06 -0.668969 -0.6705
0.200052 5.61636e-06 -0.653785 -0.655295
0.210054 5.7242e-06 -0.638806 -0.640295
0.220056 5.8337e-06 -0.624025 -0.625494
0.230062 5.94491e-06 -0.609436 -0.610886
0.240066 6.05778e-06 -0.595043 -0.596474
0.250069 6.17233e-06 -0.580838 -0.582251
0.260075 6.28858e-06 -0.566817 -0.568211
0.270078 6.40649e-06 -0.552981 -0.554357
0.280081 6.52606e-06 -0.539325 -0.540683
0.290086 6.64733e-06 -0.525841 -0.527182
0.300088 6.77024e-06 -0.512533 -0.513857
0.310091 6.89482e-06 -0.499394 -0.500701
0.320096 7.02108e-06 -0.486417 -0.487708
0.330099 7.14898e-06 -0.473606 -0.47488
0.340105 7.27852e-06 -0.460953 -0.462211
0.350107 7.40965e-06 -0.448461 -0.449703
0.360109 7.54238e-06 -0.436123 -0.43735
0.370116 7.67676e-06 -0.423932 -0.425144
0.380121 7.8127e-06 -0.411891 -0.413089
0.390123 7.95013e-06 -0.400003 -0.401185
0.400123 8.08907e-06 -0.388259 -0.389428
0.410126 8.22955e-06 -0.376654 -0.377808
0.420127 8.37149e-06 -0.365189 -0.36633
0.430132 8.51492e-06 -0.353858 -0.354985
0.440136 8.65975e-06 -0.342662 -0.343775
0.450144 8.80602e-06 -0.331594 -0.332695
0.460151 8.95364e-06 -0.320657 -0.321745
0.470154 9.1025e-06 -0.309853 -0.310928
0.480157 9.25264e-06 -0.299174 -0.300236
0.490166 9.40409e-06 -0.288612 -0.289663
0.500168 9.55662e-06 -0.278181 -0.279219
0.510177 9.71039e-06 -0.267861 -0.268888
0.52018 9.86518e-06 -0.257666 -0.258681
0.530182 1.0021e-05 -0.247588 -0.248591
0.540191 1.01779e-05 -0.237617 -0.238609
0.550191 1.03356e-05 -0.227768 -0.228748
0.560199 1.04943e-05 -0.218021 -0.218991
0.570202 1.06537e-05 -0.208389 -0.209348
0.580206 1.0814e-05 -0.198863 -0.199811
0.590207 1.09748e-05 -0.189447 -0.190384
0.600212 1.11364e-05 -0.18013 -0.181057
0.610218 1.12985e-05 -0.170916 -0.171833
0.620221 1.14611e-05 -0.161806 -0.162713
0.630228 1.16242e-05 -0.152792 -0.153688
0.640237 1.17877e-05 -0.143875 -0.144762
0.650242 1.19514e-05 -0.135058 -0.135935
0.660254 1.21155e-05 -0.126332 -0.127199
0.670256 1.22795e-05 -0.117709 -0.118567
0.680257 1.24436e-05 -0.10918 -0.110029
0.690264 1.26077e-05 -0.100737 -0.101577
0.700277 1.27719e-05 -0.0923816 -0.0932125
0.710277 1.29357e-05 -0.0841258 -0.0849478
0.720287 1.30994e-05 -0.0759502 -0.0767634
0.730292 1.32627e-05 -0.067867 -0.0686715
0.7403 1.34256e-05 -0.0598673 -0.0606632
0.750308 1.35881e-05 -0.0519526 -0.05274
0.760314 1.375e-05 -0.0441245 -0.0449035
0.770328 1.39114e-05 -0.0363739 -0.0371446
0.780332 1.40719e-05 -0.0287129 -0.0294754
0.790337 1.42316e-05 -0.0211324 -0.0218868
0.80034 1.43904e-05 -0.0136339 -0.0143803
0.810353 1.45484e-05 -0.00620793 -0.0069464
0.820358 1.47053e-05 0.00113323 0.000402592
0.830366 1.48611e-05 0.00839895 0.00767608
0.840375 1.50158e-05 0.0155879 0.0148727
0.850381 1.51691e-05 0.0226987 0.0219911
0.860382 1.53211e-05 0.0297301 0.0290301
0.87039 1.54718e-05 0.0366916 0.035999
0.880402 1.56212e-05 0.0435818 0.0428966
0.890416 1.5769e-05 0.0503997 0.0497217
0.900428 1.59152e-05 0.0571438 0.0564731
0.910436 1.60598e-05 0.0638132 0.0631497
0.920438 1.62025e-05 0.0704067 0.0697502
0.930446 1.63436e-05 0.0769337 0.0762844
0.940458 1.6483e-05 0.0833933 0.082751
0.950472 1.66205e-05 0.0897844 0.0891489
0.960485 1.67561e-05 0.0961058 0.0954772
0.970495 1.68898e-05 0.102357 0.101735
0.980499 1.70213e-05 0.108536 0.107921
0.990511 1.7151e-05 0.114653 0.114045
1.00051 1.72784e-05 0.120697 0.120096
1.01052 1.74038e-05 0.126677 0.126082
1.02053 1.75271e-05 0.132592 0.132004
1.03053 1.76483e-05 0.138442 0.13786
1.04054 1.77673e-05 0.144225 0.14365
1.05054 1.7884e-05 0.149941 0.149372
1.06055 1.79986e-05 0.1556 0.155037
1.07055 1.81109e-05 0.161189 0.160633
1.08056 1.8221e-05 0.166719 0.166169
1.09058 1.8329e-05 0.172189 0.171646
1.1006 1.84347e-05 0.177598 0.177061
1.1106 1.8538e-05 0.182936 0.182405
1.1206 1.8639e-05 0.188212 0.187687
1.13062 1.87379e-05 0.193435 0.192916
1.14063 1.88345e-05 0.198594 0.198082
1.15064 1.89289e-05 0.20369 0.203183
1.16065 1.90211e-05 0.208731 0.20823
1.17066 1.9111e-05 0.213707 0.213212
1.18068 1.91988e-05 0.218626 0.218138
1.19069 1.92843e-05 0.22348 0.222998
1.2007 1.93677e-05 0.228277 0.227801
1.21071 1.94489e-05 0.233017 0.232546
1.22073 1.95281e-05 0.237699 0.237234
1.23075 1.96052e-05 0.242322 0.241863
1.24077 1.96802e-05 0.246886 0.246433
1.25078 1.97532e-05 0.251392 0.250944
1.2608 1.98242e-05 0.255838 0.255396
1.27081 1.98931e-05 0.260224 0.259788
1.28081 1.99602e-05 0.264549 0.264119
1.29083 2.00254e-05 0.268824 0.268399
1.30083 2.00887e-05 0.273037 0.272618
1.31085 2.01503e-05 0.277198 0.276785
1.32086 2.021e-05 0.281298 0.28089
1.33088 2.02681e-05 0.285344 0.284942
1.34089 2.03244e-05 0.289329 0.288933
1.3509 2.03791e-05 0.29326 0.29287
1.36092 2.04323e-05 0.297137 0.296753
1.37092 2.04839e-05 0.300953 0.300574
1.38093 2.05339e-05 0.304713 0.30434
1.39094 2.05826e-05 0.30842 0.308052
1.40096 2.06298e-05 0.312071 0.311709
1.41098 2.06757e-05 0.315668 0.315311
1.42099 2.07203e-05 0.319209 0.318858
1.43101 2.07637e-05 0.322695 0.322349
1.44103 2.08058e-05 0.326126 0.325786
1.45105 2.08468e-05 0.329501 0.329166
1.46106 2.08866e-05 0.332821 0.332491
1.47108 2.09254e-05 0.336084 0.335761
1.48109 2.09631e-05 0.339293 0.338974
1.4911 2.09999e-05 0.342445 0.342132
1.5011 2.10358e-05 0.345542 0.345234
1.5111 2.10708e-05 0.348583 0.348281
1.52112 2.1105e-05 0.351574 0.351277
1.53113 2.11385e-05 0.354509 0.354218
1.54114 2.11712e-05 0.357389 0.357103
1.55114 2.12032e-05 0.360213 0.359932
1.56115 2.12347e-05 0.362986 0.362712
1.57116 2.12655e-05 0.365704 0.365435
1.58116 2.12958e-05 0.368367 0.368103
1.59118 2.13257e-05 0.370979 0.37072
1.60119 2.13551e-05 0.373535 0.373282
1.61119 2.13841e-05 0.376036 0.375788
1.6212 2.14129e-05 0.378486 0.378243
1.63121 2.14412e-05 0.380881 0.380644
1.64123 2.14694e-05 0.383225 0.382993
1.65124 2.14974e-05 0.385514 0.385288
1.66124 2.15251e-05 0.387748 0.387526
1.67126 2.15528e-05 0.389931 0.389715
1.68127 2.15804e-05 0.392059 0.391848
1.69129 2.1608e-05 0.394136 0.393931
1.7013 2.16355e-05 0.396159 0.395959
1.7113 2.16631e-05 0.398127 0.397932
1.72131 2.16908e-05 0.400044 0.399854
1.73132 2.17186e-05 0.401906 0.401722
1.74134 2.17466e-05 0.403719 0.40354
1.75135 2.17748e-05 0.405476 0.405303
1.76135 2.18033e-05 0.40718 0.407012
1.77136 2.1832e-05 0.408833 0.40867
1.78137 2.18611e-05 0.410432 0.410274
1.79139 2.18905e-05 0.411981 0.411828
1.8014 2.19204e-05 0.413476 0.413329
1.8114 2.19506e-05 0.414917 0.414775
1.82142 2.19814e-05 0.416309 0.416172
1.83143 2.20127e-05 0.417646 0.417515
1.84143 2.20445e-05 0.418931 0.418805
1.85144 2.20769e-05 0.420166 0.420045
1.86145 2.21099e-05 0.421348 0.421232
1.87145 2.21435e-05 0.422477 0.422366
1.88147 2.21779e-05 0.423555 0.42345
1.89148 2.2213e-05 0.424582 0.424481
1.90148 2.22489e-05 0.425556 0.425461
1.9115 2.22855e-05 0.42648 0.42639
1.92152 2.23231e-05 0.427352 0.427267
1.93153 2.23614e-05 0.428172 0.428092
1.94153 2.24006e-05 0.428941 0.428866
1.95156 2.24409e-05 0.429659 0.42959
1.96157 2.24821e-05 0.430326 0.430262
1.97159 2.25242e-05 0.430942 0.430882
1.9816 2.25674e-05 0.431506 0.431452
1.9916 2.26117e-05 0.43202 0.43197
2.00161 2.2657e-05 0.432482 0.432438
2.01161 2.27035e-05 0.432894 0.432855
2.02161 2.27512e-05 0.433256 0.433221
2.03163 2.28001e-05 0.433567 0.433538
2.04165 2.28503e-05 0.433828 0.433804
2.05167 2.29018e-05 0.434039 0.43402
2.06169 2.29546e-05 0.4342 0.434186
2.07171 2.30087e-05 0.43431 0.434301
2.08173 2.30643e-05 0.434371 0.434367
2.09175 2.31212e-05 0.434381 0.434382
2.10176 2.31795e-05 0.434342 0.434348
2.11176 2.32394e-05 0.434254 0.434265
2.12176 2.33007e-05 0.434116 0.434132
2.13177 2.33637e-05 0.433929 0.43395
2.14179 2.34283e-05 0.433693 0.433718
2.15181 2.34946e-05 0.433407 0.433438
2.16183 2.35626e-05 0.433073 0.433108
2.17183 2.36322e-05 0.43269 0.43273
2.18185 2.37036e-05 0.432259 0.432304
2.19186 2.37769e-05 0.431779 0.431828
2.20187 2.3852e-05 0.431251 0.431306
2.21188 2.39289e-05 0.430675 0.430734
2.22189 2.40079e-05 0.43005 0.430114
2.2319 2.40888e-05 0.429378 0.429448
2.24191 2.41718e-05 0.428659 0.428732
2.25191 2.42567e-05 0.427892 0.427971
2.26192 2.43439e-05 0.427078 0.427161
2.27195 2.44334e-05 0.426215 0.426303
2.28196 2.45249e-05 0.425306 0.425399
2.29196 2.46187e-05 0.424352 0.424449
2.30198 2.47149e-05 0.42335 0.423452
2.31198 2.48134e-05 0.422302 0.422408
2.322 2.49145e-05 0.421206 0.421317
2.33201 2.5018e-05 0.420065 0.420181
2.34202 2.5124e-05 0.41888 0.419
2.35204 2.52328e-05 0.417646 0.417771
2.36205 2.53441e-05 0.416368 0.416497
2.37206 2.54582e-05 0.415045 0.415179
2.38206 2.5575e-05 0.413678 0.413816
2.39208 2.56949e-05 0.412263 0.412406
2.4021 2.58178e-05 0.410804 0.410952
2.41212 2.59436e-05 0.409301 0.409453
2.42213 2.60724e-05 0.407754 0.407911
2.43214 2.62044e-05 0.406164 0.406324
2.44215 2.63397e-05 0.40453 0.404695
2.45216 2.64782e-05 0.402852 0.403021
2.46217 2.66201e-05 0.401131 0.401305
2.47218 2.67656e-05 0.399367 0.399545
2.48219 2.69147e-05 0.39756 0.397742
2.49221 2.70675e-05 0.395709 0.395896
2.50222 2.72241e-05 0.393816 0.394007
2.51224 2.73846e-05 0.39188 0.392075
2.52227 2.75492e-05 0.3899 0.390099
2.53227 2.77176e-05 0.387884 0.388087
2.54228 2.78902e-05 0.385825 0.386032
2.5523 2.80673e-05 0.383723 0.383934
2.56232 2.82489e-05 0.381579 0.381794
2.57233 2.84348e-05 0.379398 0.379617
2.58234 2.86255e-05 0.377175 0.377398
2.59236 2.88212e-05 0.374909 0.375136
2.60237 2.90215e-05 0.372607 0.372839
2.61239 2.92272e-05 0.370263 0.370499
2.62239 2.94378e-05 0.367884 0.368124
2.63241 2.9654e-05 0.365463 0.365706
2.64241 2.98755e-05 0.363006 0.363253
2.65242 3.01031e-05 0.360507 0.360758
2.66243 3.03363e-05 0.357974 0.358229
2.67245 3.0576e-05 0.355398 0.355657
2.68246 3.08217e-05 0.352788 0.353051
2.69248 3.10743e-05 0.350136 0.350402
2.7025 3.13334e-05 0.34745 0.347719
2.7125 3.15992e-05 0.344729 0.345002
2.72253 3.18727e-05 0.341966 0.342243
2.73255 3.21533e-05 0.33917 0.33945
2.74257 3.24414e-05 0.33634 0.336624
2.75257 3.27372e-05 0.333476 0.333764
2.7626 3.30419e-05 0.33057 0.330861
2.77263 3.33549e-05 0.327631 0.327925
2.78265 3.36766e-05 0.324658 0.324956
2.79266 3.40072e-05 0.321653 0.321954
2.80268 3.43472e-05 0.318615 0.31892
2.81269 3.46968e-05 0.315544 0.315852
2.8227 3.50564e-05 0.312441 0.312752
2.83271 3.54265e-05 0.309305 0.30962
2.84272 3.58075e-05 0.306137 0.306455
2.85272 3.61998e-05 0.302937 0.303258
2.86274 3.6604e-05 0.299704 0.300029
2.87275 3.70206e-05 0.29644 0.296767
2.88276 3.745e-05 0.293143 0.293474
2.89278 3.78929e-05 0.289815 0.290148
2.90281 3.83499e-05 0.286454 0.28679
2.91284 3.88217e-05 0.283061 0.2834
2.92284 3.93071e-05 0.279649 0.279991
2.93285 3.98085e-05 0.276205 0.276551
2.94287 4.03267e-05 0.27273 0.273078
2.95289 4.08627e-05 0.269223 0.269574
2.96293 4.14173e-05 0.265683 0.266037
2.97294 4.19891e-05 0.262126 0.262483
2.98296 4.25813e-05 0.258537 0.258897
2.993 4.31951e-05 0.254917 0.255278
3.003 4.38288e-05 0.251279 0.251644
3.01303 4.44863e-05 0.24761 0.247977
3.02307 4.51689e-05 0.243908 0.244278
3.03308 4.58749e-05 0.240191 0.240563
3.04312 4.66088e-05 0.236441 0.236816
3.05313 4.73687e-05 0.232676 0.233053
3.06316 4.81597e-05 0.228879 0.229258
3.07316 4.89797e-05 0.225067 0.225449
3.08319 4.98346e-05 0.221223 0.221607
3.0932 5.0722e-05 0.217365 0.217752
3.10323 5.16487e-05 0.213474 0.213863
3.11324 5.26121e-05 0.20957 0.209961
3.12327 5.362e-05 0.205632 0.206025
3.13329 5.46695e-05 0.201682 0.202077
3.14334 5.57696e-05 0.197697 0.198095
3.15337 5.69174e-05 0.1937 0.1941
3.16338 5.81159e-05 0.189692 0.190093
3.17342 5.9376e-05 0.185648 0.186051
3.18345 6.06946e-05 0.181593 0.181998
3.19345 6.20757e-05 0.177527 0.177934
3.2035 6.35329e-05 0.173425 0.173834
3.21353 6.50631e-05 0.169313 0.169724
3.22354 6.66716e-05 0.165191 0.165603
3.2336 6.83761e-05 0.161031 0.161445
3.24364 7.01731e-05 0.156861 0.157276
3.25367 7.20703e-05 0.152681 0.153098
3.26368 7.40757e-05 0.148493 0.148912
3.27375 7.62153e-05 0.144264 0.144685
3.2838 7.84858e-05 0.140027 0.140449
3.29384 8.08991e-05 0.13578 0.136204
3.30387 8.34688e-05 0.131526 0.131951
3.31388 8.62102e-05 0.127265 0.127691
3.32396 8.91674e-05 0.122959 0.123387
3.33403 9.23392e-05 0.118645 0.119073
3.3441 9.57492e-05 0.114323 0.114753
3.35415 9.94249e-05 0.109993 0.110424
3.36418 0.000103398 0.105657 0.10609
3.37421 0.000107705 0.101316 0.10175
3.38422 0.000112388 0.0969697 0.0974042
3.39434 0.000117563 0.0925682 0.0930038
3.40445 0.000123244 0.0881586 0.0885951
3.41455 0.00012951 0.0837414 0.0841788
3.42466 0.000136454 0.0793168 0.0797551
3.43476 0.000144193 0.0748853 0.0753244
3.44485 0.00015287 0.0704473 0.0708872
3.45494 0.000162665 0.0660034 0.066444
3.46503 0.000173806 0.0615539 0.0619952
3.47512 0.000186589 0.0570994 0.0575414
3.4852 0.000201403 0.0526407 0.0530832
3.49527 0.000218765 0.0481784 0.0486215
3.50534 0.000239388 0.0437136 0.0441572
3.5154 0.000264267 0.0392477 0.0396918
3.52545 0.000294843 0.0347827 0.0352272
3.53548 0.00033327 0.0303217 0.0307665
3.54549 0.000382891 0.0258699 0.026315
3.5559 0.000452694 0.021235 0.0216804
3.56641 0.00055389 0.0165498 0.0169955
3.5771 0.000713631 0.0117856 0.0122314
3.58809 0.00100144 0.00688392 0.00732993
3.59967 0.001643 0.00171756 0.00216366
3.61133 0.00294029 -0.00348514 -0.00303902
3.62151 0.00310568 -0.00802553 -0.00757944
3.63251 0.00181534 -0.0129339 -0.0124879
3.64283 0.000870043 -0.0175329 -0.017087
3.65286 0.000627704 -0.0220076 -0.0215619
3.66331 0.000494743 -0.0266613 -0.0262158
3.67358 0.00041054 -0.0312384 -0.0307931
3.68378 0.00035166 -0.0357772 -0.0353323
3.69394 0.000307921 -0.040294 -0.0398494
3.70407 0.00027405 -0.0447964 -0.0443522
3.71419 0.000247002 -0.0492886 -0.0488448
3.7243 0.000224884 -0.0537726 -0.0533294
3.73441 0.000206448 -0.0582499 -0.0578072
3.74452 0.000190841 -0.0627209 -0.0622787
3.75463 0.000177455 -0.067186 -0.0667445
3.76474 0.000165845 -0.0716453 -0.0712045
3.77485 0.000155679 -0.0760987 -0.0756586
3.78497 0.000146704 -0.0805462 -0.0801069
3.79509 0.00013872 -0.0849875 -0.084549
3.80521 0.000131574 -0.0894224 -0.0889847
3.81522 0.000125214 -0.0937959 -0.0933591
3.82524 0.000119446 -0.0981677 -0.0977319
3.83528 0.000114189 -0.102537 -0.102102
3.84533 0.000109381 -0.106902 -0.106468
3.8554 0.000104967 -0.111263 -0.110831
3.86548 0.000100901 -0.115619 -0.115188
3.87558 9.71444e-05 -0.119969 -0.119539
3.88559 9.36939e-05 -0.124272 -0.123843
3.89562 9.04838e-05 -0.128571 -0.128143
3.90567 8.74903e-05 -0.132865 -0.132439
3.91574 8.46927e-05 -0.137154 -0.136728
3.92575 8.20934e-05 -0.141401 -0.140977
3.93577 7.96521e-05 -0.145642 -0.14522
3.94581 7.73553e-05 -0.149878 -0.149457
3.95588 7.51908e-05 -0.154108 -0.153688
3.96589 7.31624e-05 -0.158299 -0.157881
3.97592 7.12436e-05 -0.162484 -0.162067
3.98598 6.94262e-05 -0.166661 -0.166247
3.99599 6.77139e-05 -0.170803 -0.17039
4.00602 6.60869e-05 -0.174938 -0.174527
4.01608 6.45394e-05 -0.179065 -0.178655
4.02609 6.30749e-05 -0.183157 -0.182749
4.03613 6.16783e-05 -0.187241 -0.186835
4.04614 6.03529e-05 -0.191292 -0.190888
4.05617 5.90861e-05 -0.195335 -0.194933
4.06623 5.78741e-05 -0.199368 -0.198968
4.07625 5.67202e-05 -0.203369 -0.202971
4.0863 5.56141e-05 -0.20736 -0.206964
4.09633 5.45588e-05 -0.211319 -0.210925
4.10638 5.35454e-05 -0.215268 -0.214876
4.11641 5.25767e-05 -0.219186 -0.218796
4.12641 5.16497e-05 -0.223073 -0.222685
4.13645 5.07573e-05 -0.226949 -0.226564
4.14646 4.9902e-05 -0.230795 -0.230412
4.15651 4.90774e-05 -0.234629 -0.234249
4.16653 4.82859e-05 -0.238433 -0.238055
4.17654 4.75255e-05 -0.242208 -0.241832
4.18659 4.67911e-05 -0.24597 -0.245596
4.19662 4.60847e-05 -0.249702 -0.249331
4.20663 4.54046e-05 -0.253405 -0.253036
4.21664 4.47496e-05 -0.257078 -0.256712
4.22668 4.41154e-05 -0.260738 -0.260375
4.23671 4.35039e-05 -0.264369 -0.264008
4.24674 4.29139e-05 -0.26797 -0.267612
4.25675 4.23443e-05 -0.271542 -0.271187
4.26676 4.17941e-05 -0.275085 -0.274732
4.27677 4.12624e-05 -0.278599 -0.278249
4.28678 4.07483e-05 -0.282084 -0.281737
4.29678 4.02509e-05 -0.285541 -0.285197
4.30678 3.97696e-05 -0.288969 -0.288627
4.31678 3.93035e-05 -0.292368 -0.292029
4.32679 3.88521e-05 -0.295738 -0.295402
4.33679 3.84147e-05 -0.299079 -0.298746
4.3468 3.79907e-05 -0.302391 -0.302062
4.35681 3.75795e-05 -0.305675 -0.305348
4.36683 3.71807e-05 -0.308929 -0.308606
4.37685 3.67937e-05 -0.312155 -0.311834
4.38688 3.64181e-05 -0.315351 -0.315034
4.39688 3.60547e-05 -0.318507 -0.318192
4.40689 3.57018e-05 -0.321633 -0.321322
4.41691 3.5359e-05 -0.32473 -0.324422
4.42694 3.50258e-05 -0.327798 -0.327493
4.43695 3.47031e-05 -0.330826 -0.330524
4.44697 3.43893e-05 -0.333824 -0.333526
4.457 3.40842e-05 -0.336793 -0.336498
4.46701 3.37884e-05 -0.339722 -0.33943
4.47703 3.35007e-05 -0.342621 -0.342333
4.48704 3.32216e-05 -0.345481 -0.345196
4.49707 3.295e-05 -0.348311 -0.34803
4.50707 3.26865e-05 -0.351102 -0.350824
4.5171 3.24299e-05 -0.353862 -0.353588
4.52712 3.21809e-05 -0.356584 -0.356314
4.53712 3.19391e-05 -0.359267 -0.359
4.54714 3.17037e-05 -0.361919 -0.361656
4.55716 3.14751e-05 -0.364532 -0.364273
4.56716 3.1253e-05 -0.367107 -0.366851
4.57719 3.10367e-05 -0.369651 -0.369399
4.58721 3.08266e-05 -0.372156 -0.371907
4.59723 3.06224e-05 -0.374622 -0.374378
4.60724 3.04241e-05 -0.37705 -0.376809
4.61725 3.02315e-05 -0.379439 -0.379202
4.62725 3.00443e-05 -0.38179 -0.381556
4.63726 2.98624e-05 -0.384102 -0.383872
4.64726 2.96857e-05 -0.386376 -0.38615
4.65726 2.9514e-05 -0.388611 -0.388389
4.66727 2.93472e-05 -0.390808 -0.39059
4.67728 2.91851e-05 -0.392966 -0.392752
4.68729 2.90277e-05 -0.395085 -0.394875
4.69731 2.88748e-05 -0.397166 -0.39696
4.70733 2.87262e-05 -0.399209 -0.399006
4.71733 2.85824e-05 -0.401206 -0.401008
4.72734 2.84428e-05 -0.403165 -0.402971
4.73735 2.83072e-05 -0.405086 -0.404896
4.74738 2.81756e-05 -0.406967 -0.406781
4.75739 2.80482e-05 -0.408805 -0.408623
4.76741 2.79247e-05 -0.410603 -0.410425
4.77741 2.78052e-05 -0.412358 -0.412184
4.78743 2.76894e-05 -0.414074 -0.413904
4.79743 2.75774e-05 -0.415745 -0.41558
4.80745 2.74689e-05 -0.417378 -0.417217
4.81745 2.73641e-05 -0.418967 -0.41881
4.82748 2.72627e-05 -0.420517 -0.420364
4.83749 2.71648e-05 -0.422023 -0.421874
4.8475 2.70705e-05 -0.423486 -0.423341
4.85752 2.69793e-05 -0.424909 -0.424769
4.86754 2.68914e-05 -0.426288 -0.426152
4.87756 2.68069e-05 -0.427624 -0.427493
4.88757 2.67256e-05 -0.428917 -0.42879
4.89758 2.66475e-05 -0.430166 -0.430043
4.90758 2.65725e-05 -0.431372 -0.431254
4.91759 2.65006e-05 -0.432535 -0.432421
4.92759 2.64318e-05 -0.433655 -0.433545
4.9376 2.63659e-05 -0.434731 -0.434625
4.9476 2.6303e-05 -0.435764 -0.435662
4.95761 2.62429e-05 -0.436753 -0.436656
4.96763 2.61858e-05 -0.437699 -0.437607
4.97764 2.61315e-05 -0.438602 -0.438514
4.98767 2.608e-05 -0.439461 -0.439377
4.99767 2.60314e-05 -0.440275 -0.440195
5.00769 2.59856e-05 -0.441045 -0.44097
5.01771 2.59425e-05 -0.441771 -0.441701
5.02772 2.59021e-05 -0.442453 -0.442386
5.03773 2.58645e-05 -0.44309 -0.443028
5.04773 2.58296e-05 -0.443682 -0.443625
5.05775 2.57974e-05 -0.444231 -0.444178
5.06775 2.57678e-05 -0.444734 -0.444686
5.07777 2.57409e-05 -0.445194 -0.44515
5.08778 2.57166e-05 -0.445608 -0.445569
5.09781 2.56949e-05 -0.445979 -0.445944
5.10782 2.56759e-05 -0.446304 -0.446273
5.11783 2.56594e-05 -0.446585 -0.446558
5.12784 2.56456e-05 -0.44682 -0.446798
5.13786 2.56343e-05 -0.447011 -0.446994
5.14788 2.56256e-05 -0.447158 -0.447145
5.1579 2.56195e-05 -0.447259 -0.447251
5.16792 2.5616e-05 -0.447316 -0.447312
5.17793 2.5615e-05 -0.447327 -0.447328
5.18795 2.56166e-05 -0.447294 -0.447299
5.19797 2.56208e-05 -0.447216 -0.447226
5.20799 2.56276e-05 -0.447093 -0.447107
5.21801 2.56369e-05 -0.446925 -0.446944
5.22801 2.56488e-05 -0.446713 -0.446736
5.23801 2.56633e-05 -0.446456 -0.446483
5.24803 2.56804e-05 -0.446154 -0.446186
5.25805 2.57001e-05 -0.445807 -0.445843
5.26805 2.57224e-05 -0.445416 -0.445457
5.27806 2.57474e-05 -0.44498 -0.445025
5.28808 2.5775e-05 -0.444499 -0.444549
5.29809 2.58052e-05 -0.443974 -0.444028
5.3081 2.58381e-05 -0.443404 -0.443463
5.31811 2.58736e-05 -0.44279 -0.442853
5.32813 2.5912e-05 -0.442131 -0.442199
5.33814 2.59529e-05 -0.441428 -0.4415
5.34814 2.59966e-05 -0.440682 -0.440759
5.35816 2.60432e-05 -0.439891 -0.439971
5.36817 2.60924e-05 -0.439056 -0.439141
5.37817 2.61445e-05 -0.438177 -0.438267
5.3882 2.61995e-05 -0.437253 -0.437347
5.39821 2.62574e-05 -0.436285 -0.436384
5.40823 2.63181e-05 -0.435274 -0.435377
5.41824 2.63818e-05 -0.43422 -0.434327
5.42825 2.64484e-05 -0.433122 -0.433233
5.43827 2.6518e-05 -0.431981 -0.432096
5.44828 2.65907e-05 -0.430796 -0.430916
5.45829 2.66665e-05 -0.429568 -0.429693
5.4683 2.67454e-05 -0.428297 -0.428426
5.47832 2.68275e-05 -0.426983 -0.427115
5.48834 2.69128e-05 -0.425625 -0.425762
5.49834 2.70012e-05 -0.424227 -0.424368
5.50835 2.7093e-05 -0.422786 -0.422931
5.51837 2.71882e-05 -0.421301 -0.421451
5.52839 2.7287e-05 -0.419773 -0.419927
5.5384 2.7389e-05 -0.418206 -0.418364
5.54841 2.74947e-05 -0.416595 -0.416757
5.55841 2.76037e-05 -0.414944 -0.415111
5.56843 2.77166e-05 -0.413251 -0.413421
5.57845 2.78334e-05 -0.411513 -0.411688
5.58847 2.79538e-05 -0.409736 -0.409915
5.59847 2.8078e-05 -0.407921 -0.408104
5.60849 2.82063e-05 -0.406061 -0.406248
5.61849 2.83385e-05 -0.404163 -0.404354
5.62852 2.84751e-05 -0.40222 -0.402415
5.63854 2.86158e-05 -0.400239 -0.400438
5.64855 2.87607e-05 -0.398219 -0.398422
5.65856 2.89099e-05 -0.39616 -0.396367
5.66856 2.90635e-05 -0.394063 -0.394274
5.67858 2.9222e-05 -0.391921 -0.392136
5.68861 2.93853e-05 -0.38974 -0.38996
5.69863 2.95532e-05 -0.387521 -0.387744
5.70864 2.97261e-05 -0.385263 -0.38549
5.71866 2.99041e-05 -0.382967 -0.383198
5.72868 3.00872e-05 -0.380632 -0.380867
5.7387 3.02757e-05 -0.378258 -0.378497
5.74872 3.04697e-05 -0.375846 -0.376088
5.75875 3.06694e-05 -0.373395 -0.373641
5.76875 3.08743e-05 -0.370913 -0.371163
5.77876 3.10852e-05 -0.368393 -0.368646
5.78877 3.13023e-05 -0.365834 -0.366091
5.79879 3.15259e-05 -0.363236 -0.363497
5.80882 3.1756e-05 -0.360599 -0.360864
5.81883 3.19923e-05 -0.357932 -0.3582
5.82885 3.22357e-05 -0.355226 -0.355498
5.83888 3.24864e-05 -0.352481 -0.352756
5.84889 3.27438e-05 -0.349706 -0.349985
5.85892 3.3009e-05 -0.346892 -0.347174
5.86893 3.32815e-05 -0.344047 -0.344333
5.87896 3.35624e-05 -0.341164 -0.341453
5.88897 3.38511e-05 -0.338251 -0.338543
5.899 3.41488e-05 -0.335298 -0.335594
5.90901 3.44548e-05 -0.332316 -0.332615
5.91902 3.47695e-05 -0.329304 -0.329606
5.92904 3.50942e-05 -0.326252 -0.326558
5.93906 3.54283e-05 -0.323172 -0.32348
5.94906 3.57721e-05 -0.320062 -0.320374
5.95909 3.61272e-05 -0.316911 -0.317227
5.96911 3.64928e-05 -0.313732 -0.31405
5.97912 3.68693e-05 -0.310523 -0.310845
5.98913 3.72572e-05 -0.307286 -0.307611
5.99913 3.76569e-05 -0.30402 -0.304348
6.00917 3.80705e-05 -0.300712 -0.301043
6.0192 3.8497e-05 -0.297376 -0.297709
6.02922 3.89371e-05 -0.29401 -0.294347
6.03925 3.93912e-05 -0.290615 -0.290955
6.04927 3.98601e-05 -0.287192 -0.287535
6.0593 4.03444e-05 -0.283739 -0.284085
6.06933 4.08449e-05 -0.280258 -0.280606
6.07936 4.13622e-05 -0.276747 -0.277099
6.08939 4.18973e-05 -0.273208 -0.273562
6.09942 4.24509e-05 -0.269639 -0.269996
6.10942 4.30217e-05 -0.266057 -0.266416
6.11943 4.36128e-05 -0.262445 -0.262807
6.12944 4.42252e-05 -0.258805 -0.25917
6.13947 4.48603e-05 -0.255136 -0.255503
6.1495 4.55191e-05 -0.251437 -0.251807
6.15954 4.62031e-05 -0.247709 -0.248081
6.16955 4.69103e-05 -0.243969 -0.244343
6.17957 4.76454e-05 -0.240199 -0.240576
6.18961 4.84099e-05 -0.236399 -0.236779
6.19962 4.92017e-05 -0.232588 -0.23297
6.20964 5.00264e-05 -0.228747 -0.229132
6.21968 5.0886e-05 -0.224876 -0.225263
6.22969 5.17782e-05 -0.220995 -0.221384
6.23972 5.27096e-05 -0.217083 -0.217474
6.24977 5.36828e-05 -0.21314 -0.213533
6.2598 5.46953e-05 -0.209187 -0.209582
6.26985 5.57552e-05 -0.205203 -0.2056
6.27987 5.68597e-05 -0.201209 -0.201608
6.28992 5.80182e-05 -0.197184 -0.197585
6.29994 5.92275e-05 -0.193149 -0.193552
6.31 6.04987e-05 -0.189082 -0.189487
6.32003 6.18286e-05 -0.185006 -0.185414
6.33003 6.32208e-05 -0.180923 -0.181332
6.34007 6.46892e-05 -0.176807 -0.177218
6.35009 6.62303e-05 -0.172683 -0.173096
6.36014 6.78604e-05 -0.168525 -0.168939
6.37018 6.95758e-05 -0.16436 -0.164776
6.38018 7.13828e-05 -0.160189 -0.160606
6.39024 7.33029e-05 -0.155981 -0.1564
6.40027 7.53323e-05 -0.151768 -0.152189
6.41028 7.74798e-05 -0.147549 -0.147971
6.42034 7.97745e-05 -0.143292 -0.143716
6.43038 8.22124e-05 -0.13903 -0.139455
6.4404 8.48068e-05 -0.134763 -0.13519
6.45049 8.75976e-05 -0.130455 -0.130883
6.46055 9.05819e-05 -0.126142 -0.126571
6.4706 9.378e-05 -0.121824 -0.122255
6.48063 9.72147e-05 -0.117503 -0.117935
6.49063 0.000100912 -0.11318 -0.113612
6.50071 0.000104947 -0.10881 -0.109244
6.51078 0.000109321 -0.104436 -0.104871
6.52083 0.000114078 -0.100059 -0.100495
6.53087 0.00011927 -0.0956808 -0.0961176
6.54088 0.000124956 -0.0913019 -0.0917397
6.55099 0.000131296 -0.0868663 -0.087305
6.5611 0.000138319 -0.082427 -0.0828666
6.5712 0.000146138 -0.077985 -0.0784253
6.58128 0.000154896 -0.0735411 -0.0739822
6.59134 0.000164768 -0.0690967 -0.0695386
6.60139 0.000175977 -0.0646533 -0.0650959
6.61141 0.000188806 -0.0602128 -0.060656
6.62141 0.000203626 -0.0557774 -0.0562212
6.6316 0.00022134 -0.051252 -0.0516963
6.6418 0.000242438 -0.0467203 -0.0471651
6.65199 0.000267987 -0.0421823 -0.0426275
6.66219 0.000299544 -0.037638 -0.0380837
6.6724 0.000339477 -0.0330878 -0.0335338
6.68261 0.000391562 -0.0285321 -0.0289784
6.69282 0.000462161 -0.0239727 -0.0244193
6.70302 0.000562747 -0.0194145 -0.0198614
6.71318 0.000715685 -0.0148727 -0.0153197
6.72319 0.00096747 -0.0103977 -0.0108449
6.73411 0.00150703 -0.00551489 -0.00596215
6.74435 0.00258213 -0.000934707 -0.00138201
6.75458 0.00250005 0.00364399 0.0031967
6.76521 0.00209316 0.0083973 0.00795007
6.77592 0.00111557 0.0131868 0.0127397
6.78645 0.000684283 0.0178932 0.0174463
6.79656 0.00053319 0.0224101 0.0219634
6.80662 0.000438728 0.0269031 0.0264566
6.81667 0.000373304 0.0313894 0.0309432
6.82672 0.000325103 0.0358739 0.035428
6.83678 0.000288041 0.0403579 0.0399124
6.84685 0.000258628 0.0448414 0.0443963
6.85693 0.000234706 0.0493241 0.0488794
6.86702 0.000214862 0.0538053 0.0533612
6.87711 0.000198133 0.0582844 0.0578409
6.88721 0.000183838 0.062761 0.0623181
6.89732 0.000171482 0.0672344 0.0667921
6.90743 0.000160695 0.071704 0.0712625
6.91755 0.000151196 0.0761694 0.0757286
6.92768 0.000142769 0.0806301 0.0801901
6.93768 0.000135337 0.0850262 0.0845869
6.94771 0.000128641 0.0894226 0.0889843
6.95775 0.000122579 0.0938183 0.0933808
6.9678 0.000117065 0.0982119 0.0977754
6.97788 0.00011203 0.102602 0.102167
6.98796 0.000107415 0.106989 0.106555
6.99806 0.00010317 0.111371 0.110938
7.00808 9.92897e-05 0.115704 0.115272
7.01812 9.56933e-05 0.120035 0.119604
7.02817 9.23514e-05 0.124362 0.123932
7.03825 8.92386e-05 0.128684 0.128255
7.04825 8.63566e-05 0.132963 0.132536
7.05828 8.36575e-05 0.137239 0.136813
7.06833 8.11248e-05 0.141509 0.141085
7.07839 7.87442e-05 0.145774 0.145351
7.08841 7.65192e-05 0.150001 0.149579
7.09844 7.44192e-05 0.154222 0.153802
7.1085 7.24343e-05 0.158436 0.158018
7.1185 7.05684e-05 0.162614 0.162197
7.12854 6.87988e-05 0.166786 0.166371
7.13859 6.71186e-05 0.170951 0.170538
7.1486 6.55316e-05 0.175081 0.17467
7.15864 6.40205e-05 0.179204 0.178794
7.16864 6.2589e-05 0.183294 0.182886
7.17867 6.12227e-05 0.187376 0.186969
7.18872 5.99173e-05 0.191449 0.191045
7.19874 5.86763e-05 0.19549 0.195087
7.20879 5.74882e-05 0.199522 0.199121
7.2188 5.63562e-05 0.203522 0.203123
7.22885 5.52704e-05 0.207513 0.207116
7.23887 5.42337e-05 0.211472 0.211078
7.24891 5.32376e-05 0.215421 0.215029
7.25894 5.22849e-05 0.21934 0.21895
7.26894 5.13726e-05 0.223228 0.22284
7.27897 5.0494e-05 0.227105 0.22672
7.28898 4.96515e-05 0.230952 0.230569
7.29903 4.88389e-05 0.234789 0.234408
7.30906 4.80586e-05 0.238595 0.238216
7.31907 4.73086e-05 0.242371 0.241995
7.32912 4.6584e-05 0.246135 0.245761
7.33915 4.58867e-05 0.24987 0.249498
7.34917 4.52152e-05 0.253575 0.253206
7.35918 4.45682e-05 0.25725 0.256884
7.36918 4.39443e-05 0.260897 0.260533
7.37922 4.33398e-05 0.264531 0.26417
7.38924 4.27564e-05 0.268135 0.267777
7.39927 4.21931e-05 0.27171 0.271354
7.40929 4.16487e-05 0.275256 0.274903
7.4193 4.11225e-05 0.278773 0.278423
7.42931 4.06136e-05 0.282261 0.281914
7.43932 4.01212e-05 0.285721 0.285376
7.44933 3.96446e-05 0.289151 0.28881
7.45934 3.9183e-05 0.292553 0.292214
7.46936 3.87358e-05 0.295926 0.29559
7.47937 3.83023e-05 0.29927 0.298937
7.48939 3.78821e-05 0.302585 0.302256
7.49941 3.74746e-05 0.305872 0.305545
7.50944 3.70792e-05 0.309129 0.308805
7.51947 3.66955e-05 0.312357 0.312036
7.52947 3.63244e-05 0.315544 0.315227
7.53948 3.5964e-05 0.318702 0.318388
7.5495 3.56139e-05 0.321831 0.32152
7.55953 3.52737e-05 0.324931 0.324623
7.56954 3.49443e-05 0.32799 0.327686
7.57956 3.4624e-05 0.33102 0.330719
7.58959 3.43126e-05 0.334021 0.333723
7.5996 3.40107e-05 0.336982 0.336687
7.60962 3.3717e-05 0.339913 0.339622
7.61962 3.34322e-05 0.342805 0.342518
7.62965 3.3155e-05 0.345667 0.345383
7.63965 3.28861e-05 0.34849 0.34821
7.64967 3.26243e-05 0.351283 0.351006
7.65968 3.23702e-05 0.354037 0.353764
7.66971 3.21228e-05 0.356761 0.356491
7.67973 3.18825e-05 0.359446 0.359179
7.68973 3.16493e-05 0.362092 0.361829
7.69976 3.1422e-05 0.364707 0.364448
7.70978 3.12013e-05 0.367283 0.367028
7.71979 3.09869e-05 0.369821 0.369569
7.7298 3.07787e-05 0.37232 0.372072
7.7398 3.05763e-05 0.374781 0.374536
7.74982 3.03791e-05 0.37721 0.376969
7.75985 3.01876e-05 0.379601 0.379364
7.76987 3.00014e-05 0.381953 0.38172
7.77989 2.98206e-05 0.384266 0.384037
7.78991 2.96448e-05 0.386541 0.386315
7.79993 2.94741e-05 0.388777 0.388555
7.80995 2.93082e-05 0.390974 0.390757
7.81998 2.9147e-05 0.393133 0.392919
7.83 2.89905e-05 0.395253 0.395043
7.84001 2.88389e-05 0.397328 0.397122
7.85002 2.86916e-05 0.399365 0.399163
7.86004 2.85485e-05 0.401363 0.401165
7.87006 2.84097e-05 0.403322 0.403128
7.88007 2.82752e-05 0.405237 0.405047
7.89008 2.81447e-05 0.407113 0.406927
7.9001 2.80181e-05 0.40895 0.408769
7.91011 2.78955e-05 0.410743 0.410566
7.92013 2.77767e-05 0.412498 0.412324
7.93014 2.76618e-05 0.414208 0.414039
7.94016 2.75505e-05 0.415879 0.415714
7.95017 2.74429e-05 0.417507 0.417346
7.96019 2.73387e-05 0.419095 0.418938
7.97021 2.72382e-05 0.420639 0.420487
7.98021 2.71411e-05 0.422141 0.421992
7.99024 2.70473e-05 0.423602 0.423458
8.00026 2.69569e-05 0.42502 0.42488
8.01027 2.68698e-05 0.426394 0.426259
8.02028 2.6786e-05 0.427726 0.427594
8.03028 2.67055e-05 0.429013 0.428886
8.0403 2.66278e-05 0.430261 0.430138
8.05033 2.65534e-05 0.431465 0.431347
8.06035 2.64819e-05 0.432626 0.432512
8.07038 2.64136e-05 0.433744 0.433634
8.0804 2.63482e-05 0.434818 0.434712
8.0904 2.62859e-05 0.435845 0.435744
8.1004 2.62265e-05 0.43683 0.436733
8.11041 2.61699e-05 0.437771 0.437679
8.12042 2.61162e-05 0.438669 0.438581
8.13044 2.60653e-05 0.439523 0.439439
8.14047 2.60172e-05 0.440334 0.440254
8.15048 2.59719e-05 0.441099 0.441024
8.16049 2.59293e-05 0.44182 0.44175
8.17049 2.58895e-05 0.442496 0.44243
8.18051 2.58524e-05 0.443129 0.443067
8.19053 2.5818e-05 0.443718 0.443661
8.20054 2.57862e-05 0.444261 0.444209
8.21057 2.57571e-05 0.444761 0.444713
8.22058 2.57307e-05 0.445216 0.445172
8.23059 2.57069e-05 0.445625 0.445586
8.24061 2.56856e-05 0.445991 0.445956
8.25062 2.56671e-05 0.446311 0.446281
8.26063 2.56511e-05 0.446587 0.446561
8.27063 2.56377e-05 0.446818 0.446796
8.28065 2.56268e-05 0.447004 0.446987
8.29067 2.56186e-05 0.447145 0.447133
8.30069 2.56129e-05 0.447242 0.447234
8.3107 2.56098e-05 0.447294 0.44729
8.32071 2.56093e-05 0.4473 0.447302
8.33073 2.56113e-05 0.447262 0.447268
8.34074 2.56159e-05 0.44718 0.44719
8.35076 2.56231e-05 0.447052 0.447066
8.36078 2.56328e-05 0.446879 0.446898
8.3708 2.56452e-05 0.446661 0.446685
8.38081 2.56601e-05 0.446399 0.446427
8.39082 2.56776e-05 0.446093 0.446125
8.40084 2.56977e-05 0.445741 0.445778
8.41084 2.57204e-05 0.445345 0.445386
8.42085 2.57457e-05 0.444904 0.44495
8.43087 2.57737e-05 0.444418 0.444468
8.44087 2.58043e-05 0.443888 0.443943
8.45089 2.58376e-05 0.443313 0.443373
8.4609 2.58736e-05 0.442695 0.442758
8.47092 2.59123e-05 0.442031 0.442099
8.48093 2.59537e-05 0.441323 0.441396
8.49093 2.59978e-05 0.440572 0.440649
8.50095 2.60447e-05 0.439776 0.439857
8.51096 2.60944e-05 0.438936 0.439021
8.52096 2.61469e-05 0.438052 0.438142
8.53099 2.62023e-05 0.437123 0.437217
8.54101 2.62606e-05 0.43615 0.436249
8.55102 2.63218e-05 0.435134 0.435237
8.56104 2.63858e-05 0.434074 0.434182
8.57105 2.64529e-05 0.432971 0.433083
8.58106 2.65229e-05 0.431825 0.431941
8.59108 2.6596e-05 0.430636 0.430756
8.60109 2.66722e-05 0.429403 0.429527
8.61111 2.67516e-05 0.428126 0.428255
8.62113 2.68341e-05 0.426806 0.42694
8.63115 2.692e-05 0.425443 0.425581
8.64116 2.70089e-05 0.42404 0.424182
8.65117 2.71011e-05 0.422594 0.42274
8.66119 2.71968e-05 0.421104 0.421254
8.67121 2.7296e-05 0.41957 0.419725
8.68122 2.73986e-05 0.417997 0.418156
8.69124 2.75048e-05 0.416381 0.416544
8.70124 2.76144e-05 0.414725 0.414892
8.71126 2.77278e-05 0.413026 0.413197
8.72126 2.78448e-05 0.411287 0.411463
8.73128 2.79658e-05 0.409505 0.409685
8.74129 2.80905e-05 0.407684 0.407867
8.75131 2.82194e-05 0.405819 0.406006
8.76132 2.83522e-05 0.403915 0.404106
8.77133 2.84891e-05 0.401972 0.402168
8.78135 2.86304e-05 0.399985 0.400185
8.79137 2.87759e-05 0.397959 0.398163
8.80138 2.89257e-05 0.395895 0.396102
8.81139 2.908e-05 0.393791 0.394003
8.82139 2.92388e-05 0.39165 0.391866
8.83142 2.94027e-05 0.389464 0.389683
8.84144 2.95714e-05 0.387238 0.387462
8.85147 2.9745e-05 0.384975 0.385202
8.86149 2.99237e-05 0.382672 0.382903
8.87152 3.01077e-05 0.380331 0.380566
8.88154 3.0297e-05 0.377951 0.37819
8.89157 3.04919e-05 0.375533 0.375776
8.90158 3.06918e-05 0.373083 0.37333
8.91159 3.08976e-05 0.370595 0.370845
8.9216 3.11094e-05 0.368068 0.368322
8.93162 3.13275e-05 0.365503 0.36576
8.94165 3.1552e-05 0.362898 0.363159
8.95166 3.17825e-05 0.360263 0.360528
8.96167 3.20198e-05 0.357589 0.357858
8.9717 3.22643e-05 0.354877 0.355149
8.98171 3.25152e-05 0.352134 0.352409
8.99173 3.27738e-05 0.349352 0.349631
9.00173 3.30394e-05 0.34654 0.346823
9.01175 3.33131e-05 0.343689 0.343975
9.02176 3.35943e-05 0.340808 0.341098
9.03178 3.38843e-05 0.337888 0.338181
9.04178 3.41823e-05 0.334939 0.335235
9.05181 3.44897e-05 0.331949 0.332249
9.06182 3.48058e-05 0.328931 0.329234
9.07182 3.51309e-05 0.325883 0.326189
9.08185 3.54665e-05 0.322795 0.323104
9.09186 3.58119e-05 0.319678 0.31999
9.10187 3.61674e-05 0.316532 0.316847
9.1119 3.65347e-05 0.313345 0.313664
9.12192 3.69131e-05 0.310129 0.310451
9.13194 3.73029e-05 0.306884 0.307209
9.14196 3.77046e-05 0.30361 0.303938
9.15197 3.81187e-05 0.300307 0.300639
9.16197 3.85457e-05 0.296976 0.29731
9.17197 3.89862e-05 0.293616 0.293953
9.18201 3.94427e-05 0.290213 0.290553
9.19205 3.99139e-05 0.286782 0.287125
9.20209 4.04008e-05 0.283321 0.283667
9.21209 4.09018e-05 0.279846 0.280195
9.22209 4.14197e-05 0.276342 0.276693
9.23209 4.19553e-05 0.272809 0.273163
9.2421 4.25094e-05 0.269248 0.269605
9.25212 4.30831e-05 0.265657 0.266017
9.26214 4.36773e-05 0.262038 0.2624
9.27217 4.42931e-05 0.258389 0.258754
9.2822 4.49317e-05 0.254711 0.255079
9.29221 4.55912e-05 0.251021 0.251391
9.30222 4.62759e-05 0.247301 0.247674
9.31224 4.69871e-05 0.243552 0.243927
9.32228 4.77264e-05 0.239773 0.240151
9.33229 4.84917e-05 0.235983 0.236363
9.34231 4.92883e-05 0.232163 0.232545
9.35235 5.0118e-05 0.228313 0.228697
9.36236 5.09786e-05 0.224452 0.224838
9.37239 5.18764e-05 0.22056 0.220949
9.38244 5.28138e-05 0.216639 0.21703
9.39246 5.37883e-05 0.212706 0.2131
9.4025 5.48076e-05 0.208743 0.209139
9.41252 5.58688e-05 0.204771 0.205168
9.42256 5.69809e-05 0.200766 0.201166
9.43258 5.81408e-05 0.196753 0.197155
9.44262 5.93587e-05 0.192708 0.193111
9.45264 6.06314e-05 0.188654 0.18906
9.46269 6.1971e-05 0.184568 0.184975
9.47272 6.33738e-05 0.180473 0.180882
9.48272 6.48443e-05 0.176371 0.176782
9.49276 6.63975e-05 0.172235 0.172648
9.50277 6.80298e-05 0.168093 0.168507
9.51283 6.97591e-05 0.163915 0.164331
9.52287 7.15817e-05 0.159731 0.160149
9.53288 7.35048e-05 0.155541 0.15596
9.54294 7.55523e-05 0.151314 0.151734
9.55298 7.77203e-05 0.147081 0.147503
9.56299 8.00191e-05 0.142843 0.143266
9.57306 8.24812e-05 0.138565 0.13899
9.58312 8.5103e-05 0.134282 0.134709
9.59315 8.78999e-05 0.129995 0.130423
9.60316 9.08894e-05 0.125704 0.126133
9.61324 9.41224e-05 0.12137 0.1218
9.62331 9.75974e-05 0.117031 0.117463
9.63335 0.000101342 0.112689 0.113122
9.64338 0.000105387 0.108344 0.108778
9.65338 0.00010977 0.103997 0.104432
9.66347 0.000114591 0.0996009 0.100037
9.67355 0.000119857 0.0952009 0.0956379
9.68361 0.000125634 0.0907984 0.0912363
9.69366 0.000131996 0.0863944 0.0868332
9.70368 0.000139037 0.0819904 0.0824301
9.71369 0.000146865 0.0775879 0.0780283
9.72382 0.000155764 0.0731198 0.073561
9.73395 0.000165816 0.0686482 0.0690901
9.74406 0.000177258 0.0641739 0.0646165
9.75416 0.000190393 0.0596979 0.0601411
9.76426 0.000205623 0.0552215 0.0556653
9.77433 0.00022348 0.0507465 0.0511909
9.78439 0.000244693 0.0462751 0.04672
9.79442 0.000270277 0.0418105 0.0422558
9.80471 0.00030275 0.0372224 0.0376681
9.81504 0.000344159 0.0326163 0.0330623
9.82542 0.000398778 0.0279872 0.0284336
9.83585 0.000474097 0.0233273 0.023774
9.84638 0.000584507 0.0186232 0.0190701
9.85705 0.000761263 0.0138519 0.014299
9.86797 0.00108458 0.00897203 0.00941923
9.87922 0.00179628 0.00394071 0.004388
9.89056 0.00156487 -0.00113397 -0.00068668
9.9013 0.000995708 -0.00593592 -0.00548866
9.91231 0.00171433 -0.0108636 -0.0104164
9.92279 0.000812041 -0.015547 -0.0151
9.93301 0.000600193 -0.0201142 -0.0196673
9.9431 0.000481992 -0.0246246 -0.024178
9.95317 0.000403785 -0.0291194 -0.028673
9.96323 0.000347809 -0.0336089 -0.0331629
9.9733 0.000305638 -0.0380965 -0.0376507
9.98337 0.000272677 -0.0425828 -0.0421375
9.99345 0.000246185 -0.047068 -0.0466232
10 0.00011287 -0.0499818717269316 -0.0495373202745991
