0 0.001 -1 1
0.0100013 1.81661e-06 -0.982095 -0.983982
0.0200287 3.95272e-05 -0.962427 -0.964376
0.0300426 4.02919e-05 -0.943076 -0.944997
0.0400538 4.11023e-05 -0.924014 -0.925907
0.0500587 4.19269e-05 -0.905244 -0.907109
0.0600949 4.2769e-05 -0.886689 -0.888527
0.0701164 4.36249e-05 -0.86843 -0.870242
0.0801178 4.44942e-05 -0.850471 -0.852256
0.0901386 4.53806e-05 -0.832734 -0.834494
0.100176 4.62839e-05 -0.815223 -0.816957
0.110178 4.71997e-05 -0.798019 -0.799729
0.120188 4.81319e-05 -0.781046 -0.782732
0.130201 4.90802e-05 -0.764307 -0.765969
0.140212 5.00444e-05 -0.747802 -0.749442
0.150218 5.10242e-05 -0.731537 -0.733153
0.160265 5.20244e-05 -0.71543 -0.717024
0.170299 5.30396e-05 -0.699566 -0.701138
0.180313 5.40694e-05 -0.683949 -0.685499
0.190359 5.51189e-05 -0.668497 -0.670026
0.200376 5.61821e-05 -0.653297 -0.654806
0.210416 5.72645e-05 -0.638267 -0.639756
0.220417 5.83594e-05 -0.623495 -0.624964
0.230433 5.94727e-05 -0.608899 -0.610348
0.240459 6.06039e-05 -0.59448 -0.595911
0.250493 6.17528e-05 -0.580242 -0.581653
0.260529 6.29189e-05 -0.566186 -0.567579
0.270563 6.41018e-05 -0.552315 -0.55369
0.280592 6.53008e-05 -0.538632 -0.539989
0.29061 6.65153e-05 -0.525139 -0.526479
0.300613 6.77446e-05 -0.51184 -0.513162
0.310664 6.89965e-05 -0.498646 -0.499952
0.32069 7.02621e-05 -0.485651 -0.486941
0.330759 7.15497e-05 -0.472767 -0.47404
0.340795 7.28494e-05 -0.460085 -0.461343
0.350866 7.41701e-05 -0.447519 -0.44876
0.360894 7.55013e-05 -0.435161 -0.436387
0.37095 7.68521e-05 -0.422923 -0.424134
0.380952 7.82115e-05 -0.410899 -0.412095
0.390972 7.95889e-05 -0.398999 -0.400181
0.401008 8.09837e-05 -0.387226 -0.388393
0.411056 8.23953e-05 -0.375581 -0.376734
0.421113 8.3823e-05 -0.364067 -0.365206
0.431174 8.52659e-05 -0.352685 -0.353811
0.441236 8.67232e-05 -0.341439 -0.342552
0.451294 8.81939e-05 -0.330331 -0.33143
0.461344 8.9677e-05 -0.319362 -0.320448
0.471381 9.11714e-05 -0.308535 -0.309609
0.481402 9.26759e-05 -0.297854 -0.298915
0.491494 9.42036e-05 -0.287221 -0.28827
0.501561 9.57395e-05 -0.276737 -0.277774
0.511599 9.72823e-05 -0.266405 -0.26743
0.521601 9.88306e-05 -0.256227 -0.25724
0.531662 0.000100398 -0.246106 -0.247107
0.54168 0.000101969 -0.236143 -0.237133
0.551751 0.000103558 -0.226241 -0.22722
0.56177 0.000105147 -0.216502 -0.217469
0.571836 0.000106752 -0.206826 -0.207783
0.581838 0.000108354 -0.197319 -0.198265
0.591882 0.00010997 -0.18788 -0.188815
0.601964 0.000111598 -0.178509 -0.179435
0.611969 0.000113219 -0.169314 -0.170229
0.622004 0.00011485 -0.160192 -0.161097
0.632068 0.000116491 -0.151145 -0.15204
0.642158 0.000118138 -0.142174 -0.143059
0.652271 0.000119793 -0.133282 -0.134158
0.662282 0.000121433 -0.124575 -0.125441
0.672308 0.000123076 -0.115951 -0.116808
0.682344 0.000124722 -0.107411 -0.108258
0.692389 0.000126369 -0.0989568 -0.0997948
0.702438 0.000128015 -0.0905901 -0.0914191
0.712488 0.00012966 -0.0823127 -0.0831328
0.722535 0.000131302 -0.0741264 -0.0749376
0.732577 0.00013294 -0.0660326 -0.0668352
0.74261 0.000134571 -0.0580333 -0.0588272
0.752629 0.000136196 -0.0501299 -0.0509153
0.762631 0.000137812 -0.0423241 -0.0431012
0.772751 0.000139441 -0.0345104 -0.0352791
0.78285 0.000141059 -0.0267973 -0.0275578
0.792923 0.000142664 -0.0191863 -0.0199387
0.802966 0.000144256 -0.011679 -0.0124234
0.812975 0.000145832 -0.00427688 -0.00501329
0.823092 0.000147415 0.00312601 0.0023975
0.833171 0.000148981 0.0104209 0.00970023
0.843205 0.000150528 0.0176066 0.0168935
0.853343 0.000152078 0.0247888 0.0240834
0.863431 0.000153607 0.031859 0.0311612
0.873466 0.000155113 0.038816 0.0381256
0.883598 0.00015662 0.0457655 0.0450826
0.893669 0.000158102 0.0525993 0.0519237
0.903676 0.000159558 0.0593164 0.0586481
0.913775 0.000161011 0.0660223 0.0653611
0.923803 0.000162437 0.0726092 0.0719552
0.933919 0.000163857 0.0791823 0.0785354
0.943957 0.000165248 0.0856344 0.0849945
0.95408 0.000166632 0.0920703 0.0914373
0.964119 0.000167985 0.0983833 0.0977572
0.974239 0.000169329 0.104678 0.104058
0.984269 0.00017064 0.110848 0.110235
0.994376 0.000171942 0.116997 0.116391
1.00439 0.00017321 0.12302 0.122421
1.01447 0.000174466 0.12902 0.128428
1.02463 0.000175709 0.134996 0.13441
1.03468 0.000176917 0.140844 0.140265
1.04479 0.000178111 0.146665 0.146093
1.0548 0.000179271 0.152358 0.151792
1.06487 0.000180415 0.158023 0.157463
1.07501 0.000181543 0.163659 0.163105
1.08502 0.000182636 0.169164 0.168617
1.0951 0.000183712 0.174639 0.174098
1.10523 0.000184772 0.180081 0.179547
1.11524 0.000185796 0.185393 0.184865
1.1253 0.000186802 0.190672 0.190149
1.13542 0.000187791 0.195916 0.1954
1.14558 0.000188762 0.201125 0.200615
1.15561 0.000189697 0.206201 0.205698
1.16569 0.000190614 0.211242 0.210744
1.17582 0.000191513 0.216245 0.215753
1.18599 0.000192394 0.22121 0.220724
1.19602 0.00019324 0.226042 0.225563
1.20609 0.000194068 0.230836 0.230362
1.2162 0.000194878 0.235589 0.235122
1.22636 0.00019567 0.240302 0.239841
1.23655 0.000196443 0.244973 0.244517
1.24659 0.000197184 0.249513 0.249063
1.25667 0.000197907 0.254011 0.253566
1.26678 0.000198613 0.258465 0.258027
1.27692 0.000199301 0.262877 0.262444
1.28711 0.000199972 0.267244 0.266817
1.29712 0.000200613 0.271481 0.27106
1.30717 0.000201238 0.275674 0.275259
1.31725 0.000201847 0.279823 0.279413
1.32735 0.00020244 0.283926 0.283522
1.33749 0.000203017 0.287982 0.287584
1.34766 0.000203579 0.291992 0.2916
1.35785 0.000204125 0.295955 0.295568
1.36786 0.000204647 0.299791 0.299411
1.3779 0.000205154 0.303581 0.303206
1.38797 0.000205648 0.307324 0.306955
1.39806 0.000206129 0.311019 0.310655
1.40817 0.000206597 0.314666 0.314308
1.4183 0.000207052 0.318264 0.317911
1.42846 0.000207496 0.321813 0.321466
1.43864 0.000207927 0.325312 0.324971
1.44884 0.000208348 0.328761 0.328425
1.45885 0.000208749 0.332091 0.331761
1.46888 0.00020914 0.335372 0.335047
1.47893 0.000209522 0.338604 0.338285
1.48899 0.000209894 0.341787 0.341473
1.49908 0.000210258 0.344919 0.344611
1.50918 0.000210613 0.348001 0.347699
1.5193 0.000210961 0.351033 0.350736
1.52943 0.000211301 0.354014 0.353723
1.53958 0.000211635 0.356945 0.356658
1.54975 0.000211962 0.359823 0.359542
1.55993 0.000212282 0.36265 0.362375
1.57013 0.000212598 0.365426 0.365156
1.58034 0.000212908 0.368149 0.367885
1.59035 0.000213207 0.370765 0.370506
1.60038 0.000213502 0.373331 0.373077
1.61042 0.000213794 0.375846 0.375597
1.62048 0.000214083 0.37831 0.378067
1.63055 0.000214369 0.380723 0.380486
1.64063 0.000214653 0.383086 0.382854
1.65072 0.000214935 0.385397 0.38517
1.66083 0.000215215 0.387657 0.387435
1.67095 0.000215495 0.389865 0.389649
1.68109 0.000215774 0.392022 0.391811
1.69124 0.000216054 0.394126 0.393921
1.7014 0.000216333 0.396179 0.395979
1.71157 0.000216614 0.39818 0.397985
1.72176 0.000216896 0.400128 0.399939
1.73196 0.000217179 0.402024 0.40184
1.74218 0.000217465 0.403868 0.403689
1.75219 0.000217747 0.405621 0.405448
1.76221 0.000218032 0.407324 0.407156
1.77225 0.00021832 0.408976 0.408813
1.7823 0.000218612 0.410577 0.41042
1.79236 0.000218908 0.412128 0.411976
1.80243 0.000219208 0.413628 0.413481
1.81253 0.000219514 0.415076 0.414935
1.82263 0.000219825 0.416473 0.416337
1.83275 0.000220141 0.417819 0.417688
1.84288 0.000220463 0.419114 0.418988
1.85303 0.000220792 0.420357 0.420237
1.8632 0.000221128 0.421548 0.421433
1.87338 0.000221472 0.422688 0.422578
1.88357 0.000221823 0.423775 0.423671
1.89379 0.000222182 0.424811 0.424712
1.90379 0.000222542 0.425773 0.425679
1.91381 0.00022291 0.426686 0.426597
1.92385 0.000223287 0.427548 0.427464
1.93391 0.000223674 0.42836 0.428281
1.94399 0.000224071 0.429121 0.429048
1.95408 0.000224478 0.429832 0.429764
1.96419 0.000224895 0.430492 0.430429
1.97432 0.000225324 0.431101 0.431043
1.98447 0.000225765 0.431659 0.431606
1.99464 0.000226217 0.432165 0.432118
2.00483 0.000226682 0.43262 0.432578
2.01504 0.000227159 0.433024 0.432986
2.02505 0.000227639 0.433368 0.433336
2.03507 0.000228132 0.433663 0.433635
2.04512 0.000228639 0.433907 0.433885
2.05519 0.00022916 0.434101 0.434084
2.06529 0.000229696 0.434245 0.434233
2.07541 0.000230247 0.434338 0.434331
2.08555 0.000230814 0.434381 0.434378
2.09572 0.000231397 0.434372 0.434375
2.10592 0.000231996 0.434312 0.43432
2.11614 0.000232613 0.4342 0.434213
2.12615 0.000233233 0.43404 0.434058
2.1362 0.000233871 0.433831 0.433854
2.14627 0.000234526 0.433571 0.433599
2.15637 0.000235201 0.433261 0.433294
2.1665 0.000235895 0.4329 0.432938
2.17665 0.000236609 0.432489 0.432531
2.18684 0.000237344 0.432025 0.432073
2.19707 0.0002381 0.43151 0.431562
2.20708 0.00023886 0.430957 0.431014
2.21713 0.000239641 0.430353 0.430415
2.22721 0.000240445 0.429699 0.429766
2.23733 0.000241272 0.428994 0.429065
2.24748 0.000242124 0.428238 0.428314
2.25767 0.000243 0.42743 0.427511
2.2679 0.000243901 0.42657 0.426656
2.27791 0.000244807 0.425679 0.42577
2.28797 0.000245738 0.424738 0.424834
2.29807 0.000246697 0.423746 0.423847
2.3082 0.000247684 0.422703 0.422808
2.31838 0.000248699 0.421608 0.421717
2.3286 0.000249745 0.42046 0.420574
2.33861 0.000250794 0.419289 0.419407
2.34866 0.000251875 0.418066 0.41819
2.35876 0.000252987 0.416793 0.416921
2.3689 0.000254131 0.415467 0.4156
2.37909 0.00025531 0.414088 0.414226
2.38933 0.000256524 0.412657 0.412798
2.39936 0.000257743 0.411208 0.411355
2.40943 0.000258998 0.409708 0.409859
2.41956 0.00026029 0.408156 0.408311
2.42974 0.000261621 0.40655 0.406709
2.43997 0.000262993 0.40489 0.405054
2.44999 0.000264369 0.40322 0.403388
2.46006 0.000265788 0.401497 0.40167
2.47019 0.000267249 0.399721 0.399898
2.48038 0.000268755 0.397891 0.398072
2.49062 0.000270308 0.396005 0.396191
2.50065 0.000271867 0.394116 0.394306
2.51074 0.000273474 0.392173 0.392367
2.52089 0.000275131 0.390175 0.390374
2.5311 0.00027684 0.388122 0.388325
2.54138 0.000278604 0.386012 0.386219
2.55144 0.000280375 0.383904 0.384115
2.56157 0.000282202 0.381741 0.381956
2.57176 0.000284088 0.379522 0.379741
2.58202 0.000286035 0.377245 0.377469
2.59207 0.00028799 0.374976 0.375203
2.60219 0.000290009 0.37265 0.372882
2.61237 0.000292095 0.370267 0.370503
2.62264 0.00029425 0.367826 0.368065
2.63268 0.000296415 0.365397 0.36564
2.6428 0.000298651 0.36291 0.363158
2.65299 0.000300964 0.360365 0.360617
2.66326 0.000303357 0.35776 0.358016
2.67332 0.00030576 0.355174 0.355432
2.68345 0.000308246 0.352528 0.35279
2.69366 0.000310821 0.349821 0.350088
2.70397 0.000313487 0.347053 0.347323
2.71404 0.000316165 0.344308 0.344582
2.7242 0.00031894 0.341503 0.34178
2.73446 0.000321817 0.338634 0.338915
2.74448 0.000324707 0.335794 0.336079
2.75459 0.000327703 0.332893 0.333181
2.7648 0.000330812 0.329928 0.33022
2.77511 0.00033404 0.326898 0.327194
2.78518 0.000337285 0.323902 0.324201
2.79535 0.000340654 0.320842 0.321144
2.80562 0.000344157 0.317715 0.318021
2.81566 0.000347678 0.314628 0.314937
2.82579 0.000351338 0.311475 0.311787
2.83604 0.000355148 0.308254 0.30857
2.8464 0.000359117 0.304964 0.305283
2.85651 0.000363109 0.301718 0.302041
2.86674 0.00036727 0.298404 0.298729
2.87708 0.00037161 0.295017 0.295346
2.88718 0.000375977 0.291681 0.292013
2.89739 0.000380535 0.288274 0.288609
2.90773 0.000385298 0.284793 0.285131
2.91781 0.000390092 0.281368 0.281709
2.92802 0.000395104 0.27787 0.278214
2.93837 0.00040035 0.274295 0.274642
2.94844 0.000405633 0.270783 0.271132
2.95866 0.000411166 0.267194 0.267547
2.96901 0.000416971 0.263526 0.263882
2.97909 0.000422818 0.259927 0.260285
2.98931 0.000428956 0.256249 0.25661
2.99969 0.000435409 0.252487 0.252851
3.00978 0.000441914 0.248802 0.249168
3.02003 0.00044876 0.245033 0.245402
3.03043 0.000455976 0.241177 0.241548
3.04055 0.000463256 0.237404 0.237778
3.05083 0.000470938 0.233543 0.23392
3.06128 0.00047906 0.229591 0.22997
3.07143 0.000487262 0.225729 0.22611
3.08176 0.000495946 0.221774 0.222158
3.09177 0.000504707 0.217917 0.218303
3.10196 0.000513994 0.213968 0.214356
3.11234 0.000523862 0.20992 0.210311
3.12239 0.00053383 0.205979 0.206372
3.13264 0.000544438 0.201939 0.202334
3.1431 0.000555756 0.197794 0.198191
3.15321 0.000567206 0.193764 0.194164
3.16353 0.000579446 0.189629 0.19003
3.17409 0.000592571 0.18538 0.185783
3.18428 0.000605875 0.181256 0.181661
3.19471 0.000620175 0.177016 0.177424
3.20475 0.000634656 0.172914 0.173323
3.21504 0.000650258 0.168694 0.169105
3.22558 0.000667131 0.164348 0.164761
3.23572 0.000684263 0.160151 0.160565
3.24613 0.000702848 0.155824 0.156241
3.25684 0.000723101 0.151358 0.151776
3.26711 0.000743738 0.147054 0.147473
3.27769 0.000766315 0.142605 0.143026
3.28781 0.000789296 0.138333 0.138756
3.29825 0.000814544 0.133914 0.134338
3.30903 0.000842451 0.129332 0.129757
3.31932 0.000871 0.124943 0.12537
3.32998 0.000902733 0.120385 0.120813
3.3401 0.000935155 0.116042 0.116471
3.3506 0.000971406 0.111523 0.111954
3.36152 0.0010123 0.106807 0.107239
3.37187 0.00105439 0.102328 0.102761
3.38268 0.00110226 0.0976409 0.0980753
3.39284 0.00115147 0.0932208 0.0936562
3.40348 0.00120794 0.088582 0.0890184
3.41467 0.00127362 0.0836909 0.0841283
3.42516 0.00134194 0.0790968 0.0795352
3.43625 0.00142245 0.0742304 0.0746696
3.44653 0.00150598 0.0697088 0.0701488
3.45746 0.00160567 0.0648943 0.0653351
3.46917 0.00172695 0.0597269 0.0601684
3.47996 0.00185341 0.0549566 0.0553988
3.4916 0.00200384 0.0498061 0.050249
3.50202 0.00213558 0.0451878 0.0456312
3.51293 0.00218937 0.0403474 0.0407914
3.52341 0.00201605 0.0356894 0.0361337
3.53345 0.00204477 0.0312286 0.0316733
3.54366 0.00200235 0.0266834 0.0271284
3.55373 0.00205594 0.0221993 0.0226447
3.56377 0.0019639 0.0177279 0.0181735
3.574 0.00204268 0.0131675 0.0136132
3.58609 0.00219646 0.00777546 0.00822137
3.59825 0.00257527 0.00235244 0.00279844
3.60825 0.00249362 -0.00211139 -0.00166536
3.61832 0.00246376 -0.00660383 -0.00615781
3.62861 0.00269541 -0.0111935 -0.0107476
3.63913 0.00337224 -0.0158827 -0.015437
3.64953 0.00145099 -0.0205216 -0.0200759
3.66027 0.0007915 -0.0253085 -0.024863
3.6707 0.0019106 -0.0299547 -0.0295095
3.68215 0.00154036 -0.0350495 -0.0346046
3.69307 0.00156322 -0.0399064 -0.0394618
3.7031 0.0016762 -0.0443636 -0.0439195
3.71554 0.00245668 -0.0498848 -0.0494412
3.72576 0.00221304 -0.0544194 -0.0539763
3.73584 0.00216221 -0.0588839 -0.0584413
3.74775 0.00201901 -0.0641495 -0.0637076
3.75952 0.00210158 -0.069344 -0.0689029
3.76969 0.00155563 -0.0738266 -0.0733862
3.78177 0.0021345 -0.0791407 -0.0787012
3.79185 0.00188386 -0.0835661 -0.0831275
3.80331 0.00190213 -0.0885912 -0.0881534
3.81371 0.00156469 -0.0931397 -0.0927028
3.82433 0.0012292 -0.09777 -0.097334
3.83501 0.00115999 -0.10242 -0.101985
3.84519 0.00110888 -0.10684 -0.106406
3.856 0.00105959 -0.111523 -0.111091
3.86635 0.00101652 -0.115996 -0.115565
3.87728 0.000974885 -0.120703 -0.120273
3.88778 0.000938128 -0.125213 -0.124784
3.8979 0.000905364 -0.129546 -0.129118
3.90855 0.000873385 -0.134093 -0.133667
3.91884 0.000844683 -0.138472 -0.138047
3.92963 0.000816684 -0.143044 -0.142621
3.94006 0.000791398 -0.147455 -0.147033
3.95019 0.000768415 -0.151718 -0.151297
3.96077 0.000745865 -0.156159 -0.15574
3.97106 0.000725276 -0.160457 -0.16004
3.98107 0.000706382 -0.164624 -0.164208
3.99152 0.00068777 -0.168955 -0.168541
4.00169 0.000670632 -0.173157 -0.172744
4.01228 0.000653769 -0.177508 -0.177098
4.0226 0.00063819 -0.181734 -0.181326
4.03269 0.000623741 -0.185843 -0.185437
4.04317 0.000609484 -0.190091 -0.189686
4.05341 0.000596228 -0.194223 -0.193821
4.06343 0.000583862 -0.198249 -0.197848
4.07382 0.000571635 -0.202401 -0.202002
4.084 0.000560205 -0.206448 -0.206051
4.09453 0.000548916 -0.210611 -0.210217
4.10485 0.000538341 -0.21467 -0.214278
4.11498 0.000528412 -0.21863 -0.21824
4.12545 0.000518587 -0.222699 -0.222311
4.13572 0.000509347 -0.226669 -0.226284
4.14581 0.000500635 -0.230547 -0.230164
4.15623 0.000492006 -0.234525 -0.234144
4.16647 0.000483859 -0.238411 -0.238033
4.17655 0.000476154 -0.24221 -0.241834
4.18694 0.000468514 -0.2461 -0.245726
4.19716 0.000461279 -0.249903 -0.249532
4.20723 0.000454416 -0.253623 -0.253255
4.2176 0.000447606 -0.257428 -0.257062
4.22781 0.00044114 -0.261149 -0.260786
4.23789 0.000434991 -0.264791 -0.264431
4.24825 0.000428887 -0.268511 -0.268153
4.25847 0.000423077 -0.272151 -0.271796
4.26855 0.00041754 -0.275715 -0.275362
4.27892 0.000412041 -0.279349 -0.279
4.28915 0.000406797 -0.282907 -0.282561
4.29926 0.000401789 -0.286392 -0.286048
4.30963 0.000396814 -0.289941 -0.2896
4.31989 0.000392061 -0.293416 -0.293078
4.33002 0.000387515 -0.29682 -0.296485
4.34003 0.000383162 -0.300155 -0.299824
4.35032 0.000378833 -0.303549 -0.30322
4.36049 0.000374686 -0.306873 -0.306547
4.37055 0.00037071 -0.31013 -0.309807
4.38087 0.000366757 -0.313439 -0.31312
4.39109 0.000362965 -0.316681 -0.316365
4.4012 0.000359325 -0.319857 -0.319544
4.41121 0.000355828 -0.32297 -0.32266
4.42147 0.000352348 -0.326129 -0.325823
4.43164 0.000349005 -0.329224 -0.328921
4.44171 0.00034579 -0.332256 -0.331956
4.45204 0.000342592 -0.335329 -0.335033
4.46227 0.000339517 -0.338339 -0.338046
4.47241 0.000336557 -0.341287 -0.340998
4.48246 0.000333708 -0.344176 -0.34389
4.49276 0.000330873 -0.347099 -0.346816
4.50297 0.000328143 -0.349961 -0.349683
4.5131 0.000325513 -0.352765 -0.35249
4.52315 0.000322978 -0.35551 -0.355239
4.53344 0.000320455 -0.358285 -0.358017
4.54366 0.000318024 -0.361001 -0.360737
4.5538 0.00031568 -0.363659 -0.363399
4.56386 0.000313419 -0.366262 -0.366005
4.57416 0.00031117 -0.368888 -0.368634
4.5844 0.000309001 -0.371456 -0.371207
4.59456 0.000306908 -0.373969 -0.373723
4.60465 0.000304888 -0.376426 -0.376184
4.61468 0.000302939 -0.37883 -0.378592
4.62494 0.000300999 -0.381251 -0.381017
4.63515 0.000299128 -0.383618 -0.383387
4.64528 0.000297322 -0.38593 -0.385703
4.65536 0.000295578 -0.388189 -0.387967
4.66538 0.000293894 -0.390396 -0.390178
4.67564 0.000292221 -0.392615 -0.3924
4.68584 0.000290605 -0.39478 -0.394569
4.69598 0.000289047 -0.396893 -0.396686
4.70607 0.000287542 -0.398954 -0.398751
4.71611 0.000286089 -0.400964 -0.400765
4.72638 0.000284647 -0.40298 -0.402785
4.7366 0.000283256 -0.404943 -0.404752
4.74677 0.000281915 -0.406855 -0.406668
4.7569 0.000280621 -0.408716 -0.408534
4.76698 0.000279373 -0.410527 -0.410349
4.77701 0.00027817 -0.412289 -0.412115
4.78728 0.000276978 -0.414049 -0.413879
4.79751 0.00027583 -0.415758 -0.415593
4.80769 0.000274725 -0.417418 -0.417256
4.81784 0.000273661 -0.419027 -0.41887
4.82794 0.000272638 -0.420588 -0.420435
4.83801 0.000271653 -0.4221 -0.421952
4.84804 0.000270706 -0.423564 -0.42342
4.85831 0.000269771 -0.425019 -0.424879
4.86855 0.000268875 -0.426424 -0.426288
4.87875 0.000268015 -0.42778 -0.427649
4.88892 0.000267191 -0.429088 -0.428961
4.89905 0.000266402 -0.430347 -0.430225
4.90916 0.000265647 -0.431559 -0.431441
4.91924 0.000264925 -0.432723 -0.43261
4.9293 0.000264236 -0.433841 -0.433732
4.93932 0.000263579 -0.434912 -0.434807
4.94933 0.000262953 -0.435937 -0.435837
4.95957 0.000262342 -0.436942 -0.436845
4.96979 0.000261763 -0.437898 -0.437806
4.97999 0.000261215 -0.438807 -0.43872
4.99016 0.000260697 -0.439668 -0.439586
5.00032 0.000260209 -0.440483 -0.440404
5.01046 0.000259751 -0.44125 -0.441177
5.02058 0.000259321 -0.441972 -0.441902
5.03069 0.00025892 -0.442646 -0.442581
5.04078 0.000258547 -0.443275 -0.443215
5.05085 0.000258203 -0.443858 -0.443802
5.06092 0.000257885 -0.444395 -0.444343
5.07097 0.000257595 -0.444887 -0.444839
5.08101 0.000257332 -0.445333 -0.44529
5.09104 0.000257095 -0.445734 -0.445695
5.10106 0.000256885 -0.446089 -0.446056
5.11108 0.000256701 -0.4464 -0.446371
5.12109 0.000256544 -0.446666 -0.446641
5.13109 0.000256412 -0.446887 -0.446867
5.14134 0.000256304 -0.447067 -0.447052
5.15159 0.000256222 -0.447201 -0.447189
5.16184 0.000256168 -0.447287 -0.44728
5.17209 0.000256141 -0.447326 -0.447324
5.18233 0.000256141 -0.447318 -0.447321
5.19258 0.000256167 -0.447264 -0.447271
5.20283 0.000256221 -0.447162 -0.447174
5.21308 0.000256301 -0.447013 -0.44703
5.22333 0.000256409 -0.446818 -0.446839
5.23333 0.00025654 -0.446581 -0.446607
5.24334 0.000256697 -0.446301 -0.44633
5.25336 0.00025688 -0.445975 -0.446009
5.26338 0.00025709 -0.445604 -0.445643
5.27341 0.000257325 -0.445188 -0.445231
5.28345 0.000257588 -0.444726 -0.444774
5.2935 0.000257877 -0.44422 -0.444272
5.30357 0.000258194 -0.443668 -0.443724
5.31364 0.000258538 -0.44307 -0.443131
5.32373 0.00025891 -0.442426 -0.442491
5.33384 0.00025931 -0.441736 -0.441806
5.34396 0.000259738 -0.441 -0.441074
5.3541 0.000260195 -0.440217 -0.440296
5.36426 0.000260682 -0.439387 -0.439471
5.37443 0.000261199 -0.438511 -0.438599
5.38463 0.000261746 -0.437587 -0.437679
5.39485 0.000262324 -0.436615 -0.436712
5.40509 0.000262933 -0.435596 -0.435697
5.4151 0.000263558 -0.434556 -0.434661
5.42512 0.000264213 -0.43347 -0.43358
5.43518 0.000264901 -0.432337 -0.432452
5.44526 0.000265621 -0.431158 -0.431277
5.45537 0.000266374 -0.429931 -0.430054
5.4655 0.000267161 -0.428657 -0.428784
5.47567 0.000267983 -0.427334 -0.427466
5.48587 0.000268841 -0.425963 -0.4261
5.4961 0.000269735 -0.424544 -0.424684
5.50637 0.000270667 -0.423074 -0.423219
5.51641 0.000271612 -0.421595 -0.421744
5.52647 0.000272594 -0.420069 -0.420222
5.53658 0.000273615 -0.418493 -0.418651
5.54672 0.000274676 -0.416869 -0.417031
5.55691 0.000275778 -0.415196 -0.415362
5.56713 0.000276922 -0.413472 -0.413642
5.5774 0.00027811 -0.411697 -0.411872
5.58743 0.00027931 -0.409921 -0.4101
5.59751 0.000280553 -0.408096 -0.408278
5.60764 0.000281843 -0.40622 -0.406407
5.61781 0.00028318 -0.404294 -0.404485
5.62803 0.000284566 -0.402317 -0.402512
5.6383 0.000286003 -0.400287 -0.400487
5.64833 0.00028745 -0.398263 -0.398467
5.65842 0.000288949 -0.396189 -0.396396
5.66856 0.000290502 -0.394062 -0.394274
5.67876 0.000292111 -0.391883 -0.392099
5.68901 0.000293777 -0.389651 -0.389871
5.69903 0.000295454 -0.387431 -0.387654
5.70911 0.000297191 -0.385158 -0.385386
5.71924 0.000298989 -0.382833 -0.383064
5.72944 0.000300851 -0.380454 -0.380688
5.7397 0.000302781 -0.378019 -0.378258
5.74973 0.000304722 -0.375603 -0.375845
5.75982 0.000306731 -0.373133 -0.373379
5.76997 0.000308813 -0.370607 -0.370858
5.7802 0.00031097 -0.368026 -0.36828
5.7905 0.000313207 -0.365388 -0.365646
5.80056 0.000315455 -0.362774 -0.363035
5.81069 0.000317785 -0.360103 -0.360368
5.8209 0.000320202 -0.357376 -0.357644
5.83119 0.000322708 -0.354589 -0.354861
5.84123 0.000325227 -0.351832 -0.352108
5.85136 0.000327839 -0.349018 -0.349297
5.86156 0.00033055 -0.346144 -0.346427
5.87185 0.000333365 -0.34321 -0.343497
5.8819 0.000336193 -0.340311 -0.340601
5.89203 0.00033913 -0.337353 -0.337646
5.90225 0.00034218 -0.334333 -0.33463
5.91257 0.000345352 -0.33125 -0.33155
5.92263 0.000348539 -0.328208 -0.328512
5.93279 0.000351853 -0.325104 -0.325411
5.94304 0.000355301 -0.321937 -0.322247
5.9534 0.000358891 -0.318703 -0.319016
5.9635 0.0003625 -0.315516 -0.315833
5.9737 0.000366259 -0.312264 -0.312584
5.98401 0.000370176 -0.308945 -0.309268
5.99406 0.000374114 -0.305679 -0.306005
6.00422 0.00037822 -0.302346 -0.302675
6.01449 0.000382505 -0.298944 -0.299276
6.0245 0.000386811 -0.2956 -0.295936
6.03461 0.000391306 -0.292189 -0.292527
6.04485 0.000396003 -0.288706 -0.289048
6.05521 0.000400917 -0.28515 -0.285495
6.0653 0.000405862 -0.28166 -0.282007
6.07551 0.000411036 -0.278096 -0.278446
6.08586 0.000416459 -0.274456 -0.274809
6.09592 0.000421916 -0.270888 -0.271244
6.10612 0.000427638 -0.267244 -0.267603
6.11646 0.000433645 -0.263522 -0.263883
6.1265 0.000439692 -0.259878 -0.260241
6.13669 0.000446046 -0.256155 -0.256521
6.14703 0.000452732 -0.25235 -0.252719
6.15707 0.000459464 -0.24863 -0.249002
6.16725 0.000466555 -0.244829 -0.245203
6.1776 0.000474035 -0.240941 -0.241318
6.18764 0.000481571 -0.237147 -0.237526
6.19784 0.000489529 -0.233266 -0.233647
6.20821 0.000497949 -0.229295 -0.229679
6.21826 0.000506438 -0.225424 -0.22581
6.22848 0.000515431 -0.221463 -0.221852
6.23889 0.000524977 -0.217406 -0.217797
6.24896 0.00053461 -0.213459 -0.213852
6.25922 0.000544851 -0.209415 -0.20981
6.26968 0.000555764 -0.205269 -0.205666
6.27979 0.000566791 -0.201242 -0.201641
6.2901 0.000578562 -0.197111 -0.197512
6.30063 0.000591164 -0.192871 -0.193274
6.3108 0.000603917 -0.188759 -0.189165
6.32118 0.000617599 -0.184536 -0.184944
6.33181 0.000632325 -0.180195 -0.180604
6.34206 0.000647261 -0.175992 -0.176403
6.35255 0.000663379 -0.171668 -0.172081
6.36263 0.000679706 -0.167496 -0.16791
6.37296 0.000697373 -0.1632 -0.163616
6.38358 0.00071657 -0.158771 -0.159189
6.39375 0.000736071 -0.154508 -0.154927
6.40421 0.000757334 -0.150107 -0.150529
6.41499 0.000780636 -0.145559 -0.145981
6.4253 0.000804401 -0.141189 -0.141614
6.43594 0.000830561 -0.136666 -0.137092
6.44608 0.000857202 -0.132342 -0.132769
6.45655 0.000886668 -0.127859 -0.128287
6.4674 0.000919487 -0.123201 -0.123631
6.47771 0.000953096 -0.11876 -0.119191
6.48842 0.000990768 -0.114136 -0.114568
6.49854 0.00102928 -0.109755 -0.110189
6.50906 0.00107274 -0.105184 -0.105619
6.52006 0.00112229 -0.100398 -0.100834
6.53041 0.00117336 -0.0958808 -0.0963176
6.54126 0.00123216 -0.0911357 -0.0915735
6.55138 0.0012926 -0.0866977 -0.0871365
6.56203 0.00136289 -0.0820195 -0.0824592
6.5733 0.00144593 -0.0770599 -0.0775005
6.58375 0.00153234 -0.0724475 -0.0728888
6.59488 0.00163577 -0.0675308 -0.0679729
6.60506 0.00174224 -0.0630268 -0.0634696
6.61595 0.00186982 -0.0582012 -0.0586447
6.62769 0.00202057 -0.0529922 -0.0534363
6.63818 0.00214819 -0.0483283 -0.0487729
6.6491 0.00218026 -0.0434711 -0.0439162
6.65949 0.00200138 -0.0388439 -0.0392895
6.66955 0.00205446 -0.034356 -0.0348019
6.67973 0.00199383 -0.0298148 -0.030261
6.68984 0.00205828 -0.025304 -0.0257505
6.69984 0.00197356 -0.0208355 -0.0212823
6.71007 0.00201188 -0.016265 -0.0167119
6.72223 0.00218133 -0.0108263 -0.0112734
6.73406 0.0023524 -0.00553604 -0.00598324
6.74692 0.00341765 0.000216167 -0.000230978
6.75707 0.00401882 0.00475737 0.00431028
6.76767 0.00146364 0.00949834 0.00905121
6.77849 0.000836137 0.0143356 0.0138886
6.78867 0.00162788 0.0188841 0.0184372
6.79917 0.00136121 0.0235783 0.0231316
6.81053 0.00205662 0.0286503 0.0282039
6.82163 0.00212192 0.0336034 0.0331574
6.83165 0.00250757 0.0380711 0.0376255
6.8439 0.00310969 0.0435272 0.0430822
6.85416 0.00296205 0.0480906 0.047646
6.86574 0.00288544 0.0532387 0.0527948
6.87704 0.00263783 0.0582534 0.0578099
6.88912 0.00228163 0.0636059 0.0631632
6.90095 0.00229699 0.0688406 0.0683987
6.91264 0.0020721 0.0740013 0.0735602
6.92272 0.0018562 0.0784462 0.0780058
6.93439 0.00198195 0.0835786 0.0831391
6.94581 0.00182021 0.0885898 0.0881513
6.95668 0.00135195 0.0933515 0.0929139
6.96779 0.00118968 0.098207 0.0977705
6.97821 0.00113411 0.102749 0.102314
6.98926 0.00108172 0.107552 0.107117
6.99982 0.00103618 0.112131 0.111698
7.00996 0.000996091 0.116515 0.116083
7.02068 0.000957104 0.121137 0.120707
7.03099 0.000922492 0.125573 0.125144
7.04184 0.000888834 0.130223 0.129795
7.05231 0.000858725 0.134695 0.134268
7.06243 0.000831582 0.139007 0.138581
7.07305 0.000804998 0.143514 0.143091
7.08335 0.000780904 0.147868 0.147446
7.0941 0.000757324 0.152399 0.151978
7.10454 0.000735846 0.15678 0.156361
7.11469 0.000716178 0.161025 0.160608
7.12528 0.000696841 0.165434 0.165018
7.13559 0.000679066 0.169709 0.169295
7.14564 0.000662656 0.173861 0.173449
7.1561 0.000646471 0.178164 0.177753
7.16632 0.000631485 0.182345 0.181937
7.17692 0.00061672 0.186665 0.186258
7.18728 0.000603011 0.190866 0.190461
7.19741 0.00059024 0.194956 0.194553
7.20792 0.000577627 0.199174 0.198773
7.2182 0.00056585 0.203282 0.202883
7.22828 0.000554823 0.207288 0.206891
7.23871 0.000543913 0.211411 0.211017
7.24894 0.000533679 0.215433 0.215041
7.25899 0.000524055 0.219359 0.218969
7.26937 0.000514521 0.223393 0.223006
7.27956 0.000505542 0.227333 0.226947
7.28958 0.000497067 0.231181 0.230798
7.29993 0.000488663 0.23513 0.23475
7.3101 0.000480721 0.23899 0.238611
7.32011 0.000473201 0.242763 0.242387
7.33044 0.000465739 0.246629 0.246255
7.3406 0.000458666 0.250409 0.250038
7.35061 0.000451951 0.254107 0.253739
7.36093 0.000445283 0.257891 0.257525
7.37109 0.000438947 0.261592 0.261229
7.38112 0.000432917 0.265216 0.264855
7.39143 0.000426928 0.268917 0.268559
7.4016 0.000421223 0.272539 0.272185
7.41165 0.000415783 0.276087 0.275735
7.42197 0.000410378 0.279706 0.279356
7.43216 0.000405219 0.283249 0.282902
7.44223 0.000400291 0.286719 0.286375
7.45257 0.000395393 0.290254 0.289913
7.46278 0.000390712 0.293716 0.293378
7.47288 0.000386231 0.297107 0.296773
7.48325 0.000381778 0.300557 0.300226
7.4935 0.000377515 0.303936 0.303608
7.50363 0.00037343 0.307247 0.306921
7.51366 0.000369512 0.310491 0.310169
7.52395 0.000365613 0.313788 0.313469
7.53413 0.000361873 0.317017 0.316701
7.54421 0.000358282 0.320182 0.319869
7.55455 0.00035471 0.323393 0.323084
7.56478 0.000351279 0.326539 0.326233
7.57492 0.000347982 0.329621 0.329319
7.58496 0.00034481 0.332642 0.332342
7.59526 0.000341654 0.335703 0.335407
7.60546 0.000338618 0.338701 0.338409
7.61557 0.000335695 0.341638 0.341349
7.6256 0.000332881 0.344516 0.344231
7.63587 0.000330079 0.347429 0.347147
7.64606 0.000327381 0.350282 0.350003
7.65617 0.000324782 0.353075 0.3528
7.6662 0.000322275 0.355811 0.35554
7.67647 0.000319781 0.358577 0.358309
7.68666 0.000317376 0.361284 0.36102
7.69678 0.000315057 0.363933 0.363673
7.70682 0.000312819 0.366527 0.36627
7.71711 0.000310593 0.369145 0.368892
7.72732 0.000308446 0.371705 0.371456
7.73747 0.000306374 0.37421 0.373965
7.74754 0.000304374 0.37666 0.376419
7.75755 0.000302443 0.379057 0.378819
7.7678 0.000300522 0.381471 0.381237
7.77799 0.000298668 0.38383 0.3836
7.78811 0.000296879 0.386135 0.385909
7.79817 0.000295151 0.388388 0.388166
7.80818 0.000293482 0.390589 0.39037
7.81842 0.000291823 0.392801 0.392586
7.82861 0.000290222 0.39496 0.394749
7.83874 0.000288677 0.397066 0.39686
7.84881 0.000287185 0.399122 0.398919
7.85884 0.000285744 0.401126 0.400928
7.8691 0.000284315 0.403136 0.402942
7.87931 0.000282936 0.405093 0.404903
7.88947 0.000281605 0.407 0.406814
7.89958 0.000280322 0.408856 0.408674
7.90965 0.000279085 0.410662 0.410484
7.91968 0.000277891 0.412418 0.412245
7.92994 0.000276709 0.414173 0.414004
7.94015 0.00027557 0.415878 0.415713
7.95033 0.000274474 0.417532 0.417371
7.96046 0.000273419 0.419137 0.41898
7.97056 0.000272403 0.420693 0.42054
7.98062 0.000271426 0.4222 0.422052
7.99065 0.000270487 0.42366 0.423516
8.00091 0.00026956 0.42511 0.424971
8.01113 0.000268671 0.426511 0.426376
8.02132 0.000267818 0.427863 0.427732
8.03148 0.000267001 0.429166 0.429039
8.04162 0.000266218 0.430421 0.430299
8.05172 0.00026547 0.431629 0.431511
8.06179 0.000264754 0.432789 0.432676
8.07184 0.000264071 0.433903 0.433794
8.08186 0.000263419 0.43497 0.434865
8.09212 0.000262783 0.436018 0.435917
8.10236 0.000262179 0.437017 0.436921
8.11257 0.000261606 0.437968 0.437877
8.12276 0.000261063 0.438872 0.438785
8.13293 0.000260551 0.439728 0.439646
8.14309 0.000260069 0.440538 0.44046
8.15322 0.000259616 0.4413 0.441227
8.16334 0.000259192 0.442017 0.441948
8.17344 0.000258796 0.442687 0.442622
8.18352 0.000258429 0.443311 0.443251
8.19359 0.000258089 0.443889 0.443833
8.20365 0.000257777 0.444421 0.44437
8.2137 0.000257491 0.444908 0.444861
8.22374 0.000257233 0.44535 0.445307
8.23376 0.000257001 0.445746 0.445708
8.24378 0.000256795 0.446097 0.446064
8.25379 0.000256616 0.446403 0.446375
8.2638 0.000256462 0.446665 0.44664
8.27405 0.000256332 0.446886 0.446867
8.28431 0.000256229 0.447061 0.447046
8.29455 0.000256152 0.447188 0.447178
8.3048 0.000256103 0.447269 0.447263
8.31504 0.000256081 0.447302 0.447301
8.32528 0.000256085 0.447289 0.447292
8.33553 0.000256116 0.447228 0.447236
8.34577 0.000256175 0.447121 0.447133
8.35602 0.00025626 0.446967 0.446984
8.36628 0.000256372 0.446765 0.446787
8.37628 0.000256508 0.446524 0.44655
8.38628 0.000256669 0.446237 0.446268
8.3963 0.000256857 0.445906 0.445941
8.40632 0.00025707 0.445529 0.445569
8.41635 0.000257311 0.445108 0.445151
8.42639 0.000257578 0.444641 0.444689
8.43644 0.000257871 0.444128 0.444181
8.4465 0.000258192 0.443571 0.443628
8.45658 0.000258541 0.442967 0.443029
8.46667 0.000258917 0.442318 0.442384
8.47678 0.000259321 0.441622 0.441693
8.4869 0.000259754 0.44088 0.440955
8.49704 0.000260216 0.440092 0.440171
8.5072 0.000260708 0.439256 0.43934
8.51738 0.000261229 0.438374 0.438462
8.52757 0.00026178 0.437444 0.437537
8.5378 0.000262363 0.436467 0.436564
8.54804 0.000262977 0.435441 0.435543
8.55804 0.000263606 0.434396 0.434502
8.56807 0.000264267 0.433304 0.433415
8.57813 0.000264959 0.432166 0.43228
8.58821 0.000265684 0.43098 0.4311
8.59832 0.000266442 0.429748 0.429871
8.60846 0.000267234 0.428467 0.428595
8.61863 0.000268062 0.427139 0.427271
8.62884 0.000268924 0.425762 0.425899
8.63907 0.000269824 0.424336 0.424477
8.64907 0.000270736 0.4229 0.423045
8.65911 0.000271685 0.421416 0.421565
8.66918 0.000272672 0.419884 0.420038
8.67929 0.000273697 0.418304 0.418462
8.68944 0.000274763 0.416675 0.416837
8.69962 0.00027587 0.414996 0.415163
8.70985 0.000277019 0.413267 0.413438
8.72012 0.000278213 0.411488 0.411663
8.73016 0.000279417 0.409706 0.409885
8.74024 0.000280666 0.407876 0.408059
8.75037 0.000281961 0.405995 0.406183
8.76055 0.000283304 0.404064 0.404255
8.77077 0.000284696 0.402081 0.402277
8.78105 0.000286138 0.400046 0.400246
8.79109 0.000287592 0.398017 0.39822
8.80118 0.000289097 0.395936 0.396144
8.81133 0.000290657 0.393804 0.394016
8.82153 0.000292272 0.39162 0.391836
8.83179 0.000293945 0.389382 0.389602
8.84181 0.000295629 0.387156 0.387379
8.85189 0.000297373 0.384877 0.385105
8.86204 0.000299179 0.382546 0.382777
8.87224 0.000301049 0.380161 0.380396
8.88251 0.000302987 0.37772 0.377959
8.89254 0.000304936 0.375298 0.375541
8.90264 0.000306954 0.372821 0.373068
8.9128 0.000309045 0.37029 0.37054
8.92304 0.000311212 0.367702 0.367956
8.93335 0.000313458 0.365057 0.365315
8.94341 0.000315716 0.362436 0.362698
8.95356 0.000318057 0.359759 0.360025
8.96377 0.000320484 0.357024 0.357294
8.97407 0.000323002 0.354231 0.354504
8.98412 0.000325532 0.351467 0.351743
8.99426 0.000328157 0.348645 0.348925
9.00447 0.000330881 0.345765 0.346048
9.01477 0.000333709 0.342823 0.34311
9.02483 0.000336552 0.339916 0.340207
9.03497 0.000339503 0.33695 0.337244
9.0452 0.000342569 0.333922 0.33422
9.05553 0.000345757 0.330831 0.331132
9.0656 0.000348961 0.327782 0.328086
9.07577 0.000352292 0.324669 0.324977
9.08604 0.000355759 0.321493 0.321804
9.09605 0.000359242 0.318363 0.318677
9.10616 0.000362866 0.31517 0.315487
9.11638 0.000366641 0.311912 0.312232
9.1267 0.000370575 0.308586 0.308909
9.13676 0.000374531 0.305312 0.305639
9.14693 0.000378655 0.301972 0.302302
9.15722 0.00038296 0.298563 0.298896
9.16723 0.000387287 0.295212 0.295548
9.17736 0.000391804 0.291793 0.292132
9.18761 0.000396525 0.288302 0.288644
9.19799 0.000401464 0.284739 0.285083
9.20809 0.000406434 0.28124 0.281587
9.21832 0.000411636 0.277667 0.278018
9.22868 0.000417089 0.274019 0.274372
9.23876 0.000422577 0.270442 0.270798
9.24897 0.000428332 0.266789 0.267148
9.25932 0.000434375 0.263057 0.263419
9.26939 0.00044046 0.259403 0.259767
9.27959 0.000446854 0.255671 0.256037
9.28995 0.000453583 0.251855 0.252225
9.30001 0.000460361 0.248125 0.248497
9.31022 0.000467501 0.244313 0.244687
9.32059 0.000475035 0.240414 0.240791
9.33065 0.000482627 0.236608 0.236987
9.34087 0.000490646 0.232715 0.233097
9.35126 0.000499133 0.228731 0.229115
9.36134 0.000507692 0.224848 0.225234
9.37158 0.000516761 0.220873 0.221262
9.38202 0.000526391 0.216802 0.217193
9.39212 0.000536113 0.212841 0.213234
9.40241 0.000546452 0.208782 0.209177
9.4129 0.000557474 0.20462 0.205018
9.42304 0.000568615 0.200577 0.200976
9.43338 0.000580513 0.196429 0.196831
9.44395 0.000593257 0.192171 0.192575
9.45415 0.00060616 0.188041 0.188447
9.46458 0.000620011 0.183798 0.184206
9.47462 0.000634017 0.179696 0.180105
9.48489 0.000649085 0.175479 0.175891
9.49541 0.000665352 0.17114 0.171554
9.50552 0.000681839 0.166953 0.167368
9.51589 0.000699687 0.162642 0.163058
9.52654 0.000719092 0.158196 0.158614
9.53675 0.000738816 0.153914 0.154334
9.54725 0.000760336 0.149495 0.149916
9.55729 0.000782177 0.145257 0.14568
9.56762 0.000806093 0.140877 0.141302
9.57828 0.000832431 0.136344 0.136769
9.58845 0.000859265 0.132008 0.132435
9.59895 0.000888959 0.127513 0.127941
9.60983 0.000922051 0.122841 0.123271
9.62017 0.00095596 0.118386 0.118817
9.63091 0.000993995 0.113747 0.114179
9.64106 0.00103291 0.10935 0.109784
9.65162 0.00107685 0.104761 0.105196
9.66266 0.00112701 0.0999545 0.10039
9.67306 0.00117877 0.0954163 0.0958532
9.68396 0.00123843 0.0906471 0.091085
9.69414 0.00129985 0.0861843 0.0866231
9.70485 0.00137139 0.0814771 0.0819169
9.71619 0.00145608 0.0764834 0.076924
9.72673 0.00154439 0.0718354 0.0722768
9.73795 0.00165035 0.066876 0.0673182
9.74823 0.00175966 0.0623281 0.062771
9.75923 0.0018907 0.0574499 0.0578934
9.77111 0.00204422 0.0521792 0.0526234
9.78171 0.00216618 0.0474664 0.0479111
9.79262 0.00215937 0.0426121 0.0430573
9.80285 0.00198626 0.0380522 0.0384978
9.81299 0.00206518 0.033532 0.033978
9.8231 0.0019858 0.0290219 0.0294682
9.83326 0.00205273 0.0244843 0.0249309
9.84527 0.0020495 0.0191179 0.0195647
9.8553 0.00190894 0.0146335 0.0150804
9.86569 0.00209727 0.00999075 0.0104378
9.87795 0.00256697 0.00450763 0.00495479
9.88825 0.00326611 -0.000102433 0.000344716
9.89861 0.00402922 -0.00473217 -0.00428511
9.90902 0.00207874 -0.00938918 -0.00894208
9.92114 0.00219992 -0.0148096 -0.0143627
9.93168 0.00300046 -0.019522 -0.0190753
9.94183 0.0042241 -0.0240547 -0.0236083
9.95267 0.00415856 -0.0288944 -0.0284483
9.96327 0.00184467 -0.0336246 -0.0331787
9.97444 0.00128442 -0.0386045 -0.0381589
9.98549 0.00147092 -0.0435277 -0.0430825
9.99579 0.00116282 -0.0481116 -0.0476669
10 0.000323942 -0.0499818957093381 -0.0495373804885339
