0 0.001 -1 1
0.0100002 1.73152e-05 -0.982097 -0.983984
0.020236 0.000395525 -0.962023 -0.963972
0.0306002 0.000402495 -0.942006 -0.943926
0.0407687 0.000410703 -0.922664 -0.924555
0.0511464 0.000419234 -0.90322 -0.905082
0.0613138 0.000427745 -0.884454 -0.886289
0.0716895 0.00043659 -0.865588 -0.867395
0.0818361 0.000445396 -0.847411 -0.849192
0.0921893 0.000454542 -0.829136 -0.830891
0.102293 0.000463626 -0.811561 -0.81329
0.112601 0.000473056 -0.79389 -0.795594
0.122637 0.000482397 -0.77693 -0.77861
0.132873 0.000492088 -0.759878 -0.761534
0.143317 0.000502146 -0.742731 -0.744363
0.153464 0.000512085 -0.726309 -0.727918
0.163813 0.000522394 -0.709795 -0.711381
0.17384 0.000532546 -0.69402 -0.695584
0.184063 0.000543065 -0.678157 -0.6797
0.194489 0.00055397 -0.662204 -0.663725
0.204562 0.000564674 -0.647005 -0.648506
0.214831 0.00057576 -0.631722 -0.633202
0.225303 0.000587244 -0.616351 -0.61781
0.235386 0.000598474 -0.601751 -0.603191
0.245665 0.000610094 -0.58707 -0.58849
0.256144 0.000622123 -0.572304 -0.573705
0.266197 0.000633833 -0.558329 -0.559711
0.276441 0.000645939 -0.544275 -0.545639
0.286881 0.000658456 -0.530141 -0.531487
0.297526 0.000671404 -0.515926 -0.517254
0.307697 0.000683949 -0.502523 -0.503834
0.318059 0.000696905 -0.489045 -0.490339
0.32862 0.000710288 -0.475491 -0.476768
0.33866 0.00072318 -0.46277 -0.464031
0.348884 0.000736474 -0.44998 -0.451225
0.359296 0.000750184 -0.43712 -0.438348
0.369905 0.000764328 -0.424188 -0.4254
0.379935 0.000777862 -0.412114 -0.413312
0.390145 0.000791796 -0.399977 -0.40116
0.400538 0.000806143 -0.387775 -0.388943
0.411121 0.000820917 -0.375507 -0.37666
0.421899 0.000836132 -0.363173 -0.364312
0.432026 0.000850579 -0.351728 -0.352853
0.442329 0.000865425 -0.340226 -0.341337
0.452813 0.00088068 -0.328665 -0.329762
0.463482 0.000896355 -0.317045 -0.318128
0.474343 0.000912462 -0.305366 -0.306436
0.48447 0.000927615 -0.294607 -0.295665
0.494767 0.000943147 -0.283799 -0.284844
0.505237 0.000959067 -0.27294 -0.273972
0.515884 0.000975382 -0.26203 -0.26305
0.526713 0.0009921 -0.25107 -0.252077
0.536719 0.00100765 -0.241063 -0.242058
0.546883 0.00102355 -0.231014 -0.231998
0.557208 0.00103979 -0.220923 -0.221896
0.567697 0.00105639 -0.210792 -0.211753
0.578353 0.00107333 -0.20062 -0.20157
0.589182 0.00109064 -0.190407 -0.191346
0.600185 0.0011083 -0.180155 -0.181082
0.61024 0.0011245 -0.170895 -0.171812
0.620443 0.001141 -0.161604 -0.162511
0.630796 0.00115778 -0.152283 -0.153179
0.641301 0.00117486 -0.142932 -0.143818
0.651961 0.00119222 -0.133553 -0.134429
0.662779 0.00120987 -0.124146 -0.125011
0.673758 0.00122779 -0.114712 -0.115567
0.684898 0.00124599 -0.105253 -0.106097
0.69494 0.0012624 -0.096824 -0.0976597
0.705114 0.00127901 -0.0883771 -0.0892037
0.715422 0.00129582 -0.0799133 -0.0807307
0.725865 0.00131283 -0.0714335 -0.0722418
0.736444 0.00133003 -0.062939 -0.0637382
0.747163 0.00134741 -0.0544312 -0.0552212
0.758021 0.00136496 -0.0459114 -0.0466924
0.76902 0.00138267 -0.0373813 -0.0381531
0.780162 0.00140053 -0.0288425 -0.0296052
0.791447 0.00141852 -0.0202966 -0.0210501
0.802876 0.00143665 -0.0117456 -0.01249
0.812997 0.0014526 -0.00426068 -0.00499707
0.823229 0.00146863 0.00322533 0.00249693
0.833574 0.00148472 0.010711 0.0099906
0.844031 0.00150087 0.0181949 0.0174825
0.854602 0.00151707 0.0256753 0.0249709
0.865287 0.00153329 0.0331508 0.0324543
0.876085 0.00154954 0.0406195 0.0399311
0.886996 0.0015658 0.0480798 0.0473993
0.898022 0.00158205 0.0555297 0.0548573
0.909161 0.00159829 0.0629675 0.0623031
0.920414 0.00161449 0.0703912 0.0697347
0.93178 0.00163065 0.0777987 0.0771503
0.943259 0.00164675 0.0851881 0.0845477
0.954851 0.00166279 0.0925572 0.0919248
0.964875 0.00167646 0.0988558 0.0982302
0.974982 0.00169007 0.105137 0.104518
0.98517 0.00170359 0.111398 0.110786
0.995438 0.00171703 0.117639 0.117034
1.00579 0.00173038 0.123857 0.123259
1.01622 0.00174363 0.130052 0.129461
1.02672 0.00175677 0.136222 0.135638
1.03731 0.00176979 0.142366 0.141788
1.04797 0.0017827 0.148481 0.14791
1.05872 0.00179549 0.154567 0.154003
1.06953 0.00180816 0.160621 0.160064
1.08043 0.00182069 0.166643 0.166093
1.09139 0.0018331 0.172631 0.172088
1.10243 0.00184539 0.178584 0.178048
1.11355 0.00185756 0.1845 0.183971
1.12474 0.00186963 0.190377 0.189855
1.136 0.0018816 0.196215 0.1957
1.14733 0.00189349 0.202012 0.201504
1.15873 0.00190534 0.207767 0.207265
1.1702 0.0019172 0.213479 0.212984
1.18175 0.00192911 0.219146 0.218658
1.19337 0.00194117 0.224769 0.224288
1.20506 0.00195352 0.230346 0.229872
1.21682 0.00196637 0.235878 0.235411
1.22867 0.00198008 0.241366 0.240905
1.2406 0.00199526 0.24681 0.246357
1.25062 0.00200989 0.251318 0.25087
1.26072 0.00202776 0.255804 0.255362
1.27093 0.00205188 0.260277 0.259841
1.28129 0.00209015 0.264757 0.264328
1.29196 0.00217047 0.269302 0.268879
1.30351 0.00246778 0.274154 0.273738
1.31554 0.00218778 0.279126 0.278716
1.32756 0.00213971 0.28401 0.283608
1.33958 0.00213447 0.288811 0.288415
1.35159 0.00214444 0.293529 0.29314
1.3636 0.00216087 0.298165 0.297783
1.37561 0.00218006 0.302721 0.302345
1.38762 0.0022004 0.307197 0.306828
1.39964 0.00222128 0.311592 0.31123
1.41165 0.00224254 0.315909 0.315553
1.42181 0.00209315 0.319495 0.319145
1.43372 0.0019933 0.323627 0.323283
1.44528 0.00225489 0.327565 0.327227
1.45659 0.00215441 0.331345 0.331014
1.46697 0.00142345 0.334752 0.334426
1.4775 0.00152821 0.33815 0.33783
1.48793 0.00228724 0.341453 0.34114
1.49991 0.00230029 0.345176 0.344869
1.5119 0.00228494 0.348823 0.348523
1.52389 0.00225989 0.352392 0.352099
1.53589 0.00222938 0.355884 0.355597
1.54788 0.00219437 0.359298 0.359018
1.55964 0.00192693 0.362571 0.362297
1.56976 0.00213091 0.365327 0.365058
1.58179 0.00246481 0.368532 0.36827
1.59185 0.0025032 0.371151 0.370894
1.60186 0.00257395 0.373705 0.373454
1.61363 0.00177356 0.376637 0.376391
1.62363 0.00176588 0.379071 0.378831
1.63364 0.00174552 0.381453 0.381218
1.64365 0.00174743 0.383783 0.383554
1.65367 0.00175562 0.38606 0.385836
1.66367 0.00175156 0.388282 0.388063
1.67368 0.001745 0.390451 0.390237
1.6837 0.00174529 0.392567 0.392359
1.69371 0.00174612 0.39463 0.394427
1.70372 0.00174338 0.39664 0.396442
1.71373 0.00174083 0.398596 0.398404
1.72374 0.00174011 0.4005 0.400313
1.73375 0.00173897 0.402351 0.402169
1.74376 0.00173699 0.404149 0.403973
1.75378 0.00173538 0.405894 0.405723
1.76379 0.0017341 0.407587 0.407421
1.7738 0.00173255 0.409227 0.409066
1.78381 0.00173089 0.410814 0.410659
1.79382 0.00172936 0.412349 0.412199
1.80383 0.00172784 0.413831 0.413686
1.81385 0.00172621 0.415261 0.415122
1.82386 0.00172459 0.416639 0.416505
1.83387 0.00172299 0.417965 0.417835
1.84388 0.00172134 0.419238 0.419114
1.85389 0.00171966 0.420459 0.420341
1.86391 0.00171797 0.421629 0.421515
1.87392 0.00171625 0.422746 0.422638
1.88393 0.0017145 0.423812 0.423709
1.89394 0.00171273 0.424826 0.424728
1.90395 0.00171093 0.425788 0.425695
1.91397 0.00170909 0.426699 0.426611
1.92398 0.00170723 0.427558 0.427475
1.93399 0.00170533 0.428366 0.428288
1.944 0.0017034 0.429122 0.42905
1.95401 0.00170143 0.429827 0.42976
1.96403 0.00169943 0.430482 0.430419
1.97404 0.0016974 0.431085 0.431027
1.98405 0.00169532 0.431637 0.431585
1.99406 0.00169321 0.432138 0.432091
2.00407 0.00169105 0.432588 0.432546
2.01409 0.00168886 0.432988 0.432951
2.0241 0.00168663 0.433337 0.433306
2.03411 0.00168435 0.433636 0.433609
2.04412 0.00168204 0.433885 0.433863
2.05414 0.00167968 0.434083 0.434066
2.06415 0.00167727 0.434231 0.434219
2.07416 0.00167482 0.434329 0.434323
2.08417 0.00167233 0.434378 0.434376
2.09418 0.0016698 0.434376 0.434379
2.1042 0.00166721 0.434325 0.434333
2.11421 0.00166458 0.434225 0.434238
2.12422 0.00166191 0.434075 0.434093
2.13423 0.00165918 0.433875 0.433898
2.14424 0.00165641 0.433627 0.433655
2.15426 0.00165359 0.43333 0.433363
2.16427 0.00165073 0.432984 0.433021
2.17428 0.00164781 0.432589 0.432631
2.18429 0.00164485 0.432146 0.432193
2.1943 0.00164184 0.431654 0.431706
2.20432 0.00163878 0.431114 0.431171
2.21433 0.00163567 0.430526 0.430588
2.22434 0.0016325 0.42989 0.429957
2.23435 0.00162929 0.429206 0.429278
2.24436 0.00162603 0.428475 0.428551
2.25437 0.00162272 0.427696 0.427777
2.26438 0.00161937 0.42687 0.426956
2.27439 0.00161596 0.425997 0.426087
2.2844 0.0016125 0.425077 0.425172
2.29441 0.00160899 0.42411 0.42421
2.30442 0.00160543 0.423097 0.423201
2.31443 0.00160182 0.422038 0.422146
2.32444 0.00159816 0.420932 0.421045
2.33445 0.00159446 0.41978 0.419898
2.34566 0.00135791 0.418436 0.418558
2.35716 0.00169494 0.416997 0.417125
2.36786 0.00176754 0.415606 0.415738
2.38009 0.00231409 0.413951 0.414089
2.39245 0.00296647 0.412211 0.412355
2.4025 0.0026233 0.410745 0.410894
2.41279 0.00283521 0.409199 0.409353
2.42417 0.00193058 0.407434 0.407593
2.43434 0.00220429 0.405809 0.405972
2.44463 0.00286543 0.404118 0.404286
2.45598 0.00189527 0.402201 0.402373
2.4677 0.00176847 0.400162 0.400339
2.4792 0.00182053 0.398104 0.398286
2.49042 0.00230798 0.396043 0.396229
2.50211 0.0023882 0.393837 0.394028
2.5125 0.00182587 0.39183 0.392026
2.52398 0.00246781 0.389558 0.389758
2.53445 0.00213704 0.387439 0.387644
2.54456 0.00237125 0.385349 0.385559
2.55669 0.00307136 0.382787 0.383002
2.56886 0.00238348 0.380157 0.380377
2.57944 0.00317338 0.377823 0.378048
2.59066 0.00338798 0.375297 0.375527
2.6016 0.00336443 0.372785 0.373019
2.61284 0.0028844 0.370157 0.370395
2.62385 0.00222216 0.367535 0.367776
2.63426 0.00294927 0.365011 0.365257
2.64515 0.00163249 0.362325 0.362574
2.6561 0.0011054 0.35958 0.359833
2.66769 0.00165868 0.356626 0.356884
2.6796 0.00241604 0.353535 0.353797
2.69044 0.00253658 0.35068 0.350946
2.70302 0.0033822 0.347308 0.34758
2.71395 0.00134986 0.344334 0.344609
2.72473 0.000801712 0.341356 0.341635
2.73495 0.000932701 0.338496 0.338778
2.74623 0.0014439 0.335295 0.335581
2.75625 0.000788005 0.332413 0.332704
2.76696 0.000981133 0.329295 0.329589
2.77847 0.00169569 0.325901 0.326199
2.78936 0.00108972 0.322649 0.32295
2.80039 0.00132793 0.319312 0.319617
2.81117 0.00185339 0.316011 0.316319
2.82298 0.00270062 0.312353 0.312665
2.83446 0.00310755 0.308752 0.309069
2.84736 0.00365959 0.304656 0.304978
2.85783 0.00195299 0.301294 0.301617
2.86795 0.00205805 0.298009 0.298336
2.87808 0.00256411 0.294689 0.295019
2.88845 0.00284239 0.291257 0.291591
2.89845 0.00374444 0.287917 0.288255
2.90888 0.0018151 0.284405 0.284744
2.91972 0.00107285 0.280719 0.281061
2.93018 0.000943115 0.277127 0.277471
2.94071 0.000823722 0.27348 0.273828
2.95235 0.00166869 0.269414 0.269766
2.96314 0.0018735 0.26561 0.265964
2.97317 0.00159981 0.262045 0.262402
2.9852 0.00219044 0.257732 0.258092
2.99636 0.00262211 0.253698 0.254062
3.00912 0.00393836 0.249044 0.249413
3.01935 0.00178333 0.245283 0.245653
3.03011 0.000974135 0.241295 0.241667
3.04073 0.00107954 0.237337 0.237711
3.0511 0.00125315 0.233439 0.233816
3.06163 0.00104209 0.229459 0.229838
3.07307 0.00145761 0.225103 0.225486
3.08335 0.00133978 0.22116 0.221544
3.09527 0.00230585 0.216561 0.216948
3.10542 0.00256402 0.212619 0.213009
3.11577 0.00252997 0.208578 0.208969
3.12721 0.00300675 0.204084 0.204479
3.14044 0.00395496 0.198851 0.199249
3.15102 0.00367791 0.194636 0.195038
3.16251 0.00467328 0.190039 0.190445
3.17346 0.00136488 0.185633 0.186037
3.18348 0.0007952 0.181577 0.181984
3.19382 0.0040737 0.177376 0.177786
3.20429 0.00193596 0.1731 0.17351
3.21446 0.00210994 0.16893 0.169343
3.22479 0.0026673 0.164676 0.165091
3.23542 0.00374089 0.160278 0.160695
3.24643 0.00469684 0.155703 0.156122
3.25696 0.0024353 0.151309 0.151728
3.2671 0.00266723 0.147059 0.14748
3.27771 0.00357083 0.142598 0.143022
3.28843 0.00336991 0.138071 0.138496
3.29877 0.00174199 0.133693 0.134118
3.3096 0.000981466 0.129089 0.129516
3.32012 0.000873923 0.1246 0.125027
3.33082 0.000896457 0.120021 0.120449
3.34147 0.000750063 0.11545 0.11588
3.3518 0.0017028 0.111005 0.111436
3.36319 0.00171956 0.106086 0.106519
3.3745 0.00230121 0.101188 0.101622
3.38817 0.00408182 0.0952538 0.0956905
3.39862 0.00440457 0.0907009 0.0911395
3.40963 0.00467531 0.0858939 0.086334
3.42024 0.00187316 0.0812498 0.0816886
3.43185 0.00165042 0.0761601 0.0765996
3.4428 0.0015936 0.0713491 0.0717891
3.45322 0.00148985 0.0667626 0.0672034
3.46336 0.000923947 0.062292 0.0627336
3.47348 0.000498316 0.0578228 0.058266
3.48352 0.00457817 0.0533846 0.0538297
3.4941 0.00447118 0.048697 0.0491425
3.50523 0.00419006 0.0437633 0.0442097
3.51606 0.00149052 0.0389564 0.0394013
3.52617 0.000875967 0.034464 0.0349097
3.53709 0.0011032 0.0296078 0.0300535
3.54784 0.00085018 0.0248205 0.0252662
3.5584 0.00189784 0.0201191 0.0205655
3.56855 0.00200715 0.0155948 0.0160415
3.5787 0.00251538 0.0110712 0.0115182
3.58908 0.00299318 0.00644104 0.00688858
3.59951 0.00401719 0.00178751 0.00223576
3.61023 0.00272829 -0.00299319 -0.00254564
3.62055 0.00367966 -0.00759579 -0.0071479
3.63138 0.0014874 -0.0124287 -0.0119819
3.64141 0.00109299 -0.0169009 -0.0164542
3.65256 0.00136822 -0.0218715 -0.0214253
3.66367 0.0014058 -0.0268216 -0.0263758
3.67401 0.00163925 -0.0314279 -0.0309824
3.68587 0.00228496 -0.0367079 -0.0362628
3.69634 0.00241595 -0.0413605 -0.0409156
3.70951 0.00360223 -0.0472124 -0.0467671
3.71963 0.00343974 -0.0517033 -0.0512584
3.73087 0.0013678 -0.0566829 -0.0562393
3.74087 0.00132806 -0.0611098 -0.0606667
3.75215 0.00127965 -0.0660922 -0.0656502
3.76216 0.00129056 -0.070511 -0.0700696
3.77219 0.00130927 -0.0749282 -0.0744875
3.78222 0.00133073 -0.0793406 -0.0789007
3.79226 0.00135095 -0.0837463 -0.0833072
3.80229 0.00137261 -0.0881458 -0.0877075
3.81234 0.00139568 -0.0925382 -0.0921008
3.82263 0.00149637 -0.0970286 -0.096592
3.83313 0.00193755 -0.101604 -0.101168
3.8433 0.00234897 -0.106022 -0.105587
3.85547 0.00253346 -0.111292 -0.110859
3.86719 0.00187126 -0.116359 -0.115926
3.87752 0.0024986 -0.120805 -0.120374
3.88923 0.00190443 -0.125835 -0.125406
3.89943 0.00243126 -0.130199 -0.12977
3.91148 0.00255914 -0.135341 -0.134914
3.92348 0.00222267 -0.140438 -0.140013
3.93545 0.00228096 -0.145507 -0.145083
3.94761 0.00252321 -0.150632 -0.15021
3.95956 0.00229557 -0.155651 -0.155231
3.97148 0.00238378 -0.160632 -0.160214
3.98345 0.0024666 -0.165611 -0.165195
3.99523 0.0023386 -0.17049 -0.170076
4.00725 0.00263556 -0.175442 -0.17503
4.01905 0.00234147 -0.180282 -0.179872
4.0312 0.0024876 -0.185235 -0.184828
4.04305 0.00221367 -0.190043 -0.189637
4.05496 0.00202301 -0.194851 -0.194448
4.06498 0.00177252 -0.198868 -0.198467
4.0754 0.00194429 -0.203032 -0.202633
4.08758 0.00223225 -0.207866 -0.20747
4.09954 0.00239973 -0.212584 -0.21219
4.11127 0.00224622 -0.217184 -0.216792
4.1231 0.0021452 -0.221788 -0.2214
4.13481 0.00195645 -0.226318 -0.225932
4.14525 0.00177843 -0.230332 -0.229948
4.15573 0.0022605 -0.234335 -0.233953
4.16756 0.00243316 -0.238822 -0.238443
4.1792 0.00212172 -0.243205 -0.242829
4.19101 0.00195482 -0.247618 -0.247245
4.20124 0.00166195 -0.251414 -0.251044
4.21162 0.00210304 -0.255239 -0.254871
4.22333 0.00215678 -0.259518 -0.259153
4.23508 0.00179917 -0.263781 -0.263419
4.24562 0.00181164 -0.267569 -0.26721
4.25783 0.00232582 -0.271923 -0.271567
4.26946 0.00230659 -0.276033 -0.27568
4.28119 0.0020829 -0.280142 -0.279793
4.29157 0.00176014 -0.283746 -0.2834
4.30161 0.00232276 -0.287199 -0.286855
4.31319 0.00213372 -0.291151 -0.290811
4.32332 0.0017989 -0.294572 -0.294235
4.33382 0.00215776 -0.298089 -0.297754
4.34531 0.00211215 -0.301901 -0.30157
4.35561 0.00179712 -0.305282 -0.304954
4.36563 0.00223903 -0.30854 -0.308215
4.37723 0.00188829 -0.312275 -0.311954
4.38789 0.00202462 -0.31567 -0.315352
4.39952 0.00218546 -0.319333 -0.319019
4.40953 0.00179772 -0.322452 -0.322142
4.41975 0.00218662 -0.325601 -0.325294
4.43137 0.00195937 -0.329143 -0.32884
4.44184 0.00199121 -0.332294 -0.331993
4.45361 0.0021198 -0.335795 -0.335499
4.46363 0.00188626 -0.338738 -0.338445
4.47373 0.00210191 -0.34167 -0.341381
4.48557 0.00196511 -0.345061 -0.344776
4.4958 0.00201798 -0.347956 -0.347674
4.50767 0.00203758 -0.351266 -0.350988
4.51775 0.00196694 -0.354039 -0.353765
4.52976 0.00203586 -0.357297 -0.357027
4.54172 0.00198991 -0.360488 -0.360223
4.5518 0.00200964 -0.363138 -0.362876
4.56377 0.00200854 -0.366238 -0.36598
4.57381 0.00199709 -0.368797 -0.368544
4.58581 0.00200981 -0.371809 -0.371559
4.59583 0.00199742 -0.37428 -0.374034
4.60584 0.00200659 -0.376713 -0.376472
4.61585 0.00200006 -0.379109 -0.378871
4.62587 0.00200475 -0.381467 -0.381233
4.63588 0.00200156 -0.383787 -0.383556
4.6459 0.00200381 -0.386068 -0.385842
4.65591 0.00200236 -0.388311 -0.388088
4.66593 0.0020034 -0.390515 -0.390296
4.67594 0.0020028 -0.39268 -0.392465
4.68596 0.00200326 -0.394805 -0.394594
4.69597 0.00200305 -0.396891 -0.396684
4.70599 0.00200325 -0.398937 -0.398734
4.716 0.00200321 -0.400944 -0.400745
4.72602 0.00200331 -0.40291 -0.402715
4.73604 0.00200333 -0.404836 -0.404645
4.74605 0.0020034 -0.406721 -0.406534
4.75607 0.00200345 -0.408565 -0.408383
4.76609 0.0020035 -0.410369 -0.41019
4.77611 0.00200356 -0.412132 -0.411957
4.78612 0.00200361 -0.413853 -0.413682
4.79614 0.00200367 -0.415533 -0.415366
4.80616 0.00200373 -0.417171 -0.417009
4.81618 0.00200379 -0.418767 -0.418609
4.8262 0.00200384 -0.420322 -0.420168
4.83622 0.0020039 -0.421834 -0.421684
4.84624 0.00200397 -0.423304 -0.423158
4.85626 0.00200403 -0.424731 -0.42459
4.86628 0.00200409 -0.426116 -0.42598
4.8763 0.00200415 -0.427459 -0.427326
4.88632 0.00200421 -0.428758 -0.42863
4.89634 0.00200428 -0.430014 -0.42989
4.90636 0.00200434 -0.431228 -0.431108
4.91638 0.00200441 -0.432398 -0.432282
4.92641 0.00200447 -0.433524 -0.433413
4.93643 0.00200454 -0.434608 -0.434501
4.94645 0.0020046 -0.435647 -0.435545
4.95648 0.00200467 -0.436643 -0.436545
4.9665 0.00200474 -0.437595 -0.437502
4.97652 0.0020048 -0.438503 -0.438414
4.98655 0.00200487 -0.439367 -0.439283
4.99657 0.00200493 -0.440187 -0.440107
5.0066 0.002005 -0.440963 -0.440887
5.01662 0.00200507 -0.441695 -0.441623
5.02665 0.00200513 -0.442382 -0.442315
5.03667 0.00200519 -0.443025 -0.442962
5.0467 0.00200526 -0.443623 -0.443565
5.05673 0.00200532 -0.444177 -0.444123
5.06675 0.00200538 -0.444686 -0.444636
5.07678 0.00200545 -0.44515 -0.445105
5.08681 0.00200551 -0.44557 -0.445529
5.09683 0.00200557 -0.445945 -0.445909
5.10686 0.00200563 -0.446275 -0.446243
5.11689 0.00200568 -0.44656 -0.446533
5.12692 0.00200574 -0.4468 -0.446778
5.13695 0.0020058 -0.446996 -0.446978
5.14698 0.00200585 -0.447146 -0.447133
5.15701 0.0020059 -0.447252 -0.447243
5.16704 0.00200595 -0.447312 -0.447308
5.17707 0.002006 -0.447328 -0.447328
5.1871 0.00200605 -0.447298 -0.447303
5.19713 0.00200609 -0.447224 -0.447233
5.20716 0.00200614 -0.447105 -0.447118
5.21719 0.00200618 -0.44694 -0.446958
5.22722 0.00200622 -0.446731 -0.446753
5.23725 0.00200626 -0.446477 -0.446504
5.24728 0.00200629 -0.446177 -0.446209
5.25731 0.00200633 -0.445833 -0.445869
5.26735 0.00200636 -0.445444 -0.445485
5.27738 0.00200639 -0.445011 -0.445055
5.28741 0.00200642 -0.444532 -0.444581
5.29744 0.00200644 -0.444009 -0.444063
5.30747 0.00200646 -0.443441 -0.443499
5.31751 0.00200648 -0.442828 -0.442891
5.32754 0.0020065 -0.442171 -0.442238
5.33757 0.00200652 -0.441469 -0.441541
5.3476 0.00200653 -0.440723 -0.440799
5.35764 0.00200654 -0.439933 -0.440013
5.36767 0.00200655 -0.439098 -0.439183
5.3777 0.00200656 -0.438219 -0.438308
5.38774 0.00200657 -0.437296 -0.43739
5.39777 0.00200657 -0.436329 -0.436427
5.4078 0.00200657 -0.435318 -0.43542
5.41783 0.00200657 -0.434263 -0.43437
5.42787 0.00200657 -0.433165 -0.433276
5.4379 0.00200656 -0.432023 -0.432138
5.44793 0.00200655 -0.430837 -0.430957
5.45796 0.00200655 -0.429608 -0.429732
5.468 0.00200654 -0.428336 -0.428465
5.47803 0.00200652 -0.427021 -0.427154
5.48806 0.00200651 -0.425663 -0.4258
5.4981 0.00200649 -0.424262 -0.424403
5.50813 0.00200648 -0.422818 -0.422964
5.51816 0.00200646 -0.421332 -0.421482
5.52819 0.00200644 -0.419803 -0.419957
5.53822 0.00200642 -0.418233 -0.418391
5.54826 0.00200639 -0.41662 -0.416782
5.55829 0.00200637 -0.414965 -0.415131
5.56832 0.00200634 -0.413268 -0.413439
5.57835 0.00200632 -0.41153 -0.411705
5.58838 0.00200629 -0.409751 -0.40993
5.59841 0.00200626 -0.40793 -0.408113
5.60845 0.00200623 -0.406068 -0.406255
5.61848 0.0020062 -0.404166 -0.404357
5.62851 0.00200617 -0.402223 -0.402418
5.63854 0.00200614 -0.400239 -0.400438
5.64857 0.0020061 -0.398215 -0.398418
5.6586 0.00200607 -0.396151 -0.396358
5.66863 0.00200603 -0.394048 -0.394259
5.67866 0.002006 -0.391904 -0.392119
5.68869 0.00200596 -0.389722 -0.389941
5.69872 0.00200593 -0.3875 -0.387723
5.70875 0.00200589 -0.385239 -0.385466
5.71878 0.00200585 -0.38294 -0.38317
5.72881 0.00200581 -0.380602 -0.380836
5.73884 0.00200577 -0.378226 -0.378464
5.74886 0.00200574 -0.375812 -0.376054
5.75889 0.0020057 -0.37336 -0.373605
5.76892 0.00200566 -0.37087 -0.37112
5.77895 0.00200562 -0.368344 -0.368597
5.78898 0.00200558 -0.36578 -0.366037
5.79901 0.00200554 -0.36318 -0.36344
5.80903 0.0020055 -0.360543 -0.360807
5.81906 0.00200546 -0.35787 -0.358138
5.82909 0.00200542 -0.355161 -0.355432
5.83911 0.00200538 -0.352417 -0.352691
5.84914 0.00200534 -0.349637 -0.349915
5.85917 0.0020053 -0.346822 -0.347103
5.86919 0.00200526 -0.343972 -0.344257
5.87922 0.00200522 -0.341087 -0.341376
5.88925 0.00200518 -0.338169 -0.338461
5.89927 0.00200514 -0.335216 -0.335512
5.9093 0.0020051 -0.33223 -0.332529
5.91932 0.00200506 -0.329211 -0.329513
5.92935 0.00200502 -0.326158 -0.326464
5.93937 0.00200498 -0.323073 -0.323382
5.9494 0.00200494 -0.319955 -0.320267
5.95942 0.0020049 -0.316806 -0.317121
5.96945 0.00200486 -0.313624 -0.313942
5.97947 0.00200482 -0.310411 -0.310733
5.9895 0.00200478 -0.307167 -0.307492
5.99952 0.00200474 -0.303892 -0.30422
6.00954 0.0020047 -0.300587 -0.300918
6.01957 0.00200466 -0.297252 -0.297585
6.02959 0.00200463 -0.293886 -0.294223
6.03961 0.00200459 -0.290492 -0.290831
6.04964 0.00200455 -0.287068 -0.28741
6.05966 0.00200451 -0.283615 -0.28396
6.06968 0.00200447 -0.280134 -0.280482
6.0797 0.00200444 -0.276625 -0.276976
6.08972 0.0020044 -0.273088 -0.273442
6.09975 0.00200436 -0.269524 -0.26988
6.10977 0.00200433 -0.265933 -0.266292
6.11979 0.00200429 -0.262315 -0.262677
6.12981 0.00200426 -0.258671 -0.259035
6.13983 0.00200422 -0.255001 -0.255368
6.14985 0.00200419 -0.251306 -0.251675
6.15987 0.00200415 -0.247585 -0.247957
6.16989 0.00200412 -0.243839 -0.244214
6.17992 0.00200408 -0.24007 -0.240446
6.18994 0.00200405 -0.236276 -0.236655
6.19996 0.00200401 -0.232458 -0.232839
6.20998 0.00200398 -0.228617 -0.229001
6.22 0.00200395 -0.224753 -0.225139
6.23002 0.00200392 -0.220867 -0.221255
6.24003 0.00200388 -0.216959 -0.217349
6.25005 0.00200385 -0.213029 -0.213421
6.26007 0.00200382 -0.209077 -0.209472
6.27009 0.00200379 -0.205105 -0.205502
6.28011 0.00200375 -0.201112 -0.201511
6.29013 0.00200372 -0.197099 -0.1975
6.30015 0.00200369 -0.193066 -0.193469
6.31017 0.00200366 -0.189014 -0.189419
6.32018 0.00200363 -0.184943 -0.18535
6.3302 0.0020036 -0.180854 -0.181262
6.34022 0.00200357 -0.176746 -0.177157
6.35024 0.00200354 -0.172621 -0.173033
6.36026 0.00200353 -0.168479 -0.168892
6.37027 0.00200346 -0.16432 -0.164735
6.38029 0.00200345 -0.160144 -0.160561
6.39031 0.00200351 -0.155952 -0.156371
6.40032 0.00200327 -0.151745 -0.152165
6.41034 0.0020033 -0.147522 -0.147944
6.42036 0.00200391 -0.143285 -0.143708
6.43037 0.00200258 -0.139034 -0.139458
6.44039 0.0020024 -0.134767 -0.135193
6.45041 0.00200755 -0.130488 -0.130915
6.46041 0.00199963 -0.126202 -0.12663
6.47045 0.00199184 -0.12189 -0.12232
6.48049 0.00203653 -0.117561 -0.117992
6.49246 0.00206279 -0.112389 -0.112821
6.50425 0.00194433 -0.107274 -0.107707
6.51432 0.00181955 -0.102897 -0.103332
6.52456 0.00187651 -0.0984327 -0.0988682
6.53472 0.00209489 -0.0939959 -0.0944323
6.54675 0.00235775 -0.088728 -0.0891654
6.55874 0.00237815 -0.0834654 -0.0839039
6.5706 0.00230316 -0.0782457 -0.0786853
6.58313 0.00306657 -0.0727228 -0.0731629
6.59327 0.00322694 -0.0682457 -0.0686864
6.60462 0.00137703 -0.0632218 -0.0636639
6.61463 0.00135023 -0.0587865 -0.0592292
6.62464 0.00132958 -0.0543462 -0.0547894
6.63587 0.00122997 -0.0493572 -0.0498013
6.6474 0.00155934 -0.0442253 -0.0446701
6.65975 0.00238494 -0.0387243 -0.0391695
6.67332 0.00361581 -0.0326754 -0.03312
6.68456 0.00125056 -0.0276598 -0.0281054
6.69567 0.00114475 -0.0226981 -0.0231444
6.7071 0.00148578 -0.0175898 -0.0180365
6.71941 0.00236655 -0.0120881 -0.0125348
6.73311 0.00380887 -0.00595889 -0.00640456
6.74427 0.00117043 -0.000967669 -0.00141412
6.75528 0.00111597 0.00395821 0.00351134
6.7665 0.00134781 0.00897488 0.00852791
6.77677 0.00159769 0.0135663 0.0131195
6.78793 0.00189001 0.0185562 0.0181095
6.79888 0.00180225 0.0234503 0.0230041
6.81104 0.0022931 0.0288771 0.0284313
6.82483 0.0041186 0.0350291 0.0345859
6.83575 0.00137219 0.0398978 0.0394531
6.84585 0.000745283 0.0443944 0.0439506
6.85662 0.00486809 0.0491847 0.0487437
6.86728 0.00438977 0.0539217 0.0534798
6.8779 0.00283887 0.0586378 0.0581959
6.88863 0.00442784 0.0633904 0.0629504
6.89938 0.00156475 0.0681447 0.0677034
6.90944 0.000858921 0.0725919 0.0721516
6.92032 0.0010465 0.0773903 0.0769506
6.93096 0.000831862 0.0820715 0.0816323
6.9414 0.00181976 0.0866576 0.0862195
6.95152 0.00178952 0.0910958 0.0906587
6.96258 0.00123469 0.0959313 0.0954947
6.97362 0.00136013 0.10075 0.100315
6.98477 0.00180089 0.105602 0.105168
6.99698 0.00253537 0.110903 0.11047
7.01029 0.003633 0.11666 0.116229
7.02053 0.00272515 0.121073 0.120644
7.03104 0.00330396 0.125595 0.125167
7.04153 0.00139666 0.130089 0.129661
7.05156 0.000832866 0.134377 0.133952
7.06238 0.000947817 0.138985 0.138561
7.07318 0.00129652 0.143567 0.143144
7.08372 0.0010531 0.148023 0.147601
7.09507 0.00137796 0.152806 0.152385
7.10556 0.00137688 0.157209 0.15679
7.11644 0.0015579 0.161755 0.161338
7.12645 0.00101072 0.16592 0.165505
7.13761 0.00124176 0.170548 0.170134
7.14771 0.0015427 0.174715 0.174304
7.15779 0.0012872 0.178854 0.178444
7.16989 0.00238728 0.183802 0.183395
7.18186 0.0032527 0.188671 0.188266
7.19536 0.00446586 0.19413 0.193731
7.20613 0.00280539 0.198458 0.198059
7.21687 0.00444664 0.202753 0.202357
7.22817 0.00388081 0.207242 0.206849
7.23877 0.00144988 0.211434 0.21104
7.24951 0.000789774 0.215656 0.215265
7.26005 0.00197332 0.219774 0.219385
7.27024 0.00231348 0.223734 0.223347
7.28031 0.00243541 0.227622 0.227238
7.29044 0.00269019 0.23151 0.231129
7.30099 0.00360805 0.235534 0.235156
7.31195 0.00371752 0.239688 0.239313
7.32292 0.00108201 0.243816 0.243442
7.33341 0.000830371 0.247736 0.247364
7.34344 0.00146982 0.251458 0.251089
7.35412 0.00135662 0.255396 0.255029
7.36619 0.00238874 0.259809 0.259445
7.38011 0.00394371 0.264852 0.264494
7.39053 0.00260282 0.268596 0.268239
7.401 0.00355161 0.272326 0.271973
7.4115 0.00288587 0.276037 0.275687
7.4216 0.00389893 0.279578 0.279231
7.43206 0.00288713 0.283214 0.282869
7.44212 0.00385043 0.286682 0.28634
7.45259 0.0026398 0.29026 0.289921
7.46328 0.00382925 0.293882 0.293548
7.47408 0.0014006 0.297508 0.297175
7.48484 0.000826372 0.301084 0.300753
7.49518 0.00149061 0.30449 0.304163
7.5052 0.00142369 0.307757 0.307433
7.51596 0.000840781 0.31123 0.310909
7.52649 0.00166985 0.314597 0.31428
7.53717 0.000810073 0.317975 0.317661
7.54747 0.00138841 0.3212 0.320889
7.5581 0.000637989 0.324488 0.324181
7.56894 0.00118289 0.327809 0.327504
7.57956 0.00105921 0.331023 0.330722
7.59057 0.0011363 0.334313 0.334016
7.60069 0.00110465 0.337303 0.33701
7.61164 0.00127339 0.3405 0.34021
7.62254 0.00156999 0.343641 0.343355
7.63344 0.00158438 0.346743 0.34646
7.64537 0.00238857 0.35009 0.349811
7.65622 0.00261697 0.353089 0.352815
7.66854 0.00337502 0.356446 0.356177
7.67896 0.00347352 0.35924 0.358976
7.68994 0.0031436 0.362147 0.361886
7.70074 0.00246718 0.364961 0.364704
7.71134 0.00339534 0.367682 0.36743
7.72223 0.00351486 0.370433 0.370185
7.73321 0.00317164 0.373164 0.372919
7.74407 0.00245944 0.375821 0.37558
7.75463 0.00333649 0.378361 0.378124
7.76576 0.00349155 0.380994 0.380762
7.77643 0.00340228 0.383471 0.383243
7.78742 0.00220234 0.385979 0.385754
7.79786 0.00294914 0.388318 0.388098
7.80892 0.00198147 0.390749 0.390532
7.81912 0.00240947 0.392949 0.392737
7.82969 0.00322662 0.395187 0.39498
7.84081 0.00339275 0.397493 0.39729
7.85194 0.00337913 0.39975 0.399552
7.86313 0.00337563 0.401971 0.401777
7.87414 0.00333837 0.404108 0.403918
7.88535 0.00295346 0.406231 0.406046
7.89643 0.00232981 0.408282 0.4081
7.90701 0.00314568 0.410191 0.410015
7.91811 0.00330649 0.412147 0.411975
7.9293 0.00300215 0.414065 0.413898
7.94043 0.00235848 0.415923 0.41576
7.95093 0.00311882 0.417629 0.417471
7.96235 0.00330648 0.419431 0.419278
7.97303 0.00319603 0.421066 0.420917
7.98434 0.00179939 0.422747 0.422602
7.99572 0.00146014 0.424383 0.424242
8.00675 0.00157286 0.425916 0.42578
8.0178 0.00176064 0.427401 0.427269
8.02907 0.00175269 0.428861 0.428734
8.04091 0.00241764 0.430335 0.430213
8.05142 0.00182399 0.431594 0.431477
8.06358 0.00236186 0.432991 0.432879
8.07554 0.00295268 0.434302 0.434196
8.08803 0.00275304 0.435605 0.435505
8.09939 0.00188043 0.436731 0.436635
8.11105 0.00172046 0.437829 0.437738
8.12241 0.0017572 0.438841 0.438754
8.13431 0.00243504 0.43984 0.439759
8.14478 0.00194594 0.440668 0.440592
8.15624 0.00242615 0.441519 0.441447
8.16666 0.00210435 0.442242 0.442175
8.17679 0.0022422 0.442899 0.442837
8.18945 0.00299082 0.443656 0.4436
8.20075 0.00139791 0.444272 0.444221
8.21192 0.00123002 0.444825 0.444778
8.22238 0.00156808 0.445293 0.445251
8.23388 0.00171956 0.44575 0.445713
8.24614 0.00250174 0.446173 0.446142
8.25617 0.00251266 0.446469 0.446442
8.26886 0.00297582 0.44678 0.446759
8.27897 0.00275352 0.446976 0.44696
8.28909 0.00294221 0.447126 0.447115
8.30054 0.00174353 0.447241 0.447234
8.31189 0.00141677 0.447297 0.447294
8.32334 0.00173976 0.447295 0.447297
8.33344 0.00179657 0.447244 0.447251
8.3454 0.00241773 0.447125 0.447138
8.35588 0.0018205 0.446969 0.446986
8.36806 0.00224269 0.446725 0.446748
8.38064 0.00298145 0.446404 0.446433
8.39197 0.0013482 0.446054 0.446088
8.40329 0.00137543 0.445647 0.445686
8.41457 0.00159936 0.445186 0.445229
8.42547 0.00167765 0.444685 0.444734
8.4366 0.00164068 0.44412 0.444173
8.44726 0.0017636 0.443527 0.443585
8.45949 0.00232681 0.442784 0.442848
8.4718 0.00297235 0.44197 0.44204
8.48364 0.00186922 0.441124 0.441199
8.49508 0.00152314 0.440248 0.440327
8.50597 0.00152178 0.43936 0.439443
8.51662 0.00147985 0.43844 0.438529
8.52744 0.001428 0.437456 0.43755
8.53756 0.00105155 0.436489 0.436587
8.54844 0.00176409 0.4354 0.435503
8.5598 0.00142533 0.434208 0.434315
8.57105 0.00166193 0.432971 0.433084
8.58167 0.00174124 0.431754 0.431871
8.59383 0.00243249 0.4303 0.430423
8.60639 0.00302993 0.428733 0.428861
8.61649 0.00271482 0.427423 0.427556
8.62678 0.00298804 0.426043 0.426181
8.63805 0.00204003 0.42448 0.424622
8.64818 0.00251461 0.423029 0.423175
8.65862 0.00297449 0.421489 0.42164
8.66979 0.00244246 0.419791 0.419946
8.68016 0.00312078 0.418166 0.418327
8.69155 0.00277173 0.41633 0.416495
8.70272 0.00220081 0.414477 0.414647
8.71306 0.00284261 0.412715 0.412889
8.72414 0.00159618 0.410779 0.410957
8.73512 0.00111112 0.408812 0.408993
8.74537 0.0014732 0.40693 0.407115
8.75584 0.00118471 0.404963 0.405153
8.76584 0.000879582 0.403042 0.403236
8.7762 0.00103198 0.40101 0.401209
8.78622 0.00232621 0.399005 0.399208
8.79653 0.00285722 0.3969 0.397108
8.80749 0.00164163 0.394615 0.394826
8.81846 0.0011307 0.39228 0.392495
8.83013 0.00169627 0.389747 0.389966
8.84199 0.00240446 0.387115 0.387339
8.85255 0.00196161 0.384727 0.384956
8.86469 0.00264033 0.381929 0.382162
8.87678 0.00318955 0.379086 0.379324
8.88707 0.00264322 0.376623 0.376866
8.89718 0.00332528 0.374164 0.374411
8.90804 0.0015883 0.371481 0.37173
8.91894 0.00104897 0.368742 0.368995
8.92896 0.0012849 0.366186 0.366443
8.93958 0.00111976 0.363439 0.3637
8.9504 0.000924071 0.360596 0.360861
8.96054 0.00126328 0.357893 0.358162
8.97115 0.00110115 0.355026 0.355298
8.98178 0.000845535 0.352114 0.35239
8.99218 0.00160408 0.349225 0.349505
9.00336 0.00163153 0.346079 0.346362
9.01471 0.00217033 0.34284 0.343128
9.02498 0.00182725 0.339872 0.340163
9.03639 0.00241301 0.336532 0.336826
9.04714 0.00270796 0.333344 0.333643
9.05911 0.0033666 0.329752 0.330055
9.06945 0.00274237 0.326607 0.326915
9.08044 0.000997116 0.32323 0.32354
9.09158 0.00158917 0.319765 0.320078
9.10253 0.00160889 0.316323 0.316639
9.11312 0.001697 0.312955 0.313274
9.12326 0.00129094 0.309697 0.31002
9.13399 0.00182124 0.306218 0.306544
9.1455 0.00253871 0.302445 0.302774
9.15876 0.0036482 0.298047 0.298382
9.16894 0.00378245 0.294636 0.294975
9.17951 0.0024607 0.291062 0.291403
9.18996 0.00323588 0.287497 0.287842
9.20028 0.00198501 0.283945 0.284291
9.21064 0.00243179 0.28035 0.2807
9.2211 0.00321171 0.276689 0.277043
9.23139 0.00194959 0.273058 0.273413
9.24153 0.00207448 0.269453 0.269811
9.25162 0.00260281 0.265836 0.266197
9.26198 0.0028216 0.262094 0.262458
9.27261 0.00409784 0.258228 0.258597
9.28311 0.00178267 0.254377 0.254745
9.29388 0.000973411 0.2504 0.250771
9.3045 0.00108267 0.246452 0.246825
9.31547 0.00166564 0.242341 0.242718
9.32617 0.00153286 0.238302 0.238681
9.33779 0.00181385 0.23389 0.234271
9.35018 0.00268235 0.229146 0.229531
9.36319 0.0036677 0.22413 0.224518
9.37354 0.00279262 0.220111 0.220502
9.38405 0.00382433 0.216008 0.216402
9.3942 0.00422658 0.212022 0.212418
9.40441 0.00175346 0.207989 0.208386
9.41516 0.000915944 0.20372 0.204119
9.4259 0.00119561 0.199431 0.199831
9.43631 0.00169948 0.19525 0.195653
9.447 0.00187023 0.190939 0.191344
9.4578 0.00173872 0.186558 0.186965
9.46964 0.00276585 0.181734 0.182143
9.48315 0.00401157 0.176194 0.176607
9.49379 0.00396785 0.171809 0.172225
9.5047 0.000930576 0.167292 0.167708
9.51537 0.00108106 0.162858 0.163275
9.52571 0.000655659 0.158541 0.15896
9.53601 0.000574617 0.154224 0.154646
9.5463 0.00304686 0.149896 0.150319
9.55707 0.000825571 0.14535 0.145774
9.56808 0.00156668 0.140683 0.141109
9.57809 0.00144813 0.136426 0.136853
9.58889 0.000799914 0.131819 0.132247
9.59931 0.00178684 0.127356 0.127785
9.6103 0.00118619 0.122638 0.123068
9.6212 0.00124586 0.117942 0.118374
9.63144 0.00159836 0.113515 0.113948
9.64175 0.00149969 0.109048 0.109482
9.65177 0.000852282 0.104697 0.105133
9.66259 0.00101921 0.099987 0.100423
9.67369 0.00116936 0.0951411 0.0955784
9.68464 0.00179669 0.0903486 0.0907872
9.69679 0.00243493 0.0850175 0.0854572
9.70891 0.00372466 0.079689 0.0801303
9.71959 0.00333914 0.074986 0.075429
9.73001 0.00179833 0.0703851 0.0708276
9.74138 0.00139292 0.0653612 0.0658041
9.75192 0.00107091 0.0606932 0.0611366
9.76198 0.00101418 0.0562327 0.0566768
9.77272 0.00104089 0.0514601 0.0519047
9.78273 0.000937733 0.0470104 0.0474557
9.79428 0.00157469 0.0418732 0.0423188
9.80471 0.00148107 0.0372231 0.037669
9.815 0.0010203 0.0326368 0.0330832
9.82505 0.00093387 0.0281518 0.0285987
9.83511 0.00133794 0.0236577 0.0241048
9.84585 0.00113534 0.0188594 0.0193066
9.85687 0.00165481 0.0139323 0.0143801
9.86697 0.00175755 0.00941819 0.00986608
9.87713 0.00173334 0.00487257 0.00532065
9.88717 0.00147571 0.000381597 0.000829722
9.8982 0.00103964 -0.00455052 -0.00410281
9.90821 0.00119232 -0.00902658 -0.00857895
9.9194 0.00134875 -0.0140301 -0.0135827
9.92991 0.00169912 -0.0187307 -0.0182835
9.94163 0.00231639 -0.0239668 -0.0235198
9.9519 0.00241412 -0.0285536 -0.0281068
9.9652 0.00365238 -0.0344847 -0.0340374
9.97541 0.00347759 -0.0390373 -0.0385902
9.98653 0.00139889 -0.0439893 -0.0435433
9.99654 0.00125681 -0.0484439 -0.0479984
10 0.000766826 -0.0499820324564075 -0.0495373490807335
