0 0
0.01 2.51878e-07
0.02 1.02425e-06
0.03 2.33865e-06
0.04 4.21766e-06
0.05 6.68502e-06
0.06 9.76563e-06
0.07 1.34856e-05
0.08 1.78724e-05
0.09 2.29546e-05
0.1 2.87625e-05
0.11 3.53275e-05
0.12 4.26826e-05
0.13 5.08624e-05
0.14 5.9903e-05
0.15 6.98423e-05
0.16 8.07199e-05
0.17 9.25769e-05
0.18 0.000105457
0.19 0.000119404
0.2 0.000134466
0.21 0.000150692
0.22 0.000168133
0.23 0.000186843
0.24 0.000206876
0.25 0.000228292
0.26 0.000251149
0.27 0.000275511
0.28 0.000301444
0.29 0.000329014
0.3 0.000358292
0.31 0.000389352
0.32 0.000422269
0.33 0.000457122
0.34 0.000493993
0.35 0.000532966
0.36 0.000574129
0.37 0.000617573
0.38 0.000663391
0.39 0.000711681
0.4 0.000762542
0.41 0.000816079
0.42 0.000872397
0.43 0.000931608
0.44 0.000993823
0.45 0.00105916
0.46 0.00112774
0.47 0.00119969
0.48 0.00127513
0.49 0.00135419
0.5 0.00143701
0.51 0.00152373
0.52 0.00161448
0.53 0.00170941
0.54 0.00180867
0.55 0.0019124
0.56 0.00202076
0.57 0.0021339
0.58 0.00225199
0.59 0.00237519
0.6 0.00250366
0.61 0.00263757
0.62 0.00277708
0.63 0.00292238
0.64 0.00307362
0.65 0.003231
0.66 0.00339468
0.67 0.00356484
0.68 0.00374167
0.69 0.00392534
0.7 0.00411603
0.71 0.00431393
0.72 0.00451921
0.73 0.00473206
0.74 0.00495266
0.75 0.00518118
0.76 0.0054178
0.77 0.0056627
0.78 0.00591605
0.79 0.00617801
0.8 0.00644876
0.81 0.00672846
0.82 0.00701727
0.83 0.00731534
0.84 0.00762282
0.85 0.00793985
0.86 0.00826657
0.87 0.00860312
0.88 0.0089496
0.89 0.00930615
0.9 0.00967287
0.91 0.0100498
0.92 0.0104372
0.93 0.010835
0.94 0.0112432
0.95 0.0116621
0.96 0.0120915
0.97 0.0125316
0.98 0.0129823
0.99 0.0134438
1 0.0139159
1.01 0.0143986
1.02 0.014892
1.03 0.015396
1.04 0.0159105
1.05 0.0164354
1.06 0.0169707
1.07 0.0175163
1.08 0.0180719
1.09 0.0186376
1.1 0.0192131
1.11 0.0197983
1.12 0.020393
1.13 0.0209969
1.14 0.02161
1.15 0.0222318
1.16 0.0228623
1.17 0.023501
1.18 0.0241478
1.19 0.0248024
1.2 0.0254643
1.21 0.0261334
1.22 0.0268092
1.23 0.0274915
1.24 0.0281797
1.25 0.0288737
1.26 0.0295729
1.27 0.0302769
1.28 0.0309854
1.29 0.0316979
1.3 0.0324139
1.31 0.0331331
1.32 0.0338549
1.33 0.0345789
1.34 0.0353046
1.35 0.0360316
1.36 0.0367593
1.37 0.0374873
1.38 0.0382151
1.39 0.0389421
1.4 0.0396679
1.41 0.040392
1.42 0.0411138
1.43 0.0418329
1.44 0.0425488
1.45 0.0432609
1.46 0.0439687
1.47 0.0446718
1.48 0.0453697
1.49 0.0460618
1.5 0.0467478
1.51 0.047427
1.52 0.0480991
1.53 0.0487636
1.54 0.0494201
1.55 0.050068
1.56 0.050707
1.57 0.0513366
1.58 0.0519564
1.59 0.052566
1.6 0.053165
1.61 0.0537531
1.62 0.0543299
1.63 0.0548949
1.64 0.055448
1.65 0.0559887
1.66 0.0565167
1.67 0.0570318
1.68 0.0575336
1.69 0.0580219
1.7 0.0584965
1.71 0.058957
1.72 0.0594034
1.73 0.0598353
1.74 0.0602525
1.75 0.060655
1.76 0.0610425
1.77 0.0614149
1.78 0.0617721
1.79 0.0621139
1.8 0.0624403
1.81 0.0627511
1.82 0.0630463
1.83 0.0633259
1.84 0.0635898
1.85 0.063838
1.86 0.0640705
1.87 0.0642873
1.88 0.0644884
1.89 0.0646738
1.9 0.0648437
1.91 0.0649979
1.92 0.0651367
1.93 0.0652602
1.94 0.0653683
1.95 0.0654613
1.96 0.0655392
1.97 0.0656021
1.98 0.0656503
1.99 0.0656839
2 0.065703
2.01 0.0657079
2.02 0.0656986
2.03 0.0656754
2.04 0.0656385
2.05 0.0655881
2.06 0.0655244
2.07 0.0654476
2.08 0.065358
2.09 0.0652558
2.1 0.0651413
2.11 0.0650146
2.12 0.064876
2.13 0.0647259
2.14 0.0645644
2.15 0.0643918
2.16 0.0642084
2.17 0.0640144
2.18 0.0638102
2.19 0.0635959
2.2 0.063372
2.21 0.0631385
2.22 0.0628959
2.23 0.0626445
2.24 0.0623844
2.25 0.062116
2.26 0.0618395
2.27 0.0615553
2.28 0.0612635
2.29 0.0609646
2.3 0.0606587
2.31 0.0603461
2.32 0.0600271
2.33 0.059702
2.34 0.0593711
2.35 0.0590345
2.36 0.0586926
2.37 0.0583456
2.38 0.0579938
2.39 0.0576375
2.4 0.0572768
2.41 0.056912
2.42 0.0565433
2.43 0.0561711
2.44 0.0557955
2.45 0.0554167
2.46 0.055035
2.47 0.0546506
2.48 0.0542637
2.49 0.0538745
2.5 0.0534832
2.51 0.05309
2.52 0.0526951
2.53 0.0522987
2.54 0.051901
2.55 0.0515022
2.56 0.0511023
2.57 0.0507017
2.58 0.0503004
2.59 0.0498987
2.6 0.0494966
2.61 0.0490944
2.62 0.0486921
2.63 0.04829
2.64 0.047888
2.65 0.0474865
2.66 0.0470854
2.67 0.046685
2.68 0.0462853
2.69 0.0458864
2.7 0.0454885
2.71 0.0450917
2.72 0.044696
2.73 0.0443016
2.74 0.0439085
2.75 0.0435168
2.76 0.0431267
2.77 0.0427381
2.78 0.0423512
2.79 0.041966
2.8 0.0415826
2.81 0.0412011
2.82 0.0408215
2.83 0.0404439
2.84 0.0400683
2.85 0.0396948
2.86 0.0393235
2.87 0.0389543
2.88 0.0385874
2.89 0.0382227
2.9 0.0378603
2.91 0.0375002
2.92 0.0371426
2.93 0.0367873
2.94 0.0364344
2.95 0.0360839
2.96 0.035736
2.97 0.0353905
2.98 0.0350475
2.99 0.0347071
3 0.0343692
3.01 0.0340338
3.02 0.033701
3.03 0.0333708
3.04 0.0330432
3.05 0.0327181
3.06 0.0323956
3.07 0.0320758
3.08 0.0317585
3.09 0.0314438
3.1 0.0311318
3.11 0.0308223
3.12 0.0305154
3.13 0.0302111
3.14 0.0299094
3.15 0.0296103
3.16 0.0293137
3.17 0.0290198
3.18 0.0287284
3.19 0.0284395
3.2 0.0281532
3.21 0.0278694
3.22 0.0275882
3.23 0.0273094
3.24 0.0270332
3.25 0.0267595
3.26 0.0264882
3.27 0.0262194
3.28 0.0259531
3.29 0.0256892
3.3 0.0254277
3.31 0.0251686
3.32 0.0249119
3.33 0.0246577
3.34 0.0244057
3.35 0.0241562
3.36 0.0239089
3.37 0.023664
3.38 0.0234214
3.39 0.023181
3.4 0.0229429
3.41 0.0227071
3.42 0.0224735
3.43 0.0222422
3.44 0.022013
3.45 0.021786
3.46 0.0215612
3.47 0.0213386
3.48 0.021118
3.49 0.0208996
3.5 0.0206833
3.51 0.0204691
3.52 0.0202569
3.53 0.0200468
3.54 0.0198387
3.55 0.0196326
3.56 0.0194286
3.57 0.0192264
3.58 0.0190263
3.59 0.0188281
3.6 0.0186318
3.61 0.0184375
3.62 0.018245
3.63 0.0180544
3.64 0.0178656
3.65 0.0176787
3.66 0.0174937
3.67 0.0173104
3.68 0.0171289
3.69 0.0169492
3.7 0.0167713
3.71 0.0165951
3.72 0.0164207
3.73 0.0162479
3.74 0.0160768
3.75 0.0159075
3.76 0.0157398
3.77 0.0155737
3.78 0.0154093
3.79 0.0152465
3.8 0.0150852
3.81 0.0149256
3.82 0.0147676
3.83 0.0146111
3.84 0.0144561
3.85 0.0143027
3.86 0.0141508
3.87 0.0140004
3.88 0.0138514
3.89 0.013704
3.9 0.013558
3.91 0.0134134
3.92 0.0132703
3.93 0.0131286
3.94 0.0129883
3.95 0.0128493
3.96 0.0127118
3.97 0.0125756
3.98 0.0124407
3.99 0.0123072
4 0.012175
4.01 0.0120442
4.02 0.0119146
4.03 0.0117863
4.04 0.0116592
4.05 0.0115335
4.06 0.0114089
4.07 0.0112856
4.08 0.0111636
4.09 0.0110427
4.1 0.010923
4.11 0.0108046
4.12 0.0106873
4.13 0.0105711
4.14 0.0104561
4.15 0.0103423
4.16 0.0102296
4.17 0.010118
4.18 0.0100075
4.19 0.00989806
4.2 0.00978975
4.21 0.00968251
4.22 0.00957634
4.23 0.00947122
4.24 0.00936714
4.25 0.0092641
4.26 0.00916208
4.27 0.00906107
4.28 0.00896106
4.29 0.00886205
4.3 0.00876402
4.31 0.00866697
4.32 0.00857087
4.33 0.00847574
4.34 0.00838154
4.35 0.00828829
4.36 0.00819596
4.37 0.00810455
4.38 0.00801404
4.39 0.00792443
4.4 0.00783572
4.41 0.00774789
4.42 0.00766092
4.43 0.00757483
4.44 0.00748959
4.45 0.00740519
4.46 0.00732164
4.47 0.00723891
4.48 0.00715701
4.49 0.00707592
4.5 0.00699564
4.51 0.00691615
4.52 0.00683746
4.53 0.00675955
4.54 0.00668241
4.55 0.00660604
4.56 0.00653043
4.57 0.00645557
4.58 0.00638145
4.59 0.00630808
4.6 0.00623543
4.61 0.0061635
4.62 0.00609229
4.63 0.00602179
4.64 0.00595199
4.65 0.00588288
4.66 0.00581446
4.67 0.00574672
4.68 0.00567966
4.69 0.00561326
4.7 0.00554753
4.71 0.00548244
4.72 0.00541801
4.73 0.00535421
4.74 0.00529106
4.75 0.00522852
4.76 0.00516662
4.77 0.00510532
4.78 0.00504464
4.79 0.00498456
4.8 0.00492508
4.81 0.0048662
4.82 0.0048079
4.83 0.00475017
4.84 0.00469303
4.85 0.00463645
4.86 0.00458044
4.87 0.00452498
4.88 0.00447008
4.89 0.00441572
4.9 0.00436191
4.91 0.00430863
4.92 0.00425588
4.93 0.00420366
4.94 0.00415195
4.95 0.00410077
4.96 0.00405009
4.97 0.00399992
4.98 0.00395025
4.99 0.00390107
5 0.00385239
5.01 0.00380419
5.02 0.00375647
5.03 0.00370922
5.04 0.00366245
5.05 0.00361615
5.06 0.00357031
5.07 0.00352492
5.08 0.00347999
5.09 0.00343551
5.1 0.00339147
5.11 0.00334787
5.12 0.00330471
5.13 0.00326197
5.14 0.00321967
5.15 0.00317779
5.16 0.00313633
5.17 0.00309528
5.18 0.00305464
5.19 0.00301441
5.2 0.00297459
5.21 0.00293516
5.22 0.00289613
5.23 0.00285749
5.24 0.00281923
5.25 0.00278136
5.26 0.00274388
5.27 0.00270676
5.28 0.00267002
5.29 0.00263365
5.3 0.00259765
5.31 0.00256201
5.32 0.00252673
5.33 0.0024918
5.34 0.00245723
5.35 0.002423
5.36 0.00238912
5.37 0.00235558
5.38 0.00232239
5.39 0.00228953
5.4 0.002257
5.41 0.0022248
5.42 0.00219293
5.43 0.00216139
5.44 0.00213016
5.45 0.00209926
5.46 0.00206867
5.47 0.00203839
5.48 0.00200842
5.49 0.00197876
5.5 0.00194941
5.51 0.00192036
5.52 0.0018916
5.53 0.00186315
5.54 0.00183499
5.55 0.00180712
5.56 0.00177954
5.57 0.00175226
5.58 0.00172525
5.59 0.00169853
5.6 0.00167209
5.61 0.00164593
5.62 0.00162005
5.63 0.00159445
5.64 0.00156912
5.65 0.00154405
5.66 0.00151926
5.67 0.00149474
5.68 0.00147049
5.69 0.0014465
5.7 0.00142277
5.71 0.00139931
5.72 0.0013761
5.73 0.00135316
5.74 0.00133048
5.75 0.00130805
5.76 0.00128588
5.77 0.00126397
5.78 0.00124231
5.79 0.0012209
5.8 0.00119975
5.81 0.00117886
5.82 0.00115821
5.83 0.00113782
5.84 0.00111769
5.85 0.0010978
5.86 0.00107817
5.87 0.00105879
5.88 0.00103967
5.89 0.00102079
5.9 0.00100218
5.91 0.000983821
5.92 0.000965719
5.93 0.000947876
5.94 0.000930293
5.95 0.000912972
5.96 0.000895915
5.97 0.000879123
5.98 0.0008626
5.99 0.000846347
6 0.000830369
6.01 0.000814667
6.02 0.000799245
6.03 0.000784108
6.04 0.000769258
6.05 0.0007547
6.06 0.00074044
6.07 0.000726482
6.08 0.00071283
6.09 0.000699492
6.1 0.000686474
6.11 0.000673781
6.12 0.000661421
6.13 0.000649401
6.14 0.00063773
6.15 0.000626416
6.16 0.000615468
6.17 0.000604895
6.18 0.000594708
6.19 0.000584918
6.2 0.000575535
6.21 0.000566573
6.22 0.000558043
6.23 0.000549959
6.24 0.000542336
6.25 0.000535189
6.26 0.000528533
6.27 0.000522386
6.28 0.000516764
6.29 0.000511687
6.3 0.000507175
6.31 0.000503247
6.32 0.000499926
6.33 0.000497234
6.34 0.000495195
6.35 0.000493835
6.36 0.000493181
6.37 0.000493259
6.38 0.000494099
6.39 0.000495731
6.4 0.000498189
6.41 0.000501504
6.42 0.000505712
6.43 0.000510851
6.44 0.000516958
6.45 0.000524073
6.46 0.00053224
6.47 0.000541501
6.48 0.000551903
6.49 0.000563494
6.5 0.000576323
6.51 0.000590443
6.52 0.000605908
6.53 0.000622775
6.54 0.000641103
6.55 0.000660953
6.56 0.00068239
6.57 0.000705479
6.58 0.000730291
6.59 0.000756896
6.6 0.000785369
6.61 0.000815788
6.62 0.000848232
6.63 0.000882786
6.64 0.000919535
6.65 0.000958569
6.66 0.00099998
6.67 0.00104386
6.68 0.00109032
6.69 0.00113945
6.7 0.00119135
6.71 0.00124614
6.72 0.00130394
6.73 0.00136484
6.74 0.00142898
6.75 0.00149648
6.76 0.00156745
6.77 0.00164204
6.78 0.00172037
6.79 0.00180257
6.8 0.0018888
6.81 0.00197918
6.82 0.00207386
6.83 0.002173
6.84 0.00227675
6.85 0.00238525
6.86 0.00249867
6.87 0.00261718
6.88 0.00274092
6.89 0.00287007
6.9 0.0030048
6.91 0.00314527
6.92 0.00329167
6.93 0.00344416
6.94 0.00360292
6.95 0.00376812
6.96 0.00393996
6.97 0.0041186
6.98 0.00430423
6.99 0.00449702
7 0.00469716
7.01 0.00490483
7.02 0.00512021
7.03 0.00534348
7.04 0.0055748
7.05 0.00581437
7.06 0.00606235
7.07 0.00631892
7.08 0.00658423
7.09 0.00685846
7.1 0.00714176
7.11 0.0074343
7.12 0.00773621
7.13 0.00804765
7.14 0.00836876
7.15 0.00869966
7.16 0.00904048
7.17 0.00939135
7.18 0.00975236
7.19 0.0101236
7.2 0.0105052
7.21 0.0108973
7.22 0.0112998
7.23 0.0117129
7.24 0.0121366
7.25 0.012571
7.26 0.013016
7.27 0.0134717
7.28 0.0139382
7.29 0.0144153
7.3 0.014903
7.31 0.0154014
7.32 0.0159103
7.33 0.0164297
7.34 0.0169595
7.35 0.0174997
7.36 0.01805
7.37 0.0186103
7.38 0.0191806
7.39 0.0197606
7.4 0.0203502
7.41 0.0209492
7.42 0.0215573
7.43 0.0221743
7.44 0.0228001
7.45 0.0234342
7.46 0.0240765
7.47 0.0247267
7.48 0.0253844
7.49 0.0260493
7.5 0.0267211
7.51 0.0273995
7.52 0.028084
7.53 0.0287743
7.54 0.0294701
7.55 0.0301708
7.56 0.0308761
7.57 0.0315856
7.58 0.0322989
7.59 0.0330154
7.6 0.0337347
7.61 0.0344564
7.62 0.03518
7.63 0.035905
7.64 0.0366309
7.65 0.0373573
7.66 0.0380836
7.67 0.0388093
7.68 0.0395341
7.69 0.0402572
7.7 0.0409783
7.71 0.0416969
7.72 0.0424124
7.73 0.0431243
7.74 0.0438321
7.75 0.0445354
7.76 0.0452337
7.77 0.0459263
7.78 0.046613
7.79 0.0472931
7.8 0.0479663
7.81 0.048632
7.82 0.0492898
7.83 0.0499392
7.84 0.0505799
7.85 0.0512114
7.86 0.0518332
7.87 0.0524449
7.88 0.0530463
7.89 0.0536368
7.9 0.0542161
7.91 0.0547839
7.92 0.0553397
7.93 0.0558834
7.94 0.0564145
7.95 0.0569327
7.96 0.0574378
7.97 0.0579295
7.98 0.0584075
7.99 0.0588717
8 0.0593216
8.01 0.0597573
8.02 0.0601783
8.03 0.0605847
8.04 0.0609761
8.05 0.0613525
8.06 0.0617137
8.07 0.0620597
8.08 0.0623902
8.09 0.0627052
8.1 0.0630047
8.11 0.0632885
8.12 0.0635567
8.13 0.0638092
8.14 0.064046
8.15 0.0642671
8.16 0.0644725
8.17 0.0646623
8.18 0.0648364
8.19 0.064995
8.2 0.0651381
8.21 0.0652658
8.22 0.0653782
8.23 0.0654754
8.24 0.0655575
8.25 0.0656247
8.26 0.065677
8.27 0.0657147
8.28 0.0657379
8.29 0.0657467
8.3 0.0657414
8.31 0.0657221
8.32 0.0656891
8.33 0.0656424
8.34 0.0655825
8.35 0.0655094
8.36 0.0654234
8.37 0.0653247
8.38 0.0652136
8.39 0.0650903
8.4 0.0649551
8.41 0.0648082
8.42 0.0646499
8.43 0.0644804
8.44 0.0643
8.45 0.064109
8.46 0.0639076
8.47 0.0636961
8.48 0.0634748
8.49 0.063244
8.5 0.063004
8.51 0.062755
8.52 0.0624972
8.53 0.0622311
8.54 0.0619568
8.55 0.0616747
8.56 0.061385
8.57 0.061088
8.58 0.0607839
8.59 0.0604732
8.6 0.0601559
8.61 0.0598324
8.62 0.059503
8.63 0.0591679
8.64 0.0588274
8.65 0.0584817
8.66 0.0581312
8.67 0.0577759
8.68 0.0574163
8.69 0.0570525
8.7 0.0566848
8.71 0.0563135
8.72 0.0559386
8.73 0.0555606
8.74 0.0551796
8.75 0.0547957
8.76 0.0544094
8.77 0.0540206
8.78 0.0536297
8.79 0.0532369
8.8 0.0528423
8.81 0.0524462
8.82 0.0520486
8.83 0.0516499
8.84 0.0512501
8.85 0.0508495
8.86 0.0504483
8.87 0.0500464
8.88 0.0496443
8.89 0.0492418
8.9 0.0488394
8.91 0.0484369
8.92 0.0480347
8.93 0.0476329
8.94 0.0472314
8.95 0.0468306
8.96 0.0464305
8.97 0.0460312
8.98 0.0456328
8.99 0.0452354
9 0.0448392
9.01 0.0444441
9.02 0.0440504
9.03 0.0436581
9.04 0.0432673
9.05 0.042878
9.06 0.0424904
9.07 0.0421045
9.08 0.0417204
9.09 0.0413381
9.1 0.0409577
9.11 0.0405793
9.12 0.040203
9.13 0.0398286
9.14 0.0394565
9.15 0.0390864
9.16 0.0387186
9.17 0.0383531
9.18 0.0379898
9.19 0.0376289
9.2 0.0372703
9.21 0.0369141
9.22 0.0365603
9.23 0.0362089
9.24 0.03586
9.25 0.0355136
9.26 0.0351697
9.27 0.0348283
9.28 0.0344895
9.29 0.0341532
9.3 0.0338195
9.31 0.0334883
9.32 0.0331597
9.33 0.0328337
9.34 0.0325103
9.35 0.0321895
9.36 0.0318712
9.37 0.0315556
9.38 0.0312426
9.39 0.0309322
9.4 0.0306243
9.41 0.0303191
9.42 0.0300165
9.43 0.0297164
9.44 0.0294189
9.45 0.029124
9.46 0.0288317
9.47 0.0285419
9.48 0.0282547
9.49 0.02797
9.5 0.0276879
9.51 0.0274082
9.52 0.0271311
9.53 0.0268565
9.54 0.0265843
9.55 0.0263146
9.56 0.0260474
9.57 0.0257826
9.58 0.0255203
9.59 0.0252604
9.6 0.0250028
9.61 0.0247477
9.62 0.0244949
9.63 0.0242445
9.64 0.0239964
9.65 0.0237507
9.66 0.0235072
9.67 0.0232661
9.68 0.0230272
9.69 0.0227906
9.7 0.0225562
9.71 0.0223241
9.72 0.0220941
9.73 0.0218664
9.74 0.0216408
9.75 0.0214173
9.76 0.0211961
9.77 0.0209769
9.78 0.0207598
9.79 0.0205449
9.8 0.020332
9.81 0.0201211
9.82 0.0199123
9.83 0.0197055
9.84 0.0195007
9.85 0.0192979
9.86 0.0190971
9.87 0.0188982
9.88 0.0187012
9.89 0.0185062
9.9 0.018313
9.91 0.0181218
9.92 0.0179324
9.93 0.0177448
9.94 0.0175591
9.95 0.0173752
9.96 0.0171931
9.97 0.0170128
9.98 0.0168342
9.99 0.0166574
10 0.0164823
10.01 0.016309
10.02 0.0161373
10.03 0.0159674
10.04 0.015799
10.05 0.0156324
10.06 0.0154674
10.07 0.015304
10.08 0.0151422
10.09 0.014982
10.1 0.0148234
10.11 0.0146664
10.12 0.0145109
10.13 0.0143569
10.14 0.0142045
10.15 0.0140535
10.16 0.0139041
10.17 0.0137561
10.18 0.0136096
10.19 0.0134645
10.2 0.0133209
10.21 0.0131787
10.22 0.0130379
10.23 0.0128984
10.24 0.0127604
10.25 0.0126237
10.26 0.0124884
10.27 0.0123544
10.28 0.0122218
10.29 0.0120904
10.3 0.0119604
10.31 0.0118316
10.32 0.0117041
10.33 0.0115779
10.34 0.0114529
10.35 0.0113292
10.36 0.0112067
10.37 0.0110854
10.38 0.0109653
10.39 0.0108464
10.4 0.0107287
10.41 0.0106122
10.42 0.0104968
10.43 0.0103825
10.44 0.0102694
10.45 0.0101574
10.46 0.0100465
10.47 0.00993672
10.48 0.00982803
10.49 0.00972041
10.5 0.00961386
10.51 0.00950837
10.52 0.00940392
10.53 0.00930051
10.54 0.00919813
10.55 0.00909676
10.56 0.0089964
10.57 0.00889704
10.58 0.00879866
10.59 0.00870126
10.6 0.00860483
10.61 0.00850936
10.62 0.00841483
10.63 0.00832124
10.64 0.00822859
10.65 0.00813685
10.66 0.00804602
10.67 0.0079561
10.68 0.00786707
10.69 0.00777892
10.7 0.00769165
10.71 0.00760525
10.72 0.00751971
10.73 0.00743501
10.74 0.00735116
10.75 0.00726814
10.76 0.00718595
10.77 0.00710457
10.78 0.00702401
10.79 0.00694424
10.8 0.00686527
10.81 0.00678708
10.82 0.00670967
10.83 0.00663303
10.84 0.00655715
10.85 0.00648202
10.86 0.00640764
10.87 0.00633401
10.88 0.0062611
10.89 0.00618892
10.9 0.00611746
10.91 0.0060467
10.92 0.00597665
10.93 0.0059073
10.94 0.00583864
10.95 0.00577066
10.96 0.00570336
10.97 0.00563673
10.98 0.00557076
10.99 0.00550544
11 0.00544078
11.01 0.00537676
11.02 0.00531337
11.03 0.00525062
11.04 0.00518849
11.05 0.00512698
11.06 0.00506609
11.07 0.00500579
11.08 0.0049461
11.09 0.00488701
11.1 0.0048285
11.11 0.00477057
11.12 0.00471322
11.13 0.00465644
11.14 0.00460023
11.15 0.00454458
11.16 0.00448948
11.17 0.00443493
11.18 0.00438092
11.19 0.00432745
11.2 0.00427452
11.21 0.00422211
11.22 0.00417022
11.23 0.00411886
11.24 0.004068
11.25 0.00401765
11.26 0.0039678
11.27 0.00391845
11.28 0.00386959
11.29 0.00382122
11.3 0.00377333
11.31 0.00372592
11.32 0.00367898
11.33 0.00363251
11.34 0.00358651
11.35 0.00354096
11.36 0.00349587
11.37 0.00345123
11.38 0.00340703
11.39 0.00336328
11.4 0.00331996
11.41 0.00327708
11.42 0.00323462
11.43 0.00319259
11.44 0.00315098
11.45 0.00310979
11.46 0.003069
11.47 0.00302863
11.48 0.00298866
11.49 0.00294909
11.5 0.00290992
11.51 0.00287114
11.52 0.00283275
11.53 0.00279475
11.54 0.00275712
11.55 0.00271988
11.56 0.00268301
11.57 0.00264651
11.58 0.00261037
11.59 0.00257461
11.6 0.0025392
11.61 0.00250414
11.62 0.00246945
11.63 0.0024351
11.64 0.0024011
11.65 0.00236744
11.66 0.00233412
11.67 0.00230114
11.68 0.0022685
11.69 0.00223618
11.7 0.0022042
11.71 0.00217254
11.72 0.0021412
11.73 0.00211018
11.74 0.00207948
11.75 0.00204909
11.76 0.00201902
11.77 0.00198925
11.78 0.00195979
11.79 0.00193063
11.8 0.00190177
11.81 0.00187321
11.82 0.00184495
11.83 0.00181698
11.84 0.0017893
11.85 0.00176191
11.86 0.0017348
11.87 0.00170798
11.88 0.00168145
11.89 0.00165519
11.9 0.00162921
11.91 0.00160351
11.92 0.00157808
11.93 0.00155292
11.94 0.00152804
11.95 0.00150342
11.96 0.00147907
11.97 0.00145499
11.98 0.00143117
11.99 0.00140761
12 0.00138432
12.01 0.00136128
12.02 0.00133851
12.03 0.00131599
12.04 0.00129373
12.05 0.00127173
12.06 0.00124998
12.07 0.00122849
12.08 0.00120725
12.09 0.00118626
12.1 0.00116553
12.11 0.00114505
12.12 0.00112483
12.13 0.00110485
12.14 0.00108513
12.15 0.00106567
12.16 0.00104646
12.17 0.0010275
12.18 0.00100879
12.19 0.000990345
12.2 0.000972154
12.21 0.000954222
12.22 0.000936549
12.23 0.000919137
12.24 0.000901989
12.25 0.000885106
12.26 0.00086849
12.27 0.000852145
12.28 0.000836072
12.29 0.000820275
12.3 0.000804758
12.31 0.000789523
12.32 0.000774575
12.33 0.000759918
12.34 0.000745556
12.35 0.000731495
12.36 0.000717739
12.37 0.000704295
12.38 0.000691168
12.39 0.000678365
12.4 0.000665892
12.41 0.000653758
12.42 0.000641969
12.43 0.000630535
12.44 0.000619463
12.45 0.000608764
12.46 0.000598448
12.47 0.000588525
12.48 0.000579006
12.49 0.000569903
12.5 0.000561228
12.51 0.000552996
12.52 0.000545219
12.53 0.000537914
12.54 0.000531095
12.55 0.000524778
12.56 0.000518983
12.57 0.000513725
12.58 0.000509026
12.59 0.000504905
12.6 0.000501383
12.61 0.000498484
12.62 0.00049623
12.63 0.000494646
12.64 0.00049376
12.65 0.000493597
12.66 0.000494186
12.67 0.000495559
12.68 0.000497745
12.69 0.000500779
12.7 0.000504695
12.71 0.000509529
12.72 0.000515319
12.73 0.000522104
12.74 0.000529927
12.75 0.000538831
12.76 0.00054886
12.77 0.000560063
12.78 0.000572488
12.79 0.000586187
12.8 0.000601214
12.81 0.000617624
12.82 0.000635477
12.83 0.000654831
12.84 0.000675752
12.85 0.000698304
12.86 0.000722555
12.87 0.000748577
12.88 0.000776443
12.89 0.00080623
12.9 0.000838017
12.91 0.000871887
12.92 0.000907923
12.93 0.000946216
12.94 0.000986856
12.95 0.00102994
12.96 0.00107556
12.97 0.00112382
12.98 0.00117483
12.99 0.00122869
13 0.00128551
13.01 0.00134541
13.02 0.0014085
13.03 0.00147491
13.04 0.00154476
13.05 0.00161818
13.06 0.0016953
13.07 0.00177625
13.08 0.00186117
13.09 0.00195021
13.1 0.00204351
13.11 0.00214121
13.12 0.00224347
13.13 0.00235043
13.14 0.00246227
13.15 0.00257913
13.16 0.00270119
13.17 0.00282859
13.18 0.00296153
13.19 0.00310015
13.2 0.00324464
13.21 0.00339516
13.22 0.0035519
13.23 0.00371503
13.24 0.00388473
13.25 0.00406118
13.26 0.00424456
13.27 0.00443505
13.28 0.00463283
13.29 0.00483808
13.3 0.00505098
13.31 0.00527171
13.32 0.00550045
13.33 0.00573737
13.34 0.00598265
13.35 0.00623646
13.36 0.00649897
13.37 0.00677034
13.38 0.00705073
13.39 0.00734031
13.4 0.00763922
13.41 0.0079476
13.42 0.00826561
13.43 0.00859338
13.44 0.00893103
13.45 0.00927868
13.46 0.00963645
13.47 0.0100044
13.48 0.0103827
13.49 0.0107714
13.5 0.0111706
13.51 0.0115804
13.52 0.0120007
13.53 0.0124316
13.54 0.0128733
13.55 0.0133256
13.56 0.0137886
13.57 0.0142623
13.58 0.0147466
13.59 0.0152416
13.6 0.0157472
13.61 0.0162633
13.62 0.0167898
13.63 0.0173266
13.64 0.0178737
13.65 0.0184309
13.66 0.018998
13.67 0.019575
13.68 0.0201615
13.69 0.0207575
13.7 0.0213628
13.71 0.021977
13.72 0.0226
13.73 0.0232315
13.74 0.0238712
13.75 0.0245189
13.76 0.0251742
13.77 0.0258369
13.78 0.0265065
13.79 0.0271828
13.8 0.0278654
13.81 0.028554
13.82 0.029248
13.83 0.0299472
13.84 0.0306511
13.85 0.0313593
13.86 0.0320714
13.87 0.0327869
13.88 0.0335054
13.89 0.0342264
13.9 0.0349494
13.91 0.035674
13.92 0.0363997
13.93 0.037126
13.94 0.0378524
13.95 0.0385784
13.96 0.0393035
13.97 0.0400272
13.98 0.040749
13.99 0.0414684
14 0.0421849
14.01 0.042898
14.02 0.0436072
14.03 0.044312
14.04 0.0450119
14.05 0.0457064
14.06 0.046395
14.07 0.0470773
14.08 0.0477527
14.09 0.0484208
14.1 0.0490812
14.11 0.0497334
14.12 0.0503769
14.13 0.0510113
14.14 0.0516363
14.15 0.0522513
14.16 0.052856
14.17 0.05345
14.18 0.0540329
14.19 0.0546044
14.2 0.055164
14.21 0.0557116
14.22 0.0562467
14.23 0.0567691
14.24 0.0572784
14.25 0.0577744
14.26 0.0582568
14.27 0.0587254
14.28 0.0591799
14.29 0.0596201
14.3 0.0600458
14.31 0.0604569
14.32 0.0608531
14.33 0.0612343
14.34 0.0616004
14.35 0.0619512
14.36 0.0622866
14.37 0.0626066
14.38 0.062911
14.39 0.0631999
14.4 0.063473
14.41 0.0637305
14.42 0.0639723
14.43 0.0641984
14.44 0.0644088
14.45 0.0646036
14.46 0.0647827
14.47 0.0649462
14.48 0.0650943
14.49 0.0652269
14.5 0.0653441
14.51 0.0654461
14.52 0.065533
14.53 0.0656049
14.54 0.065662
14.55 0.0657043
14.56 0.0657321
14.57 0.0657455
14.58 0.0657446
14.59 0.0657298
14.6 0.0657011
14.61 0.0656588
14.62 0.065603
14.63 0.0655341
14.64 0.0654522
14.65 0.0653575
14.66 0.0652504
14.67 0.065131
14.68 0.0649995
14.69 0.0648563
14.7 0.0647016
14.71 0.0645356
14.72 0.0643586
14.73 0.064171
14.74 0.0639729
14.75 0.0637646
14.76 0.0635464
14.77 0.0633186
14.78 0.0630815
14.79 0.0628353
14.8 0.0625803
14.81 0.0623168
14.82 0.0620451
14.83 0.0617654
14.84 0.0614781
14.85 0.0611834
14.86 0.0608816
14.87 0.0605729
14.88 0.0602577
14.89 0.0599361
14.9 0.0596086
14.91 0.0592753
14.92 0.0589365
14.93 0.0585924
14.94 0.0582434
14.95 0.0578896
14.96 0.0575314
14.97 0.0571689
14.98 0.0568024
14.99 0.0564322
15 0.0560584
15.01 0.0556814
15.02 0.0553013
15.03 0.0549183
15.04 0.0545327
15.05 0.0541447
15.06 0.0537545
15.07 0.0533622
15.08 0.0529682
15.09 0.0525725
15.1 0.0521754
15.11 0.051777
15.12 0.0513776
15.13 0.0509772
15.14 0.0505762
15.15 0.0501745
15.16 0.0497724
15.17 0.0493701
15.18 0.0489676
15.19 0.0485651
15.2 0.0481628
15.21 0.0477608
15.22 0.0473593
15.23 0.0469582
15.24 0.0465579
15.25 0.0461583
15.26 0.0457596
15.27 0.0453619
15.28 0.0449653
15.29 0.0445698
15.3 0.0441757
15.31 0.0437829
15.32 0.0433916
15.33 0.0430019
15.34 0.0426137
15.35 0.0422273
15.36 0.0418426
15.37 0.0414597
15.38 0.0410787
15.39 0.0406997
15.4 0.0403226
15.41 0.0399477
15.42 0.0395748
15.43 0.0392041
15.44 0.0388356
15.45 0.0384693
15.46 0.0381053
15.47 0.0377436
15.48 0.0373842
15.49 0.0370273
15.5 0.0366727
15.51 0.0363206
15.52 0.0359709
15.53 0.0356237
15.54 0.035279
15.55 0.0349368
15.56 0.0345972
15.57 0.0342601
15.58 0.0339255
15.59 0.0335935
15.6 0.0332641
15.61 0.0329373
15.62 0.032613
15.63 0.0322914
15.64 0.0319723
15.65 0.0316559
15.66 0.031342
15.67 0.0310308
15.68 0.0307221
15.69 0.0304161
15.7 0.0301126
15.71 0.0298117
15.72 0.0295134
15.73 0.0292177
15.74 0.0289246
15.75 0.028634
15.76 0.0283459
15.77 0.0280604
15.78 0.0277775
15.79 0.027497
15.8 0.0272191
15.81 0.0269437
15.82 0.0266707
15.83 0.0264003
15.84 0.0261323
15.85 0.0258667
15.86 0.0256036
15.87 0.0253429
15.88 0.0250846
15.89 0.0248287
15.9 0.0245752
15.91 0.024324
15.92 0.0240752
15.93 0.0238287
15.94 0.0235845
15.95 0.0233427
15.96 0.0231031
15.97 0.0228657
15.98 0.0226306
15.99 0.0223978
16 0.0221671
16.01 0.0219387
16.02 0.0217124
16.03 0.0214883
16.04 0.0212663
16.05 0.0210465
16.06 0.0208288
16.07 0.0206131
16.08 0.0203996
16.09 0.0201881
16.1 0.0199786
16.11 0.0197712
16.12 0.0195658
16.13 0.0193623
16.14 0.0191608
16.15 0.0189613
16.16 0.0187638
16.17 0.0185681
16.18 0.0183744
16.19 0.0181825
16.2 0.0179925
16.21 0.0178044
16.22 0.0176181
16.23 0.0174336
16.24 0.0172509
16.25 0.01707
16.26 0.0168909
16.27 0.0167135
16.28 0.0165379
16.29 0.016364
16.3 0.0161918
16.31 0.0160213
16.32 0.0158525
16.33 0.0156853
16.34 0.0155198
16.35 0.0153559
16.36 0.0151936
16.37 0.0150329
16.38 0.0148738
16.39 0.0147163
16.4 0.0145603
16.41 0.0144058
16.42 0.0142529
16.43 0.0141015
16.44 0.0139515
16.45 0.0138031
16.46 0.0136561
16.47 0.0135106
16.48 0.0133665
16.49 0.0132238
16.5 0.0130826
16.51 0.0129427
16.52 0.0128042
16.53 0.0126671
16.54 0.0125314
16.55 0.012397
16.56 0.0122639
16.57 0.0121321
16.58 0.0120017
16.59 0.0118725
16.6 0.0117446
16.61 0.011618
16.62 0.0114926
16.63 0.0113685
16.64 0.0112456
16.65 0.0111239
16.66 0.0110035
16.67 0.0108842
16.68 0.0107661
16.69 0.0106492
16.7 0.0105334
16.71 0.0104188
16.72 0.0103053
16.73 0.010193
16.74 0.0100817
16.75 0.00997158
16.76 0.00986254
16.77 0.00975458
16.78 0.00964769
16.79 0.00954186
16.8 0.00943708
16.81 0.00933334
16.82 0.00923063
16.83 0.00912894
16.84 0.00902827
16.85 0.00892859
16.86 0.0088299
16.87 0.00873219
16.88 0.00863545
16.89 0.00853967
16.9 0.00844484
16.91 0.00835096
16.92 0.008258
16.93 0.00816597
16.94 0.00807486
16.95 0.00798465
16.96 0.00789534
16.97 0.00780691
16.98 0.00771936
16.99 0.00763268
17 0.00754687
17.01 0.0074619
17.02 0.00737778
17.03 0.0072945
17.04 0.00721205
17.05 0.00713041
17.06 0.00704959
17.07 0.00696957
17.08 0.00689034
17.09 0.0068119
17.1 0.00673424
17.11 0.00665736
17.12 0.00658124
17.13 0.00650587
17.14 0.00643126
17.15 0.00635738
17.16 0.00628425
17.17 0.00621183
17.18 0.00614014
17.19 0.00606917
17.2 0.00599889
17.21 0.00592932
17.22 0.00586044
17.23 0.00579224
17.24 0.00572473
17.25 0.00565788
17.26 0.0055917
17.27 0.00552618
17.28 0.00546131
17.29 0.00539708
17.3 0.0053335
17.31 0.00527054
17.32 0.00520822
17.33 0.00514651
17.34 0.00508542
17.35 0.00502494
17.36 0.00496505
17.37 0.00490577
17.38 0.00484707
17.39 0.00478896
17.4 0.00473143
17.41 0.00467447
17.42 0.00461808
17.43 0.00456225
17.44 0.00450697
17.45 0.00445225
17.46 0.00439807
17.47 0.00434443
17.48 0.00429132
17.49 0.00423875
17.5 0.0041867
17.51 0.00413516
17.52 0.00408414
17.53 0.00403363
17.54 0.00398363
17.55 0.00393412
17.56 0.0038851
17.57 0.00383658
17.58 0.00378853
17.59 0.00374097
17.6 0.00369388
17.61 0.00364726
17.62 0.00360111
17.63 0.00355542
17.64 0.00351018
17.65 0.0034654
17.66 0.00342106
17.67 0.00337717
17.68 0.00333371
17.69 0.00329069
17.7 0.0032481
17.71 0.00320593
17.72 0.00316419
17.73 0.00312286
17.74 0.00308195
17.75 0.00304145
17.76 0.00300135
17.77 0.00296166
17.78 0.00292236
17.79 0.00288345
17.8 0.00284494
17.81 0.00280681
17.82 0.00276907
17.83 0.0027317
17.84 0.00269471
17.85 0.0026581
17.86 0.00262185
17.87 0.00258596
17.88 0.00255044
17.89 0.00251527
17.9 0.00248046
17.91 0.002446
17.92 0.00241189
17.93 0.00237812
17.94 0.0023447
17.95 0.00231161
17.96 0.00227886
17.97 0.00224644
17.98 0.00221435
17.99 0.00218259
18 0.00215115
18.01 0.00212003
18.02 0.00208923
18.03 0.00205874
18.04 0.00202856
18.05 0.0019987
18.06 0.00196914
18.07 0.00193988
18.08 0.00191093
18.09 0.00188228
18.1 0.00185392
18.11 0.00182585
18.12 0.00179808
18.13 0.0017706
18.14 0.00174341
18.15 0.0017165
18.16 0.00168987
18.17 0.00166352
18.18 0.00163745
18.19 0.00161166
18.2 0.00158615
18.21 0.00156091
18.22 0.00153593
18.23 0.00151123
18.24 0.0014868
18.25 0.00146263
18.26 0.00143873
18.27 0.00141509
18.28 0.00139171
18.29 0.00136859
18.3 0.00134574
18.31 0.00132314
18.32 0.0013008
18.33 0.00127871
18.34 0.00125688
18.35 0.00123531
18.36 0.00121399
18.37 0.00119292
18.38 0.00117211
18.39 0.00115155
18.4 0.00113124
18.41 0.00111119
18.42 0.00109139
18.43 0.00107184
18.44 0.00105255
18.45 0.00103351
18.46 0.00101472
18.47 0.000996194
18.48 0.000977921
18.49 0.000959906
18.5 0.000942151
18.51 0.000924656
18.52 0.000907423
18.53 0.000890455
18.54 0.000873754
18.55 0.000857322
18.56 0.000841163
18.57 0.000825277
18.58 0.000809671
18.59 0.000794345
18.6 0.000779305
18.61 0.000764555
18.62 0.000750099
18.63 0.000735941
18.64 0.000722088
18.65 0.000708544
18.66 0.000695315
18.67 0.000682408
18.68 0.000669829
18.69 0.000657586
18.7 0.000645687
18.71 0.000634138
18.72 0.00062295
18.73 0.000612132
18.74 0.000601693
18.75 0.000591643
18.76 0.000581994
18.77 0.000572757
18.78 0.000563944
18.79 0.00055557
18.8 0.000547647
18.81 0.000540189
18.82 0.000533213
18.83 0.000526735
18.84 0.000520772
18.85 0.000515341
18.86 0.000510461
18.87 0.000506154
18.88 0.000502439
18.89 0.000499339
18.9 0.000496877
18.91 0.000495077
18.92 0.000493965
18.93 0.000493569
18.94 0.000493915
18.95 0.000495035
18.96 0.000496959
18.97 0.000499719
18.98 0.00050335
18.99 0.000507887
19 0.000513369
19.01 0.000519833
19.02 0.000527321
19.03 0.000535875
19.04 0.000545541
19.05 0.000556365
19.06 0.000568395
19.07 0.000581683
19.08 0.000596281
19.09 0.000612244
19.1 0.00062963
19.11 0.0006485
19.12 0.000668915
19.13 0.000690939
19.14 0.000714642
19.15 0.000740092
19.16 0.000767363
19.17 0.000796529
19.18 0.00082767
19.19 0.000860867
19.2 0.000896204
19.21 0.000933769
19.22 0.000973651
19.23 0.00101594
19.24 0.00106075
19.25 0.00110816
19.26 0.00115828
19.27 0.00121121
19.28 0.00126708
19.29 0.00132599
19.3 0.00138805
19.31 0.00145339
19.32 0.00152213
19.33 0.0015944
19.34 0.00167032
19.35 0.00175004
19.36 0.00183368
19.37 0.00192139
19.38 0.00201332
19.39 0.0021096
19.4 0.00221039
19.41 0.00231584
19.42 0.00242611
19.43 0.00254135
19.44 0.00266174
19.45 0.00278742
19.46 0.00291857
19.47 0.00305536
19.48 0.00319797
19.49 0.00334655
19.5 0.00350129
19.51 0.00366237
19.52 0.00382996
19.53 0.00400424
19.54 0.00418539
19.55 0.00437359
19.56 0.00456903
19.57 0.00477188
19.58 0.00498233
19.59 0.00520054
19.6 0.00542671
19.61 0.00566101
19.62 0.00590361
19.63 0.00615468
19.64 0.0064144
19.65 0.00668293
19.66 0.00696043
19.67 0.00724706
19.68 0.00754298
19.69 0.00784834
19.7 0.00816327
19.71 0.00848791
19.72 0.00882239
19.73 0.00916685
19.74 0.00952138
19.75 0.0098861
19.76 0.0102611
19.77 0.0106465
19.78 0.0110423
19.79 0.0114487
19.8 0.0118656
19.81 0.0122932
19.82 0.0127314
19.83 0.0131803
19.84 0.0136399
19.85 0.0141102
19.86 0.0145912
19.87 0.0150828
19.88 0.015585
19.89 0.0160978
19.9 0.016621
19.91 0.0171545
19.92 0.0176984
19.93 0.0182523
19.94 0.0188163
19.95 0.0193902
19.96 0.0199737
19.97 0.0205667
19.98 0.021169
19.99 0.0217804
20 0.0224006
20.01 0.0230294
20.02 0.0236665
20.03 0.0243117
20.04 0.0249646
20.05 0.025625
20.06 0.0262925
20.07 0.0269667
20.08 0.0276473
20.09 0.028334
20.1 0.0290264
20.11 0.029724
20.12 0.0304264
20.13 0.0311333
20.14 0.0318442
20.15 0.0325587
20.16 0.0332762
20.17 0.0339965
20.18 0.0347189
20.19 0.0354431
20.2 0.0361684
20.21 0.0368946
20.22 0.037621
20.23 0.0383472
20.24 0.0390726
20.25 0.0397968
20.26 0.0405193
20.27 0.0412395
20.28 0.041957
20.29 0.0426713
20.3 0.0433818
20.31 0.044088
20.32 0.0447895
20.33 0.0454858
20.34 0.0461763
20.35 0.0468607
20.36 0.0475383
20.37 0.0482088
20.38 0.0488717
20.39 0.0495266
20.4 0.0501729
20.41 0.0508103
20.42 0.0514383
20.43 0.0520565
20.44 0.0526645
20.45 0.0532619
20.46 0.0538484
20.47 0.0544236
20.48 0.0549871
20.49 0.0555385
20.5 0.0560776
20.51 0.0566041
20.52 0.0571176
20.53 0.0576179
20.54 0.0581047
20.55 0.0585777
20.56 0.0590367
20.57 0.0594815
20.58 0.0599118
20.59 0.0603276
20.6 0.0607285
20.61 0.0611145
20.62 0.0614854
20.63 0.0618411
20.64 0.0621815
20.65 0.0625064
20.66 0.0628158
20.67 0.0631096
20.68 0.0633877
20.69 0.0636502
20.7 0.063897
20.71 0.0641281
20.72 0.0643435
20.73 0.0645433
20.74 0.0647273
20.75 0.0648958
20.76 0.0650488
20.77 0.0651863
20.78 0.0653084
20.79 0.0654153
20.8 0.065507
20.81 0.0655837
20.82 0.0656454
20.83 0.0656924
20.84 0.0657248
20.85 0.0657428
20.86 0.0657464
20.87 0.065736
20.88 0.0657117
20.89 0.0656737
20.9 0.0656222
20.91 0.0655575
20.92 0.0654797
20.93 0.0653891
20.94 0.0652859
20.95 0.0651703
20.96 0.0650427
20.97 0.0649032
20.98 0.0647521
20.99 0.0645897
21 0.0644162
21.01 0.0642319
21.02 0.0640371
21.03 0.063832
21.04 0.063617
21.05 0.0633922
21.06 0.063158
21.07 0.0629147
21.08 0.0626624
21.09 0.0624016
21.1 0.0621325
21.11 0.0618554
21.12 0.0615704
21.13 0.0612781
21.14 0.0609785
21.15 0.0606719
21.16 0.0603588
21.17 0.0600392
21.18 0.0597136
21.19 0.0593821
21.2 0.059045
21.21 0.0587025
21.22 0.0583551
21.23 0.0580028
21.24 0.0576459
21.25 0.0572848
21.26 0.0569195
21.27 0.0565505
21.28 0.0561778
21.29 0.0558018
21.3 0.0554227
21.31 0.0550406
21.32 0.0546558
21.33 0.0542685
21.34 0.053879
21.35 0.0534874
21.36 0.0530939
21.37 0.0526987
21.38 0.052302
21.39 0.0519041
21.4 0.0515049
21.41 0.0511049
21.42 0.050704
21.43 0.0503025
21.44 0.0499005
21.45 0.0494982
21.46 0.0490958
21.47 0.0486933
21.48 0.048291
21.49 0.0478889
21.5 0.0474871
21.51 0.0470859
21.52 0.0466853
21.53 0.0462855
21.54 0.0458865
21.55 0.0454884
21.56 0.0450915
21.57 0.0446957
21.58 0.0443011
21.59 0.0439079
21.6 0.0435161
21.61 0.0431258
21.62 0.0427372
21.63 0.0423502
21.64 0.0419649
21.65 0.0415814
21.66 0.0411999
21.67 0.0408202
21.68 0.0404425
21.69 0.0400669
21.7 0.0396933
21.71 0.0393219
21.72 0.0389527
21.73 0.0385857
21.74 0.038221
21.75 0.0378585
21.76 0.0374985
21.77 0.0371407
21.78 0.0367854
21.79 0.0364325
21.8 0.036082
21.81 0.035734
21.82 0.0353885
21.83 0.0350456
21.84 0.0347051
21.85 0.0343672
21.86 0.0340318
21.87 0.033699
21.88 0.0333687
21.89 0.0330411
21.9 0.032716
21.91 0.0323935
21.92 0.0320737
21.93 0.0317564
21.94 0.0314417
21.95 0.0311296
21.96 0.0308202
21.97 0.0305133
21.98 0.030209
21.99 0.0299073
22 0.0296082
22.01 0.0293116
22.02 0.0290177
22.03 0.0287263
22.04 0.0284374
22.05 0.0281511
22.06 0.0278673
22.07 0.0275861
22.08 0.0273074
22.09 0.0270311
22.1 0.0267574
22.11 0.0264862
22.12 0.0262174
22.13 0.0259511
22.14 0.0256872
22.15 0.0254257
22.16 0.0251666
22.17 0.02491
22.18 0.0246557
22.19 0.0244038
22.2 0.0241542
22.21 0.023907
22.22 0.0236621
22.23 0.0234195
22.24 0.0231791
22.25 0.0229411
22.26 0.0227053
22.27 0.0224717
22.28 0.0222404
22.29 0.0220112
22.3 0.0217842
22.31 0.0215594
22.32 0.0213368
22.33 0.0211163
22.34 0.0208979
22.35 0.0206816
22.36 0.0204674
22.37 0.0202552
22.38 0.0200451
22.39 0.019837
22.4 0.019631
22.41 0.0194269
22.42 0.0192248
22.43 0.0190247
22.44 0.0188265
22.45 0.0186302
22.46 0.0184359
22.47 0.0182434
22.48 0.0180528
22.49 0.0178641
22.5 0.0176772
22.51 0.0174922
22.52 0.0173089
22.53 0.0171275
22.54 0.0169478
22.55 0.0167699
22.56 0.0165937
22.57 0.0164192
22.58 0.0162465
22.59 0.0160754
22.6 0.0159061
22.61 0.0157384
22.62 0.0155723
22.63 0.0154079
22.64 0.0152451
22.65 0.0150839
22.66 0.0149243
22.67 0.0147663
22.68 0.0146098
22.69 0.0144548
22.7 0.0143014
22.71 0.0141495
22.72 0.0139991
22.73 0.0138502
22.74 0.0137028
22.75 0.0135568
22.76 0.0134122
22.77 0.0132691
22.78 0.0131274
22.79 0.0129871
22.8 0.0128482
22.81 0.0127106
22.82 0.0125745
22.83 0.0124396
22.84 0.0123061
22.85 0.0121739
22.86 0.0120431
22.87 0.0119135
22.88 0.0117852
22.89 0.0116582
22.9 0.0115324
22.91 0.0114079
22.92 0.0112846
22.93 0.0111626
22.94 0.0110417
22.95 0.010922
22.96 0.0108036
22.97 0.0106863
22.98 0.0105701
22.99 0.0104552
23 0.0103413
23.01 0.0102286
23.02 0.010117
23.03 0.0100065
23.04 0.00989715
23.05 0.00978885
23.06 0.00968162
23.07 0.00957545
23.08 0.00947034
23.09 0.00936627
23.1 0.00926324
23.11 0.00916123
23.12 0.00906023
23.13 0.00896023
23.14 0.00886123
23.15 0.0087632
23.16 0.00866616
23.17 0.00857007
23.18 0.00847494
23.19 0.00838076
23.2 0.00828751
23.21 0.00819519
23.22 0.00810378
23.23 0.00801329
23.24 0.00792369
23.25 0.00783498
23.26 0.00774715
23.27 0.0076602
23.28 0.00757411
23.29 0.00748888
23.3 0.00740449
23.31 0.00732094
23.32 0.00723822
23.33 0.00715633
23.34 0.00707524
23.35 0.00699497
23.36 0.00691549
23.37 0.0068368
23.38 0.0067589
23.39 0.00668177
23.4 0.0066054
23.41 0.0065298
23.42 0.00645494
23.43 0.00638083
23.44 0.00630746
23.45 0.00623482
23.46 0.0061629
23.47 0.0060917
23.48 0.0060212
23.49 0.00595141
23.5 0.00588231
23.51 0.00581389
23.52 0.00574616
23.53 0.0056791
23.54 0.00561271
23.55 0.00554698
23.56 0.0054819
23.57 0.00541747
23.58 0.00535368
23.59 0.00529053
23.6 0.005228
23.61 0.0051661
23.62 0.00510481
23.63 0.00504414
23.64 0.00498406
23.65 0.00492459
23.66 0.00486571
23.67 0.00480741
23.68 0.00474969
23.69 0.00469255
23.7 0.00463598
23.71 0.00457997
23.72 0.00452452
23.73 0.00446962
23.74 0.00441527
23.75 0.00436146
23.76 0.00430818
23.77 0.00425544
23.78 0.00420322
23.79 0.00415152
23.8 0.00410034
23.81 0.00404967
23.82 0.0039995
23.83 0.00394983
23.84 0.00390066
23.85 0.00385198
23.86 0.00380379
23.87 0.00375607
23.88 0.00370883
23.89 0.00366206
23.9 0.00361576
23.91 0.00356992
23.92 0.00352454
23.93 0.00347961
23.94 0.00343514
23.95 0.0033911
23.96 0.00334751
23.97 0.00330435
23.98 0.00326162
23.99 0.00321932
24 0.00317744
24.01 0.00313598
24.02 0.00309494
24.03 0.00305431
24.04 0.00301408
24.05 0.00297426
24.06 0.00293483
24.07 0.0028958
24.08 0.00285717
24.09 0.00281892
24.1 0.00278105
24.11 0.00274356
24.12 0.00270646
24.13 0.00266972
24.14 0.00263335
24.15 0.00259735
24.16 0.00256171
24.17 0.00252643
24.18 0.00249151
24.19 0.00245694
24.2 0.00242272
24.21 0.00238884
24.22 0.00235531
24.23 0.00232211
24.24 0.00228926
24.25 0.00225673
24.26 0.00222454
24.27 0.00219267
24.28 0.00216113
24.29 0.00212991
24.3 0.002099
24.31 0.00206842
24.32 0.00203814
24.33 0.00200818
24.34 0.00197852
24.35 0.00194917
24.36 0.00192012
24.37 0.00189137
24.38 0.00186292
24.39 0.00183476
24.4 0.0018069
24.41 0.00177932
24.42 0.00175204
24.43 0.00172504
24.44 0.00169832
24.45 0.00167188
24.46 0.00164573
24.47 0.00161985
24.48 0.00159425
24.49 0.00156892
24.5 0.00154386
24.51 0.00151907
24.52 0.00149455
24.53 0.0014703
24.54 0.00144631
24.55 0.00142259
24.56 0.00139913
24.57 0.00137593
24.58 0.00135299
24.59 0.00133031
24.6 0.00130788
24.61 0.00128572
24.62 0.00126381
24.63 0.00124215
24.64 0.00122075
24.65 0.00119961
24.66 0.00117871
24.67 0.00115807
24.68 0.00113768
24.69 0.00111755
24.7 0.00109767
24.71 0.00107804
24.72 0.00105867
24.73 0.00103955
24.74 0.00102068
24.75 0.00100207
24.76 0.000983714
24.77 0.000965617
24.78 0.000947778
24.79 0.0009302
24.8 0.000912884
24.81 0.000895831
24.82 0.000879045
24.83 0.000862527
24.84 0.00084628
24.85 0.000830307
24.86 0.000814611
24.87 0.000799196
24.88 0.000784065
24.89 0.000769222
24.9 0.000754671
24.91 0.000740418
24.92 0.000726467
24.93 0.000712824
24.94 0.000699494
24.95 0.000686484
24.96 0.0006738
24.97 0.000661449
24.98 0.000649439
24.99 0.000637778
25 0.000626474
25.01 0.000615537
25.02 0.000604976
25.03 0.000594801
25.04 0.000585023
25.05 0.000575653
25.06 0.000566705
25.07 0.000558189
25.08 0.000550121
25.09 0.000542513
25.1 0.000535382
25.11 0.000528744
25.12 0.000522614
25.13 0.000517012
25.14 0.000511955
25.15 0.000507463
25.16 0.000503557
25.17 0.000500258
25.18 0.00049759
25.19 0.000495577
25.2 0.000494243
25.21 0.000493616
25.22 0.000493722
25.23 0.000494593
25.24 0.000496257
25.25 0.000498747
25.26 0.000502097
25.27 0.000506341
25.28 0.000511518
25.29 0.000517665
25.3 0.000524822
25.31 0.000533032
25.32 0.000542339
25.33 0.000552789
25.34 0.000564429
25.35 0.00057731
25.36 0.000591485
25.37 0.000607007
25.38 0.000623934
25.39 0.000642325
25.4 0.00066224
25.41 0.000683745
25.42 0.000706906
25.43 0.000731791
25.44 0.000758474
25.45 0.000787028
25.46 0.000817532
25.47 0.000850065
25.48 0.000884711
25.49 0.000921556
25.5 0.00096069
25.51 0.00100221
25.52 0.0010462
25.53 0.00109276
25.54 0.00114201
25.55 0.00119404
25.56 0.00124896
25.57 0.00130688
25.58 0.00136793
25.59 0.00143221
25.6 0.00149986
25.61 0.00157099
25.62 0.00164573
25.63 0.00172423
25.64 0.0018066
25.65 0.001893
25.66 0.00198357
25.67 0.00207845
25.68 0.00217779
25.69 0.00228174
25.7 0.00239045
25.71 0.00250409
25.72 0.00262282
25.73 0.0027468
25.74 0.00287619
25.75 0.00301117
25.76 0.0031519
25.77 0.00329856
25.78 0.00345132
25.79 0.00361036
25.8 0.00377586
25.81 0.00394799
25.82 0.00412693
25.83 0.00431287
25.84 0.00450598
25.85 0.00470645
25.86 0.00491446
25.87 0.00513018
25.88 0.0053538
25.89 0.00558549
25.9 0.00582542
25.91 0.00607378
25.92 0.00633072
25.93 0.00659643
25.94 0.00687105
25.95 0.00715476
25.96 0.00744771
25.97 0.00775004
25.98 0.0080619
25.99 0.00838344
26 0.00871477
26.01 0.00905604
26.02 0.00940735
26.03 0.00976882
26.04 0.0101405
26.05 0.0105226
26.06 0.0109151
26.07 0.0113181
26.08 0.0117317
26.09 0.0121559
26.1 0.0125907
26.11 0.0130362
26.12 0.0134924
26.13 0.0139593
26.14 0.0144368
26.15 0.0149251
26.16 0.0154239
26.17 0.0159333
26.18 0.0164532
26.19 0.0169835
26.2 0.017524
26.21 0.0180748
26.22 0.0186356
26.23 0.0192063
26.24 0.0197868
26.25 0.0203768
26.26 0.0209761
26.27 0.0215847
26.28 0.0222021
26.29 0.0228282
26.3 0.0234627
26.31 0.0241054
26.32 0.0247558
26.33 0.0254139
26.34 0.0260791
26.35 0.0267512
26.36 0.0274299
26.37 0.0281147
26.38 0.0288052
26.39 0.0295012
26.4 0.0302022
26.41 0.0309077
26.42 0.0316173
26.43 0.0323307
26.44 0.0330474
26.45 0.0337668
26.46 0.0344886
26.47 0.0352122
26.48 0.0359373
26.49 0.0366632
26.5 0.0373896
26.51 0.0381159
26.52 0.0388417
26.53 0.0395663
26.54 0.0402894
26.55 0.0410104
26.56 0.0417288
26.57 0.0424441
26.58 0.0431559
26.59 0.0438636
26.6 0.0445666
26.61 0.0452646
26.62 0.045957
26.63 0.0466434
26.64 0.0473232
26.65 0.0479961
26.66 0.0486614
26.67 0.0493189
26.68 0.049968
26.69 0.0506082
26.7 0.0512393
26.71 0.0518606
26.72 0.0524719
26.73 0.0530728
26.74 0.0536628
26.75 0.0542416
26.76 0.0548089
26.77 0.0553642
26.78 0.0559073
26.79 0.0564378
26.8 0.0569555
26.81 0.05746
26.82 0.0579511
26.83 0.0584285
26.84 0.058892
26.85 0.0593413
26.86 0.0597763
26.87 0.0601967
26.88 0.0606024
26.89 0.0609932
26.9 0.0613689
26.91 0.0617295
26.92 0.0620747
26.93 0.0624046
26.94 0.0627189
26.95 0.0630177
26.96 0.0633008
26.97 0.0635683
26.98 0.0638201
26.99 0.0640562
27 0.0642766
27.01 0.0644813
27.02 0.0646704
27.03 0.0648439
27.04 0.0650018
27.05 0.0651442
27.06 0.0652712
27.07 0.0653829
27.08 0.0654794
27.09 0.0655609
27.1 0.0656274
27.11 0.065679
27.12 0.0657161
27.13 0.0657386
27.14 0.0657468
27.15 0.0657409
27.16 0.065721
27.17 0.0656873
27.18 0.0656401
27.19 0.0655795
27.2 0.0655059
27.21 0.0654193
27.22 0.0653201
27.23 0.0652084
27.24 0.0650846
27.25 0.0649489
27.26 0.0648014
27.27 0.0646426
27.28 0.0644726
27.29 0.0642918
27.3 0.0641003
27.31 0.0638984
27.32 0.0636865
27.33 0.0634648
27.34 0.0632336
27.35 0.0629931
27.36 0.0627437
27.37 0.0624856
27.38 0.0622191
27.39 0.0619445
27.4 0.061662
27.41 0.061372
27.42 0.0610747
27.43 0.0607703
27.44 0.0604592
27.45 0.0601417
27.46 0.0598179
27.47 0.0594883
27.48 0.0591529
27.49 0.0588122
27.5 0.0584663
27.51 0.0581155
27.52 0.0577601
27.53 0.0574003
27.54 0.0570363
27.55 0.0566684
27.56 0.0562969
27.57 0.0559219
27.58 0.0555438
27.59 0.0551626
27.6 0.0547787
27.61 0.0543922
27.62 0.0540033
27.63 0.0536123
27.64 0.0532194
27.65 0.0528248
27.66 0.0524286
27.67 0.052031
27.68 0.0516322
27.69 0.0512324
27.7 0.0508318
27.71 0.0504304
27.72 0.0500286
27.73 0.0496264
27.74 0.049224
27.75 0.0488215
27.76 0.0484191
27.77 0.0480169
27.78 0.047615
27.79 0.0472136
27.8 0.0468128
27.81 0.0464127
27.82 0.0460135
27.83 0.0456151
27.84 0.0452178
27.85 0.0448216
27.86 0.0444266
27.87 0.044033
27.88 0.0436407
27.89 0.04325
27.9 0.0428608
27.91 0.0424733
27.92 0.0420874
27.93 0.0417034
27.94 0.0413212
27.95 0.0409409
27.96 0.0405626
27.97 0.0401863
27.98 0.0398121
27.99 0.03944
28 0.0390701
28.01 0.0387024
28.02 0.0383369
28.03 0.0379737
28.04 0.0376129
28.05 0.0372544
28.06 0.0368983
28.07 0.0365446
28.08 0.0361934
28.09 0.0358446
28.1 0.0354983
28.11 0.0351545
28.12 0.0348133
28.13 0.0344745
28.14 0.0341383
28.15 0.0338047
28.16 0.0334737
28.17 0.0331452
28.18 0.0328193
28.19 0.032496
28.2 0.0321753
28.21 0.0318572
28.22 0.0315417
28.23 0.0312288
28.24 0.0309185
28.25 0.0306107
28.26 0.0303056
28.27 0.0300031
28.28 0.0297032
28.29 0.0294058
28.3 0.029111
28.31 0.0288188
28.32 0.0285291
28.33 0.028242
28.34 0.0279574
28.35 0.0276754
28.36 0.0273959
28.37 0.0271189
28.38 0.0268443
28.39 0.0265723
28.4 0.0263027
28.41 0.0260356
28.42 0.025771
28.43 0.0255087
28.44 0.0252489
28.45 0.0249915
28.46 0.0247364
28.47 0.0244838
28.48 0.0242335
28.49 0.0239855
28.5 0.0237398
28.51 0.0234965
28.52 0.0232554
28.53 0.0230167
28.54 0.0227801
28.55 0.0225459
28.56 0.0223138
28.57 0.022084
28.58 0.0218563
28.59 0.0216308
28.6 0.0214075
28.61 0.0211863
28.62 0.0209672
28.63 0.0207503
28.64 0.0205354
28.65 0.0203226
28.66 0.0201118
28.67 0.0199031
28.68 0.0196964
28.69 0.0194917
28.7 0.019289
28.71 0.0190882
28.72 0.0188894
28.73 0.0186925
28.74 0.0184976
28.75 0.0183045
28.76 0.0181133
28.77 0.017924
28.78 0.0177366
28.79 0.0175509
28.8 0.0173671
28.81 0.0171851
28.82 0.0170048
28.83 0.0168263
28.84 0.0166496
28.85 0.0164746
28.86 0.0163013
28.87 0.0161297
28.88 0.0159598
28.89 0.0157916
28.9 0.015625
28.91 0.0154601
28.92 0.0152968
28.93 0.0151351
28.94 0.014975
28.95 0.0148164
28.96 0.0146595
28.97 0.014504
28.98 0.0143501
28.99 0.0141978
29 0.0140469
29.01 0.0138975
29.02 0.0137496
29.03 0.0136031
29.04 0.0134581
29.05 0.0133146
29.06 0.0131724
29.07 0.0130316
29.08 0.0128923
29.09 0.0127543
29.1 0.0126177
29.11 0.0124824
29.12 0.0123485
29.13 0.0122159
29.14 0.0120846
29.15 0.0119546
29.16 0.0118259
29.17 0.0116985
29.18 0.0115723
29.19 0.0114474
29.2 0.0113238
29.21 0.0112013
29.22 0.0110801
29.23 0.01096
29.24 0.0108412
29.25 0.0107235
29.26 0.010607
29.27 0.0104917
29.28 0.0103775
29.29 0.0102644
29.3 0.0101525
29.31 0.0100416
29.32 0.00993188
29.33 0.00982323
29.34 0.00971566
29.35 0.00960915
29.36 0.00950371
29.37 0.00939931
29.38 0.00929595
29.39 0.00919361
29.4 0.00909229
29.41 0.00899197
29.42 0.00889265
29.43 0.00879432
29.44 0.00869697
29.45 0.00860058
29.46 0.00850514
29.47 0.00841066
29.48 0.00831711
29.49 0.0082245
29.5 0.0081328
29.51 0.00804201
29.52 0.00795213
29.53 0.00786314
29.54 0.00777503
29.55 0.0076878
29.56 0.00760144
29.57 0.00751593
29.58 0.00743128
29.59 0.00734746
29.6 0.00726448
29.61 0.00718232
29.62 0.00710098
29.63 0.00702045
29.64 0.00694072
29.65 0.00686178
29.66 0.00678363
29.67 0.00670625
29.68 0.00662964
29.69 0.0065538
29.7 0.00647871
29.71 0.00640436
29.72 0.00633075
29.73 0.00625788
29.74 0.00618573
29.75 0.0061143
29.76 0.00604358
29.77 0.00597356
29.78 0.00590424
29.79 0.00583561
29.8 0.00576766
29.81 0.00570039
29.82 0.00563378
29.83 0.00556784
29.84 0.00550256
29.85 0.00543792
29.86 0.00537393
29.87 0.00531058
29.88 0.00524785
29.89 0.00518575
29.9 0.00512427
29.91 0.0050634
29.92 0.00500313
29.93 0.00494347
29.94 0.0048844
29.95 0.00482591
29.96 0.00476801
29.97 0.00471069
29.98 0.00465394
29.99 0.00459775
