0 -1 1
1 -0.0531937 -0.0521416
2 0.28548 0.285143
3 0.142152 0.142295
4 -0.204999 -0.204652
5 -0.388035 -0.387852
6 -0.222429 -0.222594
7 0.144975 0.144608
8 0.378189 0.377956
9 0.263398 0.263512
10 -0.0936601 -0.0933033
11 -0.36464 -0.364369
12 -0.300383 -0.300447
13 0.0400413 0.0397012
14 0.343651 0.343347
15 0.331309 0.331321
16 0.014363 0.0146796
17 -0.315788 -0.315458
18 -0.355605 -0.355565
19 -0.0684804 -0.0687672
20 0.281605 0.281255
21 0.372784 0.372693
22 0.121227 0.121478
23 -0.241785 -0.241422
24 -0.382502 -0.382361
25 -0.171548 -0.171758
26 0.197126 0.196758
27 0.384563 0.384376
28 0.218434 0.2186
29 -0.148522 -0.148155
30 -0.378928 -0.378698
31 -0.260949 -0.261067
32 0.096945 0.0965873
33 0.365709 0.36544
34 0.298241 0.298309
35 -0.0434276 -0.0430862
36 -0.345169 -0.344868
37 -0.329564 -0.329579
38 -0.0109591 -0.0112774
39 0.317722 0.317393
40 0.354291 0.354254
41 0.0651264 0.0654152
42 -0.283915 -0.283566
43 -0.371926 -0.371838
44 -0.11799 -0.118244
45 0.244425 0.244063
46 0.382117 0.381979
47 0.168492 0.168706
48 -0.200044 -0.199675
49 -0.38466 -0.384476
50 -0.215622 -0.215791
51 0.151658 0.151291
52 0.379505 0.379277
53 0.258436 0.258557
54 -0.100237 -0.0998786
55 -0.366753 -0.366486
56 -0.296078 -0.296148
57 0.0468098 0.0464672
58 0.346661 0.346361
59 0.327793 0.327812
60 0.00755429 0.00787422
61 -0.31963 -0.319303
62 -0.352948 -0.352915
63 -0.0617672 -0.0620581
64 0.286202 0.285854
65 0.371039 0.370954
66 0.114744 0.115
67 -0.247046 -0.246684
68 -0.381703 -0.381568
69 -0.165424 -0.16564
70 0.202945 0.202577
71 0.384727 0.384545
72 0.212793 0.212965
73 -0.154782 -0.154415
74 -0.380051 -0.379826
75 -0.255903 -0.256027
76 0.103521 0.103162
77 0.367769 0.367504
78 0.293891 0.293965
79 -0.0501884 -0.0498446
80 -0.348125 -0.347827
81 -0.325997 -0.326019
82 -0.00414891 -0.00447046
83 0.321514 0.321188
84 0.351578 0.351548
85 0.0584032 0.0586961
86 -0.288467 -0.288121
87 -0.370122 -0.37004
88 -0.111489 -0.111747
89 0.249647 0.249286
90 0.381259 0.381127
91 0.162343 0.162561
92 -0.205831 -0.205463
93 -0.384764 -0.384585
94 -0.209947 -0.210122
95 0.157894 0.157526
96 0.380568 0.380345
97 0.25335 0.253477
98 -0.106797 -0.106437
99 -0.368755 -0.368493
100 -0.291681 -0.291758
101 0.0535631 0.0532181
102 0.349562 0.349266
103 0.324175 0.3242
104 0.000743215 0.00106635
105 -0.323372 -0.323048
106 -0.350181 -0.350153
107 -0.0550347 -0.0553295
108 0.29071 0.290364
109 0.369177 0.369098
110 0.108225 0.108485
111 -0.252229 -0.251869
112 -0.380784 -0.380656
113 -0.159248 -0.15947
114 0.2087 0.208332
115 0.384771 0.384594
116 0.207085 0.207262
117 -0.160994 -0.160626
118 -0.381055 -0.380835
119 -0.250777 -0.250906
120 0.110065 0.109704
121 0.369713 0.369454
122 0.289449 0.289529
123 -0.0569336 -0.0565875
124 -0.350972 -0.350677
125 -0.322328 -0.322356
126 0.00266254 0.00233785
127 0.325205 0.324883
128 0.348756 0.348732
129 0.0516618 0.0519586
130 -0.29293 -0.292585
131 -0.368203 -0.368127
132 -0.104952 -0.105215
133 0.254791 0.254431
134 0.380281 0.380155
135 0.156142 0.156366
136 -0.211553 -0.211185
137 -0.384747 -0.384574
138 -0.204206 -0.204387
139 0.164081 0.163713
140 0.381513 0.381295
141 0.248184 0.248317
142 -0.113324 -0.112963
143 -0.370642 -0.370385
144 -0.287194 -0.287277
145 0.0602996 0.0599524
146 0.352354 0.352062
147 0.320455 0.320487
148 -0.00606809 -0.00574186
149 -0.327013 -0.326692
150 -0.347303 -0.347283
151 -0.0482849 -0.0485836
152 0.295126 0.294783
153 0.3672 0.367127
154 0.101671 0.101937
155 -0.257333 -0.256974
156 -0.379747 -0.379624
157 -0.153023 -0.153249
158 0.214389 0.214022
159 0.384693 0.384523
160 0.201312 0.201495
161 -0.167155 -0.166786
162 -0.38194 -0.381725
163 -0.245571 -0.245707
164 0.116574 0.116213
165 0.371542 0.371287
166 0.284916 0.285002
167 -0.0636609 -0.0633126
168 -0.353708 -0.353418
169 -0.318558 -0.318593
170 0.00947316 0.00914542
171 0.328794 0.328475
172 0.345824 0.345806
173 0.0449042 0.0452048
174 -0.2973 -0.296958
175 -0.366168 -0.366099
176 -0.0983827 -0.0986502
177 0.259855 0.259497
178 0.379183 0.379064
179 0.149892 0.150121
180 -0.217209 -0.216842
181 -0.384609 -0.384442
182 -0.198402 -0.198587
183 0.170216 0.169847
184 0.382337 0.382125
185 0.24294 0.243079
186 -0.119816 -0.119453
187 -0.372413 -0.37216
188 -0.282616 -0.282705
189 0.0670172 0.0666678
190 0.355035 0.354747
191 0.316635 0.316673
192 -0.0128775 -0.0125483
193 -0.330551 -0.330233
194 -0.344317 -0.344303
195 -0.0415199 -0.0418224
196 0.29945 0.299109
197 0.365107 0.365041
198 0.0950864 0.0953561
199 -0.262357 -0.261999
200 -0.37859 -0.378474
201 -0.14675 -0.146981
202 0.220012 0.219645
203 0.384495 0.384331
204 0.195476 0.195664
205 -0.173263 -0.172895
206 -0.382705 -0.382495
207 -0.240289 -0.240431
208 0.123047 0.122684
209 0.373255 0.373004
210 0.280294 0.280386
211 -0.0703682 -0.0700178
212 -0.356334 -0.356048
213 -0.314688 -0.314729
214 0.0162808 0.0159501
215 0.332281 0.331965
216 0.342783 0.342773
217 0.0381325 0.0384368
218 -0.301577 -0.301238
219 -0.364018 -0.363956
220 -0.0917825 -0.0920544
221 0.264838 0.264481
222 0.377967 0.377854
223 0.143596 0.14383
224 -0.222797 -0.222431
225 -0.384351 -0.38419
226 -0.192535 -0.192726
227 0.176298 0.175929
228 0.383043 0.382836
229 0.23762 0.237765
230 -0.126269 -0.125906
231 -0.374067 -0.373819
232 -0.277949 -0.278045
233 0.0737138 0.0733624
234 0.357605 0.357321
235 0.312716 0.31276
236 -0.0196829 -0.0193507
237 -0.333985 -0.333671
238 -0.341223 -0.341215
239 -0.034742 -0.0350482
240 0.303681 0.303342
241 0.362901 0.362841
242 0.0884715 0.0887456
243 -0.267298 -0.266942
244 -0.377315 -0.377205
245 -0.14043 -0.140667
246 0.225565 0.225199
247 0.384177 0.384018
248 0.189578 0.189773
249 -0.179318 -0.178949
250 -0.38335 -0.383146
251 -0.234932 -0.23508
252 0.129481 0.129117
253 0.37485 0.374605
254 0.275583 0.275682
255 -0.0770535 -0.0767012
256 -0.358848 -0.358566
257 -0.310719 -0.310767
258 0.0230834 0.0227498
259 0.335663 0.33535
260 0.339636 0.339631
261 0.0313488 0.0316568
262 -0.30576 -0.305423
263 -0.361754 -0.361698
264 -0.0851536 -0.0854298
265 0.269737 0.269382
266 0.376633 0.376526
267 0.137254 0.137493
268 -0.228315 -0.22795
269 -0.383973 -0.383817
270 -0.186607 -0.186804
271 0.182324 0.181955
272 0.383628 0.383426
273 0.232226 0.232377
274 -0.132684 -0.132319
275 -0.375604 -0.375361
276 -0.273196 -0.273298
277 0.0803873 0.0800339
278 0.360063 0.359783
279 0.308698 0.308749
280 -0.0264821 -0.0261472
281 -0.337315 -0.337004
282 -0.338022 -0.338021
283 -0.0279532 -0.028263
284 0.307816 0.30748
285 0.36058 0.360527
286 0.081829 0.0821074
287 -0.272155 -0.271801
288 -0.375921 -0.375817
289 -0.134067 -0.134308
290 0.231048 0.230683
291 0.383738 0.383585
292 0.183622 0.183821
293 -0.185316 -0.184947
294 -0.383875 -0.383676
295 -0.229501 -0.229655
296 0.135875 0.13551
297 0.376328 0.376088
298 0.270787 0.270892
299 -0.0837147 -0.0833604
300 -0.361249 -0.360972
301 -0.306653 -0.306707
302 0.0298787 0.0295424
303 0.33894 0.338631
304 0.336382 0.336384
305 0.0245554 0.0248669
306 -0.309847 -0.309513
307 -0.359377 -0.359328
308 -0.0784979 -0.0787785
309 0.274552 0.274199
310 0.37518 0.375079
311 0.130869 0.131113
312 -0.233762 -0.233398
313 -0.383474 -0.383324
314 -0.180621 -0.180824
315 0.188294 0.187925
316 0.384092 0.383896
317 0.226758 0.226915
318 -0.139056 -0.138691
319 -0.377023 -0.376785
320 -0.268357 -0.268465
321 0.0870356 0.0866804
322 0.362408 0.362132
323 0.304584 0.304641
324 -0.033273 -0.0329354
325 -0.340539 -0.340232
326 -0.334715 -0.33472
327 -0.0211556 -0.0214689
328 0.311854 0.311521
329 0.358147 0.3581
330 0.0751607 0.0754434
331 -0.276927 -0.276575
332 -0.37441 -0.374312
333 -0.127662 -0.127908
334 0.236458 0.236094
335 0.383179 0.383032
336 0.177607 0.177812
337 -0.191256 -0.190888
338 -0.38428 -0.384086
339 -0.223998 -0.224158
340 0.142226 0.14186
341 0.377688 0.377453
342 0.265906 0.266017
343 -0.0903496 -0.0899936
344 -0.363538 -0.363264
345 -0.302491 -0.302552
346 0.0366646 0.0363257
347 0.342111 0.341805
348 0.333022 0.333031
349 0.0177542 0.0180692
350 -0.313837 -0.313505
351 -0.356888 -0.356844
352 -0.0718177 -0.0721024
353 0.279281 0.27893
354 0.37361 0.373516
355 0.124444 0.124693
356 -0.239136 -0.238772
357 -0.382855 -0.382711
358 -0.174579 -0.174787
359 0.194204 0.193835
360 0.384437 0.384246
361 0.22122 0.221383
362 -0.145385 -0.145019
363 -0.378324 -0.378091
364 -0.263434 -0.263548
365 0.0936566 0.0932997
366 0.364639 0.364368
367 0.300374 0.300438
368 -0.0400534 -0.0397133
369 -0.343656 -0.343353
370 -0.331303 -0.331315
371 -0.0143514 -0.014668
372 0.315795 0.315465
373 0.355601 0.355561
374 0.068469 0.0687558
375 -0.281613 -0.281263
376 -0.372781 -0.37269
377 -0.121216 -0.121467
378 0.241794 0.241432
379 0.3825 0.382359
380 0.171537 0.171748
381 -0.197136 -0.196768
382 -0.384564 -0.384376
383 -0.218425 -0.218591
384 0.148533 0.148166
385 0.37893 0.3787
386 0.260941 0.261058
387 -0.0969562 -0.0965986
388 -0.365712 -0.365443
389 -0.298234 -0.298301
390 0.0434391 0.0430977
391 0.345175 0.344873
392 0.329558 0.329573
393 0.0109475 0.0112658
394 -0.317728 -0.3174
395 -0.354286 -0.354249
396 -0.0651149 -0.0654038
397 0.283923 0.283574
398 0.371923 0.371835
399 0.117979 0.118233
400 -0.244434 -0.244072
401 -0.382116 -0.381978
402 -0.168482 -0.168695
403 0.200053 0.199685
404 0.384661 0.384476
405 0.215613 0.215781
406 -0.151669 -0.151302
407 -0.379506 -0.379278
408 -0.258428 -0.258548
409 0.100248 0.0998898
410 0.366756 0.36649
411 0.29607 0.296141
412 -0.0468213 -0.0464787
413 -0.346666 -0.346366
414 -0.327787 -0.327806
415 -0.00754269 -0.00786263
416 0.319637 0.31931
417 0.352944 0.35291
418 0.0617558 0.0620466
419 -0.28621 -0.285862
420 -0.371036 -0.370951
421 -0.114733 -0.114989
422 0.247055 0.246693
423 0.381701 0.381566
424 0.165413 0.165629
425 -0.202955 -0.202587
426 -0.384727 -0.384545
427 -0.212783 -0.212955
428 0.154793 0.154425
429 0.380053 0.379828
430 0.255894 0.256018
431 -0.103532 -0.103173
432 -0.367772 -0.367508
433 -0.293884 -0.293957
434 0.0501999 0.0498561
435 0.34813 0.347832
436 0.325991 0.326013
437 0.00413732 0.00445887
438 -0.32152 -0.321194
439 -0.351573 -0.351543
440 -0.0583918 -0.0586846
441 0.288475 0.288128
442 0.370119 0.370037
443 0.111477 0.111736
444 -0.249656 -0.249295
445 -0.381257 -0.381125
446 -0.162332 -0.162551
447 0.20584 0.205472
448 0.384764 0.384585
449 0.209937 0.210112
450 -0.157905 -0.157537
451 -0.38057 -0.380347
452 -0.253341 -0.253468
453 0.106809 0.106449
454 0.368759 0.368497
455 0.291674 0.291751
456 -0.0535746 -0.0532296
457 -0.349567 -0.349271
458 -0.324169 -0.324194
459 -0.000731617 -0.00105476
460 0.323378 0.323054
461 0.350176 0.350149
462 0.0550232 0.055318
463 -0.290717 -0.290372
464 -0.369174 -0.369095
465 -0.108213 -0.108474
466 0.252238 0.251877
467 0.380783 0.380654
468 0.159238 0.159459
469 -0.20871 -0.208342
470 -0.38477 -0.384594
471 -0.207075 -0.207252
472 0.161004 0.160636
473 0.381057 0.380837
474 0.250768 0.250898
475 -0.110076 -0.109716
476 -0.369717 -0.369457
477 -0.289441 -0.289521
478 0.0569451 0.0565989
479 0.350976 0.350682
480 0.322322 0.32235
481 -0.00267414 -0.00234944
482 -0.325211 -0.324889
483 -0.348751 -0.348727
484 -0.0516503 -0.0519471
485 0.292937 0.292593
486 0.368199 0.368124
487 0.104941 0.105204
488 -0.2548 -0.25444
489 -0.380279 -0.380153
490 -0.156131 -0.156355
491 0.211563 0.211195
492 0.384747 0.384573
493 0.204197 0.204377
494 -0.164091 -0.163723
495 -0.381514 -0.381297
496 -0.248175 -0.248308
497 0.113335 0.112974
498 0.370645 0.370388
499 0.287186 0.287269
500 -0.0603111 -0.0599638
501 -0.352358 -0.352066
502 -0.320449 -0.320481
503 0.00607969 0.00575345
504 0.327019 0.326698
505 0.347298 0.347278
506 0.0482734 0.0485721
507 -0.295134 -0.29479
508 -0.367196 -0.367124
509 -0.10166 -0.101925
510 0.257342 0.256983
511 0.379745 0.379622
512 0.153012 0.153239
513 -0.214399 -0.214032
514 -0.384693 -0.384523
515 -0.201302 -0.201485
516 0.167165 0.166797
517 0.381941 0.381726
518 0.245562 0.245698
519 -0.116585 -0.116224
520 -0.371545 -0.37129
521 -0.284908 -0.284994
522 0.0636723 0.063324
523 0.353713 0.353423
524 0.318551 0.318586
525 -0.00948476 -0.00915701
526 -0.3288 -0.328481
527 -0.345819 -0.345801
528 -0.0448926 -0.0451933
529 0.297307 0.296965
530 0.366164 0.366095
531 0.0983715 0.098639
532 -0.259864 -0.259505
533 -0.379181 -0.379062
534 -0.149881 -0.15011
535 0.217219 0.216852
536 0.384609 0.384441
537 0.198392 0.198577
538 -0.170226 -0.169858
539 -0.382339 -0.382127
540 -0.242931 -0.24307
541 0.119827 0.119464
542 0.372416 0.372163
543 0.282608 0.282697
544 -0.0670286 -0.0666792
545 -0.355039 -0.354751
546 -0.316629 -0.316667
547 0.0128891 0.0125599
548 0.330557 0.330239
549 0.344312 0.344298
550 0.0415084 0.0418109
551 -0.299458 -0.299117
552 -0.365104 -0.365038
553 -0.0950751 -0.0953448
554 0.262365 0.262008
555 0.378588 0.378472
556 0.146739 0.14697
557 -0.220021 -0.219655
558 -0.384495 -0.38433
559 -0.195466 -0.195654
560 0.173274 0.172905
561 0.382706 0.382497
562 0.24028 0.240422
563 -0.123058 -0.122695
564 -0.373258 -0.373007
565 -0.280286 -0.280378
566 0.0703796 0.0700292
567 0.356338 0.356052
568 0.314681 0.314722
569 -0.0162924 -0.0159617
570 -0.332287 -0.331971
571 -0.342778 -0.342767
572 -0.0381209 -0.0384253
573 0.301584 0.301245
574 0.364014 0.363952
575 0.0917713 0.0920432
576 -0.264846 -0.264489
577 -0.377965 -0.377852
578 -0.143585 -0.143819
579 0.222807 0.22244
580 0.384351 0.384189
581 0.192525 0.192716
582 -0.176308 -0.175939
583 -0.383044 -0.382837
584 -0.237611 -0.237756
585 0.12628 0.125917
586 0.37407 0.373822
587 0.277941 0.278037
588 -0.0737252 -0.0733737
589 -0.357609 -0.357325
590 -0.312709 -0.312753
591 0.0196944 0.0193623
592 0.333991 0.333676
593 0.341218 0.34121
594 0.0347305 0.0350366
595 -0.303688 -0.303349
596 -0.362897 -0.362837
597 -0.0884602 -0.0887343
598 0.267306 0.26695
599 0.377313 0.377202
600 0.140419 0.140656
601 -0.225575 -0.225209
602 -0.384176 -0.384018
603 -0.189568 -0.189762
604 0.179328 0.178959
605 0.383351 0.383147
606 0.234923 0.235071
607 -0.129492 -0.129128
608 -0.374853 -0.374607
609 -0.275575 -0.275674
610 0.0770649 0.0767125
611 0.358852 0.35857
612 0.310712 0.31076
613 -0.0230949 -0.0227614
614 -0.335669 -0.335356
615 -0.33963 -0.339626
616 -0.0313373 -0.0316453
617 0.305767 0.30543
618 0.361751 0.361694
619 0.0851423 0.0854185
620 -0.269745 -0.269391
621 -0.37663 -0.376523
622 -0.137243 -0.137482
623 0.228325 0.227959
624 0.383972 0.383816
625 0.186597 0.186794
626 -0.182334 -0.181966
627 -0.383628 -0.383427
628 -0.232216 -0.232367
629 0.132694 0.13233
630 0.375606 0.375363
631 0.273188 0.27329
632 -0.0803986 -0.0800453
633 -0.360067 -0.359787
634 -0.308691 -0.308742
635 0.0264936 0.0261587
636 0.33732 0.33701
637 0.338016 0.338015
638 0.0279416 0.0282514
639 -0.307822 -0.307487
640 -0.360576 -0.360523
641 -0.0818176 -0.082096
642 0.272163 0.27181
643 0.375919 0.375815
644 0.134056 0.134298
645 -0.231057 -0.230692
646 -0.383737 -0.383585
647 -0.183611 -0.183811
648 0.185326 0.184957
649 0.383876 0.383677
650 0.229492 0.229646
651 -0.135886 -0.135521
652 -0.376331 -0.37609
653 -0.270779 -0.270884
654 0.083726 0.0833718
655 0.361253 0.360976
656 0.306646 0.3067
657 -0.0298902 -0.029554
658 -0.338946 -0.338636
659 -0.336376 -0.336378
660 -0.0245438 -0.0248553
661 0.309854 0.309519
662 0.359373 0.359323
663 0.0784866 0.0787671
664 -0.27456 -0.274207
665 -0.375178 -0.375077
666 -0.130858 -0.131102
667 0.233771 0.233407
668 0.383473 0.383323
669 0.180611 0.180814
670 -0.188304 -0.187935
671 -0.384093 -0.383897
672 -0.226749 -0.226906
673 0.139067 0.138701
674 0.377025 0.376787
675 0.268348 0.268457
676 -0.0870469 -0.0866917
677 -0.362412 -0.362136
678 -0.304577 -0.304634
679 0.0332845 0.0329469
680 0.340544 0.340237
681 0.334709 0.334715
682 0.021144 0.0214573
683 -0.311861 -0.311528
684 -0.358142 -0.358096
685 -0.0751494 -0.075432
686 0.276936 0.276584
687 0.374407 0.374309
688 0.127651 0.127897
689 -0.236467 -0.236103
690 -0.383178 -0.383031
691 -0.177597 -0.177802
692 0.191266 0.190898
693 0.38428 0.384087
694 0.223989 0.224149
695 -0.142237 -0.141871
696 -0.377691 -0.377455
697 -0.265897 -0.266009
698 0.0903609 0.0900049
699 0.363542 0.363268
700 0.302484 0.302545
701 -0.0366762 -0.0363373
702 -0.342116 -0.341811
703 -0.333016 -0.333025
704 -0.0177426 -0.0180576
705 0.313843 0.313512
706 0.356883 0.35684
707 0.0718063 0.072091
708 -0.279289 -0.278938
709 -0.373607 -0.373513
710 -0.124433 -0.124682
711 0.239145 0.238781
712 0.382854 0.38271
713 0.174569 0.174777
714 -0.194214 -0.193845
715 -0.384437 -0.384247
716 -0.221211 -0.221374
717 0.145396 0.14503
718 0.378326 0.378093
719 0.263425 0.26354
720 -0.0936678 -0.093311
721 -0.364643 -0.364372
722 -0.300367 -0.300431
723 0.040065 0.0397248
724 0.343661 0.343358
725 0.331297 0.331309
726 0.0143398 0.0146565
727 -0.315801 -0.315471
728 -0.355596 -0.355556
729 -0.0684576 -0.0687444
730 0.281621 0.281271
731 0.372778 0.372687
732 0.121205 0.121456
733 -0.241803 -0.241441
734 -0.382499 -0.382358
735 -0.171527 -0.171737
736 0.197146 0.196778
737 0.384564 0.384377
738 0.218415 0.218581
739 -0.148543 -0.148177
740 -0.378932 -0.378702
741 -0.260932 -0.26105
742 0.0969674 0.0966098
743 0.365716 0.365447
744 0.298227 0.298294
745 -0.0434506 -0.0431092
746 -0.34518 -0.344878
747 -0.329552 -0.329567
748 -0.0109359 -0.0112542
749 0.317735 0.317406
750 0.354282 0.354245
751 0.0651035 0.0653923
752 -0.28393 -0.283581
753 -0.37192 -0.371832
754 -0.117968 -0.118222
755 0.244443 0.244081
756 0.382114 0.381977
757 0.168471 0.168685
758 -0.200063 -0.199695
759 -0.384661 -0.384476
760 -0.215603 -0.215772
761 0.151679 0.151312
762 0.379508 0.37928
763 0.258419 0.25854
764 -0.100259 -0.099901
765 -0.36676 -0.366493
766 -0.296063 -0.296133
767 0.0468329 0.0464902
768 0.346671 0.346371
769 0.327781 0.3278
770 0.00753109 0.00785104
771 -0.319643 -0.319316
772 -0.352939 -0.352905
773 -0.0617443 -0.0620352
774 0.286218 0.28587
775 0.371033 0.370947
776 0.114722 0.114978
777 -0.247064 -0.246702
778 -0.3817 -0.381565
779 -0.165403 -0.165619
780 0.202965 0.202596
781 0.384728 0.384546
782 0.212774 0.212945
783 -0.154803 -0.154436
784 -0.380055 -0.379829
785 -0.255886 -0.25601
786 0.103544 0.103184
787 0.367775 0.367511
788 0.293876 0.29395
789 -0.0502114 -0.0498676
790 -0.348135 -0.347837
791 -0.325985 -0.326007
792 -0.00412572 -0.00444728
793 0.321526 0.321201
794 0.351569 0.351538
795 0.0583803 0.0586732
796 -0.288483 -0.288136
797 -0.370116 -0.370034
798 -0.111466 -0.111725
799 0.249665 0.249304
800 0.381255 0.381124
801 0.162321 0.16254
802 -0.20585 -0.205482
803 -0.384764 -0.384585
804 -0.209928 -0.210102
805 0.157915 0.157548
806 0.380572 0.380349
807 0.253332 0.253459
808 -0.10682 -0.10646
809 -0.368762 -0.3685
810 -0.291666 -0.291743
811 0.0535861 0.0532411
812 0.349572 0.349276
813 0.324163 0.324188
814 0.000720018 0.00104316
815 -0.323385 -0.323061
816 -0.350171 -0.350144
817 -0.0550117 -0.0553065
818 0.290725 0.290379
819 0.369171 0.369092
820 0.108202 0.108463
821 -0.252247 -0.251886
822 -0.380781 -0.380652
823 -0.159227 -0.159448
824 0.208719 0.208352
825 0.38477 0.384594
826 0.207065 0.207243
827 -0.161015 -0.160647
828 -0.381059 -0.380838
829 -0.250759 -0.250889
830 0.110087 0.109727
831 0.36972 0.36946
832 0.289434 0.289514
833 -0.0569565 -0.0566104
834 -0.350981 -0.350687
835 -0.322315 -0.322344
836 0.00268574 0.00236103
837 0.325217 0.324895
838 0.348746 0.348722
839 0.0516388 0.0519356
840 -0.292945 -0.2926
841 -0.368196 -0.368121
842 -0.10493 -0.105193
843 0.254808 0.254449
844 0.380277 0.380151
845 0.156121 0.156344
846 -0.211572 -0.211205
847 -0.384747 -0.384573
848 -0.204187 -0.204367
849 0.164102 0.163734
850 0.381516 0.381298
851 0.248166 0.248299
852 -0.113346 -0.112985
853 -0.370649 -0.370391
854 -0.287178 -0.287261
855 0.0603225 0.0599753
856 0.352363 0.352071
857 0.320443 0.320474
858 -0.00609128 -0.00576504
859 -0.327025 -0.326704
860 -0.347293 -0.347273
861 -0.0482619 -0.0485606
862 0.295141 0.294798
863 0.367193 0.367121
864 0.101649 0.101914
865 -0.25735 -0.256992
866 -0.379743 -0.37962
867 -0.153002 -0.153228
868 0.214409 0.214041
869 0.384693 0.384522
870 0.201292 0.201475
871 -0.167176 -0.166807
872 -0.381943 -0.381728
873 -0.245554 -0.24569
874 0.116597 0.116235
875 0.371548 0.371293
876 0.2849 0.284987
877 -0.0636838 -0.0633354
878 -0.353717 -0.353427
879 -0.318545 -0.31858
880 0.00949635 0.0091686
881 0.328807 0.328487
882 0.345813 0.345796
883 0.0448811 0.0451817
884 -0.297315 -0.296973
885 -0.366161 -0.366092
886 -0.0983603 -0.0986278
887 0.259872 0.259514
888 0.379179 0.37906
889 0.149871 0.1501
890 -0.217228 -0.216861
891 -0.384609 -0.384441
892 -0.198382 -0.198568
893 0.170237 0.169868
894 0.38234 0.382128
895 0.242922 0.243061
896 -0.119838 -0.119475
897 -0.372419 -0.372166
898 -0.2826 -0.28269
899 0.06704 0.0666906
900 0.355044 0.354756
901 0.316622 0.31666
902 -0.0129007 -0.0125714
903 -0.330562 -0.330245
904 -0.344307 -0.344293
905 -0.0414969 -0.0417994
906 0.299465 0.299124
907 0.3651 0.365034
908 0.0950639 0.0953336
909 -0.262374 -0.262016
910 -0.378586 -0.37847
911 -0.146728 -0.14696
912 0.220031 0.219664
913 0.384495 0.38433
914 0.195456 0.195644
915 -0.173284 -0.172916
916 -0.382707 -0.382498
917 -0.240271 -0.240413
918 0.123069 0.122706
919 0.37326 0.37301
920 0.280278 0.28037
921 -0.070391 -0.0700406
922 -0.356343 -0.356057
923 -0.314674 -0.314716
924 0.016304 0.0159733
925 0.332293 0.331977
926 0.342773 0.342762
927 0.0381094 0.0384137
928 -0.301592 -0.301252
929 -0.364011 -0.363948
930 -0.09176 -0.0920319
931 0.264854 0.264498
932 0.377963 0.37785
933 0.143574 0.143808
934 -0.222816 -0.22245
935 -0.38435 -0.384188
936 -0.192514 -0.192706
937 0.176318 0.17595
938 0.383045 0.382838
939 0.237602 0.237747
940 -0.126291 -0.125928
941 -0.374073 -0.373825
942 -0.277933 -0.278029
943 0.0737365 0.0733851
944 0.357613 0.357329
945 0.312702 0.312747
946 -0.019706 -0.0193739
947 -0.333997 -0.333682
948 -0.341212 -0.341205
949 -0.0347189 -0.0350251
950 0.303695 0.303356
951 0.362893 0.362833
952 0.0884489 0.0887231
953 -0.267315 -0.266959
954 -0.37731 -0.3772
955 -0.140409 -0.140645
956 0.225584 0.225218
957 0.384176 0.384017
958 0.189558 0.189752
959 -0.179338 -0.17897
960 -0.383352 -0.383148
961 -0.234914 -0.235062
962 0.129503 0.129139
963 0.374855 0.37461
964 0.275567 0.275666
965 -0.0770763 -0.0767239
966 -0.358856 -0.358574
967 -0.310705 -0.310753
968 0.0231065 0.022773
969 0.335674 0.335362
970 0.339625 0.339621
971 0.0313257 0.0316337
972 -0.305774 -0.305437
973 -0.361747 -0.36169
974 -0.085131 -0.0854072
975 0.269754 0.269399
976 0.376628 0.376521
977 0.137232 0.137471
978 -0.228334 -0.227969
979 -0.383971 -0.383815
980 -0.186587 -0.186784
981 0.182345 0.181976
982 0.383629 0.383428
983 0.232207 0.232358
984 -0.132705 -0.132341
985 -0.375609 -0.375366
986 -0.27318 -0.273282
987 0.0804099 0.0800566
988 0.360071 0.359791
989 0.308684 0.308735
990 -0.0265052 -0.0261703
991 -0.337326 -0.337015
992 -0.338011 -0.33801
993 -0.0279301 -0.0282398
994 0.307829 0.307494
995 0.360572 0.360519
996 0.0818063 0.0820847
997 -0.272172 -0.271818
998 -0.375916 -0.375812
999 -0.134045 -0.134287
