0 -1 1
1 0.238335 -1.75615
2 0.500869 2.48687
3 0.297152 -1.68051
4 -0.173653 1.79706
5 -0.49089 -2.4531
6 -0.350742 1.60336
7 0.105838 -1.84137
8 0.471126 2.40983
9 0.397272 -1.53355
10 -0.0358647 1.88811
11 -0.441971 -2.35746
12 -0.435811 1.47202
13 -0.0348649 -1.93588
14 0.404008 2.29655
15 0.465589 -1.41952
16 0.104935 1.98324
17 -0.357998 -2.22788
18 -0.486011 1.37667
19 -0.172943 -2.02881
20 0.304861 2.15236
21 0.496667 -1.34384
22 0.237527 2.07121
23 -0.245658 -2.07105
24 -0.497345 1.32127
25 -0.297394 -2.10914
26 0.181576 1.98514
27 0.488032 -1.30894
28 0.351345 2.14142
29 -0.113896 -1.8959
30 -0.468914 1.30668
31 -0.3983 -2.16695
32 0.043973 1.80468
33 0.440376 -1.31409
34 0.437319 2.18479
35 0.0267949 -1.71288
36 -0.402988 1.3306
37 -0.467621 -2.19416
38 -0.0969914 1.62191
39 0.357499 -1.35545
40 0.488598 2.19445
41 0.165212 -1.53318
42 -0.30482 1.38773
43 -0.49983 -2.18524
44 -0.230091 1.44805
45 0.246005 -1.42639
46 0.501092 2.1663
47 0.290331 -1.36781
48 -0.182234 1.47023
49 -0.492358 -2.1376
50 -0.344727 1.29366
51 0.114781 -1.51798
52 0.473803 2.09933
53 0.39219 -1.22668
54 -0.0449981 1.56829
55 -0.445798 -2.05184
56 -0.43177 1.16783
57 -0.0257181 -1.61975
58 0.408903 1.9957
59 0.462676 -1.11789
60 0.0959517 1.67094
61 -0.363855 -1.93164
62 -0.48429 1.07748
63 -0.164297 -1.72047
64 0.311557 1.86057
65 0.496179 -1.04702
66 0.229385 1.76695
67 -0.253054 -1.78352
68 -0.498106 1.02674
69 -0.289913 -1.80909
70 0.189517 1.70167
71 0.490032 -1.01668
72 0.344669 1.84566
73 -0.122218 -1.61629
74 -0.47212 1.01668
75 -0.392557 -1.87557
76 0.0525025 1.52871
77 0.444728 -1.02637
78 0.432618 1.89787
79 0.0182338 -1.44034
80 -0.408406 1.0452
81 -0.464049 -1.91174
82 -0.0885757 1.35259
83 0.363879 -1.07243
84 0.486222 1.91656
85 0.157116 -1.26685
86 -0.312041 1.10718
87 -0.498692 -1.91187
88 -0.222482 1.18451
89 0.253929 -1.14839
90 0.50121 1.89744
91 0.283367 -1.10685
92 -0.190705 1.19491
93 -0.493724 -1.8732
94 -0.338552 1.03511
95 0.123637 -1.24547
96 0.476384 1.83932
97 0.386933 -0.970381
98 -0.0540666 1.29871
99 -0.449536 -1.79612
100 -0.427543 0.913624
101 -0.0166134 -1.35325
102 0.413719 1.74416
103 0.459568 -0.865651
104 0.0869879 1.40766
105 -0.369647 -1.68414
106 -0.482368 0.827098
107 -0.155648 -1.46054
108 0.318204 1.61694
109 0.495487 -0.798419
110 0.221219 1.51051
111 -0.260418 -1.5436
112 -0.498662 0.77987
113 -0.282389 -1.55625
114 0.197446 1.46526
115 0.491831 -0.771512
116 0.337932 1.59654
117 -0.130548 -1.3832
118 -0.475131 0.773204
119 -0.386737 -1.63027
120 0.061062 1.29873
121 0.448895 -0.784608
122 0.427827 1.65645
123 0.00962099 -1.21326
124 -0.41365 0.805195
125 -0.460378 -1.67426
126 -0.0800867 1.12819
127 0.370101 -0.834255
128 0.48374 1.68306
129 0.148925 -1.04494
130 -0.31912 0.870914
131 -0.497443 -1.68237
132 -0.214759 0.964874
133 0.261728 -0.914147
134 0.501215 1.67192
135 0.27627 -0.88931
136 -0.199074 0.962803
137 -0.494978 -1.65163
138 -0.332228 0.819477
139 0.132411 -1.01562
140 0.478858 1.62162
141 0.381513 -0.756491
142 -0.0630754 1.07127
143 -0.453176 -1.58222
144 -0.423139 0.701335
145 -0.00754569 -1.12836
146 0.418447 1.53394
147 0.456274 -0.654839
148 0.0780384 1.18547
149 -0.375365 -1.47747
150 -0.480253 0.617663
151 -0.146992 -1.24119
152 0.324793 1.41368
153 0.494598 -0.590282
154 0.213025 1.29414
155 -0.267742 -1.34358
156 -0.499022 0.572981
157 -0.274816 -1.34299
158 0.205354 1.2683
159 0.493436 -0.565844
160 0.331129 1.3865
161 -0.138877 -1.1891
162 -0.477953 0.568756
163 -0.380835 -1.42356
164 0.0696415 1.1073
165 0.452882 -0.581403
166 0.42294 1.45316
167 0.000966588 -1.02429
168 -0.418726 0.60328
169 -0.456601 -1.47445
170 -0.0715346 0.941484
171 0.376168 -0.6337
172 0.481143 1.48677
173 0.14065 -0.860283
174 -0.326061 0.671808
175 -0.496076 -1.48962
176 -0.206931 0.782072
177 0.269408 -0.716597
178 0.5011 1.48271
179 0.269049 -0.708176
180 -0.207343 0.766932
181 -0.496114 -1.46592
182 -0.325763 0.639834
183 0.141108 -0.821567
184 0.481218 1.43937
185 0.375937 -0.57818
186 -0.0720288 0.879174
187 -0.456709 -1.40335
188 -0.418568 0.524215
189 0.00148909 -0.938369
190 0.423079 1.35834
191 0.452802 -0.478788
192 0.0690994 0.997737
193 -0.381 -1.30503
194 -0.477954 0.442583
195 -0.138324 -1.05586
196 0.331314 1.24425
197 0.493521 -0.416098
198 0.204798 1.11136
199 -0.275015 -1.177
200 -0.499192 0.399642
201 -0.267191 -1.1629
202 0.21323 1.1044
203 0.494854 -0.393325
204 0.324255 1.20923
205 -0.147195 -1.02769
206 -0.480593 0.397057
207 -0.374847 -1.2492
208 0.0782319 0.948195
209 0.456695 -0.41055
210 0.417954 1.28181
211 -0.00772046 -0.867283
212 -0.423639 0.433322
213 -0.452713 -1.30619
214 -0.0629281 0.786369
215 0.382086 -0.464708
216 0.478428 1.32165
217 0.1323 -0.706865
218 -0.332869 0.503874
219 -0.494584 -1.32766
220 -0.199007 0.630158
221 0.276973 -0.549832
222 0.500858 1.32392
223 0.261714 -0.55758
224 -0.215516 0.60146
225 -0.497125 -1.31028
226 -0.319166 0.490385
227 0.14973 -0.657526
228 0.483457 1.28682
229 0.370214 -0.42972
230 -0.0809296 0.716711
231 -0.46013 -1.25383
232 -0.413835 0.376604
233 0.0104938 -0.777637
234 0.427609 1.21176
235 0.449158 -0.331906
236 0.060168 0.838891
237 -0.386545 -1.16127
238 -0.475475 0.296332
239 -0.129641 -0.899058
240 0.33776 1.10317
241 0.49226 -0.270405
242 0.196535 0.956746
243 -0.282231 -1.03845
244 -0.499177 0.254457
245 -0.259511 -1.01062
246 0.221068 0.968214
247 0.496088 -0.248625
248 0.317308 1.0594
249 -0.155495 -0.893686
250 -0.483054 0.252844
251 -0.368769 -1.10196
252 0.0868252 0.816177
253 0.460337 -0.266849
254 0.412863 1.13724
255 -0.0164322 -0.737061
256 -0.428392 0.290183
257 -0.448709 -1.16437
258 -0.0542751 0.657746
259 0.387858 -0.322203
260 0.475589 1.18264
261 0.123882 -0.579645
262 -0.339546 0.362097
263 -0.492964 -1.1915
264 -0.190994 0.50415
265 0.284425 -0.408894
266 0.500486 1.19061
267 0.25427 -0.432603
268 -0.223596 0.461489
269 -0.498005 -1.17981
270 -0.312443 0.366267
271 0.158279 -0.518662
272 0.48557 1.15916
273 0.364349 -0.306305
274 -0.0897799 0.579103
275 -0.463431 -1.1289
276 -0.408948 0.253753
277 0.0194704 -0.641441
278 0.432029 1.08948
279 0.44535 -0.209502
280 0.0512422 0.704266
281 -0.391993 -1.04153
282 -0.472824 0.174277
283 -0.120942 -0.766163
284 0.344125 0.985841
285 0.490821 -0.148626
286 0.188235 0.825733
287 -0.289382 -0.923382
288 -0.498982 0.132906
289 -0.251773 -0.881632
290 0.22886 0.855245
291 0.497143 -0.127277
292 0.310284 0.932584
293 -0.16377 -0.782639
294 -0.485341 0.1317
295 -0.362598 -0.977421
296 0.0954143 0.706868
297 0.463812 -0.145936
298 0.407667 1.01509
299 -0.0251615 -0.629299
300 -0.432988 0.169552
301 -0.444588 -1.0447
302 -0.0455826 0.551337
303 0.393485 -0.201928
304 0.472623 1.0655
305 0.115402 -0.474396
306 -0.346095 0.24227
307 -0.491211 -1.07694
308 -0.1829 0.399873
309 0.291766 -0.289628
310 0.499979 1.07864
311 0.246726 -0.329116
312 -0.231585 0.342913
313 -0.498751 -1.07042
314 -0.305601 0.263402
315 0.166758 -0.400917
316 0.487553 1.05232
317 0.358349 -0.203907
318 -0.098581 0.462342
319 -0.466607 -1.02456
320 -0.403912 0.151685
321 0.02842 -0.525822
322 0.436334 0.987549
323 0.441381 -0.107644
324 0.042321 0.589951
325 -0.397339 -0.941905
326 -0.470003 0.0725338
327 -0.112226 -0.653312
328 0.350402 0.888404
329 0.489208 -0.0469233
330 0.179896 0.714504
331 -0.296462 -0.827986
332 -0.49861 0.0311947
333 -0.243976 -0.772174
334 0.2366 0.76173
335 0.498022 -0.0255337
336 0.303183 0.825038
337 -0.172012 -0.690836
338 -0.487456 0.0299258
339 -0.356333 -0.871911
340 0.103993 0.616594
341 0.467123 -0.044157
342 0.402361 0.911729
343 -0.033902 -0.540366
344 -0.437429 0.0678179
345 -0.440346 -0.943571
346 -0.036857 0.463553
347 0.398971 -0.100312
348 0.469528 0.966677
349 0.106868 -0.387572
350 -0.352517 0.140866
351 -0.489323 -0.980463
352 -0.17473 0.313822
353 0.298997 -0.18855
354 0.499333 0.984534
355 0.239085 -0.243659
356 -0.239483 0.24229
357 -0.499359 -0.97869
358 -0.298645 0.178371
359 0.175166 -0.300892
360 0.4894 0.962931
361 0.352218 -0.119148
362 -0.107334 0.363068
363 -0.469655 -0.937456
364 -0.398732 0.0670595
365 0.0373433 -0.427459
366 0.44052 0.902663
367 0.437256 -0.0230351
368 0.0334038 0.492663
369 -0.402577 -0.859133
370 -0.467019 -0.0121566
371 -0.103492 -0.557263
372 0.356586 0.807628
373 0.487425 0.0379221
374 0.171517 0.619856
375 -0.303466 -0.749067
376 -0.498066 -0.0538555
377 -0.236119 -0.679079
378 0.244282 0.684515
379 0.49873 0.0597462
380 0.296004 0.733639
381 -0.180218 -0.615156
382 -0.489402 -0.0555832
383 -0.349973 -0.782338
384 0.112555 0.542271
385 0.47027 0.0415557
386 0.396946 0.824095
387 -0.0426479 -0.467215
388 -0.441718 -0.018049
389 -0.435983 -0.857971
390 -0.028104 0.391386
391 0.404315 -0.0143633
392 0.466302 0.883185
393 0.0982849 -0.3162
394 -0.358812 0.0549303
395 -0.487296 -0.899131
396 -0.16649 0.24306
397 0.306119 -0.102739
398 0.498546 0.905388
399 0.231355 -0.17333
400 -0.247291 0.156734
401 -0.499825 -0.901733
402 -0.291581 0.108307
403 0.183505 -0.215735
404 0.491109 0.888141
405 0.345963 -0.0491941
406 -0.116038 0.278464
407 -0.472571 -0.864786
408 -0.393412 -0.00292087
409 0.0462403 -0.34357
410 0.444583 0.832042
411 0.43298 0.0470907
412 0.0244905 0.409654
413 -0.407704 -0.790467
414 -0.463873 -0.0825254
415 -0.0947389 -0.475301
416 0.362672 0.740802
417 0.485475 0.108609
418 0.163099 0.539103
419 -0.31039 -0.683948
420 -0.497352 -0.124911
421 -0.228202 -0.599693
422 0.251902 0.620952
423 0.499267 0.131196
424 0.288745 0.655766
425 -0.18838 -0.552984
426 -0.491181 -0.127429
427 -0.343516 -0.706111
428 0.121095 0.481315
429 0.473258 0.113772
430 0.391419 0.749633
431 -0.0513938 -0.407293
432 -0.445854 -0.0905882
433 -0.431495 -0.785372
434 -0.019329 0.332312
435 0.40952 0.0584267
436 0.462942 0.812527
437 0.0896578 -0.257787
438 -0.364982 -0.0180173
439 -0.48513 -0.830471
440 -0.158185 0.185124
441 0.313132 -0.0297468
442 0.497616 0.838758
443 0.223539 -0.115694
444 -0.255008 0.0838261
445 -0.500148 -0.83714
446 -0.284413 0.0508038
447 0.191773 -0.143056
448 0.492677 0.825568
449 0.339587 0.00832954
450 -0.124693 0.206168
451 -0.475351 -0.804192
452 -0.387957 -0.0606035
453 0.0551105 -0.271821
454 0.448518 0.773359
455 0.428556 0.105052
456 0.0155817 0.338619
457 -0.412715 -0.733607
458 -0.46057 -0.140864
459 -0.0859685 -0.405147
460 0.368657 0.685654
461 0.48336 0.1674
462 0.154641 0.469996
463 -0.317227 -0.630382
464 -0.49647 -0.184208
465 -0.220225 -0.531792
466 0.259455 0.56882
467 0.499635 0.191025
468 0.281407 0.589221
469 -0.196495 -0.502126
470 -0.492795 -0.187793
471 -0.336964 -0.641059
472 0.129609 0.431559
473 0.476085 0.174648
474 0.385781 0.686195
475 -0.0601348 -0.358459
476 -0.44984 -0.151929
477 -0.426884 -0.723652
478 -0.0105368 0.284215
479 0.414586 0.120162
480 0.459449 0.752608
481 0.0809917 -0.210242
482 -0.371027 -0.0800542
483 -0.482823 -0.772411
484 -0.14982 0.137948
485 0.320037 0.0324802
486 0.49654 0.782596
487 0.215643 -0.0687108
488 -0.262635 0.0215381
489 -0.500324 -0.782889
490 -0.277144 0.00384643
491 0.199971 -0.0808505
492 0.4941 0.773214
493 0.333093 0.0554155
494 -0.133299 0.144201
495 -0.477992 -0.753697
496 -0.38237 -0.107957
497 0.0639531 -0.210255
498 0.452323 0.724662
499 0.423987 0.152792
500 0.00667818 0.277623
501 -0.417606 -0.686623
502 -0.457113 -0.189092
503 -0.0771813 -0.344891
504 0.374536 0.640276
505 0.481085 0.216193
506 0.146145 0.410648
507 -0.323975 -0.586484
508 -0.495422 -0.233619
509 -0.212189 -0.473512
510 0.266936 0.526259
511 0.499838 0.241085
512 0.273991 0.532162
513 -0.204558 -0.460743
514 -0.494245 -0.238504
515 -0.330315 -0.585362
516 0.138092 0.391185
517 0.478754 0.22599
518 0.380032 0.631984
519 -0.0688665 -0.318916
520 -0.453675 -0.203856
521 -0.422148 -0.671033
522 -0.00173206 0.24532
523 0.419512 0.172605
524 0.45582 0.701669
525 0.0722909 -0.171811
526 -0.376947 -0.132923
527 -0.480374 -0.723217
528 -0.141398 0.0997995
529 0.326832 0.0856628
530 0.495318 0.735188
531 0.20767 -0.0306684
532 -0.270171 -0.0318301
533 -0.500353 -0.737282
534 -0.269781 -0.0342569
535 0.208097 -0.0274399
536 0.495378 0.729401
537 0.326487 0.0937346
538 -0.141854 0.0909038
539 -0.480493 -0.711646
540 -0.376654 -0.146631
541 0.0727671 -0.157235
542 0.455995 0.684314
543 0.419277 0.191943
544 -0.0022189 0.225049
545 -0.422376 -0.647897
546 -0.453504 -0.228821
547 -0.0683783 -0.292934
548 0.380307 0.60307
549 0.47865 0.25658
550 0.137611 0.359476
551 -0.33063 -0.550675
552 -0.494211 -0.274719
553 -0.204095 -0.42329
554 0.274341 0.491706
555 0.499876 0.282928
556 0.266497 0.483045
557 -0.212565 -0.427292
558 -0.495531 -0.281097
559 -0.323571 -0.537492
560 0.146539 0.358668
561 0.481264 0.269314
562 0.374172 0.58549
563 -0.0775844 -0.287157
564 -0.457361 -0.247866
565 -0.417288 -0.626026
566 0.00708106 0.214139
567 0.424299 0.217235
568 0.452057 0.658239
569 0.0635598 -0.141024
570 -0.38274 -0.178083
571 -0.477782 -0.681433
572 -0.132924 0.0692251
573 0.333517 0.131243
574 0.493948 0.695094
575 0.199624 -0.000130961
576 -0.277614 -0.0777038
577 -0.500232 -0.6989
578 -0.262325 -0.0649247
579 0.216151 0.018584
580 0.496508 0.692726
581 0.319771 0.124688
582 -0.150358 0.0448846
583 -0.48285 -0.676649
584 -0.370813 -0.178011
585 0.081551 -0.111384
586 0.459532 0.650942
587 0.414429 0.223872
588 -0.0111081 0.179537
589 -0.42702 -0.616074
590 -0.449746 -0.261402
591 -0.0595609 -0.247932
592 0.385965 0.572695
593 0.476058 0.289894
594 0.129042 0.315156
595 -0.337189 -0.521629
596 -0.492838 -0.308823
597 -0.195943 -0.379816
598 0.281667 0.463853
599 0.49975 0.317856
600 0.258927 0.440575
601 -0.220512 -0.400478
602 -0.496656 -0.316857
603 -0.316732 -0.496172
604 0.154947 0.33273
605 0.483618 0.305889
606 0.368201 0.54545
607 -0.0862846 -0.261919
608 -0.460896 -0.285215
609 -0.412304 -0.587381
610 0.0158985 0.189422
611 0.428946 0.255291
612 0.448158 0.621082
613 0.0548023 -0.116646
614 -0.388407 -0.216759
615 -0.475046 -0.645837
616 -0.124403 0.0450059
617 0.340091 0.170432
618 0.49243 0.661108
619 0.19151 0.0241057
620 -0.284964 -0.117278
621 -0.49996 -0.666549
622 -0.25478 -0.0893466
623 0.224131 0.0584015
624 0.497488 0.66201
625 0.312948 0.149451
626 -0.158808 0.004978
627 -0.485061 -0.647542
628 -0.364849 -0.203257
629 0.0903033 -0.0715525
630 0.46293 0.623396
631 0.409444 0.249726
632 -0.0199879 0.13995
633 -0.431536 -0.590014
634 -0.445841 -0.287967
635 -0.0507308 -0.208763
636 0.391508 0.548027
637 0.473311 0.317254
638 0.120437 0.276576
639 -0.343647 -0.498236
640 -0.491305 -0.337038
641 -0.187736 -0.341993
642 0.288911 0.441601
643 0.499462 0.346962
644 0.251281 0.403668
645 -0.228396 -0.379217
646 -0.497619 -0.346863
647 -0.309799 -0.460329
648 0.163313 0.312297
649 0.485814 0.33678
650 0.36212 0.510805
651 -0.0949634 -0.242143
652 -0.464281 -0.316953
653 -0.407196 -0.554051
654 0.0247165 0.170123
655 0.433454 0.287812
656 0.444125 0.589164
657 0.0460222 -0.0976432
658 -0.393947 -0.249977
659 -0.472167 -0.615407
660 -0.115837 0.0261194
661 0.346553 0.204241
662 0.490762 0.632219
663 0.18333 0.0430519
664 -0.29222 -0.151553
665 -0.499538 -0.63923
666 -0.247151 -0.108521
667 0.232035 0.0930016
668 0.498318 0.636265
669 0.306023 0.16901
670 -0.167203 -0.0297932
671 -0.487126 -0.623349
672 -0.358766 -0.223343
673 0.0990222 -0.036774
674 0.466188 0.600709
675 0.404327 0.270466
676 -0.0288564 0.105335
677 -0.435922 -0.568765
678 -0.441791 -0.309467
679 -0.0418897 -0.174484
680 0.396933 0.528122
681 0.470411 0.339599
682 0.1118 0.242806
683 -0.350003 -0.479564
684 -0.489613 -0.360291
685 -0.179475 -0.3089
686 0.29607 0.424029
687 0.499013 0.371159
688 0.243561 0.371414
689 -0.236213 -0.362598
690 -0.498422 -0.372018
691 -0.302774 -0.429064
692 0.171631 0.29647
693 0.487853 0.362881
694 0.35593 0.480666
695 -0.103617 -0.226938
696 -0.467517 -0.343962
697 -0.401965 -0.525157
698 0.0335313 0.155363
699 0.437821 0.315669
700 0.439957 0.561616
701 0.0372231 -0.0831473
702 -0.399359 -0.278598
703 -0.469145 -0.589285
704 -0.10723 0.0117079
705 0.352902 0.233521
706 0.488946 0.607579
707 0.175088 0.0575549
708 -0.29938 -0.181368
709 -0.498963 -0.616105
710 -0.23944 -0.123284
711 0.239862 0.123213
712 0.498995 0.614662
713 0.298997 0.184191
714 -0.175542 -0.0602479
715 -0.489043 -0.603251
716 -0.352567 -0.239087
717 0.107706 -0.0062397
718 0.469305 0.582074
719 0.399078 0.286899
720 -0.0377116 0.074891
721 -0.440175 -0.551525
722 -0.437599 -0.326699
723 -0.0330397 -0.144305
724 0.402238 0.51219
725 0.46736 0.357717
726 0.103132 0.213064
727 -0.356253 -0.464829
728 -0.487764 -0.379358
729 -0.171162 -0.279767
730 0.303139 0.410363
731 0.498403 0.391217
732 0.235769 0.343051
733 -0.24396 -0.349857
734 -0.499064 -0.393081
735 -0.295659 -0.401625
736 0.1799 0.284494
737 0.489735 0.38494
738 0.349633 0.454289
739 -0.112242 -0.215558
740 -0.470602 -0.366982
741 -0.396612 -0.499965
742 0.0423395 0.144404
743 0.442047 0.339592
744 0.435654 0.537713
745 0.0284086 -0.0724297
746 -0.404643 -0.303342
747 -0.465979 -0.566753
748 -0.0985859 0.00105175
749 0.359137 0.258984
750 0.48698 0.586478
751 0.166788 0.0683258
752 -0.306442 -0.207428
753 -0.498235 -0.596471
754 -0.23165 -0.134339
755 0.247611 0.149731
756 0.49952 0.596506
757 0.291873 0.195689
758 -0.183822 -0.0870722
759 -0.49081 -0.586561
760 -0.346253 -0.251173
761 0.116352 0.0207282
762 0.472278 0.566809
763 0.3937 0.299703
764 -0.0465515 0.0479496
765 -0.444295 -0.537625
766 -0.433266 -0.340331
767 -0.0241828 -0.117564
768 0.407421 0.499568
769 0.464158 0.372266
770 0.0944349 0.186698
771 -0.362395 -0.453378
772 -0.485758 -0.394892
773 -0.162799 -0.253947
774 0.310117 0.399957
775 0.497634 0.407778
776 0.227906 0.317942
777 -0.251634 -0.340353
778 -0.499547 -0.410688
779 -0.288454 -0.37738
780 0.188116 0.275736
781 0.491461 0.403585
782 0.34323 0.43105
783 -0.120835 -0.207379
784 -0.473536 -0.386633
785 -0.391138 -0.477857
786 0.0511376 0.136628
787 0.446131 0.360193
788 0.431219 0.516843
789 0.0195819 -0.0648793
790 -0.409796 -0.324815
791 -0.462671 -0.547207
792 -0.0899078 -0.00645293
793 0.365256 0.281226
794 0.484864 0.56832
795 0.158432 0.0759611
796 -0.313405 -0.230321
797 -0.497354 -0.579739
798 -0.223784 -0.142274
799 0.255279 0.173138
800 0.499892 0.581217
801 0.284656 0.204085
802 -0.192041 -0.110841
803 -0.492426 -0.572703
804 -0.339828 -0.260176
805 0.124959 0.0446977
806 0.475105 0.554348
807 0.388197 0.309445
808 -0.0553738 0.0239494
809 -0.448277 -0.5265
810 -0.428794 -0.350923
811 -0.0153212 -0.0937068
812 0.412479 0.489697
813 0.460808 0.383801
814 0.0857112 0.16316
815 -0.368426 -0.444658
816 -0.483597 -0.407439
817 -0.154387 -0.230899
818 0.317 0.392265
819 0.496705 0.421382
820 0.219975 0.29555
821 -0.259232 -0.333548
822 -0.499871 -0.42537
823 -0.281161 -0.3558
824 0.196276 0.269665
825 0.493029 0.419342
826 0.336721 0.410427
827 -0.129393 -0.201874
828 -0.476319 -0.403435
829 -0.385544 -0.458318
830 0.0599224 0.131517
831 0.450073 0.377985
832 0.426651 0.498497
833 0.0107465 -0.0599833
834 -0.414818 -0.343521
835 -0.45922 -0.530143
836 -0.0811988 -0.0113129
837 0.371258 0.300748
838 0.482599 0.552605
839 0.150025 0.0809615
840 -0.320267 -0.250541
841 -0.496321 -0.565417
842 -0.215846 -0.147585
843 0.262864 0.19392
844 0.50011 0.568304
845 0.277346 0.209868
846 -0.200198 -0.132036
847 -0.49389 -0.561194
848 -0.333294 -0.266579
849 0.133524 0.0661445
850 0.477787 0.544211
851 0.382569 0.316601
852 -0.0641763 0.00242039
853 -0.452122 -0.517679
854 -0.424186 -0.358947
855 -0.00645736 -0.0722698
856 0.41741 0.482113
857 0.457311 0.392786
858 0.0769631 0.14199
859 -0.374344 -0.43821
860 -0.481282 -0.417458
861 -0.14593 -0.210169
862 0.323787 0.386832
863 0.495619 0.432483
864 0.211977 0.275428
865 -0.266751 -0.328992
866 -0.500035 -0.437576
867 -0.273783 -0.336444
868 0.204377 0.265833
869 0.494441 0.432651
870 0.33011 0.391981
871 -0.137913 -0.198604
872 -0.47895 -0.417821
873 -0.379831 -0.440914
874 0.0686907 0.128634
875 0.453872 0.393398
876 0.421951 0.482247
877 0.00190539 -0.057311
878 -0.419708 -0.359886
879 -0.455627 -0.515138
880 -0.0724621 -0.0139535
881 0.377142 0.317969
882 0.480185 0.538916
883 0.141567 0.0837471
884 -0.327026 -0.268502
885 -0.495133 -0.553089
886 -0.207838 -0.150687
887 0.270364 0.212487
888 0.500172 0.55736
889 0.269947 0.213448
890 -0.20829 -0.151061
891 -0.495202 -0.551629
892 -0.326653 -0.270787
893 0.142045 0.0854671
894 0.480321 0.535998
895 0.376819 0.321571
896 -0.0729566 -0.017031
897 -0.455828 -0.510766
898 -0.419442 -0.364796
899 0.0024065 -0.0528635
900 0.422212 0.476423
901 0.453669 0.399611
902 0.0681929 0.122804
903 -0.380147 -0.433645
904 -0.478815 -0.425333
905 -0.137428 -0.191378
906 0.330474 0.383274
907 0.494376 0.441459
908 0.203915 0.2572
909 -0.274188 -0.326306
910 -0.500041 -0.44768
911 -0.26632 -0.318939
912 0.212415 0.263868
913 0.495696 0.443883
914 0.323397 0.375347
915 -0.146392 -0.197197
916 -0.48143 -0.430159
917 -0.374001 -0.425282
918 0.0774394 0.127614
919 0.457526 0.406793
920 0.417121 0.467733
921 -0.00693817 -0.0565011
922 -0.424464 -0.374266
923 -0.451894 -0.501837
924 -0.0637009 -0.0147318
925 0.382905 0.33324
926 0.477622 0.5269
927 0.133064 0.0846708
928 -0.333682 -0.28455
929 -0.493793 -0.542409
930 -0.199763 -0.151928
931 0.277779 0.229181
932 0.50008 0.54804
933 0.262462 0.215169
934 -0.216315 -0.168254
935 -0.49636 -0.54367
936 -0.319908 -0.273139
937 0.15052 0.102999
938 0.482706 0.529374
939 0.37095 0.324691
940 -0.0817123 -0.0347346
941 -0.459392 -0.505428
942 -0.414566 -0.368802
943 0.0112679 -0.0351625
944 0.426883 0.472299
945 0.449883 0.404603
946 0.059403 0.105282
947 -0.385832 -0.430639
948 -0.476195 -0.431387
949 -0.128886 -0.174209
950 0.337059 0.381271
951 0.492976 0.448629
952 0.19579 0.240553
953 -0.281541 -0.325172
954 -0.499888 -0.455995
955 -0.258776 -0.302975
956 0.220389 0.263455
957 0.496794 0.453349
958 0.316584 0.360216
959 -0.154826 -0.197343
960 -0.483757 -0.440753
961 -0.368056 -0.411119
962 0.0861654 0.12815
963 0.461035 0.41847
964 0.412162 0.454655
965 -0.0157811 -0.0572501
966 -0.429086 -0.386957
967 -0.44802 -0.489943
968 -0.0549182 -0.0139478
969 0.388547 0.346855
970 0.474912 0.516265
971 0.124517 0.0840287
972 -0.340231 -0.298976
973 -0.492299 -0.533085
974 -0.191624 -0.1516
975 0.285104 0.244289
976 0.499833 0.540057
977 0.254894 0.215319
978 -0.22427 -0.183897
979 -0.497364 -0.537031
980 -0.313061 -0.273921
981 0.158947 0.11902
982 0.484941 0.524057
983 0.364962 0.326242
984 -0.0904409 -0.050966
985 -0.462813 -0.501387
986 -0.409557 -0.371244
987 0.0201243 -0.0188941
988 0.431423 0.469464
989 0.445955 0.408036
990 0.0505959 0.0891525
991 -0.391398 -0.428918
992 -0.473425 -0.435891
993 -0.120304 -0.158394
994 0.34354 0.380552
995 0.49142 0.454261
996 0.187605 0.225222
997 -0.288807 -0.325323
998 -0.499577 -0.462787
999 -0.251152 -0.288292
