0 0 1 1 0
0.1 0.101467 0.994839 1.04399 -0.106481
0.2 0.211696 0.977336 1.17471 -0.254448
0.3 0.33903 0.940775 1.38329 -0.498499
0.4 0.489848 0.871808 1.63452 -0.918399
0.5 0.66403 0.747706 1.82385 -1.61974
0.6 0.844528 0.535512 1.703 -2.68571
0.7 0.97944 0.201734 0.823461 -3.99799
0.8 0.967976 -0.251041 -1.26882 -4.89239
0.9 0.694256 -0.719728 -4.24219 -4.09205
1 0.151343 -0.988481 -6.2528 -0.957347
1.1 -0.459815 -0.888015 -5.47717 2.83609
1.2 -0.874347 -0.485301 -2.66437 4.80029
1.3 -0.999993 -0.00373728 -0.0170009 4.54896
1.4 -0.919958 0.392017 1.40955 3.30784
1.5 -0.751916 0.659259 1.82763 2.08449
1.6 -0.570922 0.821004 1.74391 1.21271
1.7 -0.40818 0.912901 1.50251 0.671811
1.8 -0.270142 0.962821 1.26619 0.35526
1.9 -0.152691 0.988274 1.09608 0.169347
2 -0.0481069 0.998842 1.01012 0.0486502
2.1 0.052262 0.998633 1.01193 -0.052958
2.2 0.157207 0.987566 1.10146 -0.175337
2.3 0.275363 0.96134 1.27482 -0.365155
2.4 0.414377 0.910105 1.513 -0.68888
2.5 0.578106 0.815962 1.7521 -1.24136
2.6 0.759419 0.650602 1.82345 -2.12843
2.7 0.925679 0.378309 1.37434 -3.36285
2.8 0.999747 -0.0225139 -0.103323 -4.58814
2.9 0.863139 -0.504966 -2.79002 -4.76899
3 0.437126 -0.8994 -5.56366 -2.70405
3.1 -0.176974 -0.984215 -6.2193 1.11831
3.2 -0.711445 -0.702742 -4.12215 4.17321
3.3 -0.972963 -0.230959 -1.15829 4.87953
3.4 -0.975936 0.218057 0.881493 3.94521
3.5 -0.837495 0.546445 1.71924 2.63495
3.6 -0.656542 0.754289 1.81983 1.584
3.7 -0.483151 0.875537 1.62434 0.896367
3.8 -0.333365 0.942798 1.37348 0.485651
3.9 -0.206883 0.978366 1.16769 0.246916
4 -0.0971839 0.995266 1.04046 0.101597
4.1 0.00410995 0.999992 1.00007 -0.00411029
4.2 0.105765 0.994391 1.04768 -0.111433
4.3 0.216539 0.976274 1.18186 -0.262137
4.4 0.344736 0.9387 1.39317 -0.51164
4.5 0.496586 0.867988 1.64462 -0.940907
4.6 0.671533 0.740975 1.82738 -1.65613
4.7 0.851491 0.524369 1.68549 -2.73697
4.8 0.982702 0.185196 0.763277 -4.05017
4.9 0.962532 -0.271169 -1.38111 -4.90233
5 0.676578 -0.736371 -4.36064 -4.00655
5.1 0.125585 -0.992083 -6.28112 -0.795111
5.2 -0.482142 -0.876093 -5.38701 2.96464
5.3 -0.88504 -0.465515 -2.53923 4.8276
5.4 -0.999889 0.014875 0.0670664 4.50818
5.5 -0.914096 0.405499 1.44304 3.25296
5.6 -0.744397 0.667737 1.83099 2.0412
5.7 -0.563772 0.82593 1.73548 1.18462
5.8 -0.402027 0.915628 1.49205 0.655116
5.9 -0.264955 0.964261 1.25769 0.345582
6 -0.148197 0.988958 1.09084 0.163464
6.1 -0.0439589 0.999033 1.00846 0.0443738
6.2 0.0564249 0.998407 1.01389 -0.0572999
6.3 0.161745 0.986833 1.10699 -0.181439
6.4 0.28062 0.959819 1.28356 -0.375272
6.5 0.420617 0.907238 1.52351 -0.706334
6.6 0.585323 0.8108 1.76003 -1.27058
6.7 0.766903 0.641763 1.81842 -2.173
6.8 0.931252 0.364375 1.33736 -3.41796
6.9 0.999141 -0.0414481 -0.191888 -4.62562
7 0.851414 -0.524495 -2.91605 -4.73363
7.1 0.414089 -0.910236 -5.64632 -2.56865
7.2 -0.202457 -0.979291 -6.18069 1.27779
7.3 -0.728137 -0.685431 -4.00072 4.24999
7.4 -0.9775 -0.210937 -1.04958 4.86384
7.5 -0.972198 0.234162 0.937401 3.89192
7.6 -0.830398 0.557171 1.73425 2.5847
7.7 -0.649072 0.760727 1.81534 1.54889
7.8 -0.476496 0.879177 1.61409 0.874802
7.9 -0.32774 0.944768 1.36376 0.473089
8 -0.202098 0.979365 1.16081 0.239539
8.1 -0.0929148 0.995674 1.03707 0.0967776
8.2 0.00822051 0.999966 1.0003 -0.00822323
8.3 0.110079 0.993923 1.05151 -0.116457
8.4 0.221411 0.975181 1.18914 -0.26999
8.5 0.350482 0.93657 1.40314 -0.52508
8.6 0.503366 0.864073 1.65462 -0.9639
8.7 0.679049 0.734093 1.8304 -1.69315
8.8 0.85838 0.513014 1.66668 -2.7887
8.9 0.985711 0.168444 0.70092 -4.10169
9 0.956622 -0.291333 -1.49508 -4.90925
9.1 0.658416 -0.752654 -4.47732 -3.91672
9.2 0.0997216 -0.995015 -6.30421 -0.631815
9.3 -0.50409 -0.863651 -5.29333 3.08958
9.4 -0.89522 -0.445625 -2.41474 4.851
9.5 -0.999445 0.0333165 0.14887 4.46589
9.6 -0.908099 0.418755 1.47483 3.19826
9.7 -0.736867 0.676038 1.83356 1.99854
9.8 -0.556657 0.830742 1.72683 1.1571
9.9 -0.395916 0.918287 1.48161 0.63879
10 -0.259804 0.965661 1.2493 0.336114
10.1 -0.143724 0.989618 1.08574 0.157685
10.2 -0.0398174 0.999207 1.00695 0.040126
10.3 0.0605961 0.998162 1.016 -0.0616788
10.4 0.166306 0.986074 1.11266 -0.187655
10.5 0.285914 0.958255 1.29241 -0.385616
10.6 0.4269 0.904299 1.53402 -0.724178
10.7 0.592573 0.805517 1.76769 -1.30039
10.8 0.774364 0.63274 1.81251 -2.2182
10.9 0.93667 0.350215 1.29857 -3.47311
11 0.998166 -0.0605326 -0.282679 -4.6613
11.1 0.83917 -0.543869 -3.0423 -4.69416
11.2 0.39072 -0.920509 -5.72498 -2.43003
11.3 -0.227771 -0.973715 -6.13705 1.43558
11.4 -0.744328 -0.667814 -3.87807 4.32239
11.5 -0.981593 -0.190984 -0.942755 4.84544
11.6 -0.968234 0.250047 0.99121 3.83817
11.7 -0.823242 0.567691 1.74807 2.53498
11.8 -0.641621 0.767022 1.8104 1.51442
11.9 -0.469884 0.882728 1.60377 0.853698
12 -0.322155 0.946687 1.35413 0.460807
12.1 -0.197341 0.980335 1.15406 0.232312
12.2 -0.0886594 0.996062 1.03383 0.0920207
12.3 0.0123323 0.999924 1.00067 -0.0123415
12.4 0.114409 0.993434 1.05549 -0.121555
12.5 0.226313 0.974055 1.19656 -0.278011
12.6 0.356269 0.934383 1.41317 -0.538826
12.7 0.510186 0.860064 1.66452 -0.987385
12.8 0.686577 0.727057 1.83287 -1.73082
12.9 0.865189 0.501446 1.64652 -2.84088
13 0.98846 0.151482 0.636367 -4.15246
13.1 0.95024 -0.311518 -1.61064 -4.91303
13.2 0.639778 -0.76856 -4.59205 -3.82259
13.3 0.0737739 -0.997275 -6.32201 -0.467674
13.4 -0.525647 -0.850703 -5.19631 3.21078
13.5 -0.90489 -0.425646 -2.29104 4.87056
13.6 -0.998669 0.0515813 0.228407 4.42219
13.7 -0.901975 0.431788 1.50497 3.14378
13.8 -0.729327 0.684165 1.83538 1.95654
13.9 -0.549578 0.835442 1.71797 1.13013
14 -0.389848 0.920879 1.4712 0.622825
14.1 -0.254686 0.967024 1.24103 0.326852
14.2 -0.139272 0.990254 1.08079 0.152006
14.3 -0.0356819 0.999363 1.00559 0.0359041
14.4 0.0647763 0.9979 1.01825 -0.0660974
14.5 0.170891 0.98529 1.11847 -0.19399
14.6 0.291244 0.956649 1.30138 -0.396193
14.7 0.433226 0.901285 1.54454 -0.742421
14.8 0.599853 0.80011 1.77506 -1.33079
14.9 0.7818 0.62353 1.80569 -2.26403
15 0.941924 0.335827 1.25794 -3.52826
15.1 0.996814 -0.07976 -0.375676 -4.69508
15.2 0.826407 -0.563073 -3.16863 -4.65051
15.3 0.367037 -0.930206 -5.79949 -2.28834
15.4 -0.252895 -0.967494 -6.08847 1.59148
15.5 -0.760012 -0.649909 -3.75438 4.39043
15.6 -0.985252 -0.171112 -0.837877 4.82444
15.7 -0.964053 0.26571 1.04295 3.78405
15.8 -0.816031 0.578008 1.76074 2.48581
15.9 -0.634191 0.773176 1.80505 1.48057
16 -0.463314 0.886194 1.59339 0.833046
16.1 -0.31661 0.948556 1.34459 0.448798
16.2 -0.192612 0.981275 1.14746 0.225231
16.3 -0.0844169 0.996431 1.03073 0.0873229
16.4 0.0164459 0.999865 1.00119 -0.0164677
16.5 0.118755 0.992924 1.05961 -0.126731
16.6 0.231246 0.972895 1.20411 -0.286204
16.7 0.362098 0.93214 1.42328 -0.552885
16.8 0.517047 0.855957 1.67429 -1.01137
16.9 0.694114 0.719865 1.83477 -1.76914
17 0.871912 0.489662 1.62497 -2.89349
17.1 0.990939 0.134313 0.569601 -4.20242
17.2 0.943381 -0.331712 -1.72771 -4.91357
17.3 0.620673 -0.784069 -4.70464 -3.72422
17.4 0.0477639 -0.998859 -6.3345 -0.302906
17.5 -0.546798 -0.837265 -5.09612 3.32816
17.6 -0.914053 -0.405595 -2.16824 4.88636
17.7 -0.997571 0.0696638 0.305674 4.37719
17.8 -0.895731 0.444597 1.53351 3.08956
17.9 -0.721781 0.692121 1.83648 1.91518
18 -0.542536 0.840032 1.70892 1.10371
18.1 -0.383823 0.923407 1.46084 0.607213
18.2 -0.249602 0.968348 1.23289 0.317791
18.3 -0.13484 0.990867 1.07598 0.146423
18.4 -0.0315516 0.999502 1.00437 0.0317053
18.5 0.068966 0.997619 1.02065 -0.0705585
18.6 0.1755 0.98448 1.12443 -0.200447
18.7 0.296611 0.954998 1.31045 -0.407009
18.8 0.439595 0.898196 1.55505 -0.761071
18.9 0.607163 0.794578 1.78212 -1.36178
19 0.789205 0.61413 1.79792 -2.31047
19.1 0.947007 0.321213 1.21543 -3.58337
19.2 0.995075 -0.099122 -0.470853 -4.72685
19.3 0.813125 -0.582089 -3.29488 -4.60264
19.4 0.343056 -0.939315 -5.86973 -2.14374
19.5 -0.27781 -0.960636 -6.03503 1.74529
19.6 -0.775187 -0.631732 -3.62983 4.45409
19.7 -0.988483 -0.151332 -0.734999 4.80093
19.8 -0.959664 0.28115 1.09265 3.7296
19.9 -0.80877 0.588125 1.7723 2.4372
20 -0.626785 0.779192 1.79928 1.44735
20.1 -0.456786 0.889576 1.58297 0.812837
20.2 -0.311103 0.950376 1.33514 0.437055
20.3 -0.187909 0.982186 1.14099 0.21829
20.4 -0.0801869 0.99678 1.02779 0.0826811
20.5 0.020562 0.999789 1.00186 -0.0206046
20.6 0.123119 0.992392 1.06388 -0.131988
20.7 0.236211 0.971702 1.21179 -0.294574
20.8 0.367968 0.929838 1.43345 -0.567264
20.9 0.523948 0.85175 1.68394 -1.03586
21 0.701658 0.712514 1.83609 -1.80811
21.1 0.878544 0.477662 1.602 -2.9465
21.2 0.993139 0.116941 0.500605 -4.25147
21.3 0.936037 -0.351901 -1.8462 -4.91079
21.4 0.601111 -0.799166 -4.81491 -3.62164
21.5 0.0217136 -0.999764 -6.34164 -0.137732
21.6 -0.567531 -0.823352 -4.99295 3.44161
21.7 -0.922713 -0.385487 -2.04647 4.89849
21.8 -0.996159 0.0875588 0.380675 4.33096
21.9 -0.889372 0.457183 1.56047 3.03562
22 -0.714233 0.699908 1.83688 1.87448
22.1 -0.535532 0.844515 1.69968 1.07782
22.2 -0.377841 0.925871 1.45052 0.591947
22.3 -0.244552 0.969636 1.22487 0.308924
22.4 -0.130428 0.991458 1.07132 0.140934
22.5 -0.027426 0.999624 1.00331 0.027527
22.6 0.0731659 0.99732 1.02321 -0.075065
22.7 0.180133 0.983642 1.13052 -0.207031
22.8 0.302015 0.953303 1.31963 -0.41807
22.9 0.446008 0.895029 1.56554 -0.780136
23 0.614501 0.788916 1.78885 -1.39337
23.1 0.796577 0.604537 1.78916 -2.35751
23.2 0.951911 0.306373 1.17101 -3.63836
23.3 0.992941 -0.11861 -0.568181 -4.7565
23.4 0.799324 -0.6009 -3.42089 -4.55051
23.5 0.318796 -0.947823 -5.93555 -1.99639
23.6 -0.302495 -0.953151 -5.97686 1.89683
23.7 -0.789848 -0.613303 -3.50459 4.51341
23.8 -0.991296 -0.131653 -0.634167 4.77503
23.9 -0.955074 0.296366 1.14035 3.6749
24 -0.801465 0.598042 1.78277 2.38917
24.1 -0.619402 0.785074 1.79314 1.41474
24.2 -0.450302 0.892876 1.57252 0.793065
24.3 -0.305635 0.952149 1.32579 0.425574
24.4 -0.183233 0.98307 1.13466 0.211487
24.5 -0.0759686 0.99711 1.02499 0.0780925
24.6 0.0246811 0.999695 1.00268 -0.0247547
24.7 0.1275 0.991839 1.0683 -0.137329
24.8 0.241207 0.970474 1.2196 -0.303126
24.9 0.37388 0.927477 1.44368 -0.58197
25 0.530889 0.847442 1.69344 -1.06087
25.1 0.709206 0.705002 1.83678 -1.84773
25.2 0.885078 0.465442 1.57757 -2.99988
25.3 0.995051 0.0993686 0.429364 -4.29954
25.4 0.928204 -0.372072 -1.96601 -4.90458
25.5 0.5811 -0.813832 -4.92267 -3.51493
25.6 -0.00435509 -0.999991 -6.34343 0.0276265
25.7 -0.587835 -0.808981 -4.88696 3.55104
25.8 -0.930876 -0.365336 -1.92584 4.90704
25.9 -0.994445 0.105261 0.453416 4.28359
26 -0.882906 0.469549 1.5859 2.98201
26.1 -0.706684 0.70753 1.83662 1.83442
26.2 -0.528566 0.848893 1.69028 1.05246
26.3 -0.3719 0.928273 1.44026 0.57702
26.4 -0.239534 0.970888 1.21698 0.300248
26.5 -0.126034 0.992026 1.06681 0.135535
26.6 -0.0233045 0.999728 1.00239 0.0233665
26.7 0.0773766 0.997002 1.02591 -0.0796199
26.8 0.184792 0.982778 1.13676 -0.213745
26.9 0.307458 0.951562 1.32891 -0.429381
27 0.452464 0.891783 1.57602 -0.799623
27.1 0.621866 0.783124 1.79524 -1.42557
27.2 0.80391 0.594751 1.77939 -2.40516
27.3 0.95663 0.291307 1.12463 -3.6932
27.4 0.990402 -0.138216 -0.667624 -4.78394
27.5 0.785007 -0.619487 -3.5465 -4.49408
27.6 0.294274 -0.955721 -5.99682 -1.84647
27.7 -0.326931 -0.945048 -5.91406 2.04592
27.8 -0.803993 -0.594639 -3.37883 4.56841
27.9 -0.993699 -0.112086 -0.535427 4.74683
28 -0.950293 0.311356 1.18607 3.62
28.1 -0.794118 0.607764 1.7922 2.34173
28.2 -0.612046 0.790822 1.78664 1.38275
28.3 -0.443861 0.896096 1.56204 0.77372
28.4 -0.300205 0.953875 1.31655 0.414347
28.5 -0.178582 0.983925 1.12847 0.204817
28.6 -0.0717616 0.997422 1.02234 0.0735542
28.7 0.0288039 0.999585 1.00365 -0.0289209
28.8 0.1319 0.991263 1.07287 -0.142758
28.9 0.246236 0.96921 1.22753 -0.311865
29 0.379835 0.925054 1.45396 -0.59701
29.1 0.537868 0.843029 1.70279 -1.08641
29.2 0.716755 0.697325 1.83682 -1.888
29.3 0.891509 0.453003 1.55163 -3.05361
29.4 0.996665 0.0816012 0.355869 -4.34653
29.5 0.919876 -0.39221 -2.08703 -4.89484
29.6 0.560651 -0.828052 -5.02774 -3.40415
29.7 -0.0304201 -0.999537 -6.33985 0.192948
29.8 -0.607697 -0.794169 -4.77834 3.65638
29.9 -0.938545 -0.345157 -1.80646 4.9121
30 -0.992435 0.122767 0.523905 4.23519
30.1 -0.876339 0.481695 1.60984 2.92875
30.2 -0.699137 0.714988 1.83571 1.79502
30.3 -0.521638 0.853167 1.68073 1.02762
30.4 -0.366002 0.930614 1.43005 0.562424
30.5 -0.234549 0.972104 1.20921 0.291757
30.6 -0.121659 0.992572 1.06244 0.130223
30.7 -0.0191865 0.999816 1.00162 0.0192211
30.8 0.0815988 0.996665 1.02875 -0.0842259
30.9 0.189477 0.981885 1.14313 -0.220594
31 0.312939 0.949773 1.33829 -0.440949
31.1 0.458962 0.888456 1.58646 -0.81954
31.2 0.629257 0.777198 1.80125 -1.45838
31.3 0.811201 0.584767 1.76856 -2.45338
31.4 0.961153 0.276016 1.07627 -3.74783
31.5 0.98745 -0.15793 -0.769145 -4.80905
31.6 0.770174 -0.637834 -3.67153 -4.43331
31.7 0.26951 -0.962998 -6.05342 -1.69415
31.8 -0.3511 -0.936338 -5.84675 2.19237
31.9 -0.81762 -0.575758 -3.25272 4.61911
32 -0.9957 -0.0926387 -0.438814 4.71646
32.1 -0.945328 0.326121 1.22985 3.56497
32.2 -0.786735 0.617291 1.80062 2.29489
32.3 -0.604717 0.79644 1.7798 1.35136
32.4 -0.437463 0.899237 1.55154 0.754795
32.5 -0.294813 0.955555 1.30741 0.403368
32.6 -0.173957 0.984753 1.12242 0.198276
32.7 -0.0675651 0.997715 1.01984 0.0690631
32.8 0.032931 0.999458 1.00476 -0.0331057
32.9 0.136319 0.990665 1.07757 -0.148278
33 0.251297 0.96791 1.2356 -0.320796
33.1 0.385832 0.922569 1.4643 -0.61239
33.2 0.544885 0.838511 1.71196 -1.11247
33.3 0.724303 0.689482 1.83619 -1.92893
33.4 0.89783 0.440342 1.52415 -3.10764
33.5 0.997973 0.0636431 0.280111 -4.39236
33.6 0.911048 -0.412301 -2.20916 -4.88149
33.7 0.539777 -0.841808 -5.12994 -3.28938
33.8 -0.0564594 -0.998405 -6.33092 0.358011
33.9 -0.627108 -0.778933 -4.66727 3.75756
34 -0.945726 -0.324965 -1.68843 4.91376
34.1 -0.990141 0.140072 0.592155 4.18583
34.2 -0.869676 0.493623 1.63233 2.87587
34.3 -0.691595 0.722285 1.8342 1.75627
34.4 -0.514751 0.85734 1.67104 1.0033
34.5 -0.360146 0.932896 1.4199 0.548153
34.6 -0.229595 0.973286 1.20157 0.283447
34.7 -0.117301 0.993096 1.05822 0.124993
34.8 -0.0150713 0.999886 1.001 0.0150881
34.9 0.0858329 0.99631 1.03175 -0.088886
35 0.194189 0.980964 1.14965 -0.227581
35.1 0.318458 0.947937 1.34776 -0.45278
35.2 0.465504 0.885046 1.59686 -0.839896
35.3 0.636671 0.771135 1.80688 -1.49181
35.4 0.818446 0.574584 1.75664 -2.50218
35.5 0.965473 0.260502 1.02589 -3.80217
35.6 0.984077 -0.177742 -0.872696 -4.83174
35.7 0.754829 -0.655922 -3.79581 -4.36818
35.8 0.244523 -0.969643 -6.10524 -1.53961
35.9 -0.374984 -0.927031 -5.77507 2.33601
36 -0.830729 -0.556677 -3.12643 4.66556
36.1 -0.997308 -0.0733207 -0.344362 4.68401
36.2 -0.940187 0.340659 1.27173 3.50984
36.3 -0.779319 0.626628 1.80807 2.24865
36.4 -0.597417 0.801931 1.77263 1.32057
36.5 -0.431108 0.9023 1.54102 0.736281
36.6 -0.289459 0.95719 1.29837 0.392633
36.7 -0.169356 0.985555 1.11651 0.19186
36.8 -0.0633786 0.99799 1.01748 0.0646165
36.9 0.0370629 0.999313 1.00603 -0.0373119
37 0.140757 0.990044 1.08243 -0.153892
37.1 0.256392 0.966573 1.24378 -0.329924
37.2 0.391871 0.92002 1.47468 -0.62812
37.3 0.551939 0.833884 1.72095 -1.13908
37.4 0.731847 0.681469 1.83486 -1.9705
37.5 0.904035 0.427459 1.49508 -3.16196
37.6 0.998964 0.0454991 0.202086 -4.43694
37.7 0.901716 -0.43233 -2.33227 -4.86445
37.8 0.518489 -0.855084 -5.22909 -3.17071
37.9 -0.082451 -0.996595 -6.31665 0.522594
38 -0.646057 -0.763289 -4.55395 3.85452
38.1 -0.952425 -0.304772 -1.57186 4.91212
38.2 -0.987571 0.157172 0.65818 4.13559
38.3 -0.862924 0.505334 1.6534 2.8234
38.4 -0.684061 0.729425 1.8321 1.71816
38.5 -0.507903 0.861414 1.66122 0.979483
38.6 -0.354331 0.93512 1.40981 0.534199
38.7 -0.224672 0.974434 1.19407 0.275312
38.8 -0.11296 0.993599 1.05414 0.119843
38.9 -0.0109584 0.99994 1.00053 0.0109648
39 0.0900796 0.995935 1.03489 -0.0936033
39.1 0.198927 0.980014 1.1563 -0.234711
39.2 0.324017 0.946051 1.35734 -0.46488
39.3 0.472088 0.881551 1.60722 -0.860698
39.4 0.644108 0.764934 1.8121 -1.52587
39.5 0.825639 0.564199 1.74359 -2.55153
39.6 0.969583 0.244764 0.973464 -3.85618
39.7 0.980274 -0.197642 -0.97823 -4.85189
39.8 0.738975 -0.673733 -3.91917 -4.29869
39.9 0.219334 -0.97565 -6.15219 -1.38306
40 -0.398564 -0.917141 -5.69915 2.47669
40.1 -0.843318 -0.537414 -3.0001 4.70781
40.2 -0.998533 -0.0541402 -0.2521 4.64959
40.3 -0.934877 0.354971 1.31173 3.45468
40.4 -0.771874 0.635775 1.81459 2.20303
40.5 -0.590147 0.807296 1.76517 1.29037
40.6 -0.424796 0.905289 1.53051 0.718172
40.7 -0.284141 0.958782 1.28944 0.382134
40.8 -0.164779 0.98633 1.11075 0.185565
40.9 -0.0592015 0.998246 1.01528 0.0602115
41 0.0412004 0.999151 1.00744 -0.0415422
41.1 0.145216 0.9894 1.08743 -0.159604
41.2 0.261521 0.965198 1.25209 -0.339254
41.3 0.397953 0.917406 1.48509 -0.644204
41.4 0.55903 0.829147 1.72975 -1.16624
41.5 0.739384 0.673284 1.83279 -2.01272
41.6 0.910117 0.414351 1.46439 -3.21652
41.7 0.999631 0.0271746 0.121792 -4.48018
41.8 0.891876 -0.45228 -2.45625 -4.84361
41.9 0.4968 -0.867865 -5.32501 -3.04824
42 -0.108373 -0.99411 -6.29708 0.686477
42.1 -0.664537 -0.747255 -4.43854 3.94721
42.2 -0.958648 -0.284593 -1.45682 4.90728
42.3 -0.984734 0.174064 0.721996 4.08455
42.4 -0.856087 0.516831 1.67311 2.77137
42.5 -0.676537 0.736409 1.82945 1.68071
42.6 -0.501096 0.865392 1.65129 0.956163
42.7 -0.348557 0.937287 1.3998 0.520556
42.8 -0.21978 0.97555 1.18669 0.267348
42.9 -0.108636 0.994082 1.05021 0.11477
43 -0.00684707 0.999977 1.00021 0.00684865
43.1 0.0943396 0.99554 1.03818 -0.0983806
43.2 0.203693 0.979035 1.16309 -0.241987
43.3 0.329615 0.944115 1.367 -0.477255
43.4 0.478715 0.877971 1.61752 -0.881955
43.5 0.651566 0.758592 1.81689 -1.56055
43.6 0.832776 0.55361 1.72937 -2.60143
43.7 0.973472 0.228806 0.918957 -3.90978
43.8 0.976034 -0.217619 -1.08569 -4.86939
43.9 0.722616 -0.69125 -4.04144 -4.22482
44 0.193961 -0.981009 -6.19415 -1.22468
44.1 -0.421823 -0.906678 -5.61914 2.61425
44.2 -0.855389 -0.517986 -2.87391 4.7459
44.3 -0.999384 -0.0351051 -0.16205 4.6133
44.4 -0.929407 0.369056 1.34991 3.39954
44.5 -0.764405 0.644737 1.8202 2.15804
44.6 -0.582908 0.812538 1.75741 1.26076
44.7 -0.418527 0.908204 1.52 0.70046
44.8 -0.27886 0.960332 1.28063 0.371867
44.9 -0.160226 0.98708 1.10513 0.179388
45 -0.0550332 0.998485 1.01322 0.0558453
45.1 0.045344 0.998971 1.009 -0.0457992
45.2 0.149696 0.988732 1.09257 -0.165418
45.3 0.266684 0.963784 1.26052 -0.348792
45.4 0.404078 0.914725 1.49554 -0.660653
45.5 0.566157 0.824298 1.73833 -1.19394
45.6 0.746911 0.664924 1.82995 -2.05559
45.7 0.916069 0.40102 1.43204 -3.27128
45.8 0.999962 0.00867533 0.0392311 -4.52197
45.9 0.881525 -0.472137 -2.58097 -4.81891
46 0.474724 -0.880135 -5.41753 -2.92209
46.1 -0.134204 -0.990954 -6.27224 0.849443
46.2 -0.682538 -0.73085 -4.32125 4.0356
46.3 -0.964402 -0.26444 -1.34341 4.89934
46.4 -0.98164 0.190745 0.783625 4.0328
46.5 -0.849173 0.528115 1.69148 2.71979
46.6 -0.669024 0.74324 1.82626 1.6439
46.7 -0.49433 0.869274 1.64126 0.933334
46.8 -0.342825 0.939399 1.38986 0.507217
46.9 -0.214917 0.976632 1.17945 0.25955
47 -0.104328 0.994543 1.04643 0.109771
47.1 -0.00273678 0.999996 1.00003 0.00273688
47.2 0.0986134 0.995126 1.04162 -0.103221
47.3 0.208488 0.978025 1.17002 -0.249415
47.4 0.335253 0.942128 1.37675 -0.489912
47.5 0.485383 0.874301 1.62775 -0.903675
47.6 0.659042 0.752106 1.82123 -1.59587
47.7 0.839852 0.542815 1.71395 -2.65185
47.8 0.977133 0.212628 0.862342 -3.9629
47.9 0.971348 -0.237663 -1.19502 -4.88414
48 0.705757 -0.708454 -4.16242 -4.14658
48.1 0.168426 -0.985714 -6.23106 -1.06469
48.2 -0.444746 -0.895657 -5.53519 2.74854
48.3 -0.866941 -0.49841 -2.74799 4.77989
48.4 -0.999868 -0.0162228 -0.0742328 4.57524
48.5 -0.923784 0.382914 1.3863 3.34446
48.6 -0.756914 0.653515 1.82494 2.11368
48.7 -0.575702 0.81766 1.74939 1.23172
48.8 -0.412302 0.911047 1.5095 0.683135
48.9 -0.273615 0.961839 1.27193 0.361825
49 -0.155695 0.987805 1.09965 0.173324
49.1 -0.050873 0.998705 1.01131 0.0515151
49.2 0.0494943 0.998774 1.01071 -0.0500858
49.3 0.154197 0.98804 1.09786 -0.171336
49.4 0.271882 0.962331 1.26906 -0.358542
49.5 0.410246 0.911975 1.50602 -0.677471
49.6 0.573318 0.819333 1.74668 -1.22222
49.7 0.754424 0.656387 1.82632 -2.0991
49.8 0.921886 0.387462 1.39798 -3.3262
49.9 0.99995 -0.00999257 -0.0455907 -4.56223
50 0.87066 -0.491885 -2.7063 -4.79028
50.1 0.452275 -0.891879 -5.50649 -2.79236
50.2 -0.159922 -0.98713 -6.24218 1.01128
50.3 -0.700054 -0.71409 -4.20225 4.11965
50.4 -0.969693 -0.244326 -1.2317 4.88842
50.5 -0.978296 0.207212 0.843087 3.98042
50.6 -0.842186 0.539188 1.70856 2.6687
50.7 -0.661526 0.749922 1.82256 1.60773
50.8 -0.487605 0.873064 1.63113 0.910985
50.9 -0.337133 0.941457 1.38 0.494175
51 -0.210085 0.977683 1.17235 0.251914
51.1 -0.100035 0.994984 1.0428 0.104842
51.2 0.0013731 0.999999 1.00001 -0.00137311
51.3 0.102902 0.994692 1.04521 -0.108128
51.4 0.213311 0.976984 1.17708 -0.256999
51.5 0.340932 0.940088 1.38658 -0.502857
51.6 0.492094 0.870542 1.63791 -0.925865
51.7 0.666535 0.745474 1.82509 -1.63183
51.8 0.846862 0.531812 1.69729 -2.70278
51.9 0.980557 0.196233 0.803594 -4.01549
52 0.966209 -0.257761 -1.30615 -4.89604
52.1 0.688404 -0.725327 -4.28195 -4.06397
52.2 0.142751 -0.989759 -6.26284 -0.903275
52.3 -0.467316 -0.884091 -5.44745 2.87943
52.4 -0.877977 -0.478703 -2.62249 4.80985
52.5 -0.999997 0.00249966 0.0113373 4.53551
52.6 -0.918015 0.396546 1.42093 3.28949
52.7 -0.749405 0.662112 1.82884 2.06996
52.8 -0.568529 0.822663 1.74112 1.20326
52.9 -0.40612 0.91382 1.49901 0.666192
53 -0.268405 0.963306 1.26334 0.352003
53.1 -0.151187 0.988505 1.09431 0.16737
53.2 -0.0467203 0.998908 1.00955 0.0472181
53.3 0.0536519 0.99856 1.01257 -0.0544047
53.4 0.15872 0.987324 1.10329 -0.177363
53.5 0.277116 0.960837 1.27773 -0.36851
53.6 0.416457 0.909155 1.51651 -0.694669
53.7 0.580514 0.81425 1.75478 -1.25106
53.8 0.761921 0.64767 1.82187 -2.14325
53.9 0.927558 0.373679 1.36218 -3.38125
54 0.999585 -0.0288226 -0.132664 -4.60086
54.1 0.859279 -0.511507 -2.83209 -4.75763
54.2 0.429467 -0.903082 -5.59171 -2.65918
54.3 -0.185506 -0.982643 -6.20697 1.17177
54.4 -0.717077 -0.696994 -4.08173 4.19934
54.5 -0.974529 -0.224263 -1.12176 4.8746
54.6 -0.974713 0.223462 0.900407 3.92746
54.7 -0.835131 0.550051 1.72439 2.6181
54.8 -0.654044 0.756456 1.81838 1.5722
54.9 -0.480923 0.876763 1.62092 0.88911
55 -0.331482 0.943462 1.37022 0.481423
55.1 -0.205281 0.978703 1.16537 0.244435
55.2 -0.0957561 0.995405 1.03931 0.0999795
55.3 0.00548318 0.999985 1.00013 -0.00548399
55.4 0.107205 0.994237 1.04894 -0.113103
55.5 0.218163 0.975912 1.18428 -0.264743
55.6 0.346651 0.937994 1.39649 -0.516097
55.7 0.498846 0.86669 1.64797 -0.948535
55.8 0.674043 0.738692 1.82845 -1.66842
55.9 0.853802 0.520599 1.67935 -2.7542
56 0.983736 0.179622 0.742686 -4.06746
56.1 0.960609 -0.277903 -1.419 -4.90498
56.2 0.670563 -0.741852 -4.39983 -3.97702
56.3 0.116955 -0.993137 -6.28942 -0.740662
56.4 -0.489517 -0.871994 -5.35609 3.00679
56.5 -0.888498 -0.45888 -2.49756 4.83585
56.6 -0.999778 0.0210556 0.0946491 4.49421
56.7 -0.912107 0.409953 1.45384 3.23467
56.8 -0.741882 0.67053 1.83193 2.02687
56.9 -0.561391 0.827551 1.73262 1.17537
57 -0.399981 0.916524 1.48856 0.649621
57.1 -0.26323 0.964733 1.25487 0.342395
57.2 -0.1467 0.989181 1.08912 0.161522
57.3 -0.0425745 0.999093 1.00794 0.0429516
57.4 0.0578175 0.998327 1.01458 -0.0587587
57.5 0.163266 0.986582 1.10887 -0.183503
57.6 0.282385 0.959301 1.2865 -0.378702
57.7 0.422711 0.906264 1.52702 -0.712252
57.8 0.587742 0.809049 1.76262 -1.28048
57.9 0.769398 0.638769 1.81655 -2.18803
58 0.93308 0.359669 1.3246 -3.43638
58.1 0.998857 -0.0478079 -0.221975 -4.63775
58.2 0.847381 -0.530986 -2.95821 -4.7209
58.3 0.406318 -0.913732 -5.67305 -2.52269
58.4 -0.210934 -0.9775 -6.16667 1.3307
58.5 -0.733603 -0.679579 -3.95987 4.27467
58.6 -0.978916 -0.204262 -1.01368 4.85799
58.7 -0.970898 0.239494 0.955611 3.87401
58.8 -0.828013 0.560708 1.739 2.56803
58.9 -0.64658 0.762846 1.81374 1.53731
59 -0.474282 0.880373 1.61065 0.867701
59.1 -0.32587 0.945415 1.36053 0.468955
59.2 -0.200506 0.979693 1.15854 0.237108
59.3 -0.0914916 0.995806 1.03597 0.0951816
59.4 0.00959409 0.999954 1.00041 -0.00959842
59.5 0.111524 0.993762 1.05282 -0.118152
59.6 0.223045 0.974808 1.19161 -0.272651
59.7 0.352411 0.935845 1.40648 -0.529639
59.8 0.50564 0.862745 1.65794 -0.971691
59.9 0.681563 0.731759 1.83128 -1.70566
60 0.860664 0.509173 1.66009 -2.80609
60.1 0.986659 0.1628 0.679598 -4.11874
60.2 0.954543 -0.298075 -1.53351 -4.91086
60.3 0.652241 -0.758011 -4.51588 -3.88575
60.4 0.0910608 -0.995845 -6.31074 -0.577059
60.5 -0.511336 -0.859381 -5.26128 3.13049
60.6 -0.898507 -0.438959 -2.37332 4.85796
60.7 -0.999222 0.0394387 0.175696 4.45144
60.8 -0.906067 0.423134 1.48508 3.18004
60.9 -0.734348 0.678773 1.83425 1.98444
61 -0.554288 0.832325 1.72389 1.14803
61.1 -0.393884 0.91916 1.47813 0.633417
61.2 -0.25809 0.966121 1.24652 0.332997
61.3 -0.142235 0.989833 1.08407 0.155776
61.4 -0.0384351 0.999261 1.00648 0.0387127
61.5 0.0619916 0.998077 1.01673 -0.0631505
61.6 0.167835 0.985815 1.11458 -0.189758
61.7 0.28769 0.957723 1.2954 -0.389123
61.8 0.429009 0.9033 1.53753 -0.730228
61.9 0.595002 0.803725 1.77019 -1.31048
62 0.776852 0.629684 1.81034 -2.23345
62.1 0.938443 0.345433 1.28521 -3.49154
62.2 0.997757 -0.066941 -0.313505 -4.6728
62.3 0.834964 -0.550305 -3.08451 -4.68004
62.4 0.382842 -0.923814 -5.75034 -2.38303
62.5 -0.236187 -0.971708 -6.12137 1.48788
62.6 -0.749625 -0.661863 -3.83685 4.34561
62.7 -0.982863 -0.184335 -0.907496 4.83871
62.8 -0.966861 0.255305 1.00873 3.82013
62.9 -0.820838 0.571161 1.75243 2.51849
63 -0.639136 0.769093 1.80866 1.50304
63.1 -0.467684 0.883896 1.60031 0.846748
63.2 -0.320298 0.947317 1.35093 0.456764
63.3 -0.195758 0.980652 1.15184 0.22993
63.4 -0.0872405 0.996187 1.03278 0.0904447
63.5 0.0137064 0.999906 1.00083 -0.013719
63.6 0.115859 0.993266 1.05685 -0.123276
63.7 0.227958 0.973671 1.19907 -0.280729
63.8 0.358212 0.93364 1.41654 -0.543488
63.9 0.512474 0.858703 1.6678 -0.995342
64 0.689095 0.724671 1.83357 -1.74355
64.1 0.867445 0.497533 1.63947 -2.85841
64.2 0.989319 0.145769 0.614308 -4.16925
64.3 0.948002 -0.318264 -1.64959 -4.91357
64.4 0.633447 -0.773786 -4.62991 -3.7902
64.5 0.0650898 -0.997879 -6.32678 -0.412684
64.6 -0.532759 -0.846267 -5.16318 3.25043
64.7 -0.908007 -0.418954 -2.2499 4.87625
64.8 -0.998337 0.0576432 0.254474 4.4073
64.9 -0.899902 0.436092 1.51468 3.12564
65 -0.726806 0.686842 1.83583 1.94265
65.1 -0.547221 0.836988 1.71497 1.12124
65.2 -0.387831 0.921731 1.46774 0.61757
65.3 -0.252984 0.96747 1.2383 0.323803
65.4 -0.137789 0.990462 1.07917 0.15013
65.5 -0.0343014 0.999412 1.00516 0.0344988
65.6 0.066175 0.997808 1.01904 -0.0675829
65.7 0.172428 0.985022 1.12044 -0.196133
65.8 0.293033 0.956102 1.3044 -0.39978
65.9 0.435349 0.900262 1.54805 -0.748607
66 0.602292 0.798276 1.77746 -1.34107
66.1 0.784277 0.62041 1.8032 -2.27948
66.2 0.943641 0.33097 1.24395 -3.54668
66.3 0.996277 -0.0862142 -0.407234 -4.70592
66.4 0.822027 -0.569448 -3.21083 -4.63499
66.5 0.359057 -0.933315 -5.82344 -2.24035
66.6 -0.261243 -0.965273 -6.07115 1.64311
66.7 -0.765139 -0.643865 -3.71285 4.41218
66.8 -0.986378 -0.164493 -0.80328 4.81685
66.9 -0.962609 0.270893 1.05978 3.76589
67 -0.81361 0.58141 1.76472 2.46951
67.1 -0.631714 0.775201 1.80316 1.4694
67.2 -0.461128 0.887334 1.58992 0.826245
67.3 -0.314766 0.949169 1.34142 0.444845
67.4 -0.191038 0.981583 1.14528 0.222896
67.5 -0.0830023 0.996549 1.02973 0.085766
67.6 0.0178208 0.999841 1.0014 -0.0178485
67.7 0.120211 0.992748 1.06102 -0.128478
67.8 0.232901 0.9725 1.20666 -0.28898
67.9 0.364054 0.931378 1.42667 -0.557654
68 0.519349 0.854563 1.67753 -1.0195
68.1 0.696634 0.717427 1.83528 -1.78209
68.2 0.874138 0.485677 1.61746 -2.91116
68.3 0.991705 0.128531 0.546798 -4.21891
68.4 0.940981 -0.338458 -1.76715 -4.91302
68.5 0.614188 -0.78916 -4.74175 -3.69041
68.6 0.0390639 -0.999237 -6.33748 -0.247756
68.7 -0.553772 -0.832668 -5.06198 3.3665
68.8 -0.917002 -0.398883 -2.12743 4.89082
68.9 -0.997133 0.0756636 0.330984 4.36187
69 -0.893619 0.448827 1.54269 3.0715
69.1 -0.719259 0.694742 1.83669 1.90151
69.2 -0.540192 0.841542 1.70585 1.095
69.3 -0.38182 0.924237 1.45739 0.602075
69.4 -0.247911 0.968783 1.2302 0.314807
69.5 -0.133364 0.991067 1.07441 0.144579
69.6 -0.0301728 0.999545 1.004 0.0303072
69.7 0.070368 0.997521 1.02149 -0.0720589
69.8 0.177045 0.984203 1.12645 -0.202633
69.9 0.298412 0.954437 1.3135 -0.410677
70 0.441733 0.897147 1.55855 -0.767394
70.1 0.609611 0.792701 1.78441 -1.37226
70.2 0.791672 0.610946 1.7951 -2.32612
70.3 0.948666 0.31628 1.20081 -3.60176
70.4 0.994407 -0.105619 -0.503133 -4.73699
70.5 0.808572 -0.588398 -3.33702 -4.5857
70.6 0.334981 -0.942225 -5.89222 -2.09481
70.7 -0.286083 -0.958205 -6.01612 1.79618
70.8 -0.780142 -0.625602 -3.58805 4.47439
70.9 -0.989469 -0.144745 -0.701081 4.79254
71 -0.958152 0.286259 1.10881 3.71135
71.1 -0.806334 0.59146 1.77591 2.42109
71.2 -0.624315 0.781172 1.79727 1.43639
71.3 -0.454615 0.890688 1.57948 0.806183
71.4 -0.309272 0.950974 1.33201 0.433191
71.5 -0.186344 0.982485 1.13886 0.216002
71.6 -0.0787763 0.996892 1.02683 0.0811423
71.7 0.0219378 0.999759 1.00212 -0.0219895
71.8 0.12458 0.99221 1.06534 -0.133763
71.9 0.237876 0.971295 1.21439 -0.297411
72 0.369939 0.929056 1.43686 -0.572141
72.1 0.526263 0.850322 1.68713 -1.04416
72.2 0.704179 0.710022 1.83639 -1.82128
72.3 0.880738 0.473603 1.594 -2.9643
72.4 0.99381 0.111092 0.477054 -4.26765
72.5 0.933475 -0.358643 -1.88609 -4.9091
72.6 0.594474 -0.804115 -4.8512 -3.58645
72.7 0.013005 -0.999915 -6.34283 -0.0824955
72.8 -0.574363 -0.818601 -4.95784 3.47862
72.9 -0.925496 -0.378758 -2.00603 4.90174
73 -0.99562 0.0934948 0.405229 4.31525
73.1 -0.887224 0.461339 1.56913 3.01767
73.2 -0.71171 0.702473 1.83687 1.86102
73.3 -0.5332 0.845989 1.69656 1.06929
73.4 -0.375851 0.92668 1.44709 0.586923
73.5 -0.242872 0.970058 1.22222 0.306005
73.6 -0.128958 0.99165 1.0698 0.139121
73.7 -0.0260486 0.999661 1.00298 0.0261352
73.8 0.0745715 0.997216 1.02409 -0.0765813
73.9 0.181687 0.983356 1.13259 -0.20926
74 0.303829 0.952726 1.32271 -0.421821
74.1 0.44816 0.893953 1.56904 -0.786599
74.2 0.616959 0.786996 1.79102 -1.40406
74.3 0.799031 0.601289 1.78601 -2.37337
74.4 0.953509 0.301365 1.15573 -3.65671
74.5 0.992138 -0.125148 -0.601171 -4.76592
74.6 0.794598 -0.607136 -3.46291 -4.53214
74.7 0.310631 -0.950531 -5.95653 -1.94658
74.8 -0.310687 -0.950512 -5.95639 1.94692
74.9 -0.794631 -0.607093 -3.46262 4.53226
75 -0.992144 -0.125103 -0.600944 4.76586
75.1 -0.953498 0.301399 1.15584 3.65658
75.2 -0.799014 0.601312 1.78603 2.37326
75.3 -0.616942 0.787009 1.79101 1.40398
75.4 -0.448145 0.893961 1.56902 0.786554
75.5 -0.303817 0.95273 1.32269 0.421795
75.6 -0.181676 0.983358 1.13257 0.209244
75.7 -0.0745618 0.997216 1.02409 0.0765708
75.8 0.0260581 0.99966 1.00298 -0.0261447
75.9 0.128968 0.991649 1.06981 -0.139133
76 0.242884 0.970055 1.22224 -0.306025
76.1 0.375865 0.926674 1.44711 -0.586957
76.2 0.533216 0.845979 1.69658 -1.06935
76.3 0.711728 0.702455 1.83687 -1.86111
76.4 0.887239 0.461311 1.56907 -3.0178
76.5 0.995624 0.0934541 0.405061 -4.31536
76.6 0.925477 -0.378805 -2.00631 -4.90172
76.7 0.574316 -0.818634 -4.95808 -3.47836
76.8 -0.0130649 -0.999915 -6.34283 0.0828755
76.9 -0.59452 -0.804081 -4.85095 3.58669
77 -0.933493 -0.358597 -1.88581 4.90911
77.1 -0.993806 0.111132 0.477216 4.26753
77.2 -0.880723 0.473631 1.59406 2.96417
77.3 -0.704162 0.710039 1.83639 1.82118
77.4 -0.526247 0.850332 1.68711 1.0441
77.5 -0.369925 0.929062 1.43684 0.572107
77.6 -0.237865 0.971298 1.21437 0.297391
77.7 -0.12457 0.992211 1.06533 0.133751
77.8 -0.0219283 0.99976 1.00212 0.02198
77.9 0.078786 0.996892 1.02684 -0.0811529
78 0.186355 0.982483 1.13887 -0.216018
78.1 0.309285 0.950969 1.33203 -0.433217
78.2 0.45463 0.89068 1.57951 -0.806229
78.3 0.624332 0.781159 1.79729 -1.43646
78.4 0.806351 0.591437 1.77589 -2.4212
78.5 0.958163 0.286224 1.1087 -3.71148
78.6 0.989462 -0.144791 -0.701313 -4.79259
78.7 0.780108 -0.625645 -3.58834 -4.47426
78.8 0.286026 -0.958222 -6.01625 -1.79583
78.9 -0.335037 -0.942205 -5.89206 2.09515
79 -0.808603 -0.588354 -3.33673 4.58582
79.1 -0.994411 -0.105575 -0.50291 4.73692
79.2 -0.948654 0.316314 1.20091 3.60163
79.3 -0.791655 0.610968 1.79512 2.32601
79.4 -0.609594 0.792713 1.78439 1.37219
79.5 -0.441718 0.897154 1.55853 0.767351
79.6 -0.2984 0.954441 1.31348 0.410652
79.7 -0.177034 0.984205 1.12643 0.202618
79.8 -0.0703584 0.997522 1.02149 0.0720486
79.9 0.0301822 0.999544 1.004 -0.0303168
80 0.133374 0.991066 1.07442 -0.144592
80.1 0.247923 0.96878 1.23021 -0.314827
80.2 0.381834 0.924231 1.45741 -0.60211
80.3 0.540208 0.841532 1.70587 -1.09506
80.4 0.719277 0.694724 1.83669 -1.9016
80.5 0.893633 0.448798 1.54262 -3.07163
80.6 0.997137 0.0756224 0.330811 -4.36198
80.7 0.916982 -0.398929 -2.12772 -4.89079
80.8 0.553724 -0.8327 -5.06221 -3.36624
80.9 -0.0391238 -0.999234 -6.33746 0.248135
81 -0.614233 -0.789125 -4.74149 3.69065
81.1 -0.940998 -0.338412 -1.76687 4.91302
81.2 -0.9917 0.128571 0.546956 4.2188
81.3 -0.874123 0.485704 1.61751 2.91104
81.4 -0.696617 0.717444 1.83528 1.782
81.5 -0.519333 0.854572 1.67751 1.01944
81.6 -0.364041 0.931383 1.42665 0.557621
81.7 -0.23289 0.972503 1.20664 0.288961
81.8 -0.120201 0.99275 1.06101 0.128466
81.9 -0.0178113 0.999841 1.0014 0.017839
82 0.083012 0.996549 1.02974 -0.0857767
82.1 0.191048 0.981581 1.14529 -0.222912
82.2 0.314778 0.949165 1.34144 -0.444872
82.3 0.461143 0.887326 1.58994 -0.826292
82.4 0.631731 0.775187 1.80318 -1.46948
82.5 0.813627 0.581387 1.7647 -2.46962
82.6 0.962619 0.270858 1.05967 -3.76602
82.7 0.986371 -0.164538 -0.803518 -4.81691
82.8 0.765104 -0.643907 -3.71314 -4.41203
82.9 0.261186 -0.965289 -6.07127 -1.64275
83 -0.359112 -0.933294 -5.82328 2.24068
83.1 -0.822057 -0.569405 -3.21054 4.6351
83.2 -0.99628 -0.0861698 -0.407016 4.70585
83.3 -0.94363 0.331003 1.24405 3.54656
83.4 -0.78426 0.620432 1.80322 2.27937
83.5 -0.602275 0.798289 1.77744 1.341
83.6 -0.435335 0.900269 1.54802 0.748564
83.7 -0.29302 0.956106 1.30437 0.399755
83.8 -0.172417 0.985024 1.12043 0.196119
83.9 -0.0661653 0.997809 1.01903 0.0675727
84 0.0343109 0.999411 1.00517 -0.0345085
84.1 0.1378 0.99046 1.07918 -0.150143
84.2 0.252996 0.967467 1.23832 -0.323824
84.3 0.387845 0.921725 1.46776 -0.617606
84.4 0.547238 0.836977 1.71499 -1.1213
84.5 0.726824 0.686824 1.83583 -1.94274
84.6 0.899916 0.436063 1.51462 -3.12576
84.7 0.99834 0.0576016 0.254295 -4.4074
84.8 0.907986 -0.419001 -2.25018 -4.87621
84.9 0.53271 -0.846298 -5.16341 -3.25016
85 -0.0651496 -0.997876 -6.32674 0.413062
85.1 -0.63349 -0.77375 -4.62965 3.79042
85.2 -0.948018 -0.318218 -1.64932 4.91357
85.3 -0.989313 0.145808 0.614461 4.16913
85.4 -0.86743 0.49756 1.63952 2.85829
85.5 -0.689077 0.724688 1.83356 1.74346
85.6 -0.512458 0.858712 1.66777 0.995287
85.7 -0.358198 0.933645 1.41652 0.543456
85.8 -0.227947 0.973674 1.19905 0.28071
85.9 -0.115849 0.993267 1.05684 0.123264
86 -0.013697 0.999906 1.00083 0.0137096
86.1 0.0872503 0.996186 1.03278 -0.0904556
86.2 0.195769 0.98065 1.15186 -0.229947
86.3 0.320311 0.947312 1.35095 -0.456792
86.4 0.467699 0.883888 1.60033 -0.846796
86.5 0.639153 0.769079 1.80867 -1.50312
86.6 0.820855 0.571137 1.7524 -2.51861
86.7 0.96687 0.255269 1.00861 -3.82025
86.8 0.982855 -0.184381 -0.907738 -4.83876
86.9 0.749588 -0.661904 -3.83714 -4.34545
87 0.236129 -0.971722 -6.12147 -1.48752
87.1 -0.382896 -0.923791 -5.75017 2.38335
87.2 -0.834993 -0.550261 -3.08422 4.68014
87.3 -0.99776 -0.0668968 -0.313292 4.67273
87.4 -0.938431 0.345466 1.2853 3.49141
87.5 -0.776834 0.629705 1.81035 2.23334
87.6 -0.594985 0.803737 1.77017 1.31041
87.7 -0.428994 0.903307 1.53751 0.730187
87.8 -0.287678 0.957727 1.29537 0.389099
87.9 -0.167824 0.985817 1.11457 0.189744
88 -0.061982 0.998077 1.01673 0.0631403
88.1 0.0384446 0.999261 1.00648 -0.0387224
88.2 0.142245 0.989831 1.08408 -0.155789
88.3 0.258102 0.966118 1.24654 -0.333018
88.4 0.393898 0.919154 1.47815 -0.633454
88.5 0.554304 0.832314 1.72391 -1.14809
88.6 0.734366 0.678754 1.83425 -1.98453
88.7 0.906081 0.423104 1.48501 -3.18016
88.8 0.999224 0.0393966 0.175512 -4.45154
88.9 0.898485 -0.439005 -2.3736 -4.85791
89 0.511287 -0.85941 -5.2615 -3.13021
89.1 -0.0911204 -0.99584 -6.3107 0.577436
89.2 -0.652284 -0.757975 -4.51561 3.88596
89.3 -0.954557 -0.298028 -1.53325 4.91085
89.4 -0.986653 0.162839 0.679746 4.11862
89.5 -0.860649 0.509199 1.66014 2.80597
89.6 -0.681546 0.731775 1.83128 1.70558
89.7 -0.505624 0.862754 1.65792 0.971637
89.8 -0.352397 0.93585 1.40646 0.529607
89.9 -0.223034 0.974811 1.19159 0.272633
90 -0.111514 0.993763 1.05281 0.11814
90.1 -0.00958464 0.999954 1.0004 0.00958896
90.2 0.0915014 0.995805 1.03598 -0.0951925
90.3 0.200516 0.97969 1.15855 -0.237125
90.4 0.325883 0.94541 1.36055 -0.468983
90.5 0.474297 0.880365 1.61067 -0.867749
90.6 0.646597 0.762831 1.81375 -1.53739
90.7 0.82803 0.560684 1.73897 -2.56814
90.8 0.970907 0.239457 0.955486 -3.87413
90.9 0.978907 -0.204308 -1.01392 -4.85803
91 0.733565 -0.679619 -3.96015 -4.2745
91.1 0.210876 -0.977513 -6.16677 -1.33034
91.2 -0.406371 -0.913708 -5.67287 2.523
91.3 -0.847409 -0.530941 -2.95792 4.72099
91.4 -0.998859 -0.047764 -0.221767 4.63767
91.5 -0.933067 0.359702 1.32469 3.43625
91.6 -0.769381 0.63879 1.81656 2.18793
91.7 -0.587725 0.809061 1.76261 1.28041
91.8 -0.422697 0.906271 1.527 0.712211
91.9 -0.282373 0.959305 1.28648 0.378678
92 -0.163256 0.986584 1.10885 0.183488
92.1 -0.0578079 0.998328 1.01457 0.0587486
92.2 0.0425841 0.999093 1.00794 -0.0429613
92.3 0.146711 0.989179 1.08913 -0.161535
92.4 0.263242 0.96473 1.25489 -0.342417
92.5 0.399995 0.916518 1.48858 -0.649659
92.6 0.561407 0.82754 1.73264 -1.17543
92.7 0.7419 0.670511 1.83193 -2.02697
92.8 0.91212 0.409922 1.45377 -3.23479
92.9 0.999779 0.0210131 0.0944602 -4.49431
93 0.888475 -0.458926 -2.49784 -4.83579
93.1 0.489467 -0.872022 -5.35631 -3.0065
93.2 -0.117014 -0.99313 -6.28936 0.741037
93.3 -0.670605 -0.741815 -4.39956 3.97722
93.4 -0.960623 -0.277856 -1.41874 4.90497
93.5 -0.983729 0.179661 0.742829 4.06734
93.6 -0.853786 0.520625 1.6794 2.75408
93.7 -0.674025 0.738708 1.82844 1.66834
93.8 -0.498831 0.866699 1.64795 0.948482
93.9 -0.346638 0.937999 1.39647 0.516066
94 -0.218152 0.975915 1.18426 0.264725
94.1 -0.107195 0.994238 1.04893 0.113092
94.2 -0.00547374 0.999985 1.00013 0.00547454
94.3 0.0957659 0.995404 1.03932 -0.0999906
94.4 0.205292 0.978701 1.16539 -0.244452
94.5 0.331495 0.943457 1.37025 -0.481452
94.6 0.480938 0.876755 1.62095 -0.88916
94.7 0.654061 0.756441 1.81839 -1.57228
94.8 0.835147 0.550027 1.72436 -2.61822
94.9 0.974721 0.223425 0.900278 -3.92758
95 0.974518 -0.224309 -1.12201 -4.87463
95.1 0.717039 -0.697033 -4.08201 -4.19917
95.2 0.185447 -0.982654 -6.20705 -1.1714
95.3 -0.42952 -0.903057 -5.59152 2.65949
95.4 -0.859306 -0.511462 -2.8318 4.75771
95.5 -0.999586 -0.0287791 -0.132461 4.60077
95.6 -0.927545 0.373711 1.36227 3.38113
95.7 -0.761904 0.64769 1.82188 2.14315
95.8 -0.580497 0.814262 1.75476 1.25099
95.9 -0.416443 0.909162 1.51649 0.694629
96 -0.277103 0.96084 1.27771 0.368487
96.1 -0.15871 0.987325 1.10328 0.177349
96.2 -0.0536424 0.99856 1.01257 0.0543947
96.3 0.0467298 0.998908 1.00956 -0.047228
96.4 0.151197 0.988504 1.09432 -0.167383
96.5 0.268417 0.963303 1.26336 -0.352025
96.6 0.406134 0.913814 1.49904 -0.66623
96.7 0.568546 0.822652 1.74114 -1.20333
96.8 0.749423 0.662092 1.82883 -2.07006
96.9 0.918028 0.396515 1.42085 -3.28961
97 0.999997 0.00245681 0.0111431 -4.5356
97.1 0.877952 -0.478748 -2.62278 -4.80979
97.2 0.467264 -0.884118 -5.44766 -2.87914
97.3 -0.14281 -0.98975 -6.26277 0.903648
97.4 -0.688445 -0.725289 -4.28167 4.06417
97.5 -0.966221 -0.257715 -1.30589 4.89602
97.6 -0.98055 0.196271 0.803731 4.01537
97.7 -0.846846 0.531838 1.69733 2.70267
97.8 -0.666518 0.745489 1.82508 1.63174
97.9 -0.492079 0.870551 1.63788 0.925814
98 -0.340919 0.940093 1.38656 0.502827
98.1 -0.2133 0.976987 1.17706 0.256981
98.2 -0.102892 0.994693 1.0452 0.108116
98.3 -0.00136365 0.999999 1.00001 0.00136366
98.4 0.100044 0.994983 1.0428 -0.104853
98.5 0.210096 0.977681 1.17236 -0.251931
98.6 0.337146 0.941452 1.38002 -0.494204
98.7 0.487621 0.873055 1.63115 -0.911036
98.8 0.661543 0.749907 1.82257 -1.60781
98.9 0.842202 0.539162 1.70853 -2.66881
99 0.978304 0.207174 0.842953 -3.98054
99.1 0.969682 -0.244372 -1.23195 -4.88844
99.2 0.700014 -0.714129 -4.20253 -4.11946
99.3 0.159863 -0.987139 -6.24225 -1.01091
99.4 -0.452327 -0.891852 -5.50629 2.79266
99.5 -0.870686 -0.49184 -2.70601 4.79035
99.6 -0.999951 -0.00994946 -0.0453931 4.56214
99.7 -0.921872 0.387494 1.39806 3.32608
99.8 -0.754407 0.656407 1.82633 2.099
99.9 -0.573302 0.819344 1.74666 1.22215
