0 0.785398 0
0.5 0.290177 0.290528
1 0.105697 0.105791
1.5 0.0392208 0.0397395
2 0.0146766 0.0140462
2.5 0.00454672 0.00528228
3 0.00290325 0.00228481
3.5 -0.000265185 0.000111353
4 0.00102477 0.000984545
4.5 -0.000275113 -0.000577997
5 -7.13248e-05 0.000505243
5.5 0.000572851 -0.000143119
6 -0.000878224 -0.000189045
6.5 0.00100276 0.000500521
7 -0.000885842 -0.00068719
7.5 0.000566268 0.00071736
8 -0.000113999 -0.000579733
8.5 -0.000364329 0.000307858
9 0.000758179 3.56893e-05
9.5 -0.000975845 -0.000370888
10 0.000966842 0.000619951
10.5 -0.000733233 -0.00072499
11 0.000329295 0.000661616
11.5 0.000151139 -0.000444546
12 -0.000596463 0.000124208
12.5 0.000903228 0.000224984
13 -0.00100017 -0.000521911
13.5 0.000864775 0.000697598
14 -0.000528489 -0.000711232
14.5 6.94339e-05 0.000559646
15 0.00040575 -0.000278053
15.5 -0.000786678 -6.81322e-05
16 0.00098486 0.00039849
16.5 -0.000954257 -0.000636278
17 0.000701979 0.000726258
17.5 -0.00028663 -0.000647527
18 -0.000195304 0.000418374
18.5 0.000631868 -9.20329e-05
19 -0.000921648 -0.000255688
19.5 0.000997328 0.000544012
20 -0.000841327 -0.000705961
20.5 0.000489885 0.000703915
21 -2.46419e-05 -0.000538348
21.5 -0.000446326 0.000247722
22 0.000813611 0.00010045
22.5 -0.000991894 -0.000425287
23 0.000939758 0.00065133
23.5 -0.000669315 -0.000726067
24 0.000243389 0.000632138
24.5 0.000239076 -0.000391363
25 -0.000666004 5.9673e-05
25.5 0.000938218 0.000285879
26 -0.000992482 -0.000565021
26.5 0.000816192 0.000712907
27 -0.000450299 -0.000695185
27.5 -2.01995e-05 0.000515969
28 0.000486005 -0.000216894
28.5 -0.000838911 -0.000132566
29 0.000996937 0.000451231
29.5 -0.000923373 -0.000665075
30 0.000635308 0.00072442
30.5 -0.00019966 -0.000615482
31 -0.000282369 0.000363566
31.5 0.000698804 -2.71934e-05
32 -0.000952905 -0.000315496
32.5 0.000985645 0.000584896
33 -0.000789418 -0.000718423
33.5 0.000409809 0.00068506
34 6.50004e-05 -0.000492556
34.5 -0.00052471 0.000185631
35 0.000862528 0.000164417
35.5 -0.00099998 -0.00047627
36 0.000905135 0.000677485
36.5 -0.000600026 -0.000721319
37 0.00015553 0.00059759
37.5 0.000325096 -0.00033504
38 -0.000730202 -5.34092e-06
38.5 0.00096568 0.000344481
39 -0.00097683 -0.000603597
39.5 0.000761061 0.000722497
40 -0.000368496 -0.00067356
40.5 -0.000109671 0.000468154
41 0.000562361 -0.000153995
41.5 -0.000884414 -0.000195937
42 0.00100102 0.000500353
42.5 -0.000885081 -0.000688536
43 0.00056354 0.000716771
43.5 -0.000111088 -0.000578499
44 -0.00036717 0.000305841
44.5 0.000760134 3.78645e-05
45 -0.000976518 -0.000372774
45.5 0.000966055 0.000621087
46 -0.000731176 -0.000725121
46.5 0.000326444 0.000660709
47 0.000154122 -0.000442812
47.5 -0.000598884 0.00012205
48 0.000904525 0.000227065
48.5 -0.00100004 -0.000523432
49 0.000863251 0.000698205
49.5 -0.000525923 -0.000710784
50 6.64228e-05 0.000558247
50.5 0.000408508 -0.000276028
51 -0.000788541 -7.03122e-05
51.5 0.000985395 0.000400319
52 -0.000953341 -0.000637331
52.5 0.000699824 0.00072629
53 -0.000283737 -0.000646531
53.5 -0.000198263 0.000416582
54 0.000634206 -8.98601e-05
54.5 -0.000922822 -0.000257736
55 0.000997065 0.00054546
55.5 -0.000839688 -0.000706473
56 0.000487251 0.000703371
56.5 -2.16244e-05 -0.000536875
57 -0.000449025 0.000245662
57.5 0.000815366 0.000102619
58 -0.000992296 -0.000427061
58.5 0.000938714 0.000652296
59 -0.000667067 -0.000726002
59.5 0.00024046 0.000631057
60 0.000242006 -0.000389516
60.5 -0.000668254 5.74899e-05
61 0.000939266 0.000287891
61.5 -0.000992085 -0.000566394
62 0.000814441 0.000713324
62.5 -0.000447601 -0.000694547
63 -2.32173e-05 0.000514426
63.5 0.000488642 -0.000214803
64 -0.000840554 -0.000134719
64.5 0.000997205 0.000452946
65 -0.000922203 -0.000665952
65.5 0.000632972 0.000724257
66 -0.000196701 -0.000614316
66.5 -0.000285264 0.000361668
67 0.000700962 -2.50044e-05
67.5 -0.000953825 -0.000317468
68 0.000985114 0.000586192
68.5 -0.000787559 -0.000718743
69 0.000407053 0.000684328
69.5 6.80124e-05 -0.000490944
70 -0.000527278 0.000183512
70.5 0.000864056 0.00016655
71 -0.00100011 -0.000477922
71.5 0.000903842 0.000678272
72 -0.000597607 -0.000721058
72.5 0.000152547 0.000596342
73 0.00032795 -0.000333095
73.5 -0.000732263 -7.53124e-06
74 0.000966471 0.000346408
74.5 -0.000976166 -0.000604813
75 0.000759096 0.000722719
75.5 -0.000365688 -0.000672737
76 -0.000112671 0.000466477
76.5 0.000564856 -0.000151853
77 -0.000885824 -0.000198046
77.5 0.00100101 0.000501939
78 -0.000883667 -0.00068923
78.5 0.000561042 0.000716413
79 -0.000108087 -0.000577172
79.5 -0.000369977 0.000303853
80 0.000762095 4.00518e-05
80.5 -0.000977177 -0.000374652
81 0.000965259 0.00062222
81.5 -0.000729111 -0.000725246
82 0.000323589 0.000659796
82.5 0.000157104 -0.000441074
83 -0.0006013 0.00011989
83.5 0.000905814 0.000229144
84 -0.000999906 -0.000524948
84.5 0.000861718 0.000698806
85 -0.000523352 -0.00071033
85.5 6.34104e-05 0.000556843
86 0.000411262 -0.000274001
86.5 -0.000790397 -7.2492e-05
87 0.000985922 0.000402145
87.5 -0.000952416 -0.000638379
88 0.000697662 0.000726317
88.5 -0.00028084 -0.00064553
89 -0.000201221 0.000414786
89.5 0.000636538 -8.76861e-05
90 -0.000923987 -0.000259783
90.5 0.000996792 0.000546904
91 -0.000838041 -0.000706979
91.5 0.000484612 0.000702821
92 -1.86064e-05 -0.000535397
92.5 -0.000451721 0.000243599
93 0.000817113 0.000104787
93.5 -0.000992689 -0.000428831
94 0.000937661 0.000653257
94.5 -0.000664813 -0.00072593
95 0.000237529 0.000629969
95.5 0.000244934 -0.000387665
96 -0.000670499 5.53061e-05
96.5 0.000940305 0.000289901
97 -0.000991678 -0.000567763
97.5 0.000812682 0.000713733
98 -0.000444899 -0.000693902
98.5 -2.6235e-05 0.000512877
99 0.000491274 -0.000212709
99.5 -0.00084219 -0.000136871
100 0.000997463 0.000454656
100.5 -0.000921025 -0.000666824
101 0.000630631 0.000724087
101.5 -0.00019374 -0.000613144
102 -0.000288156 0.000359767
102.5 0.000703114 -2.28152e-05
103 -0.000954737 -0.000319437
103.5 0.000984573 0.000587483
104 -0.000785692 -0.000719056
104.5 0.000404293 0.000683591
105 7.10238e-05 -0.000489327
105.5 -0.000529842 0.000181392
106 0.000865576 0.000168681
106.5 -0.00100024 -0.000479569
107 0.00090254 0.000679052
107.5 -0.000595183 -0.000720791
108 0.000149563 0.000595089
108.5 0.0003308 -0.000331147
109 -0.000734318 -9.7215e-06
109.5 0.000967253 0.000348331
110 -0.000975493 -0.000606023
110.5 0.000757125 0.000722935
111 -0.000362876 -0.000671908
111.5 -0.00011567 0.000464796
112 0.000567346 -0.000149711
112.5 -0.000887226 -0.000200152
113 0.001001 0.00050352
113.5 -0.000882245 -0.000689919
114 0.00055854 0.000716048
114.5 -0.000105086 -0.000575839
115 -0.00037278 0.000301862
115.5 0.000764048 4.22387e-05
116 -0.000977827 -0.000376527
116.5 0.000964455 0.000623348
117 -0.000727039 -0.000725364
117.5 0.000320731 0.000658877
118 0.000160084 -0.000439332
118.5 -0.000603711 0.000117729
119 0.000907095 0.000231222
119.5 -0.00099976 -0.00052646
120 0.000860178 0.0006994
120.5 -0.000520777 -0.000709869
121 6.03975e-05 0.000555434
121.5 0.000414012 -0.000271971
122 -0.000792246 -7.46711e-05
122.5 0.00098644 0.000403967
123 -0.000951482 -0.000639421
123.5 0.000695494 0.000726337
124 -0.000277942 -0.000644523
124.5 -0.000204177 0.000412986
125 0.000638865 -8.55113e-05
125.5 -0.000925144 -0.000261828
126 0.000996511 0.000548343
126.5 -0.000836386 -0.000707478
127 0.000481968 0.000702265
127.5 -1.55881e-05 -0.000533914
128 -0.000454413 0.000241535
128.5 0.000818853 0.000106954
129 -0.000993073 -0.000430597
129.5 0.0009366 0.000654212
130 -0.000662554 -0.000725852
130.5 0.000234595 0.000628876
131 0.00024786 -0.000385811
131.5 -0.000672737 5.31218e-05
132 0.000941336 0.000291908
132.5 -0.000991262 -0.000569127
133 0.000810916 0.000714137
133.5 -0.000442193 -0.000693252
134 -2.92525e-05 0.000511323
134.5 0.000493902 -0.000210614
135 -0.000843818 -0.000139022
135.5 0.000997713 0.000456362
136 -0.000919838 -0.000667689
136.5 0.000628284 0.000723911
137 -0.000190778 -0.000611967
137.5 -0.000291046 0.000357862
138 0.000705259 -2.06258e-05
138.5 -0.00095564 -0.000321402
139 0.000984024 0.000588768
139.5 -0.000783818 -0.000719362
140 0.00040153 0.000682847
140.5 7.40345e-05 -0.000487706
141 -0.0005324 0.00017927
141.5 0.000867089 0.000170811
142 -0.00100035 -0.000481212
142.5 0.00090123 0.000679827
143 -0.000592753 -0.000720517
143.5 0.000146578 0.00059383
144 0.000333648 -0.000329196
144.5 -0.000736366 -1.19117e-05
145 0.000968026 0.000350252
145.5 -0.000974811 -0.000607228
146 0.000755147 0.000723144
146.5 -0.000360061 -0.000671073
147 -0.000118668 0.00046311
147.5 0.00056983 -0.000147567
148 -0.00088862 -0.000202257
148.5 0.00100098 0.000505096
149 -0.000880814 -0.000690601
149.5 0.000556032 0.000715678
150 -0.000102083 -0.000574502
150.5 -0.00037558 0.000299868
151 0.000765995 4.44252e-05
151.5 -0.000978469 -0.000378398
152 0.000963643 0.000624469
152.5 -0.000724961 -0.000725475
153 0.00031787 0.000657952
153.5 0.000163063 -0.000437585
154 -0.000606116 0.000115567
154.5 0.000908368 0.000233297
155 -0.000999604 -0.000527966
155.5 0.000858631 0.000699988
156 -0.000518196 -0.000709402
156.5 5.73841e-05 0.00055402
157 0.000416758 -0.000269939
157.5 -0.000794087 -7.68496e-05
158 0.000986949 0.000405786
158.5 -0.00095054 -0.000640457
159 0.00069332 0.00072635
159.5 -0.000275041 -0.00064351
160 -0.000207131 0.000411182
160.5 0.000641186 -8.33357e-05
161 -0.000926293 -0.00026387
161.5 0.00099622 0.000549777
162 -0.000834724 -0.000707971
162.5 0.00047932 0.000701702
163 -1.25698e-05 -0.000532427
163.5 -0.000457101 0.000239468
164 0.000820586 0.00010912
164.5 -0.000993448 -0.000432359
165 0.00093553 0.00065516
165.5 -0.000660288 -0.000725767
166 0.000231659 0.000627777
166.5 0.000250784 -0.000383954
167 -0.000674969 5.0937e-05
167.5 0.000942359 0.000293912
168 -0.000990837 -0.000570485
168.5 0.000809142 0.000714534
169 -0.000439482 -0.000692595
169.5 -3.22698e-05 0.000509765
170 0.000496526 -0.000208517
170.5 -0.000845438 -0.000141171
171 0.000997953 0.000458064
171.5 -0.000918643 -0.000668549
172 0.000625931 0.000723728
172.5 -0.000187814 -0.000610784
173 -0.000293933 0.000355955
173.5 0.000707398 -1.84362e-05
174 -0.000956534 -0.000323365
174.5 0.000983466 0.000590048
175 -0.000781937 -0.000719662
175.5 0.000398763 0.000682098
176 7.70446e-05 -0.000486081
176.5 -0.000534954 0.000177147
177 0.000868593 0.000172939
177.5 -0.00100046 -0.000482851
178 0.000899913 0.000680595
178.5 -0.000590317 -0.000720237
179 0.000143591 0.000592566
179.5 0.000336492 -0.000327242
180 -0.000738408 -1.41017e-05
180.5 0.00096879 0.000352169
181 -0.000974121 -0.000608427
181.5 0.000753162 0.000723347
182 -0.000357243 -0.000670232
182.5 -0.000121665 0.000461421
183 0.000572309 -0.000145421
183.5 -0.000890005 -0.00020436
184 0.00100095 0.000506668
184.5 -0.000879376 -0.000691276
185 0.00055352 0.0007153
185.5 -9.90799e-05 -0.000573159
186 -0.000378376 0.000297872
186.5 0.000767935 4.66113e-05
187 -0.000979102 -0.000380266
187.5 0.000962821 0.000625585
188 -0.000722876 -0.000725579
188.5 0.000315006 0.000657021
189 0.000166041 -0.000435835
189.5 -0.000608516 0.000113404
190 0.000909632 0.000235371
190.5 -0.000999439 -0.000529468
191 0.000857075 0.00070057
191.5 -0.000515611 -0.000708928
192 5.43701e-05 0.000552601
192.5 0.000419501 -0.000267904
193 -0.000795922 -7.90274e-05
193.5 0.000987448 0.000407601
194 -0.000949589 -0.000641488
194.5 0.000691139 0.000726356
195 -0.000272137 -0.000642491
195.5 -0.000210084 0.000409374
196 0.000643501 -8.11594e-05
196.5 -0.000927433 -0.000265909
197 0.00099592 0.000551206
197.5 -0.000833054 -0.000708458
198 0.000476668 0.000701133
198.5 -9.55126e-06 -0.000530935
199 -0.000459784 0.000237399
199.5 0.000822311 0.000111285
200 -0.000993814 -0.000434117
200.5 0.000934452 0.000656103
201 -0.000658016 -0.000725675
201.5 0.000228722 0.000626672
202 0.000253705 -0.000382092
202.5 -0.000677196 4.87518e-05
203 0.000943373 0.000295914
203.5 -0.000990403 -0.000571838
204 0.000807361 0.000714924
204.5 -0.000436768 -0.000691932
205 -3.52868e-05 0.000508203
205.5 0.000499144 -0.000206417
206 -0.00084705 -0.000143319
206.5 0.000998185 0.000459762
207 -0.00091744 -0.000669402
207.5 0.000623572 0.000723539
208 -0.000184848 -0.000609596
208.5 -0.000296817 0.000354044
209 0.000709531 -1.62464e-05
209.5 -0.00095742 -0.000325325
210 0.000982898 0.000591323
210.5 -0.000780048 -0.000719956
211 0.000395992 0.000681342
211.5 8.0054e-05 -0.000484451
212 -0.000537503 0.000175022
212.5 0.00087009 0.000175066
213 -0.00100055 -0.000484485
213.5 0.000898586 0.000681357
214 -0.000587877 -0.00071995
214.5 0.000140603 0.000591297
215 0.000339334 -0.000325285
215.5 -0.000740442 -1.62917e-05
216 0.000969545 0.000354083
216.5 -0.000973421 -0.000609621
217 0.00075117 0.000723543
217.5 -0.000354421 -0.000669384
218 -0.000124661 0.000459727
218.5 0.000574783 -0.000143275
219 -0.000891383 -0.000206461
219.5 0.00100091 0.000508235
220 -0.00087793 -0.000691946
220.5 0.000551002 0.000714916
221 -9.60756e-05 -0.000571811
221.5 -0.000381169 0.000295873
222 0.000769868 4.8797e-05
222.5 -0.000979725 -0.000382131
223 0.000961991 0.000626695
223.5 -0.000720785 -0.000725677
224 0.000312139 0.000656084
224.5 0.000169017 -0.000434081
225 -0.00061091 0.00011124
225.5 0.000910888 0.000237442
226 -0.000999265 -0.000530965
226.5 0.000855511 0.000701145
227 -0.000513021 -0.000708448
227.5 5.13557e-05 0.000551177
228 0.00042224 -0.000265867
228.5 -0.000797749 -8.12044e-05
229 0.000987939 0.000409412
229.5 -0.00094863 -0.000642512
230 0.000688953 0.000726356
230.5 -0.000269231 -0.000641466
231 -0.000213034 0.000407563
231.5 0.000645811 -7.89823e-05
232 -0.000928565 -0.000267946
232.5 0.000995611 0.00055263
233 -0.000831376 -0.000708938
233.5 0.000474011 0.000700558
234 -6.53268e-06 -0.000529437
234.5 -0.000462463 0.000235328
235 0.000824029 0.000113449
235.5 -0.000994171 -0.000435871
236 0.000933366 0.00065704
236.5 -0.000655738 -0.000725577
237 0.000225782 0.000625562
237.5 0.000256624 -0.000380228
238 -0.000679416 4.65661e-05
238.5 0.000944378 0.000297913
239 -0.00098996 -0.000573186
239.5 0.000805573 0.000715308
240 -0.00043405 -0.000691262
240.5 -3.83034e-05 0.000506635
241 0.000501759 -0.000204316
241.5 -0.000848655 -0.000145466
242 0.000998407 0.000461456
242.5 -0.000916228 -0.000670249
243 0.000621208 0.000723342
243.5 -0.00018188 -0.000608402
244 -0.000299699 0.000352129
244.5 0.000711657 -1.40564e-05
245 -0.000958296 -0.000327282
245.5 0.000982322 0.000592592
246 -0.000778153 -0.000720243
246.5 0.000393218 0.000680579
247 8.30626e-05 -0.000482817
247.5 -0.000540047 0.000172895
248 0.000871578 0.000177191
248.5 -0.00100064 -0.000486114
249 0.000897252 0.000682113
249.5 -0.000585431 -0.000719656
250 0.000137613 0.000590022
250.5 0.000342172 -0.000323325
251 -0.00074247 -1.84814e-05
251.5 0.000970292 0.000355994
252 -0.000972713 -0.000610809
252.5 0.000749171 0.000723732
253 -0.000351596 -0.000668531
253.5 -0.000127655 0.000458029
254 0.000577252 -0.000141127
254.5 -0.000892753 -0.00020856
255 0.00100087 0.000509798
255.5 -0.000876476 -0.000692609
256 0.000548479 0.000714526
256.5 -9.30705e-05 -0.000570457
257 -0.000383959 0.000293871
257.5 0.000771794 5.09819e-05
258 -0.00098034 -0.000383992
258.5 0.000961152 0.0006278
259 -0.000718687 -0.000725769
259.5 0.00030927 0.000655141
260 0.00017199 -0.000432323
260.5 -0.000613298 0.000109076
261 0.000912135 0.00023951
261.5 -0.000999082 -0.000532457
262 0.000853941 0.000701714
262.5 -0.000510429 -0.000707961
263 4.83427e-05 0.000549749
263.5 0.000424973 -0.000263829
264 -0.000799567 -8.33791e-05
264.5 0.000988421 0.000411218
265 -0.000947663 -0.00064353
265.5 0.000686762 0.00072635
266 -0.000266325 -0.000640437
266.5 -0.00021598 0.00040575
267 0.000648112 -7.68068e-05
267.5 -0.000929687 -0.000269979
268 0.000995294 0.000554048
268.5 -0.000829693 -0.000709411
269 0.000471354 0.000699977
269.5 -3.51788e-06 -0.000527937
270 -0.000465135 0.000233257
270.5 0.000825736 0.000115609
271 -0.000994518 -0.000437619
271.5 0.000932272 0.000657969
272 -0.000653458 -0.000725473
272.5 0.000222845 0.000624448
273 0.000259536 -0.000378363
273.5 -0.000681626 4.43836e-05
274 0.000945373 0.000299906
274.5 -0.000989509 -0.000574527
275 0.000803781 0.000715685
275.5 -0.000431333 -0.000690588
276 -4.1314e-05 0.000505066
276.5 0.000504364 -0.000202217
277 -0.000850249 -0.000147607
277.5 0.00099862 0.000463142
278 -0.000915011 -0.000671088
278.5 0.000618843 0.00072314
279 -0.000178917 -0.000607206
279.5 -0.000302571 0.000350216
280 0.000713772 -1.18713e-05
280.5 -0.000959163 -0.000329231
281 0.000981738 0.000593853
281.5 -0.000776255 -0.000720522
282 0.000390447 0.000679813
282.5 8.6063e-05 -0.000481182
283 -0.00054258 0.000170772
283.5 0.000873055 0.000179309
284 -0.00100072 -0.000487736
284.5 0.000895913 0.000682861
285 -0.000582986 -0.000719357
285.5 0.000134631 0.000588745
286 0.000344999 -0.000321367
286.5 -0.000744486 -2.06648e-05
287 0.000971027 0.000357896
287.5 -0.000971998 -0.000611988
288 0.000747172 0.000723914
288.5 -0.000348777 -0.000667674
289 -0.000130639 0.000456332
289.5 0.000579708 -0.000138984
290 -0.00089411 -0.00021065
290.5 0.00100081 0.000511351
291 -0.000875018 -0.000693263
291.5 0.00054596 0.00071413
292 -9.00746e-05 -0.000569103
292.5 -0.000386735 0.000291873
293 0.000773706 5.31594e-05
293.5 -0.000980944 -0.000385843
294 0.000960307 0.000628895
294.5 -0.00071659 -0.000725853
295 0.000306408 0.000654195
295.5 0.000174953 -0.000430567
296 -0.000615673 0.000106917
296.5 0.00091337 0.00024157
297 -0.000998891 -0.000533939
297.5 0.000852367 0.000702274
298 -0.000507838 -0.00070747
298.5 4.53374e-05 0.000548319
299 0.000427695 -0.000261794
299.5 -0.000801374 -8.55474e-05
300 0.000988892 0.000413016
300.5 -0.000946689 -0.00064454
301 0.00068457 0.000726336
301.5 -0.000263423 -0.000639404
302 -0.000218917 0.000403937
302.5 0.000650402 -7.46356e-05
303 -0.000930798 -0.000272004
303.5 0.000994968 0.000555457
304 -0.000828006 -0.000709876
304.5 0.000468697 0.000699391
305 -5.09311e-07 -0.000526435
305.5 -0.000467797 0.000231189
306 0.000827433 0.000117764
306.5 -0.000994856 -0.000439359
307 0.000931172 0.000658891
307.5 -0.000651176 -0.000725362
308 0.00021991 0.00062333
308.5 0.00026244 -0.000376498
309 -0.000683826 4.22044e-05
309.5 0.000946358 0.000301893
310 -0.00098905 -0.00057586
310.5 0.000801984 0.000716054
311 -0.000428616 -0.000689908
311.5 -4.43198e-05 0.000503495
312 0.00050696 -0.00020012
312.5 -0.000851833 -0.000149744
313 0.000998824 0.000464821
313.5 -0.000913786 -0.000671921
314 0.000616475 0.000722932
314.5 -0.000175956 -0.000606005
315 -0.000305438 0.000348302
315.5 0.000715878 -9.68848e-06
316 -0.000960019 -0.000331176
316.5 0.000981146 0.000595108
317 -0.000774352 -0.000720795
317.5 0.000387675 0.000679041
318 8.906e-05 -0.000479545
318.5 -0.000545106 0.000168649
319 0.000874523 0.000181423
319.5 -0.00100079 -0.000489351
320 0.000894567 0.000683602
320.5 -0.000580538 -0.000719051
321 0.000131649 0.000587464
321.5 0.000347822 -0.000319408
322 -0.000746494 -2.28469e-05
322.5 0.000971754 0.000359794
323 -0.000971274 -0.000613161
323.5 0.000745166 0.00072409
324 -0.000345955 -0.000666811
324.5 -0.000133622 0.000454632
325 0.000582158 -0.000136841
325.5 -0.000895458 -0.000212739
326 0.00100074 0.000512899
326.5 -0.000873553 -0.000693911
327 0.000543436 0.000713728
327.5 -8.70778e-05 -0.000567744
328 -0.000389509 0.000289873
328.5 0.000775612 5.53364e-05
329 -0.000981539 -0.000387691
329.5 0.000959453 0.000629984
330 -0.000714486 -0.000725931
330.5 0.000303542 0.000653244
331 0.000177915 -0.000428807
331.5 -0.000618042 0.000104757
332 0.000914597 0.000243627
332.5 -0.00099869 -0.000535417
333 0.000850786 0.000702829
333.5 -0.000505243 -0.000706972
334 4.23317e-05 0.000546885
334.5 0.000430413 -0.000259756
335 -0.000803173 -8.77149e-05
335.5 0.000989354 0.000414809
336 -0.000945707 -0.000645543
336.5 0.000682371 0.000726317
337 -0.00026052 -0.000638365
337.5 -0.000221851 0.000402121
338 0.000652686 -7.24638e-05
338.5 -0.000931901 -0.000274027
339 0.000994634 0.000556861
339.5 -0.000826312 -0.000710336
340 0.000466037 0.000698798
340.5 2.49927e-06 -0.000524929
341 -0.000470455 0.000229118
341.5 0.000829123 0.000119917
342 -0.000995185 -0.000441096
342.5 0.000930064 0.000659807
343 -0.000648888 -0.000725244
343.5 0.000216974 0.000622206
344 0.000265343 -0.000374629
344.5 -0.00068602 4.00248e-05
345 0.000947334 0.000303877
345.5 -0.000988581 -0.000577188
346 0.00080018 0.000716417
346.5 -0.000425895 -0.000689222
347 -4.73253e-05 0.000501919
347.5 0.000509552 -0.00019802
348 -0.000853409 -0.000151879
348.5 0.000999018 0.000466497
349 -0.000912554 -0.000672747
349.5 0.000614102 0.000722717
350 -0.000172994 -0.000604799
350.5 -0.000308301 0.000346385
351 0.000717978 -7.50555e-06
351.5 -0.000960867 -0.000333117
352 0.000980545 0.000596357
352.5 -0.000772442 -0.000721061
353 0.000384899 0.000678263
353.5 9.20563e-05 -0.000477903
354 -0.000547627 0.000166525
354.5 0.000875983 0.000183536
355 -0.00100085 -0.000490962
355.5 0.000893213 0.000684337
356 -0.000578084 -0.000718739
356.5 0.000128666 0.000586177
357 0.000350642 -0.000317446
357.5 -0.000748495 -2.50288e-05
358 0.000972472 0.000361689
358.5 -0.000970542 -0.000614329
359 0.000743154 0.000724259
359.5 -0.000343131 -0.000665943
360 -0.000136603 0.000452927
360.5 0.000584603 -0.000134696
361 -0.000896799 -0.000214825
361.5 0.00100067 0.000514442
362 -0.00087208 -0.000694554
362.5 0.000540907 0.000713319
363 -8.40802e-05 -0.00056638
363.5 -0.000392278 0.00028787
364 0.00077751 5.75129e-05
364.5 -0.000982125 -0.000389535
365 0.000958591 0.000631068
365.5 -0.000712375 -0.000726003
366 0.000300674 0.000652286
366.5 0.000180875 -0.000427043
367 -0.000620406 0.000102597
367.5 0.000915816 0.000245683
368 -0.000998481 -0.00053689
368.5 0.000849197 0.000703377
369 -0.000502644 -0.000706468
369.5 3.93257e-05 0.000545446
370 0.000433128 -0.000257716
370.5 -0.000804965 -8.98816e-05
371 0.000989808 0.0004166
371.5 -0.000944717 -0.000646541
372 0.000680167 0.00072629
372.5 -0.000257613 -0.000637321
373 -0.000224784 0.000400301
373.5 0.000654964 -7.02912e-05
374 -0.000932995 -0.000276048
374.5 0.00099429 0.00055826
375 -0.00082461 -0.000710788
375.5 0.000463372 0.000698199
376 5.50782e-06 -0.000523418
376.5 -0.000473108 0.000227045
377 0.000830805 0.00012207
377.5 -0.000995505 -0.000442828
378 0.000928947 0.000660717
378.5 -0.000646594 -0.00072512
379 0.000214036 0.000621077
379.5 0.000268242 -0.000372757
380 -0.000688208 3.78449e-05
380.5 0.000948302 0.000305859
381 -0.000988104 -0.000578511
381.5 0.000798368 0.000716774
382 -0.000423171 -0.00068853
382.5 -5.03302e-05 0.000500339
383 0.000512139 -0.000195919
383.5 -0.000854978 -0.000154013
384 0.000999204 0.000468168
384.5 -0.000911313 -0.000673567
385 0.000611724 0.000722495
385.5 -0.00017003 -0.000603587
386 -0.000311162 0.000344464
386.5 0.000720071 -5.32255e-06
387 -0.000961706 -0.000335056
387.5 0.000979936 0.0005976
388 -0.000770525 -0.000721321
388.5 0.00038212 0.000677479
389 9.50517e-05 -0.000476257
389.5 -0.000550143 0.0001644
390 0.000877435 0.000185648
390.5 -0.0010009 -0.000492569
391 0.000891851 0.000685065
391.5 -0.000575626 -0.00071842
392 0.000125682 0.000584886
392.5 0.000353458 -0.000315481
393 -0.000750489 -2.72104e-05
393.5 0.000973181 0.000363581
394 -0.000969801 -0.000615491
394.5 0.000741135 0.000724421
395 -0.000340303 -0.000665068
395.5 -0.000139582 0.000451218
396 0.000587042 -0.00013255
396.5 -0.000898132 -0.00021691
397 0.00100058 0.000515981
397.5 -0.000870599 -0.000695189
398 0.000538373 0.000712904
398.5 -8.10819e-05 -0.000565011
399 -0.000395044 0.000285864
399.5 0.000779401 5.96888e-05
400 -0.000982702 -0.000391376
400.5 0.00095772 0.000632146
401 -0.000710259 -0.000726068
401.5 0.000297803 0.000651323
402 0.000183833 -0.000425275
402.5 -0.000622764 0.000100435
403 0.000917026 0.000247736
403.5 -0.000998262 -0.000538358
404 0.0008476 0.000703918
404.5 -0.00050004 -0.000705958
405 3.63192e-05 0.000544002
405.5 0.000435838 -0.000255674
406 -0.00080675 -9.20475e-05
406.5 0.000990252 0.000418386
407 -0.000943718 -0.000647533
407.5 0.000677957 0.000726257
408 -0.000254705 -0.000636271
408.5 -0.000227715 0.000398478
409 0.000657236 -6.81181e-05
409.5 -0.000934081 -0.000278066
410 0.000993937 0.000559655
410.5 -0.000822901 -0.000711235
411 0.000460703 0.000697594
411.5 8.51632e-06 -0.000521902
412 -0.000475757 0.000224971
412.5 0.000832479 0.000124221
413 -0.000995815 -0.000444557
413.5 0.000927822 0.000661621
414 -0.000644294 -0.00072499
414.5 0.000211096 0.000619942
415 0.00027114 -0.000370882
415.5 -0.00069039 3.56646e-05
416 0.000949261 0.000307837
416.5 -0.000987618 -0.000579828
417 0.00079655 0.000717124
417.5 -0.000420442 -0.000687831
418 -5.33348e-05 0.000498754
418.5 0.000514722 -0.000193816
419 -0.000856539 -0.000156146
419.5 0.00099938 0.000469835
420 -0.000910064 -0.000674381
420.5 0.000609339 0.000722267
421 -0.000167064 -0.00060237
421.5 -0.00031402 0.000342541
422 0.000722158 -3.13951e-06
422.5 -0.000962537 -0.000336991
423 0.000979317 0.000598838
423.5 -0.000768601 -0.000721575
424 0.000379338 0.000676688
424.5 9.80462e-05 -0.000474606
425 -0.000552654 0.000162272
425.5 0.000878879 0.000187757
426 -0.00100094 -0.000494171
426.5 0.000890481 0.000685788
427 -0.000573162 -0.000718095
427.5 0.000122697 0.000583588
428 0.000356271 -0.000313513
428.5 -0.000752477 -2.93919e-05
429 0.000973881 0.000365469
429.5 -0.000969051 -0.000616647
430 0.00073911 0.000724577
430.5 -0.000337472 -0.000664187
431 -0.000142561 0.000449506
431.5 0.000589477 -0.000130403
432 -0.000899456 -0.000218992
432.5 0.00100049 0.000517515
433 -0.00086911 -0.000695819
433.5 0.000535834 0.000712483
434 -7.80829e-05 -0.000563636
434.5 -0.000397807 0.000283856
435 0.000781286 6.18643e-05
435.5 -0.000983271 -0.000393213
436 0.000956841 0.000633218
436.5 -0.000708135 -0.000726126
437 0.000294929 0.000650354
437.5 0.00018679 -0.000423503
438 -0.000625117 9.82724e-05
438.5 0.000918228 0.000249787
439 -0.000998034 -0.000539821
439.5 0.000845996 0.000704454
440 -0.000497431 -0.000705441
440.5 3.33125e-05 0.000542553
441 0.000438545 -0.000253629
441.5 -0.000808527 -9.42125e-05
442 0.000990688 0.000420169
442.5 -0.00094271 -0.000648519
443 0.00067574 0.000726218
443.5 -0.000251794 -0.000635215
444 -0.000230643 0.000396651
444.5 0.000659503 -6.59443e-05
445 -0.000935158 -0.000280081
445.5 0.000993575 0.000561044
446 -0.000821184 -0.000711675
446.5 0.00045803 0.000696983
447 1.15248e-05 -0.000520381
447.5 -0.000478402 0.000222894
448 0.000834146 0.000126372
448.5 -0.000996117 -0.000446281
449 0.000926689 0.000662519
449.5 -0.000641989 -0.000724852
450 0.000208154 0.000618802
450.5 0.000274035 -0.000369003
451 -0.000692565 3.3484e-05
451.5 0.000950212 0.000309813
452 -0.000987123 -0.00058114
452.5 0.000794724 0.000717468
453 -0.00041771 -0.000687127
453.5 -5.63389e-05 0.000497165
454 0.0005173 -0.000191711
454.5 -0.000858092 -0.000158277
455 0.000999548 0.000471498
455.5 -0.000908807 -0.000675189
456 0.00060695 0.000722032
456.5 -0.000164097 -0.000601147
457 -0.000316876 0.000340614
457.5 0.000724238 -9.56434e-07
458 -0.000963358 -0.000338924
458.5 0.00097869 0.000600071
459 -0.00076667 -0.000721822
459.5 0.000376552 0.000675892
460 0.00010104 -0.000472951
460.5 -0.00055516 0.000160144
461 0.000880315 0.000189865
461.5 -0.00100097 -0.000495769
462 0.000889102 0.000686504
462.5 -0.000570693 -0.000717764
463 0.00011971 0.000582286
463.5 0.000359081 -0.000311542
464 -0.000754457 -3.1573e-05
464.5 0.000974572 0.000367354
465 -0.000968292 -0.000617798
465.5 0.000737077 0.000724727
466 -0.000334638 -0.000663301
466.5 -0.000145538 0.000447789
467 0.000591906 -0.000128255
467.5 -0.000900773 -0.000221073
468 0.00100039 0.000519045
468.5 -0.000867613 -0.000696442
469 0.00053329 0.000712055
469.5 -7.50831e-05 -0.000562257
470 -0.000400566 0.000281845
470.5 0.000783163 6.40391e-05
471 -0.00098383 -0.000395047
471.5 0.000955953 0.000634285
472 -0.000706006 -0.000726178
472.5 0.000292053 0.000649378
473 0.000189745 -0.000421728
473.5 -0.000627464 9.61089e-05
474 0.000919422 0.000251836
474.5 -0.000997798 -0.000541279
475 0.000844384 0.000704982
475.5 -0.000494818 -0.000704917
476 3.03054e-05 0.000541099
476.5 0.000441247 -0.000251583
477 -0.000810297 -9.63767e-05
477.5 0.000991114 0.000421948
478 -0.000941694 -0.0006495
478.5 0.000673517 0.000726172
479 -0.000248881 -0.000634153
479.5 -0.00023357 0.00039482
480 0.000661763 -6.377e-05
480.5 -0.000936227 -0.000282094
481 0.000993205 0.000562428
481.5 -0.00081946 -0.000712108
482 0.000455353 0.000696365
482.5 1.45331e-05 -0.000518856
483 -0.000481043 0.000220815
483.5 0.000835806 0.000128521
484 -0.00099641 -0.000448001
484.5 0.000925547 0.000663411
485 -0.000639678 -0.000724709
485.5 0.000205211 0.000617656
486 0.000276927 -0.000367121
486.5 -0.000694734 3.13031e-05
487 0.000951154 0.000311786
487.5 -0.000986619 -0.000582447
488 0.000792891 0.000717805
488.5 -0.000414974 -0.000686416
489 -5.93424e-05 0.000495571
489.5 0.000519873 -0.000189605
490 -0.000859637 -0.000160407
490.5 0.000999706 0.000473156
491 -0.000907542 -0.000675991
491.5 0.000604554 0.000721791
492 -0.000161128 -0.000599919
492.5 -0.000319728 0.000338685
493 0.000726311 1.22665e-06
493.5 -0.000964171 -0.000340853
494 0.000978053 0.000601299
494.5 -0.000764732 -0.000722062
495 0.000373762 0.000675089
495.5 0.000104033 -0.000471292
496 -0.000557661 0.000158014
496.5 0.000881744 0.000191972
497 -0.001001 -0.000497362
497.5 0.000887716 0.000687214
498 -0.000568218 -0.000717426
498.5 0.000116723 0.000580978
499 0.000361888 -0.000309569
499.5 -0.000756431 -3.37539e-05
500 0.000975255 0.000369236
500.5 -0.000967525 -0.000618943
501 0.000735038 0.00072487
501.5 -0.000331801 -0.000662408
502 -0.000148514 0.000446068
502.5 0.000594329 -0.000126106
503 -0.000902081 -0.000223151
503.5 0.00100028 0.000520569
504 -0.000866109 -0.000697059
504.5 0.000530742 0.000711621
505 -7.20827e-05 -0.000560872
505.5 -0.000403321 0.000279832
506 0.000785033 6.62134e-05
506.5 -0.000984381 -0.000396877
507 0.000955056 0.000635346
507.5 -0.00070387 -0.000726223
508 0.000289174 0.000648397
508.5 0.000192698 -0.000419948
509 -0.000629805 9.39446e-05
509.5 0.000920608 0.000253883
510 -0.000997552 -0.000542733
510.5 0.000842764 0.000705505
511 -0.0004922 -0.000704388
511.5 2.72981e-05 0.00053964
512 0.000443946 -0.000249534
512.5 -0.00081206 -9.85401e-05
513 0.000991532 0.000423723
513.5 -0.00094067 -0.000650474
514 0.000671289 0.000726119
514.5 -0.000245966 -0.000633086
515 -0.000236495 0.000392986
515.5 0.000664017 -6.1595e-05
516 -0.000937288 -0.000284105
516.5 0.000992825 0.000563807
517 -0.000817728 -0.000712535
517.5 0.000452671 0.000695741
518 1.75413e-05 -0.000517326
518.5 -0.000483679 0.000218734
519 0.000837458 0.000130669
519.5 -0.000996694 -0.000449718
520 0.000924396 0.000664297
520.5 -0.000637361 -0.000724558
521 0.000202265 0.000616504
521.5 0.000279817 -0.000365235
522 -0.000696897 2.91219e-05
522.5 0.000952087 0.000313757
523 -0.000986106 -0.000583749
523.5 0.000791051 0.000718136
524 -0.000412234 -0.000685699
524.5 -6.23454e-05 0.000493973
525 0.000522442 -0.000187496
525.5 -0.000861175 -0.000162536
526 0.000999855 0.000474811
526.5 -0.000906268 -0.000676786
527 0.000602154 0.000721544
527.5 -0.000158158 -0.000598686
528 -0.000322578 0.000336752
528.5 0.000728378 3.40972e-06
529 -0.000964976 -0.000342779
529.5 0.000977408 0.000602521
530 -0.000762787 -0.000722296
530.5 0.00037097 0.000674281
531 0.000107024 -0.000469629
531.5 -0.000560157 0.000155882
532 0.000883164 0.000194076
532.5 -0.00100101 -0.000498951
533 0.000886322 0.000687918
533.5 -0.000565739 -0.000717081
534 0.000113734 0.000579665
534.5 0.000364691 -0.000307593
535 -0.000758398 -3.59345e-05
535.5 0.000975928 0.000371114
536 -0.000966749 -0.000620083
536.5 0.000732993 0.000725006
537 -0.000328961 -0.000661509
537.5 -0.000151489 0.000444343
538 0.000596747 -0.000123955
538.5 -0.000903381 -0.000225228
539 0.00100016 0.00052209
539.5 -0.000864597 -0.00069767
540 0.000528189 0.00071118
540.5 -6.90816e-05 -0.000559482
541 -0.000406073 0.000277816
541.5 0.000786897 6.83871e-05
542 -0.000984923 -0.000398704
542.5 0.00095415 0.000636401
543 -0.000701727 -0.000726262
543.5 0.000286292 0.000647411
544 0.000195649 -0.000418165
544.5 -0.000632141 9.17794e-05
545 0.000921785 0.000255927
545.5 -0.000997298 -0.000544181
546 0.000841137 0.000706021
546.5 -0.000489578 -0.000703852
547 2.42905e-05 0.000538176
547.5 0.00044664 -0.000247482
548 -0.000813816 -0.000100703
548.5 0.000991941 0.000425494
549 -0.000939637 -0.000651442
549.5 0.000669054 0.00072606
550 -0.000243049 -0.000632013
550.5 -0.000239417 0.000391148
551 0.000666266 -5.94195e-05
551.5 -0.00093834 -0.000286113
552 0.000992437 0.00056518
552.5 -0.000815989 -0.000712956
553 0.000449986 0.000695111
553.5 2.05493e-05 -0.000515791
554 -0.000486311 0.000216652
554.5 0.000839102 0.000132816
555 -0.000996969 -0.00045143
555.5 0.000923238 0.000665177
556 -0.000635038 -0.000724402
556.5 0.000199318 0.000615347
557 0.000282704 -0.000363347
557.5 -0.000699054 2.69404e-05
558 0.000953012 0.000315724
558.5 -0.000985584 -0.000585046
559 0.000789204 0.00071846
559.5 -0.000409491 -0.000684976
560 -6.53479e-05 0.00049237
560.5 0.000525006 -0.000185386
561 -0.000862705 -0.000164663
561.5 0.000999996 0.000476461
562 -0.000904987 -0.000677576
562.5 0.000599748 0.00072129
563 -0.000155187 -0.000597447
563.5 -0.000325424 0.000334816
564 0.000730439 5.59276e-06
564.5 -0.000965772 -0.000344702
565 0.000976754 0.000603737
565.5 -0.000760835 -0.000722523
566 0.000368174 0.000673466
566.5 0.000110015 -0.000467962
567 -0.000562648 0.000153749
567.5 0.000884576 0.000196179
568 -0.00100102 -0.000500535
568.5 0.000884919 0.000688616
569 -0.000563254 -0.00071673
569.5 0.000110744 0.000578347
570 0.000367491 -0.000305614
570.5 -0.000760359 -3.81147e-05
571 0.000976593 0.000372989
571.5 -0.000965964 -0.000621217
572 0.00073094 0.000725136
572.5 -0.000326118 -0.000660605
573 -0.000154462 0.000442614
573.5 0.00059916 -0.000121804
574 -0.000904673 -0.000227302
574.5 0.00100003 0.000523605
575 -0.000863076 -0.000698274
575.5 0.00052563 0.000710733
576 -6.60798e-05 -0.000558087
576.5 -0.000408821 0.000275798
577 0.000788753 7.05602e-05
577.5 -0.000985456 -0.000400527
578 0.000953236 0.000637451
578.5 -0.000699578 -0.000726294
579 0.000283408 0.000646418
579.5 0.000198599 -0.000416378
580 -0.000634471 8.96134e-05
580.5 0.000922954 0.000257969
581 -0.000997034 -0.000545624
581.5 0.000839502 0.000706531
582 -0.000486952 -0.000703309
582.5 2.12827e-05 0.000536708
583 0.000449331 -0.000245429
583.5 -0.000815564 -0.000102864
584 0.000992341 0.000427261
584.5 -0.000938595 -0.000652405
585 0.000666813 0.000725994
585.5 -0.000240129 -0.000630934
586 -0.000242337 0.000389307
586.5 0.000668508 -5.72435e-05
587 -0.000939384 -0.000288118
587.5 0.000992039 0.000566549
588 -0.000814243 -0.00071337
588.5 0.000447297 0.000694474
589 2.35571e-05 -0.000514251
589.5 -0.000488938 0.000214567
590 0.000840739 0.000134962
590.5 -0.000997234 -0.000453138
591 0.000922071 0.000666051
591.5 -0.000632709 -0.000724238
592 0.000196368 0.000614184
592.5 0.000285589 -0.000361455
593 -0.000701204 2.47587e-05
593.5 0.000953928 0.000317689
594 -0.000985054 -0.000586337
594.5 0.00078735 0.000718778
595 -0.000406744 -0.000684246
595.5 -6.83497e-05 0.000490763
596 0.000527565 -0.000183275
596.5 -0.000864227 -0.000166788
597 0.00100013 0.000478106
597.5 -0.000903697 -0.000678359
598 0.000597336 0.000721029
598.5 -0.000152214 -0.000596202
599 -0.000328268 0.000332877
599.5 0.000732493 7.77575e-06
600 -0.000966559 -0.000346622
600.5 0.000976091 0.000604948
601 -0.000758877 -0.000722744
601.5 0.000365374 0.000672645
602 0.000113005 -0.00046629
602.5 -0.000565133 0.000151615
603 0.00088598 0.00019828
603.5 -0.00100101 -0.000502115
604 0.000883509 0.000689307
604.5 -0.000560765 -0.000716373
605 0.000107754 0.000577024
605.5 0.000370288 -0.000303632
606 -0.000762312 -4.02946e-05
606.5 0.00097725 0.00037486
607 -0.000965171 -0.000622346
607.5 0.000728881 0.000725259
608 -0.000323272 -0.000659694
608.5 -0.000157434 0.000440881
609 0.000601568 -0.000119651
609.5 -0.000905957 -0.000229374
610 0.00099989 0.000525116
610.5 -0.000861549 -0.000698872
611 0.000523068 0.000710279
611.5 -6.30775e-05 -0.000556688
612 -0.000411566 0.000273777
612.5 0.000790602 7.27326e-05
613 -0.00098598 -0.000402346
613.5 0.000952313 0.000638494
614 -0.000697423 -0.000726319
614.5 0.000280521 0.000645419
615 0.000201547 -0.000414588
615.5 -0.000636795 8.74466e-05
616 0.000924115 0.000260008
616.5 -0.000996762 -0.000547063
617 0.000837859 0.000707034
617.5 -0.000484321 -0.00070276
618 1.82747e-05 0.000535234
618.5 0.000452017 -0.000243373
619 -0.000817305 -0.000105025
619.5 0.000992731 0.000429025
620 -0.000937545 -0.000653362
620.5 0.000664566 0.000725922
621 -0.000237207 -0.00062985
621.5 -0.000245255 0.000387462
622 0.000670744 -5.50669e-05
622.5 -0.000940419 -0.000290121
623 0.000991633 0.000567913
623.5 -0.000812489 -0.000713778
624 0.000444603 0.000693832
624.5 2.65648e-05 -0.000512707
625 -0.000491562 0.00021248
625.5 0.000842368 0.000137106
626 -0.000997491 -0.000454842
626.5 0.000920896 0.000666918
627 -0.000630375 -0.000724068
627.5 0.000193417 0.000613016
628 0.000288471 -0.00035956
628.5 -0.000703348 2.25768e-05
629 0.000954836 0.000319651
629.5 -0.000984514 -0.000587623
630 0.000785488 0.000719089
630.5 -0.000403993 -0.000683511
631 -7.1351e-05 0.000489151
631.5 0.00053012 -0.000181162
632 -0.000865741 -0.000168912
632.5 0.00100025 0.000479748
633 -0.000902399 -0.000679137
633.5 0.000594919 0.000720762
634 -0.00014924 -0.000594953
634.5 -0.000331109 0.000330935
635 0.00073454 9.95867e-06
635.5 -0.000967337 -0.000348539
636 0.00097542 0.000606154
636.5 -0.000756912 -0.000722958
637 0.000362572 0.000671818
637.5 0.000115994 -0.000464614
638 -0.000567614 0.000149479
638.5 0.000887377 0.00020038
639 -0.001001 -0.00050369
639.5 0.000882091 0.000689992
640 -0.00055827 -0.000716009
640.5 0.000104762 0.000575695
641 0.000373082 -0.000301647
641.5 -0.000764258 -4.24741e-05
642 0.000977897 0.000376729
642.5 -0.000964368 -0.000623469
643 0.000726816 0.000725376
643.5 -0.000320423 -0.000658777
644 -0.000160404 0.000439144
644.5 0.00060397 -0.000117497
645 -0.000907232 -0.000231445
645.5 0.000999743 0.000526622
646 -0.000860013 -0.000699464
646.5 0.0005205 0.000709819
647 -6.00747e-05 -0.000555283
647.5 -0.000414306 0.000271754
648 0.000792443 7.49044e-05
648.5 -0.000986495 -0.000404162
649 0.000951382 0.000639532
649.5 -0.000695262 -0.000726338
650 0.000277632 0.000644415
650.5 0.000204493 -0.000412793
651 -0.000639113 8.5279e-05
651.5 0.000925267 0.000262046
652 -0.00099648 -0.000548497
652.5 0.000836209 0.000707531
653 -0.000481686 -0.000702205
653.5 1.52666e-05 0.000533756
654 0.000454699 -0.000241315
654.5 -0.000819038 -0.000107184
655 0.000993113 0.000430784
655.5 -0.000936487 -0.000654313
656 0.000662313 0.000725843
656.5 -0.000234283 -0.00062876
657 -0.000248171 0.000385614
657.5 0.000672975 -5.28899e-05
658 -0.000941445 -0.000292121
658.5 0.000991217 0.000569271
659 -0.000810728 -0.000714179
659.5 0.000441905 0.000693182
660 2.95722e-05 -0.000511159
660.5 -0.00049418 0.000210392
661 0.000843989 0.000139249
661.5 -0.000997739 -0.000456543
662 0.000919712 0.00066778
662.5 -0.000628035 -0.000723892
663 0.000190465 0.000611842
663.5 0.000291351 -0.000357661
664 -0.000705485 2.03947e-05
664.5 0.000955735 0.00032161
665 -0.000983965 -0.000588903
665.5 0.00078362 0.000719394
666 -0.000401238 -0.000682769
666.5 -7.43516e-05 0.000487535
667 0.000532669 -0.000179047
667.5 -0.000867247 -0.000171035
668 0.00100036 0.000481384
668.5 -0.000901092 -0.000679908
669 0.000592497 0.000720488
669.5 -0.000146264 -0.000593698
670 -0.000333946 0.000328991
670.5 0.000736581 1.21415e-05
671 -0.000968106 -0.000350453
671.5 0.000974739 0.000607354
672 -0.000754939 -0.000723166
672.5 0.000359766 0.000670985
673 0.000118982 -0.000462934
673.5 -0.00057009 0.000147342
674 0.000888765 0.000202477
674.5 -0.00100098 -0.000505261
675 0.000880664 0.000690671
675.5 -0.00055577 -0.000715638
676 0.00010177 0.000574362
676.5 0.000375872 -0.00029966
677 -0.000766198 -4.46533e-05
677.5 0.000978535 0.000378593
678 -0.000963557 -0.000624586
678.5 0.000724744 0.000725486
679 -0.000317572 -0.000657855
679.5 -0.000163373 0.000437403
680 0.000606366 -0.000115342
680.5 -0.000908499 -0.000233513
681 0.000999587 0.000528123
681.5 -0.000858469 -0.000700049
682 0.000517928 0.000709353
682.5 -5.70712e-05 -0.000553873
683 -0.000417043 0.000269728
683.5 0.000794278 7.70755e-05
684 -0.000987001 -0.000405974
684.5 0.000950442 0.000640564
685 -0.000693094 -0.000726351
685.5 0.00027474 0.000643405
686 0.000207437 -0.000410995
686.5 -0.000641426 8.31107e-05
687 0.000926411 0.00026408
687.5 -0.000996189 -0.000549925
688 0.000834552 0.000708022
688.5 -0.000479047 -0.000701644
689 1.22583e-05 0.000532273
689.5 0.000457378 -0.000239255
690 -0.000820764 -0.000109343
690.5 0.000993486 0.00043254
691 -0.00093542 -0.000655258
691.5 0.000660054 0.000725758
692 -0.000231357 -0.000627664
692.5 -0.000251084 0.000383762
693 0.000675199 -5.07124e-05
693.5 -0.000942463 -0.000294118
694 0.000990793 0.000570624
694.5 -0.00080896 -0.000714574
695 0.000439204 0.000692527
695.5 3.25793e-05 -0.000509605
696 -0.000496794 0.000208301
696.5 0.000845603 0.000141391
697 -0.000997978 -0.000458238
697.5 0.00091852 0.000668636
698 -0.00062569 -0.000723709
698.5 0.00018751 0.000610663
699 0.000294228 -0.000355759
699.5 -0.000707617 1.82123e-05
700 0.000956625 0.000323565
700.5 -0.000983408 -0.000590179
701 0.000781744 0.000719692
701.5 -0.00039848 -0.000682021
702 -7.73515e-05 0.000485915
702.5 0.000535214 -0.00017693
703 -0.000868746 -0.000173156
703.5 0.00100047 0.000483017
704 -0.000899778 -0.000680673
704.5 0.000590069 0.000720208
705 -0.000143287 -0.000592437
705.5 -0.000336781 0.000327043
706 0.000738615 1.43242e-05
706.5 -0.000968867 -0.000352364
707 0.00097405 0.000608549
707.5 -0.00075296 -0.000723367
708 0.000356957 0.000670146
708.5 0.000121968 -0.000461249
709 -0.00057256 0.000145204
709.5 0.000890145 0.000204573
710 -0.00100095 -0.000506827
710.5 0.00087923 0.000691344
711 -0.000553265 -0.000715261
711.5 9.87762e-05 0.000573023
712 0.000378659 -0.00029767
712.5 -0.000768131 -4.68321e-05
713 0.000979165 0.000380455
713.5 -0.000962738 -0.000625697
714 0.000722665 0.00072559
714.5 -0.000314717 -0.000656926
715 -0.000166341 0.000435658
715.5 0.000608757 -0.000113186
716 -0.000909759 -0.000235579
716.5 0.000999422 0.000529619
717 -0.000856918 -0.000700628
717.5 0.000515351 0.00070888
718 -5.40673e-05 -0.000552458
718.5 -0.000419776 0.0002677
719 0.000796105 7.92459e-05
719.5 -0.000987498 -0.000407783
720 0.000949494 0.000641591
720.5 -0.000690921 -0.000726357
721 0.000271846 0.000642389
721.5 0.000210379 -0.000409193
722 -0.000643733 8.09415e-05
722.5 0.000927546 0.000266113
723 -0.00099589 -0.000551349
723.5 0.000832887 0.000708506
724 -0.000476403 -0.000701076
724.5 9.24986e-06 0.000530785
725 0.000460052 -0.000237192
725.5 -0.000822483 -0.000111501
726 0.00099385 0.000434292
726.5 -0.000934344 -0.000656197
727 0.000657789 0.000725666
727.5 -0.000228429 -0.000626562
728 -0.000253996 0.000381907
728.5 0.000677417 -4.85344e-05
729 -0.000943473 -0.000296113
729.5 0.000990359 0.000571973
730 -0.000807184 -0.000714962
730.5 0.000436498 0.000691866
731 3.55861e-05 -0.000508047
731.5 -0.000499404 0.000206209
732 0.00084721 0.000143532
732.5 -0.000998207 -0.00045993
733 0.00091732 0.000669486
733.5 -0.000623338 -0.000723519
734 0.000184554 0.000609478
734.5 0.000297102 -0.000353855
735 -0.000709741 1.60299e-05
735.5 0.000957507 0.000325519
736 -0.000982842 -0.000591449
736.5 0.000779861 0.000719984
737 -0.000395718 -0.000681267
737.5 -8.03507e-05 0.00048429
738 0.000537754 -0.000174812
738.5 -0.000870237 -0.000175275
739 0.00100056 0.000484645
739.5 -0.000898455 -0.000681432
740 0.000587636 0.000719921
740.5 -0.000140309 -0.000591171
741 -0.000339613 0.000325092
741.5 0.000740642 1.65068e-05
742 -0.000969619 -0.000354271
742.5 0.000973352 0.000609738
743 -0.000750974 -0.000723561
743.5 0.000354144 0.000669301
744 0.000124954 -0.000459561
744.5 -0.000575025 0.000143064
745 0.000891518 0.000206666
745.5 -0.00100091 -0.000508388
746 0.000877788 0.000692011
746.5 -0.000550756 -0.000714878
747 9.57819e-05 0.000571678
747.5 0.000381442 -0.000295677
748 -0.000770056 -4.90104e-05
748.5 0.000979786 0.000382313
749 -0.000961909 -0.000626803
749.5 0.00072058 0.000725687
750 -0.000311859 -0.000655992
750.5 -0.000169307 0.00043391
751 0.000611143 -0.000111029
751.5 -0.00091101 -0.000237643
752 0.000999248 0.000531111
752.5 -0.000855359 -0.000701201
753 0.000512769 0.000708401
753.5 -5.10629e-05 -0.000551038
754 -0.000422506 0.000265669
754.5 0.000797926 8.14156e-05
755 -0.000987986 -0.000409587
755.5 0.000948537 0.000642611
756 -0.00068874 -0.000726356
756.5 0.000268949 0.000641367
757 0.00021332 -0.000407388
757.5 -0.000646034 7.87717e-05
758 0.000928674 0.000268143
758.5 -0.000995581 -0.000552768
759 0.000831214 0.000708984
759.5 -0.000473755 -0.000700502
760 6.24137e-06 0.000529293
760.5 0.000462722 -0.000235128
761 -0.000824194 -0.000113657
761.5 0.000994205 0.00043604
762 -0.00093326 -0.00065713
762.5 0.000655519 0.000725568
763 -0.000225499 -0.000625455
763.5 -0.000256905 0.000380048
764 0.000679629 -4.6356e-05
764.5 -0.000944474 -0.000298105
765 0.000989917 0.000573316
765.5 -0.000805401 -0.000715344
766 0.000433789 0.000691198
766.5 3.85927e-05 -0.000506485
767 -0.000502009 0.000204115
767.5 0.000848808 0.000145671
768 -0.000998428 -0.000461618
768.5 0.000916112 0.00067033
769 -0.000620981 -0.000723323
769.5 0.000181596 0.000608288
770 0.000299974 -0.000351946
770.5 -0.00071186 1.38473e-05
771 0.00095838 0.000327469
771.5 -0.000982267 -0.000592713
772 0.000777972 0.00072027
772.5 -0.000392953 -0.000680506
773 -8.33492e-05 0.000482661
773.5 0.000540289 -0.000172692
774 -0.00087172 -0.000177393
774.5 0.00100065 0.000486269
775 -0.000897125 -0.000682185
775.5 0.000585198 0.000719628
776 -0.000137329 -0.0005899
776.5 -0.000342441 0.000323138
777 0.000742663 1.86893e-05
777.5 -0.000970362 -0.000356175
778 0.000972645 0.000610921
778.5 -0.000748982 -0.000723749
779 0.000351329 0.00066845
779.5 0.000127939 -0.000457868
780 -0.000577485 0.000140923
780.5 0.000892882 0.000208758
781 -0.00100086 -0.000509945
781.5 0.000876338 0.000692671
782 -0.000548241 -0.000714488
782.5 9.27867e-05 0.000570329
783 0.000384222 -0.000293682
783.5 -0.000771975 -5.11883e-05
784 0.000980398 0.000384167
784.5 -0.000961072 -0.000627904
785 0.000718489 0.000725777
785.5 -0.000308999 -0.000655052
786 -0.000172271 0.000432157
786.5 0.000613523 -0.000108871
787 -0.000912252 -0.000239705
787.5 0.000999064 0.000532598
788 -0.000853792 -0.000701767
788.5 0.000510183 0.000707915
789 -4.8058e-05 -0.000549614
789.5 -0.000425231 0.000263636
790 0.000799739 8.35846e-05
790.5 -0.000988466 -0.000411388
791 0.000947571 0.000643626
791.5 -0.000686554 -0.000726349
792 0.00026605 0.000640339
792.5 0.000216258 -0.000405578
793 -0.000648329 7.66011e-05
793.5 0.000929792 0.000270171
794 -0.000995264 -0.000554182
794.5 0.000829534 0.000709455
795 -0.000471102 -0.000699922
795.5 3.23282e-06 0.000527795
796 0.000465387 -0.000233061
796.5 -0.000825898 -0.000115813
797 0.000994551 0.000437784
797.5 -0.000932168 -0.000658057
798 0.000653242 0.000725462
798.5 -0.000222567 -0.000624342
799 -0.000259811 0.000378186
799.5 0.000681835 -4.41771e-05
800 -0.000945467 -0.000300094
800.5 0.000989466 0.000574653
801 -0.000803611 -0.00071572
801.5 0.000431076 0.000690524
802 4.15988e-05 -0.000504918
802.5 -0.00050461 0.000202019
803 0.000850399 0.000147809
803.5 -0.00099864 -0.000463301
804 0.000914895 0.000671168
804.5 -0.000618619 -0.000723121
805 0.000178637 0.000607092
805.5 0.000302843 -0.000350035
806 -0.000713972 1.16645e-05
806.5 0.000959244 0.000329416
807 -0.000981683 -0.000593972
807.5 0.000776075 0.000720548
808 -0.000390184 -0.00067974
808.5 -8.6347e-05 0.000481027
809 0.00054282 -0.000170571
809.5 -0.000873195 -0.000179509
810 0.00100073 0.000487889
810.5 -0.000895786 -0.000682931
811 0.000582755 0.000719328
811.5 -0.000134349 -0.000588624
812 -0.000345267 0.000321182
812.5 0.000744676 2.08715e-05
813 -0.000971097 -0.000358076
813.5 0.00097193 0.000612099
814 -0.000746982 -0.000723931
814.5 0.00034851 0.000667593
815 0.000130922 -0.000456171
815.5 -0.00057994 0.000138781
816 0.000894238 0.000210848
816.5 -0.0010008 -0.000511497
817 0.00087488 0.000693325
817.5 -0.000545721 -0.000714092
818 8.97907e-05 0.000568975
818.5 0.000386998 -0.000291684
819 -0.000773887 -5.33657e-05
819.5 0.000981001 0.000386018
820 -0.000960227 -0.000628998
820.5 0.000716391 0.000725861
821 -0.000306136 -0.000654105
821.5 -0.000175234 0.0004304
822 0.000615897 -0.000106712
822.5 -0.000913487 -0.000241765
823 0.000998872 0.00053408
823.5 -0.000852218 -0.000702327
824 0.000507592 0.000707423
824.5 -4.50527e-05 -0.000548184
825 -0.000427953 0.000261601
825.5 0.000801545 8.57528e-05
826 -0.000988936 -0.000413186
826.5 0.000946597 0.000644635
827 -0.000684362 -0.000726335
827.5 0.000263148 0.000639306
828 0.000219195 -0.000403766
828.5 -0.000650618 7.44299e-05
829 0.000930903 0.000272196
829.5 -0.000994937 -0.00055559
830 0.000827846 0.00070992
830.5 -0.000468445 -0.000699335
831 2.2425e-07 0.000526293
831.5 0.000468049 -0.000230993
832 -0.000827594 -0.000117968
832.5 0.000994887 0.000439524
833 -0.000931067 -0.000658978
833.5 0.000650959 0.000725351
834 -0.000219632 -0.000623224
834.5 -0.000262716 0.000376321
835 0.000684034 -4.19979e-05
835.5 -0.000946451 -0.000302081
836 0.000989006 0.000575986
836.5 -0.000801813 -0.000716089
837 0.000428358 0.000689843
837.5 4.46046e-05 -0.000503346
838 -0.000507206 0.000199921
838.5 0.000851983 0.000149946
839 -0.000998842 -0.00046498
839.5 0.00091367 0.000671999
840 -0.000616251 -0.000722912
840.5 0.000175676 0.000605891
841 0.000305709 -0.000348121
841.5 -0.000716077 9.48166e-06
842 0.0009601 0.00033136
842.5 -0.00098109 -0.000595226
843 0.000774171 0.000720821
843.5 -0.000387412 -0.000678967
844 -8.9344e-05 0.000479389
844.5 0.000545345 -0.000168448
845 -0.000874662 -0.000181624
845.5 0.00100079 0.000489504
846 -0.000894439 -0.000683672
846.5 0.000580306 0.000719022
847 -0.000131367 -0.000587342
847.5 -0.000348089 0.000319222
848 0.000746684 2.30536e-05
848.5 -0.000971822 -0.000359974
849 0.000971205 0.000613272
849.5 -0.000744976 -0.000724106
850 0.000345688 0.000666729
850.5 0.000133904 -0.00045447
851 -0.00058239 0.000136638
851.5 0.000895586 0.000212936
852 -0.00100074 -0.000513045
852.5 0.000873414 0.000693973
853 -0.000543196 -0.000713689
853.5 8.67938e-05 0.000567615
854 0.000389771 -0.000289683
854.5 -0.000775792 -5.55426e-05
855 0.000981595 0.000387866
855.5 -0.000959372 -0.000630087
856 0.000714286 0.000725938
856.5 -0.00030327 -0.000653153
857 -0.000178195 0.00042864
857.5 0.000618266 -0.000104553
858 -0.000914713 -0.000243822
858.5 0.000998671 0.000535557
859 -0.000850636 -0.000702881
859.5 0.000504997 0.000706925
860 -4.20469e-05 -0.000546749
860.5 -0.000430671 0.000259563
861 0.000803343 8.79202e-05
861.5 -0.000989398 -0.000414979
862 0.000945614 0.000645638
862.5 -0.000682163 -0.000726314
863 0.000260244 0.000638267
863.5 0.000222129 -0.000401949
864 -0.000652902 7.22579e-05
864.5 0.000932005 0.000274219
865 -0.000994601 -0.000556994
865.5 0.000826151 0.000710379
866 -0.000465784 -0.000698742
866.5 -2.78432e-06 0.000524786
867 0.000470706 -0.000228922
867.5 -0.000829283 -0.000120121
868 0.000995215 0.00044126
868.5 -0.000929958 -0.000659893
869 0.000648671 0.000725233
869.5 -0.000216696 -0.0006221
870 -0.000265617 0.000374452
870.5 0.000686228 -3.98183e-05
871 -0.000947426 -0.000304065
871.5 0.000988536 0.000577314
872 -0.000800008 -0.000716451
872.5 0.000425637 0.000689157
873 4.761e-05 -0.00050177
873.5 -0.000509797 0.000197821
874 0.000853558 0.000152081
874.5 -0.000999036 -0.000466655
875 0.000912437 0.000672825
875.5 -0.000613877 -0.000722696
876 0.000172713 0.000604684
876.5 0.000308573 -0.000346203
877 -0.000718176 7.29872e-06
877.5 0.000960947 0.000333301
878 -0.000980488 -0.000596475
878.5 0.000772261 0.000721086
879 -0.000384636 -0.000678189
879.5 -9.23401e-05 0.000477747
880 0.000547865 -0.000166324
880.5 -0.000876121 -0.000183736
881 0.00100085 0.000491115
881.5 -0.000893084 -0.000684406
882 0.000577852 0.000718709
882.5 -0.000128383 -0.000586055
883 -0.000350909 0.00031726
883.5 0.000748684 2.52355e-05
884 -0.000972539 -0.000361869
884.5 0.000970472 0.000614439
885 -0.000742963 -0.000724274
885.5 0.000342863 0.00066586
886 0.000136885 -0.000452765
886.5 -0.000584834 0.000134493
887 0.000896926 0.000215023
887.5 -0.00100066 -0.000514588
888 0.00087194 0.000694614
888.5 -0.000540667 -0.00071328
889 8.37962e-05 0.00056625
889.5 0.00039254 -0.00028768
890 -0.000777689 -5.77191e-05
890.5 0.00098218 0.00038971
891 -0.000958509 -0.00063117
891.5 0.000712175 0.000726009
892 -0.000300402 -0.000652195
892.5 -0.000181155 0.000426875
893 0.00062063 -0.000102392
893.5 -0.000915931 -0.000245878
894 0.00099846 0.000537029
894.5 -0.000849046 -0.000703428
895 0.000502397 0.00070642
895.5 -3.90408e-05 -0.000545309
896 -0.000433385 0.000257523
896.5 0.000805134 9.00868e-05
897 -0.00098985 -0.000416769
897.5 0.000944623 0.000646635
898 -0.000679958 -0.000726287
898.5 0.000257338 0.000637222
899 0.000225062 -0.000400129
899.5 -0.00065518 7.00854e-05
900 0.000933098 0.000276239
900.5 -0.000994257 -0.000558393
901 0.000824448 0.000710831
901.5 -0.000463119 -0.000698142
902 -5.79287e-06 0.000523274
902.5 0.000473359 -0.000226849
903 -0.000830964 -0.000122274
903.5 0.000995534 0.000442992
904 -0.000928841 -0.000660803
904.5 0.000646376 0.000725108
905 -0.000213758 -0.00062097
905.5 -0.000268517 0.000372579
906 0.000688415 -3.76383e-05
906.5 -0.000948393 -0.000306046
907 0.000988058 0.000578636
907.5 -0.000798196 -0.000716807
908 0.000422912 0.000688464
908.5 5.06149e-05 -0.000500189
909 -0.000512384 0.00019572
909.5 0.000855126 0.000154215
910 -0.000999221 -0.000468326
910.5 0.000911195 0.000673644
911 -0.000611498 -0.000722474
911.5 0.000169749 0.000603472
912 0.000311433 -0.000344282
912.5 -0.000720269 5.11571e-06
913 0.000961785 0.000335239
913.5 -0.000979877 -0.000597718
914 0.000770343 0.000721346
914.5 -0.000381857 -0.000677404
915 -9.53355e-05 0.0004761
915.5 0.000550381 -0.000164198
916 -0.000877572 -0.000185848
916.5 0.0010009 0.000492721
917 -0.000891721 -0.000685134
917.5 0.000575392 0.00071839
918 -0.000125399 -0.000584763
918.5 -0.000353725 0.000315295
919 0.000750678 2.74171e-05
919.5 -0.000973247 -0.00036376
920 0.00096973 0.0006156
920.5 -0.000740944 -0.000724436
921 0.000340035 0.000664985
921.5 0.000139865 -0.000451056
922 -0.000587273 0.000132347
922.5 0.000898258 0.000217107
923 -0.00100058 -0.000516127
923.5 0.000870458 0.000695249
924 -0.000538132 -0.000712865
924.5 8.07978e-05 0.000564881
925 0.000395306 -0.000285674
925.5 -0.00077958 -5.9895e-05
926 0.000982757 0.00039155
926.5 -0.000957637 -0.000632248
927 0.000710058 0.000726074
927.5 -0.000297531 -0.000651231
928 -0.000184113 0.000425107
928.5 0.000622987 -0.00010023
929 -0.000917141 -0.000247931
929.5 0.000998241 0.000538497
930 -0.000847448 -0.000703969
930.5 0.000499793 0.000705909
931 -3.60344e-05 -0.000543865
931.5 -0.000436095 0.00025548
932 0.000806919 9.22526e-05
932.5 -0.000990294 -0.000418555
933 0.000943623 0.000647627
933.5 -0.000677747 -0.000726254
934 0.000254429 0.000636171
934.5 0.000227992 -0.000398305
935 -0.000657451 6.79122e-05
935.5 0.000934183 0.000278257
936 -0.000993903 -0.000559786
936.5 0.000822738 0.000711277
937 -0.00046045 -0.000697537
937.5 -8.80137e-06 0.000521758
938 0.000476008 -0.000224774
938.5 -0.000832638 -0.000124425
939 0.000995844 0.00044472
939.5 -0.000927715 -0.000661706
940 0.000644076 0.000724977
940.5 -0.000210818 -0.000619834
941 -0.000271414 0.000370704
941.5 0.000690596 -3.5458e-05
942 -0.000949351 -0.000308025
942.5 0.000987571 0.000579953
943 -0.000796377 -0.000717157
943.5 0.000420183 0.000687765
944 5.36194e-05 -0.000498604
944.5 -0.000514966 0.000193617
945 0.000856686 0.000156348
945.5 -0.000999396 -0.000469993
946 0.000909946 0.000674458
946.5 -0.000609113 -0.000722245
947 0.000166783 0.000602254
947.5 0.000314291 -0.000342359
948 -0.000722355 2.93266e-06
948.5 0.000962615 0.000337174
949 -0.000979258 -0.000598956
949.5 0.000768418 0.000721598
950 -0.000379074 -0.000676613
950.5 -9.83299e-05 0.00047445
951 0.000552891 -0.000162071
951.5 -0.000879016 -0.000187957
952 0.00100094 0.000494323
952.5 -0.00089035 -0.000685856
953 0.000572928 0.000718064
953.5 -0.000122414 -0.000583465
954 -0.000356538 0.000313326
954.5 0.000752665 2.95985e-05
955 -0.000973947 -0.000365648
955.5 0.00096898 0.000616756
956 -0.000738917 -0.000724592
956.5 0.000337204 0.000664104
957 0.000142843 -0.000449343
957.5 -0.000589707 0.0001302
958 0.000899581 0.000219189
958.5 -0.00100048 -0.00051766
959 0.000868969 0.000695878
959.5 -0.000535593 -0.000712443
960 7.77987e-05 0.000563506
960.5 0.000398069 -0.000283666
961 -0.000781464 -6.20704e-05
961.5 0.000983324 0.000393387
962 -0.000956757 -0.00063332
962.5 0.000707934 0.000726131
963 -0.000294657 -0.000650261
963.5 -0.00018707 0.000423335
964 0.000625339 -9.80674e-05
964.5 -0.000918342 -0.000249981
965 0.000998012 0.000539959
965.5 -0.000845843 -0.000704504
966 0.000497184 0.000705391
966.5 -3.30276e-05 -0.000542415
967 -0.000438801 0.000253436
967.5 0.000808695 9.44176e-05
968 -0.000990729 -0.000420337
968.5 0.000942615 0.000648612
969 -0.00067553 -0.000726214
969.5 0.000251518 0.000635115
970 0.000230921 -0.000396478
970.5 -0.000659717 6.57383e-05
971 0.00093526 0.000280272
971.5 -0.000993541 -0.000561175
972 0.000821021 0.000711716
972.5 -0.000457777 -0.000696925
973 -1.18098e-05 0.000520237
973.5 0.000478653 -0.000222697
974 -0.000834304 -0.000126575
974.5 0.000996145 0.000446444
975 -0.000926581 -0.000662603
975.5 0.00064177 0.000724839
976 -0.000207876 -0.000618694
976.5 -0.000274309 0.000368825
977 0.000692771 -3.32773e-05
977.5 -0.000950301 -0.00031
978 0.000987076 0.000581265
978.5 -0.000794551 -0.0007175
979 0.000417451 0.00068706
979.5 5.66235e-05 -0.000497014
980 -0.000517544 0.000191512
980.5 0.000858239 0.000158479
981 -0.000999563 -0.000471655
981.5 0.000908688 0.000675265
982 -0.000606723 -0.00072201
982.5 0.000163816 0.000601031
983 0.000317146 -0.000340432
983.5 -0.000724435 7.49589e-07
984 0.000963436 0.000339107
984.5 -0.00097863 -0.000600188
985 0.000766487 0.000721845
985.5 -0.000376288 -0.000675816
986 -0.000101324 0.000472794
986.5 0.000555397 -0.000159942
987 -0.000880451 -0.000190065
987.5 0.00100098 0.00049592
988 -0.000888971 -0.000686572
988.5 0.000570458 0.000717732
989 -0.000119427 -0.000582162
989.5 -0.000359347 0.000311355
990 0.000754645 3.17797e-05
990.5 -0.000974637 -0.000367532
991 0.00096822 0.000617907
991.5 -0.000736884 -0.000724741
992 0.000334369 0.000663216
992.5 0.00014582 -0.000447626
993 -0.000592135 0.000128051
993.5 0.000900897 0.00022127
994 -0.00100038 -0.000519189
994.5 0.000867471 0.000696501
995 -0.000533049 -0.000712014
995.5 7.47988e-05 0.000562126
996 0.000400827 -0.000281655
996.5 -0.000783341 -6.42452e-05
997 0.000983883 0.000395221
997.5 -0.000955868 -0.000634386
998 0.000705803 0.000726182
998.5 -0.00029178 -0.000649286
999 -0.000190024 0.000421559
999.5 0.000627686 -9.59039e-05
1000 -0.000919535 -0.00025203
