0 0.785398 0
0.5 0.378901 0.379182
1 0.361828 0.361711
1.5 0.433846 0.433716
2 0.465007 0.465027
2.5 0.406364 0.406578
3 0.257076 0.257448
3.5 0.0481 0.0485464
4 -0.171455 -0.171041
4.5 -0.348591 -0.348311
5 -0.440218 -0.440139
5.5 -0.424005 -0.424146
6 -0.303958 -0.304286
6.5 -0.109484 -0.109918
7 0.111798 0.111365
7.5 0.30571 0.305383
8 0.424774 0.424633
8.5 0.439838 0.439918
9 0.347215 0.347496
9.5 0.169581 0.169995
10 -0.0495718 -0.0491273
10.5 -0.256588 -0.256221
11 -0.400782 -0.400583
11.5 -0.446851 -0.446868
12 -0.383515 -0.383745
12.5 -0.226282 -0.226667
13 -0.0136462 -0.0140931
13.5 0.20233 0.201931
14 0.368769 0.368516
14.5 0.444921 0.444875
15 0.41214 0.412313
15.5 0.278453 0.278802
16 0.076591 0.0770315
16.5 -0.144023 -0.143599
17 -0.329375 -0.329072
17.5 -0.434085 -0.433977
18 -0.432515 -0.432628
18.5 -0.325051 -0.325358
19 -0.138003 -0.138428
19.5 0.0828332 0.0823936
20 0.283389 0.283042
20.5 0.414561 0.414393
21 0.444234 0.444285
21.5 0.365143 0.365401
22 0.196653 0.197054
22.5 -0.0199854 -0.0195386
23 -0.23173 -0.231348
23.5 -0.38674 -0.386515
24 -0.447062 -0.447049
24.5 -0.397927 -0.398131
25 -0.251366 -0.251736
25.5 -0.0432624 -0.0437074
26 0.175434 0.175022
26.5 0.351178 0.3509
27 0.440941 0.440866
27.5 0.422747 0.422892
28 0.301049 0.301379
28.5 0.105644 0.106079
29 -0.115626 -0.115194
29.5 -0.308587 -0.308263
30 -0.425995 -0.425858
30.5 -0.439105 -0.439189
31 -0.344706 -0.344991
31.5 -0.165912 -0.166327
32 0.0535039 0.0530598
32.5 0.25982 0.259455
33 0.402523 0.402327
33.5 0.446674 0.446696
34 0.381464 0.381697
34.5 0.222858 0.223246
35 0.00968904 0.0101361
35.5 -0.205852 -0.205455
36 -0.370994 -0.370744
36.5 -0.445303 -0.445262
37 -0.410587 -0.410764
37.5 -0.275345 -0.275696
38 -0.0726881 -0.0731292
38.5 0.147765 0.147343
39 0.33204 0.33174
39.5 0.43502 0.434916
40 0.431492 0.431609
40.5 0.32232 0.322629
41 0.134232 0.134659
41.5 -0.0867199 -0.086281
42 -0.28644 -0.286096
42.5 -0.41603 -0.415865
43 -0.443761 -0.443815
43.5 -0.362844 -0.363104
44 -0.19309 -0.193493
44.5 0.0239391 0.0234925
45 0.235107 0.234726
45.5 0.388712 0.388491
46 0.447147 0.447139
46.5 0.396105 0.396312
47 0.248083 0.248454
47.5 0.0393208 0.0397662
48 -0.179068 -0.178658
48.5 -0.353615 -0.353341
49 -0.441584 -0.441513
49.5 -0.421439 -0.421588
50 -0.29811 -0.298443
50.5 -0.101794 -0.102229
51 0.119445 0.119014
51.5 0.31144 0.311119
52 0.427183 0.42705
52.5 0.438337 0.438425
53 0.342171 0.342458
53.5 0.162229 0.162646
54 -0.0574318 -0.0569882
54.5 -0.263032 -0.262669
55 -0.404232 -0.40404
55.5 -0.446462 -0.446488
56 -0.379383 -0.379619
56.5 -0.219418 -0.219807
57 -0.00573116 -0.00617833
57.5 0.209359 0.208963
58 0.37319 0.372943
58.5 0.445652 0.445613
59 0.409002 0.409182
59.5 0.272215 0.272569
60 0.0687794 0.0692212
60.5 -0.151495 -0.151074
61 -0.334679 -0.334381
61.5 -0.435921 -0.43582
62 -0.430435 -0.430555
62.5 -0.319563 -0.319875
63 -0.130451 -0.130879
63.5 0.0905998 0.0901617
64 0.289469 0.289127
64.5 0.417465 0.417304
65 0.443252 0.443311
65.5 0.360515 0.360779
66 0.189512 0.189917
66.5 -0.0278909 -0.0274445
67 -0.238465 -0.238086
67.5 -0.390654 -0.390436
68 -0.447198 -0.447194
68.5 -0.394252 -0.394463
69 -0.244779 -0.245153
69.5 -0.0353762 -0.0358219
70 0.182688 0.18228
70.5 0.356024 0.355753
71 0.442193 0.442126
71.5 0.420098 0.420251
72 0.295148 0.295483
72.5 0.0979352 0.0983714
73 -0.123255 -0.122825
73.5 -0.314269 -0.31395
74 -0.428338 -0.428209
74.5 -0.437535 -0.437627
75 -0.339609 -0.339899
75.5 -0.158534 -0.158952
76 0.0613552 0.0609122
76.5 0.266223 0.265863
77 0.405909 0.405721
77.5 0.446215 0.446245
78 0.377272 0.377512
78.5 0.21596 0.216351
79 0.00177283 0.00222004
79.5 -0.212848 -0.212455
80 -0.375357 -0.375113
80.5 -0.445965 -0.445931
81 -0.407385 -0.407569
81.5 -0.269063 -0.26942
82 -0.0648654 -0.0653078
82.5 0.155214 0.154794
83 0.337291 0.336997
83.5 0.436788 0.436691
84 0.429344 0.429468
84.5 0.316781 0.317096
85 0.12666 0.127088
85.5 -0.0944725 -0.0940353
86 -0.292475 -0.292136
86.5 -0.418869 -0.418711
87 -0.442709 -0.442772
87.5 -0.358159 -0.358426
88 -0.185919 -0.186325
88.5 0.0318405 0.0313944
89 0.241804 0.241428
89.5 0.392566 0.392351
90 0.447214 0.447213
90.5 0.392368 0.392582
91 0.241457 0.241833
91.5 0.0314288 0.0318748
92 -0.186294 -0.185887
92.5 -0.358406 -0.358138
93 -0.442767 -0.442704
93.5 -0.418724 -0.41888
94 -0.292162 -0.2925
94.5 -0.094069 -0.0945061
95 0.127056 0.126627
95.5 0.317073 0.316757
96 0.429459 0.429334
96.5 0.436699 0.436795
97 0.33702 0.337313
97.5 0.154826 0.155246
98 -0.0652738 -0.0648313
98.5 -0.269393 -0.269035
99 -0.407555 -0.40737
99.5 -0.445934 -0.445967
100 -0.375132 -0.375375
100.5 -0.212485 -0.212878
101 0.00218563 0.00173842
101.5 0.216321 0.21593
102 0.377494 0.377254
102.5 0.446243 0.446213
103 0.405736 0.405923
103.5 0.265891 0.26625
104 0.0609463 0.0613893
104.5 -0.15892 -0.158502
105 -0.339877 -0.339586
105.5 -0.43762 -0.437528
106 -0.428219 -0.428347
106.5 -0.313975 -0.314293
107 -0.122858 -0.123288
107.5 0.0983379 0.0979015
108 0.295458 0.295122
108.5 0.420239 0.420086
109 0.442131 0.442198
109.5 0.355774 0.356045
110 0.182311 0.18272
110.5 -0.0357877 -0.0353418
111 -0.245125 -0.24475
111.5 -0.394447 -0.394235
112 -0.447194 -0.447198
112.5 -0.390453 -0.390671
113 -0.238116 -0.238494
113.5 -0.0274789 -0.0279252
114 0.189886 0.18948
114.5 0.360759 0.360495
115 0.443307 0.443247
115.5 0.417317 0.417477
116 0.289154 0.289495
116.5 0.0901955 0.0906334
117 -0.130846 -0.130418
117.5 -0.319852 -0.319539
118 -0.430547 -0.430425
118.5 -0.435829 -0.435928
119 -0.334405 -0.334701
119.5 -0.151107 -0.151527
120 0.0691873 0.0687454
120.5 0.272542 0.272187
121 0.409169 0.408988
121.5 0.445617 0.445654
122 0.372962 0.373209
122.5 0.208994 0.209389
123 -0.00614393 -0.00569675
123.5 -0.219777 -0.219387
124 -0.379602 -0.379365
124.5 -0.446486 -0.44646
125 -0.404055 -0.404246
125.5 -0.262698 -0.263059
126 -0.0570224 -0.0574659
126.5 0.162614 0.162197
127 0.342437 0.342148
127.5 0.438419 0.43833
128 0.427061 0.427193
128.5 0.311144 0.311464
129 0.119047 0.119478
129.5 -0.102196 -0.10176
130 -0.298418 -0.298084
130.5 -0.421577 -0.421427
131 -0.441519 -0.441589
131.5 -0.353362 -0.353636
132 -0.17869 -0.179099
132.5 0.039732 0.0392865
133 0.248426 0.248054
133.5 0.396297 0.396089
134 0.44714 0.447147
134.5 0.388508 0.388729
135 0.234756 0.235136
135.5 0.0235269 0.0239734
136 -0.193462 -0.193059
136.5 -0.363085 -0.362823
137 -0.443812 -0.443756
137.5 -0.415878 -0.416042
138 -0.286123 -0.286466
138.5 -0.0863148 -0.0867535
139 0.134626 0.134199
139.5 0.322606 0.322295
140 0.4316 0.431482
140.5 0.434924 0.435028
141 0.331763 0.332063
141.5 0.147375 0.147797
142 -0.0730954 -0.0726541
142.5 -0.27567 -0.275317
143 -0.41075 -0.410573
143.5 -0.445265 -0.445306
144 -0.370763 -0.371013
144.5 -0.205486 -0.205883
145 0.0101017 0.00965463
145.5 0.223216 0.222828
146 0.381679 0.381446
146.5 0.446694 0.446672
147 0.402343 0.402537
147.5 0.259484 0.259848
148 0.0530941 0.053538
148.5 -0.166295 -0.16588
149 -0.344969 -0.344684
149.5 -0.439183 -0.439098
150 -0.425869 -0.426005
150.5 -0.308288 -0.308612
151 -0.115227 -0.115659
151.5 0.106045 0.105611
152 0.301354 0.301023
152.5 0.422881 0.422735
153 0.440872 0.440946
153.5 0.350922 0.351199
154 0.175054 0.175465
154.5 -0.0436732 -0.0432281
155 -0.251708 -0.251338
155.5 -0.398115 -0.397911
156 -0.447051 -0.447062
156.5 -0.386532 -0.386757
157 -0.231377 -0.23176
157.5 -0.019573 -0.0200198
158 0.197023 0.196622
158.5 0.365382 0.365123
159 0.444282 0.44423
159.5 0.414406 0.414573
160 0.283069 0.283415
160.5 0.0824275 0.0828669
161 -0.138396 -0.13797
161.5 -0.325334 -0.325027
162 -0.43262 -0.432506
162.5 -0.433985 -0.434093
163 -0.329096 -0.329398
163.5 -0.143632 -0.144055
164 0.0769977 0.076557
164.5 0.278776 0.278426
165 0.4123 0.412126
165.5 0.444879 0.444924
166 0.368535 0.368788
166.5 0.201962 0.202361
167 -0.0140588 -0.0136118
167.5 -0.226637 -0.226252
168 -0.383727 -0.383497
168.5 -0.446868 -0.446849
169 -0.400599 -0.400797
169.5 -0.25625 -0.256616
170 -0.0491616 -0.049606
170.5 0.169963 0.169549
171 0.347475 0.347193
171.5 0.439912 0.439831
172 0.424644 0.424784
172.5 0.305408 0.305735
173 0.111398 0.111831
173.5 -0.109887 -0.109453
174 -0.304267 -0.303939
174.5 -0.424152 -0.42401
175 -0.44019 -0.440269
175.5 -0.348454 -0.348734
176 -0.171405 -0.171817
176.5 0.047611 0.0471663
177 0.25497 0.254602
177.5 0.399903 0.399702
178 0.446926 0.446942
178.5 0.384526 0.384754
179 0.227981 0.228365
179.5 0.0156176 0.0160645
180 -0.200569 -0.200169
180.5 -0.36765 -0.367395
181 -0.444717 -0.444669
181.5 -0.412902 -0.413073
182 -0.279994 -0.280342
182.5 -0.0785336 -0.0789738
183 0.142154 0.14173
183.5 0.328038 0.327733
184 0.433606 0.433496
184.5 0.433013 0.433124
185 0.326403 0.326708
185.5 0.139878 0.140302
186 -0.080894 -0.080454
186.5 -0.28186 -0.281512
187 -0.413817 -0.413647
187.5 -0.444457 -0.444506
188 -0.366279 -0.366535
188.5 -0.198422 -0.198823
189 0.0180147 0.0175678
189.5 0.230041 0.229657
190 0.385745 0.385519
190.5 0.447006 0.446991
191 0.398824 0.399025
191.5 0.252995 0.253364
192 0.0452252 0.04567
192.5 -0.173618 -0.173205
193 -0.349953 -0.349674
193.5 -0.440608 -0.44053
194 -0.423386 -0.423529
194.5 -0.302505 -0.302834
195 -0.10756 -0.107994
195.5 0.113719 0.113287
196 0.307156 0.306831
196.5 0.425391 0.425252
197 0.439474 0.439557
197.5 0.34596 0.346242
198 0.167742 0.168156
198.5 -0.0515451 -0.0511008
199 -0.258212 -0.257846
199.5 -0.401659 -0.401462
200 -0.446767 -0.446786
200.5 -0.38249 -0.382721
201 -0.224566 -0.224953
201.5 -0.011661 -0.012108
202 0.204099 0.203701
202.5 0.369889 0.369637
203 0.445117 0.445073
203.5 0.411365 0.41154
204 0.276896 0.277247
204.5 0.0746336 0.0750745
205 -0.145902 -0.145479
205.5 -0.330715 -0.330414
206 -0.434558 -0.434452
206.5 -0.432006 -0.432121
207 -0.323684 -0.323992
207.5 -0.136113 -0.136538
208 0.084784 0.0843447
208.5 0.284922 0.284577
209 0.415302 0.415135
209.5 0.444001 0.444054
210 0.363993 0.364252
210.5 0.194867 0.195269
211 -0.0219692 -0.0215225
211.5 -0.233427 -0.233045
212 -0.387733 -0.38751
212.5 -0.447109 -0.447099
213 -0.397017 -0.397222
213.5 -0.249721 -0.250092
214 -0.0412853 -0.0417305
214.5 0.177259 0.176848
215 0.352404 0.352128
215.5 0.441268 0.441195
216 0.422095 0.422242
216.5 0.299578 0.299909
217 0.103713 0.104148
217.5 -0.117543 -0.117112
218 -0.310021 -0.309699
218.5 -0.426595 -0.426461
219 -0.438724 -0.43881
219.5 -0.343438 -0.343724
220 -0.164066 -0.164482
220.5 0.0554751 0.0550313
221 0.261434 0.261071
221.5 0.403384 0.403191
222 0.446572 0.446596
222.5 0.380424 0.380658
223 0.221134 0.221523
223.5 0.00770343 0.00815057
224 -0.207614 -0.207217
224.5 -0.372099 -0.371851
225 -0.445482 -0.445442
225.5 -0.409796 -0.409974
226 -0.273777 -0.27413
226.5 -0.0707278 -0.0711693
227 0.149638 0.149216
227.5 0.333367 0.333068
228 0.435476 0.435374
228.5 0.430966 0.431085
229 0.32094 0.321251
229.5 0.132337 0.132764
230 -0.0886673 -0.0882288
230.5 -0.287962 -0.28762
231 -0.416754 -0.416591
231.5 -0.44351 -0.443567
232 -0.361679 -0.361942
232.5 -0.191297 -0.191701
233 0.025922 0.0254755
233.5 0.236794 0.236414
234 0.38969 0.38947
234.5 0.447177 0.447171
235 0.395179 0.395388
235.5 0.246428 0.246801
236 0.0373421 0.0377877
236.5 -0.180886 -0.180477
237 -0.354827 -0.354554
237.5 -0.441894 -0.441825
238 -0.42077 -0.420921
238.5 -0.296627 -0.296961
239 -0.0998589 -0.100295
239.5 0.121358 0.120927
240 0.312862 0.312542
240.5 0.427767 0.427636
241 0.437939 0.438029
241.5 0.340889 0.341178
242 0.160377 0.160794
242.5 -0.0594008 -0.0589575
243 -0.264635 -0.264274
243.5 -0.405078 -0.404887
244 -0.446343 -0.44637
244.5 -0.378328 -0.378566
245 -0.217685 -0.218075
245.5 -0.00374529 -0.00419248
246 0.211111 0.210717
246.5 0.374281 0.374035
247 0.445813 0.445777
247.5 0.408195 0.408377
248 0.270636 0.270992
248.5 0.0668164 0.0672585
249 -0.153362 -0.152942
249.5 -0.335993 -0.335697
250 -0.43636 -0.436262
250.5 -0.429892 -0.430014
251 -0.31817 -0.318484
251.5 -0.12855 -0.128978
252 0.0925437 0.092106
252.5 0.29098 0.29064
253 0.418174 0.418014
253.5 0.442984 0.443045
254 0.359337 0.359602
254.5 0.187711 0.188117
255 -0.0298727 -0.0294265
255.5 -0.240143 -0.239765
256 -0.391617 -0.391401
256.5 -0.44721 -0.447208
257 -0.393311 -0.393523
257.5 -0.243115 -0.24349
258 -0.0333961 -0.033842
258.5 0.184499 0.184092
259 0.357223 0.356953
259.5 0.442486 0.44242
260 0.419413 0.419567
260.5 0.293653 0.29399
261 0.0959965 0.0964331
261.5 -0.125163 -0.124734
262 -0.315678 -0.315361
262.5 -0.428905 -0.428777
263 -0.43712 -0.437214
263.5 -0.338313 -0.338605
264 -0.156675 -0.157094
264.5 0.0633218 0.062879
265 0.267816 0.267457
265.5 0.406739 0.406553
266 0.446078 0.44611
266.5 0.376202 0.376443
267 0.214219 0.214611
267.5 -0.000213143 0.00023407
268 -0.214593 -0.2142
268.5 -0.376433 -0.376191
269 -0.446109 -0.446076
269.5 -0.406562 -0.406747
270 -0.267474 -0.267832
270.5 -0.0628998 -0.0633425
271 0.157075 0.156656
271.5 0.338592 0.338299
272 0.43721 0.437115
272.5 0.428784 0.42891
273 0.315376 0.315693
273.5 0.124754 0.125183
274 -0.0964128 -0.0959759
274.5 -0.293974 -0.293637
275 -0.41956 -0.419405
275.5 -0.442424 -0.442488
276 -0.356966 -0.357235
276.5 -0.184111 -0.184518
277 0.0338212 0.0333752
277.5 0.243473 0.243097
278 0.393513 0.3933
278.5 0.447208 0.44721
279 0.391411 0.391627
279.5 0.239783 0.24016
280 0.0294474 0.0298936
280.5 -0.188098 -0.187692
281 -0.35959 -0.359324
281.5 -0.443042 -0.442981
282 -0.418022 -0.418181
282.5 -0.290656 -0.290995
283 -0.0921266 -0.092564
283.5 0.128958 0.12853
284 0.31847 0.318155
284.5 0.430009 0.429885
285 0.436267 0.436364
285.5 0.335711 0.336006
286 0.152962 0.153382
286.5 -0.0672379 -0.0667957
287 -0.270975 -0.270619
287.5 -0.408369 -0.408186
288 -0.445779 -0.445814
288.5 -0.374047 -0.374292
289 -0.210736 -0.21113
289.5 0.00417156 0.00372436
290 0.218057 0.217667
290.5 0.378555 0.378316
291 0.446369 0.446341
291.5 0.404897 0.405086
292 0.264291 0.264652
292.5 0.0589783 0.0594215
293 -0.160775 -0.160357
293.5 -0.341165 -0.340875
294 -0.438025 -0.437934
294.5 -0.427642 -0.427772
295 -0.312557 -0.312877
295.5 -0.120948 -0.121378
296 0.100274 0.0998384
296.5 0.296946 0.296611
297 0.420914 0.420763
297.5 0.441828 0.441897
298 0.354568 0.35484
298.5 0.180496 0.180905
299 -0.0377669 -0.0373213
299.5 -0.246783 -0.24641
300 -0.395379 -0.395169
300.5 -0.447172 -0.447177
301 -0.389481 -0.3897
301.5 -0.236432 -0.236811
302 -0.0254964 -0.0259428
302.5 0.191682 0.191277
303 0.36193 0.361666
303.5 0.443564 0.443507
304 0.416599 0.416761
304.5 0.287636 0.287978
305 0.0882494 0.0886877
305.5 -0.132744 -0.132316
306 -0.321236 -0.320925
306.5 -0.431079 -0.43096
307 -0.435379 -0.435481
307.5 -0.333083 -0.333381
308 -0.149236 -0.149657
308.5 0.0711487 0.0707071
309 0.274114 0.27376
309.5 0.409966 0.409787
310 0.445445 0.445484
310.5 0.371863 0.372111
311 0.207236 0.207632
311.5 -0.00812965 -0.0076825
312 -0.221505 -0.221116
312.5 -0.380648 -0.380412
313 -0.446595 -0.446571
313.5 -0.4032 -0.403393
314 -0.261088 -0.26145
314.5 -0.0550521 -0.0554958
315 0.164462 0.164046
315.5 0.343711 0.343424
316 0.438806 0.438719
316.5 0.426467 0.426601
317 0.309714 0.310036
317.5 0.117132 0.117563
318 -0.104128 -0.103693
318.5 -0.299894 -0.299562
319 -0.422235 -0.422087
319.5 -0.441199 -0.441271
320 -0.352141 -0.352416
320.5 -0.176867 -0.177278
321 0.0417097 0.0412644
321.5 0.250075 0.249704
322 0.397213 0.397007
322.5 0.4471 0.447109
323 0.387521 0.387743
323.5 0.233063 0.233444
324 0.0215434 0.0219901
324.5 -0.195251 -0.194848
325 -0.364241 -0.363981
325.5 -0.444052 -0.443998
326 -0.415143 -0.415309
326.5 -0.284594 -0.284938
327 -0.0843654 -0.0848044
327.5 0.136519 0.136092
328 0.323978 0.323669
328.5 0.432116 0.432
329 0.434457 0.434563
329.5 0.330428 0.330729
330 0.145499 0.145921
330.5 -0.0750539 -0.0746129
331 -0.277231 -0.276879
331.5 -0.411532 -0.411356
332 -0.445076 -0.445119
332.5 -0.369649 -0.3699
333 -0.20372 -0.204118
333.5 0.0120871 0.01164
334 0.224935 0.224548
334.5 0.382711 0.382479
335 0.446786 0.446765
335.5 0.401472 0.401668
336 0.257864 0.258229
336.5 0.0511216 0.0515658
337 -0.168137 -0.167722
337.5 -0.34623 -0.345946
338 -0.439553 -0.43947
338.5 -0.425259 -0.425397
339 -0.306846 -0.307171
339.5 -0.113307 -0.11374
340 0.107974 0.107539
340.5 0.302819 0.302489
341 0.423523 0.423379
341.5 0.440534 0.440611
342 0.349687 0.349966
342.5 0.173225 0.173637
343 -0.0456493 -0.0452043
343.5 -0.253347 -0.252978
344 -0.399016 -0.398814
344.5 -0.446993 -0.447006
345 -0.38553 -0.385756
345.5 -0.229675 -0.230059
346 -0.0175887 -0.0180356
346.5 0.198804 0.198403
347 0.366523 0.366266
347.5 0.444504 0.444454
348 0.413655 0.413825
348.5 0.281529 0.281876
349 0.0804747 0.0809145
349.5 -0.140283 -0.139858
350 -0.326694 -0.326388
350.5 -0.433119 -0.433007
351 -0.433502 -0.433611
351.5 -0.327748 -0.328052
352 -0.14175 -0.142174
352.5 0.0789533 0.0785129
353 0.280326 0.279977
353.5 0.413065 0.412893
354 0.444672 0.444718
354.5 0.367407 0.367661
355 0.200188 0.200588
355.5 -0.0160436 -0.0155967
356 -0.228347 -0.227962
356.5 -0.384744 -0.384515
357 -0.446941 -0.446925
357.5 -0.399712 -0.399912
358 -0.254619 -0.254987
358.5 -0.0471871 -0.0476318
359 0.171798 0.171385
359.5 0.348721 0.348441
360 0.440266 0.440186
360.5 0.424017 0.424159
361 0.303955 0.304282
361.5 0.109473 0.109907
362 -0.111811 -0.111378
362.5 -0.30572 -0.305393
363 -0.424778 -0.424637
363.5 -0.439836 -0.439916
364 -0.347206 -0.347488
364.5 -0.169569 -0.169982
365 0.0495852 0.0491407
365.5 0.256599 0.256232
366 0.400788 0.400589
366.5 0.446851 0.446868
367 0.383508 0.383738
367.5 0.22627 0.226655
368 0.0136327 0.0140797
368.5 -0.202342 -0.201943
369 -0.368777 -0.368523
369.5 -0.444922 -0.444876
370 -0.412135 -0.412308
370.5 -0.278442 -0.278792
371 -0.0765777 -0.0770182
371.5 0.144036 0.143612
372 0.329384 0.329081
372.5 0.434088 0.43398
373 0.432512 0.432625
373.5 0.325042 0.325348
374 0.13799 0.138415
374.5 -0.0828464 -0.0824068
375 -0.283399 -0.283053
375.5 -0.414566 -0.414398
376 -0.444233 -0.444284
376.5 -0.365136 -0.365393
377 -0.196641 -0.197042
377.5 0.0199989 0.0195521
378 0.231742 0.231359
378.5 0.386746 0.386521
379 0.447062 0.44705
379.5 0.397921 0.398125
380 0.251355 0.251725
380.5 0.043249 0.043694
381 -0.175446 -0.175035
381.5 -0.351186 -0.350909
382 -0.440943 -0.440868
382.5 -0.422742 -0.422888
383 -0.301039 -0.301369
383.5 -0.105631 -0.106066
384 0.115639 0.115207
384.5 0.308597 0.308273
385 0.425999 0.425862
385.5 0.439102 0.439186
386 0.344698 0.344982
386.5 0.165899 0.166314
387 -0.0535173 -0.0530732
387.5 -0.259831 -0.259466
388 -0.402529 -0.402333
388.5 -0.446674 -0.446695
389 -0.381457 -0.38169
389.5 -0.222847 -0.223234
390 -0.00967556 -0.0101227
390.5 0.205864 0.205467
391 0.371002 0.370751
391.5 0.445305 0.445263
392 0.410582 0.410758
392.5 0.275334 0.275686
393 0.0726748 0.0731159
393.5 -0.147778 -0.147355
394 -0.332049 -0.331749
394.5 -0.435023 -0.434919
395 -0.431488 -0.431605
395.5 -0.32231 -0.32262
396 -0.134219 -0.134646
396.5 0.0867331 0.0862942
397 0.28645 0.286106
397.5 0.416034 0.41587
398 0.443759 0.443814
398.5 0.362836 0.363097
399 0.193078 0.193481
399.5 -0.0239526 -0.0235059
400 -0.235118 -0.234738
400.5 -0.388719 -0.388497
401 -0.447148 -0.447139
401.5 -0.396099 -0.396306
402 -0.248071 -0.248443
402.5 -0.0393074 -0.0397528
403 0.17908 0.17867
403.5 0.353623 0.353349
404 0.441587 0.441515
404.5 0.421434 0.421583
405 0.2981 0.298433
405.5 0.101781 0.102216
406 -0.119458 -0.119027
406.5 -0.31145 -0.311128
407 -0.427187 -0.427054
407.5 -0.438335 -0.438423
408 -0.342162 -0.34245
408.5 -0.162217 -0.162633
409 0.0574452 0.0570016
409.5 0.263042 0.26268
410 0.404238 0.404046
410.5 0.446462 0.446487
411 0.379376 0.379612
411.5 0.219406 0.219795
412 0.00571768 0.00616485
412.5 -0.20937 -0.208975
413 -0.373197 -0.37295
413.5 -0.445653 -0.445615
414 -0.408997 -0.409177
414.5 -0.272204 -0.272558
415 -0.0687661 -0.0692079
415.5 0.151508 0.151087
416 0.334688 0.33439
416.5 0.435924 0.435823
417 0.430431 0.430552
417.5 0.319554 0.319866
418 0.130438 0.130866
418.5 -0.090613 -0.0901749
419 -0.289479 -0.289138
419.5 -0.41747 -0.417309
420 -0.44325 -0.443309
420.5 -0.360507 -0.360771
421 -0.1895 -0.189904
421.5 0.0279044 0.027458
422 0.238476 0.238098
422.5 0.390661 0.390443
423 0.447198 0.447194
423.5 0.394246 0.394456
424 0.244768 0.245142
424.5 0.0353627 0.0358085
425 -0.182701 -0.182292
425.5 -0.356033 -0.355761
426 -0.442195 -0.442128
426.5 -0.420093 -0.420246
427 -0.295138 -0.295473
427.5 -0.0979221 -0.0983583
428 0.123268 0.122838
428.5 0.314278 0.31396
429 0.428342 0.428213
429.5 0.437532 0.437624
430 0.3396 0.33989
430.5 0.158521 0.158939
431 -0.0613686 -0.0609255
431.5 -0.266233 -0.265874
432 -0.405915 -0.405727
432.5 -0.446215 -0.446244
433 -0.377265 -0.377505
433.5 -0.215948 -0.216339
434 -0.00175935 -0.00220656
434.5 0.21286 0.212466
435 0.375364 0.37512
435.5 0.445966 0.445932
436 0.407379 0.407563
436.5 0.269052 0.269409
437 0.0648521 0.0652945
437.5 -0.155226 -0.154807
438 -0.3373 -0.337006
438.5 -0.436791 -0.436694
439 -0.42934 -0.429464
439.5 -0.316772 -0.317087
440 -0.126647 -0.127076
440.5 0.0944857 0.0940485
441 0.292485 0.292146
441.5 0.418873 0.418716
442 0.442707 0.44277
442.5 0.358151 0.358418
443 0.185907 0.186313
443.5 -0.031854 -0.0314079
444 -0.241816 -0.241439
444.5 -0.392572 -0.392358
445 -0.447214 -0.447213
445.5 -0.392362 -0.392576
446 -0.241446 -0.241822
446.5 -0.0314153 -0.0318614
447 0.186307 0.1859
447.5 0.358414 0.358146
448 0.442769 0.442706
448.5 0.418719 0.418876
449 0.292152 0.29249
449.5 0.0940558 0.0944929
450 -0.127068 -0.12664
450.5 -0.317082 -0.316766
451 -0.429463 -0.429337
451.5 -0.436696 -0.436792
452 -0.337011 -0.337304
452.5 -0.154814 -0.155233
453 0.0652872 0.0648446
453.5 0.269404 0.269046
454 0.407561 0.407376
454.5 0.445933 0.445966
455 0.375125 0.375368
455.5 0.212473 0.212866
456 -0.00219911 -0.0017519
456.5 -0.216333 -0.215941
457 -0.377501 -0.377261
457.5 -0.446244 -0.446214
458 -0.40573 -0.405918
458.5 -0.26588 -0.266239
459 -0.060933 -0.0613759
459.5 0.158933 0.158514
460 0.339886 0.339595
460.5 0.437623 0.43753
461 0.428215 0.428344
461.5 0.313965 0.314283
462 0.122845 0.123275
462.5 -0.0983511 -0.0979147
463 -0.295468 -0.295132
463.5 -0.420244 -0.42009
464 -0.442129 -0.442196
464.5 -0.355766 -0.356037
465 -0.182299 -0.182707
465.5 0.0358011 0.0353553
466 0.245136 0.244762
466.5 0.394453 0.394242
467 0.447194 0.447198
467.5 0.390447 0.390664
468 0.238104 0.238482
468.5 0.0274654 0.0279118
469 -0.189898 -0.189493
469.5 -0.360767 -0.360503
470 -0.443309 -0.443249
470.5 -0.417312 -0.417473
471 -0.289144 -0.289484
471.5 -0.0901823 -0.0906202
472 0.130859 0.130431
472.5 0.319861 0.319548
473 0.43055 0.430429
473.5 0.435826 0.435925
474 0.334396 0.334692
474.5 0.151094 0.151515
475 -0.0692006 -0.0687587
475.5 -0.272553 -0.272198
476 -0.409174 -0.408993
476.5 -0.445616 -0.445653
477 -0.372955 -0.373201
477.5 -0.208982 -0.209377
478 0.00615741 0.00571023
478.5 0.219789 0.219399
479 0.379609 0.379372
479.5 0.446487 0.446461
480 0.404049 0.404241
480.5 0.262687 0.263048
481 0.0570091 0.0574525
481.5 -0.162626 -0.16221
482 -0.342445 -0.342157
482.5 -0.438421 -0.438333
483 -0.427057 -0.427189
483.5 -0.311134 -0.311455
484 -0.119034 -0.119465
484.5 0.102209 0.101773
485 0.298428 0.298094
485.5 0.421581 0.421431
486 0.441517 0.441587
486.5 0.353354 0.353627
487 0.178677 0.179087
487.5 -0.0397454 -0.0392999
488 -0.248437 -0.248065
488.5 -0.396303 -0.396095
489 -0.44714 -0.447147
489.5 -0.388501 -0.388722
490 -0.234744 -0.235124
490.5 -0.0235134 -0.02396
491 0.193474 0.193071
491.5 0.363093 0.362831
492 0.443813 0.443758
492.5 0.415873 0.416037
493 0.286112 0.286456
493.5 0.0863016 0.0867403
494 -0.134639 -0.134212
494.5 -0.322615 -0.322305
495 -0.431604 -0.431486
495.5 -0.434921 -0.435024
496 -0.331754 -0.332054
496.5 -0.147363 -0.147785
497 0.0731087 0.0726674
497.5 0.27568 0.275328
498 0.410756 0.410578
498.5 0.445264 0.445305
499 0.370756 0.371005
499.5 0.205474 0.205871
500 -0.0101152 -0.0096681
500.5 -0.223228 -0.22284
501 -0.381686 -0.381453
501.5 -0.446695 -0.446673
502 -0.402337 -0.402532
502.5 -0.259473 -0.259837
503 -0.0530807 -0.0535247
503.5 0.166307 0.165892
504 0.344978 0.344693
504.5 0.439185 0.4391
505 0.425865 0.426001
505.5 0.308278 0.308602
506 0.115214 0.115646
506.5 -0.106058 -0.105624
507 -0.301364 -0.301033
507.5 -0.422886 -0.422739
508 -0.44087 -0.440944
508.5 -0.350914 -0.35119
509 -0.175042 -0.175453
509.5 0.0436866 0.0432415
510 0.251719 0.251349
510.5 0.398122 0.397917
511 0.44705 0.447062
511.5 0.386525 0.38675
512 0.231366 0.231748
512.5 0.0195595 0.0200063
513 -0.197035 -0.196634
513.5 -0.365389 -0.365131
514 -0.444283 -0.444231
514.5 -0.414401 -0.414568
515 -0.283059 -0.283405
515.5 -0.0824142 -0.0828537
516 0.138408 0.137983
516.5 0.325344 0.325036
517 0.432624 0.43251
517.5 0.433982 0.434089
518 0.329087 0.329389
518.5 0.143619 0.144043
519 -0.077011 -0.0765703
519.5 -0.278786 -0.278436
520 -0.412305 -0.412131
520.5 -0.444877 -0.444922
521 -0.368528 -0.368781
521.5 -0.20195 -0.202349
522 0.0140722 0.0136252
522.5 0.226649 0.226263
523 0.383734 0.383504
523.5 0.446868 0.44685
524 0.400593 0.400791
524.5 0.256239 0.256605
525 0.0491482 0.0495926
525.5 -0.169975 -0.169562
526 -0.347483 -0.347201
526.5 -0.439915 -0.439834
527 -0.42464 -0.42478
527.5 -0.305399 -0.305725
528 -0.111385 -0.111818
528.5 0.1099 0.109466
529 0.304277 0.303949
529.5 0.424157 0.424014
530 0.440188 0.440266
530.5 0.348446 0.348726
531 0.171392 0.171805
531.5 -0.0476244 -0.0471797
532 -0.254981 -0.254613
532.5 -0.399909 -0.399708
533 -0.446926 -0.446941
533.5 -0.384519 -0.384747
534 -0.227969 -0.228353
534.5 -0.0156041 -0.016051
535 0.200581 0.200181
535.5 0.367657 0.367402
536 0.444718 0.44467
536.5 0.412896 0.413068
537 0.279983 0.280331
537.5 0.0785204 0.0789605
538 -0.142167 -0.141743
538.5 -0.328047 -0.327742
539 -0.43361 -0.433499
539.5 -0.433009 -0.433121
540 -0.326393 -0.326699
540.5 -0.139865 -0.14029
541 0.0809073 0.0804673
541.5 0.281871 0.281523
542 0.413822 0.413652
542.5 0.444456 0.444505
543 0.366271 0.366527
543.5 0.19841 0.198811
544 -0.0180282 -0.0175813
544.5 -0.230053 -0.229669
545 -0.385752 -0.385525
545.5 -0.447006 -0.446992
546 -0.398817 -0.399019
546.5 -0.252984 -0.253353
547 -0.0452118 -0.0456566
547.5 0.17363 0.173218
548 0.349961 0.349682
548.5 0.44061 0.440533
549 0.423382 0.423525
549.5 0.302495 0.302824
550 0.107547 0.107981
550.5 -0.113733 -0.1133
551 -0.307166 -0.306841
551.5 -0.425395 -0.425256
552 -0.439472 -0.439554
552.5 -0.345951 -0.346234
553 -0.167729 -0.168144
553.5 0.0515585 0.0511142
554 0.258223 0.257857
554.5 0.401665 0.401468
555 0.446766 0.446785
555.5 0.382483 0.382714
556 0.224555 0.224941
556.5 0.0116475 0.0120945
557 -0.204111 -0.203713
557.5 -0.369897 -0.369645
558 -0.445118 -0.445074
558.5 -0.41136 -0.411534
559 -0.276886 -0.277236
559.5 -0.0746203 -0.0750612
560 0.145915 0.145492
560.5 0.330724 0.330423
561 0.434561 0.434455
561.5 0.432003 0.432118
562 0.323675 0.323983
562.5 0.1361 0.136525
563 -0.0847972 -0.084358
563.5 -0.284933 -0.284588
564 -0.415307 -0.41514
564.5 -0.443999 -0.444052
565 -0.363985 -0.364245
565.5 -0.194855 -0.195257
566 0.0219827 0.021536
566.5 0.233438 0.233056
567 0.38774 0.387516
567.5 0.447109 0.447099
568 0.397011 0.397216
568.5 0.24971 0.250081
569 0.0412719 0.0417171
569.5 -0.177271 -0.17686
570 -0.352412 -0.352136
570.5 -0.44127 -0.441197
571 -0.42209 -0.422237
571.5 -0.299568 -0.299899
572 -0.1037 -0.104135
572.5 0.117556 0.117125
573 0.310031 0.309708
573.5 0.426599 0.426465
574 0.438721 0.438807
574.5 0.343429 0.343715
575 0.164053 0.164469
575.5 -0.0554885 -0.0550446
576 -0.261445 -0.261081
576.5 -0.40339 -0.403196
577 -0.446572 -0.446595
577.5 -0.380417 -0.380651
578 -0.221123 -0.221511
578.5 -0.00768996 -0.00813709
579 0.207625 0.207229
579.5 0.372107 0.371858
580 0.445484 0.445444
580.5 0.40979 0.409969
581 0.273766 0.274119
581.5 0.0707145 0.071156
582 -0.149651 -0.149229
582.5 -0.333376 -0.333077
583 -0.435479 -0.435377
583.5 -0.430962 -0.431081
584 -0.32093 -0.321241
584.5 -0.132324 -0.132751
585 0.0886805 0.088242
585.5 0.287973 0.28763
586 0.416759 0.416596
586.5 0.443508 0.443565
587 0.361671 0.361934
587.5 0.191284 0.191688
588 -0.0259354 -0.0254889
588.5 -0.236805 -0.236426
589 -0.389697 -0.389477
589.5 -0.447177 -0.447171
590 -0.395173 -0.395382
590.5 -0.246417 -0.246789
591 -0.0373287 -0.0377743
591.5 0.180898 0.180489
592 0.354835 0.354563
592.5 0.441896 0.441827
593 0.420766 0.420916
593.5 0.296617 0.296951
594 0.0998457 0.100282
594.5 -0.121371 -0.12094
595 -0.312872 -0.312552
595.5 -0.427771 -0.42764
596 -0.437936 -0.438026
596.5 -0.34088 -0.341169
597 -0.160364 -0.160782
597.5 0.0594142 0.0589708
598 0.264646 0.264285
598.5 0.405083 0.404893
599 0.446342 0.446369
599.5 0.378321 0.378559
600 0.217673 0.218064
600.5 0.00373182 0.00417901
601 -0.211123 -0.210729
601.5 -0.374288 -0.374043
602 -0.445814 -0.445778
602.5 -0.408189 -0.408371
603 -0.270625 -0.270981
603.5 -0.0668031 -0.0672452
604 0.153375 0.152955
604.5 0.336001 0.335706
605 0.436363 0.436265
605.5 0.429888 0.43001
606 0.318161 0.318475
606.5 0.128537 0.128965
607 -0.0925568 -0.0921192
607.5 -0.29099 -0.29065
608 -0.418178 -0.418019
608.5 -0.442982 -0.443043
609 -0.359329 -0.359594
609.5 -0.187699 -0.188104
610 0.0298862 0.0294399
610.5 0.240154 0.239776
611 0.391624 0.391407
611.5 0.44721 0.447208
612 0.393304 0.393517
612.5 0.243104 0.243479
613 0.0333826 0.0338286
613.5 -0.184512 -0.184104
614 -0.357231 -0.356961
614.5 -0.442488 -0.442422
615 -0.419408 -0.419563
615.5 -0.293643 -0.293979
616 -0.0959833 -0.09642
616.5 0.125176 0.124747
617 0.315688 0.315371
617.5 0.428908 0.428781
618 0.437117 0.437211
618.5 0.338304 0.338596
619 0.156663 0.157082
619.5 -0.0633352 -0.0628924
620 -0.267827 -0.267468
620.5 -0.406745 -0.406558
621 -0.446077 -0.446109
621.5 -0.376195 -0.376436
622 -0.214207 -0.214599
622.5 0.00022662 -0.000220593
623 0.214605 0.214212
623.5 0.37644 0.376198
624 0.44611 0.446077
624.5 0.406556 0.406742
625 0.267463 0.267821
625.5 0.0628865 0.0633291
626 -0.157087 -0.156668
626.5 -0.338601 -0.338308
627 -0.437213 -0.437118
627.5 -0.42878 -0.428906
628 -0.315367 -0.315683
628.5 -0.124741 -0.12517
629 0.0964259 0.0959891
629.5 0.293984 0.293647
630 0.419565 0.41941
630.5 0.442422 0.442486
631 0.356958 0.357227
631.5 0.184099 0.184506
632 -0.0338346 -0.0333886
632.5 -0.243484 -0.243108
633 -0.39352 -0.393307
633.5 -0.447208 -0.44721
634 -0.391405 -0.39162
634.5 -0.239772 -0.240149
635 -0.0294339 -0.0298801
635.5 0.18811 0.187704
636 0.359598 0.359332
636.5 0.443044 0.442983
637 0.418018 0.418176
637.5 0.290646 0.290985
638 0.0921134 0.0925508
638.5 -0.128971 -0.128543
639 -0.318479 -0.318165
639.5 -0.430013 -0.429889
640 -0.436264 -0.436361
640.5 -0.335702 -0.335997
641 -0.152949 -0.153369
641.5 0.0672512 0.066809
642 0.270986 0.27063
642.5 0.408374 0.408191
643 0.445778 0.445813
643.5 0.37404 0.374284
644 0.210724 0.211118
644.5 -0.00418504 -0.00373784
645 -0.218069 -0.217678
645.5 -0.378562 -0.378323
646 -0.44637 -0.446342
646.5 -0.404891 -0.40508
647 -0.26428 -0.264641
647.5 -0.0589649 -0.0594081
648 0.160787 0.16037
648.5 0.341173 0.340884
649 0.438028 0.437937
649.5 0.427638 0.427768
650 0.312548 0.312867
650.5 0.120935 0.121365
651 -0.100287 -0.0998515
651.5 -0.296956 -0.296621
652 -0.420919 -0.420767
652.5 -0.441826 -0.441895
653 -0.354559 -0.354831
653.5 -0.180484 -0.180893
654 0.0377804 0.0373347
654.5 0.246795 0.246421
655 0.395385 0.395175
655.5 0.447171 0.447177
656 0.389475 0.389694
656.5 0.236421 0.2368
657 0.0254829 0.0259294
657.5 -0.191694 -0.19129
658 -0.361938 -0.361674
658.5 -0.443566 -0.443508
659 -0.416594 -0.416756
659.5 -0.287626 -0.287968
660 -0.0882362 -0.0886745
660.5 0.132757 0.132329
661 0.321246 0.320934
661.5 0.431083 0.430963
662 0.435376 0.435478
662.5 0.333074 0.333372
663 0.149223 0.149645
663.5 -0.071162 -0.0707204
664 -0.274124 -0.273771
664.5 -0.409972 -0.409792
665 -0.445444 -0.445483
665.5 -0.371855 -0.372103
666 -0.207224 -0.20762
666.5 0.00814313 0.00769598
667 0.221516 0.221128
667.5 0.380655 0.38042
668 0.446596 0.446571
668.5 0.403194 0.403387
669 0.261077 0.26144
669.5 0.0550387 0.0554824
670 -0.164475 -0.164059
670.5 -0.343719 -0.343433
671 -0.438809 -0.438722
671.5 -0.426463 -0.426597
672 -0.309704 -0.310026
672.5 -0.117119 -0.11755
673 0.104141 0.103706
673.5 0.299904 0.299572
674 0.42224 0.422092
674.5 0.441197 0.441269
675 0.352133 0.352408
675.5 0.176855 0.177266
676 -0.0417231 -0.0412778
676.5 -0.250086 -0.249715
677 -0.397219 -0.397013
677.5 -0.447099 -0.447109
678 -0.387514 -0.387736
678.5 -0.233051 -0.233433
679 -0.02153 -0.0219766
679.5 0.195263 0.19486
680 0.364248 0.363988
680.5 0.444053 0.444
681 0.415138 0.415304
681.5 0.284583 0.284928
682 0.0843521 0.0847912
682.5 -0.136531 -0.136105
683 -0.323987 -0.323678
683.5 -0.43212 -0.432004
684 -0.434454 -0.43456
684.5 -0.330419 -0.33072
685 -0.145486 -0.145909
685.5 0.0750672 0.0746262
686 0.277241 0.27689
686.5 0.411537 0.411361
687 0.445074 0.445117
687.5 0.369642 0.369893
688 0.203708 0.204106
688.5 -0.0121006 -0.0116535
689 -0.224946 -0.22456
689.5 -0.382718 -0.382486
690 -0.446786 -0.446766
690.5 -0.401466 -0.401662
691 -0.257853 -0.258218
691.5 -0.0511082 -0.0515524
692 0.168149 0.167735
692.5 0.346238 0.345955
693 0.439556 0.439473
693.5 0.425255 0.425392
694 0.306837 0.307161
694.5 0.113294 0.113727
695 -0.107987 -0.107553
695.5 -0.302829 -0.302499
696 -0.423527 -0.423383
696.5 -0.440532 -0.440608
697 -0.349679 -0.349957
697.5 -0.173212 -0.173624
698 0.0456627 0.0452177
698.5 0.253358 0.252989
699 0.399022 0.39882
699.5 0.446992 0.447006
700 0.385523 0.385749
700.5 0.229664 0.230047
701 0.0175753 0.0180221
701.5 -0.198816 -0.198415
702 -0.366531 -0.366274
702.5 -0.444506 -0.444456
703 -0.41365 -0.413819
703.5 -0.281519 -0.281866
704 -0.0804614 -0.0809012
704.5 0.140295 0.139871
705 0.326703 0.326397
705.5 0.433122 0.43301
706 0.433498 0.433608
706.5 0.327739 0.328042
707 0.141737 0.142161
707.5 -0.0789665 -0.0785262
708 -0.280336 -0.279988
708.5 -0.41307 -0.412898
709 -0.44467 -0.444717
709.5 -0.367399 -0.367654
710 -0.200176 -0.200576
710.5 0.0160571 0.0156101
711 0.228359 0.227974
711.5 0.38475 0.384522
712 0.446942 0.446925
712.5 0.399706 0.399906
713 0.254608 0.254976
713.5 0.0471737 0.0476184
714 -0.171811 -0.171398
714.5 -0.34873 -0.348449
715 -0.440268 -0.440189
715.5 -0.424013 -0.424154
716 -0.303945 -0.304272
716.5 -0.10946 -0.109894
717 0.111824 0.111391
717.5 0.30573 0.305403
718 0.424782 0.424642
718.5 0.439833 0.439913
719 0.347198 0.347479
719.5 0.169556 0.16997
720 -0.0495986 -0.0491541
720.5 -0.25661 -0.256243
721 -0.400794 -0.400595
721.5 -0.44685 -0.446867
722 -0.383501 -0.383731
722.5 -0.226258 -0.226644
723 -0.0136192 -0.0140662
723.5 0.202354 0.201955
724 0.368784 0.368531
724.5 0.444923 0.444877
725 0.412129 0.412302
725.5 0.278432 0.278781
726 0.0765645 0.077005
726.5 -0.144049 -0.143625
727 -0.329393 -0.32909
727.5 -0.434091 -0.433983
728 -0.432509 -0.432622
728.5 -0.325033 -0.325339
729 -0.137977 -0.138402
729.5 0.0828597 0.0824201
730 0.28341 0.283063
730.5 0.414571 0.414403
731 0.444231 0.444282
731.5 0.365128 0.365385
732 0.196628 0.19703
732.5 -0.0200123 -0.0195655
733 -0.231753 -0.231371
733.5 -0.386753 -0.386528
734 -0.447062 -0.44705
734.5 -0.397915 -0.398118
735 -0.251344 -0.251714
735.5 -0.0432355 -0.0436806
736 0.175459 0.175047
736.5 0.351194 0.350917
737 0.440946 0.44087
737.5 0.422738 0.422883
738 0.301029 0.301359
738.5 0.105618 0.106052
739 -0.115652 -0.11522
739.5 -0.308607 -0.308282
740 -0.426003 -0.425867
740.5 -0.4391 -0.439184
741 -0.344689 -0.344974
741.5 -0.165887 -0.166302
742 0.0535307 0.0530866
742.5 0.259842 0.259477
743 0.402535 0.402339
743.5 0.446673 0.446694
744 0.38145 0.381683
744.5 0.222835 0.223222
745 0.00966209 0.0101092
745.5 -0.205876 -0.205479
746 -0.371009 -0.370759
746.5 -0.445306 -0.445264
747 -0.410576 -0.410753
747.5 -0.275323 -0.275675
748 -0.0726615 -0.0731026
748.5 0.14779 0.147368
749 0.332058 0.331758
749.5 0.435026 0.434922
750 0.431485 0.431602
750.5 0.322301 0.322611
751 0.134207 0.134633
751.5 -0.0867463 -0.0863075
752 -0.286461 -0.286117
752.5 -0.416039 -0.415875
753 -0.443757 -0.443812
753.5 -0.362828 -0.363089
754 -0.193065 -0.193469
754.5 0.023966 0.0235194
755 0.23513 0.234749
755.5 0.388726 0.388504
756 0.447148 0.447139
756.5 0.396093 0.3963
757 0.24806 0.248432
757.5 0.039294 0.0397394
758 -0.179093 -0.178683
758.5 -0.353631 -0.353357
759 -0.441589 -0.441517
759.5 -0.42143 -0.421579
760 -0.29809 -0.298423
760.5 -0.101767 -0.102203
761 0.119471 0.11904
761.5 0.311459 0.311138
762 0.427191 0.427058
762.5 0.438332 0.43842
763 0.342154 0.342441
763.5 0.162204 0.162621
764 -0.0574586 -0.057015
764.5 -0.263053 -0.262691
765 -0.404244 -0.404052
765.5 -0.446461 -0.446486
766 -0.379369 -0.379605
766.5 -0.219394 -0.219784
767 -0.00570421 -0.00615137
767.5 0.209382 0.208987
768 0.373205 0.372958
768.5 0.445654 0.445616
769 0.408991 0.409171
769.5 0.272193 0.272548
770 0.0687528 0.0691946
770.5 -0.151521 -0.1511
771 -0.334696 -0.334399
771.5 -0.435927 -0.435827
772 -0.430427 -0.430548
772.5 -0.319544 -0.319857
773 -0.130425 -0.130853
773.5 0.0906261 0.0901881
774 0.289489 0.289148
774.5 0.417475 0.417314
775 0.443249 0.443307
775.5 0.360499 0.360764
776 0.189487 0.189892
776.5 -0.0279178 -0.0274714
777 -0.238488 -0.238109
777.5 -0.390668 -0.390449
778 -0.447198 -0.447194
778.5 -0.394239 -0.39445
779 -0.244757 -0.245131
779.5 -0.0353493 -0.0357951
780 0.182713 0.182304
780.5 0.356041 0.35577
781 0.442197 0.44213
781.5 0.420089 0.420241
782 0.295127 0.295463
782.5 0.0979089 0.0983451
783 -0.123281 -0.122851
783.5 -0.314288 -0.313969
784 -0.428346 -0.428217
784.5 -0.43753 -0.437622
785 -0.339591 -0.339882
785.5 -0.158509 -0.158927
786 0.0613819 0.0609389
786.5 0.266244 0.265885
787 0.405921 0.405732
787.5 0.446214 0.446243
788 0.377258 0.377497
788.5 0.215936 0.216328
789 0.00174588 0.00219308
789.5 -0.212872 -0.212478
790 -0.375371 -0.375128
790.5 -0.445967 -0.445933
791 -0.407374 -0.407558
791.5 -0.269042 -0.269399
792 -0.0648387 -0.0652811
792.5 0.155239 0.154819
793 0.337309 0.337015
793.5 0.436794 0.436697
794 0.429336 0.429461
794.5 0.316762 0.317077
795 0.126634 0.127063
795.5 -0.0944989 -0.0940616
796 -0.292495 -0.292156
796.5 -0.418878 -0.418721
797 -0.442705 -0.442768
797.5 -0.358143 -0.35841
798 -0.185894 -0.186301
798.5 0.0318674 0.0314213
799 0.241827 0.24145
799.5 0.392579 0.392364
800 0.447214 0.447213
800.5 0.392355 0.392569
801 0.241434 0.24181
801.5 0.0314019 0.0318479
802 -0.186319 -0.185912
802.5 -0.358422 -0.358154
803 -0.442771 -0.442708
803.5 -0.418714 -0.418871
804 -0.292142 -0.29248
804.5 -0.0940427 -0.0944797
805 0.127081 0.126652
805.5 0.317092 0.316776
806 0.429467 0.429341
806.5 0.436693 0.436789
807 0.337002 0.337296
807.5 0.154801 0.155221
808 -0.0653005 -0.064858
808.5 -0.269414 -0.269057
809 -0.407566 -0.407381
809.5 -0.445932 -0.445965
810 -0.375117 -0.37536
810.5 -0.212461 -0.212855
811 0.00221259 0.00176538
811.5 0.216345 0.215953
812 0.377508 0.377268
812.5 0.446245 0.446215
813 0.405725 0.405912
813.5 0.265869 0.266228
814 0.0609196 0.0613626
814.5 -0.158945 -0.158527
815 -0.339895 -0.339603
815.5 -0.437626 -0.437533
816 -0.428211 -0.42834
816.5 -0.313956 -0.314274
817 -0.122832 -0.123262
817.5 0.0983642 0.0979278
818 0.295478 0.295142
818.5 0.420248 0.420095
819 0.442127 0.442194
819.5 0.355758 0.356029
820 0.182287 0.182695
820.5 -0.0358145 -0.0353687
821 -0.245147 -0.244773
821.5 -0.394459 -0.394248
822 -0.447194 -0.447198
822.5 -0.39044 -0.390658
823 -0.238093 -0.238471
823.5 -0.027452 -0.0278983
824 0.18991 0.189505
824.5 0.360775 0.360511
825 0.44331 0.443251
825.5 0.417308 0.417468
826 0.289133 0.289474
826.5 0.0901691 0.090607
827 -0.130872 -0.130444
827.5 -0.31987 -0.319557
828 -0.430554 -0.430432
828.5 -0.435823 -0.435922
829 -0.334387 -0.334683
829.5 -0.151081 -0.151502
830 0.0692139 0.068772
830.5 0.272563 0.272208
831 0.40918 0.408999
831.5 0.445615 0.445652
832 0.372947 0.373194
832.5 0.20897 0.209365
833 -0.00617088 -0.0057237
833.5 -0.219801 -0.219411
834 -0.379616 -0.379379
834.5 -0.446488 -0.446461
835 -0.404044 -0.404235
835.5 -0.262676 -0.263037
836 -0.0569957 -0.0574392
836.5 0.162639 0.162222
837 0.342454 0.342166
837.5 0.438424 0.438335
838 0.427053 0.427185
838.5 0.311124 0.311445
839 0.119021 0.119452
839.5 -0.102222 -0.101786
840 -0.298438 -0.298104
840.5 -0.421586 -0.421436
841 -0.441515 -0.441585
841.5 -0.353346 -0.353619
842 -0.178665 -0.179075
842.5 0.0397589 0.0393134
843 0.248448 0.248076
843.5 0.396309 0.396101
844 0.44714 0.447147
844.5 0.388495 0.388716
845 0.234733 0.235113
845.5 0.0234999 0.0239465
846 -0.193486 -0.193083
846.5 -0.3631 -0.362839
847 -0.443815 -0.443759
847.5 -0.415868 -0.416032
848 -0.286102 -0.286445
848.5 -0.0862884 -0.0867271
849 0.134652 0.134225
849.5 0.322624 0.322314
850 0.431607 0.43149
850.5 0.434918 0.435021
851 0.331745 0.332045
851.5 0.14735 0.147772
852 -0.073122 -0.0726807
852.5 -0.275691 -0.275338
853 -0.410761 -0.410584
853.5 -0.445263 -0.445304
854 -0.370748 -0.370998
854.5 -0.205462 -0.205859
855 0.0101287 0.00968158
855.5 0.223239 0.222852
856 0.381693 0.38146
856.5 0.446696 0.446673
857 0.402331 0.402526
857.5 0.259462 0.259826
858 0.0530673 0.0535113
858.5 -0.16632 -0.165905
859 -0.344986 -0.344701
859.5 -0.439188 -0.439103
860 -0.425861 -0.425997
860.5 -0.308269 -0.308592
861 -0.115201 -0.115633
861.5 0.106072 0.105637
862 0.301374 0.301043
862.5 0.42289 0.422744
863 0.440867 0.440942
863.5 0.350905 0.351182
864 0.175029 0.175441
864.5 -0.0437 -0.0432549
865 -0.25173 -0.25136
865.5 -0.398128 -0.397923
866 -0.44705 -0.447061
866.5 -0.386519 -0.386743
867 -0.231354 -0.231737
867.5 -0.0195461 -0.0199928
868 0.197048 0.196646
868.5 0.365397 0.365139
869 0.444285 0.444233
869.5 0.414396 0.414563
870 0.283048 0.283394
870.5 0.082401 0.0828404
871 -0.138421 -0.137996
871.5 -0.325353 -0.325046
872 -0.432627 -0.432513
872.5 -0.433979 -0.434086
873 -0.329078 -0.32938
873.5 -0.143607 -0.14403
874 0.0770243 0.0765836
874.5 0.278797 0.278447
875 0.41231 0.412137
875.5 0.444876 0.444921
876 0.36852 0.368773
876.5 0.201938 0.202337
877 -0.0140857 -0.0136387
877.5 -0.226661 -0.226275
878 -0.383741 -0.383511
878.5 -0.446869 -0.44685
879 -0.400587 -0.400785
879.5 -0.256228 -0.256594
880 -0.0491348 -0.0495792
880.5 0.169988 0.169574
881 0.347492 0.34721
881.5 0.439917 0.439836
882 0.424636 0.424776
882.5 0.305389 0.305715
883 0.111372 0.111805
883.5 -0.109913 -0.109479
884 -0.304287 -0.303959
884.5 -0.424161 -0.424019
885 -0.440186 -0.440264
885.5 -0.348438 -0.348717
886 -0.17138 -0.171793
886.5 0.0476378 0.0471931
887 0.254992 0.254624
887.5 0.399915 0.399714
888 0.446925 0.446941
888.5 0.384512 0.38474
889 0.227957 0.228342
889.5 0.0155907 0.0160376
890 -0.200593 -0.200193
890.5 -0.367665 -0.36741
891 -0.44472 -0.444672
891.5 -0.412891 -0.413062
892 -0.279973 -0.280321
892.5 -0.0785071 -0.0789472
893 0.14218 0.141756
893.5 0.328056 0.327752
894 0.433613 0.433503
894.5 0.433006 0.433117
895 0.326384 0.326689
895.5 0.139852 0.140277
896 -0.0809205 -0.0804806
896.5 -0.281881 -0.281533
897 -0.413827 -0.413657
897.5 -0.444454 -0.444503
898 -0.366263 -0.366519
898.5 -0.198398 -0.198799
899 0.0180416 0.0175947
899.5 0.230064 0.22968
900 0.385759 0.385532
900.5 0.447007 0.446992
901 0.398811 0.399013
901.5 0.252973 0.253342
902 0.0451984 0.0456432
902.5 -0.173643 -0.17323
903 -0.34997 -0.349691
903.5 -0.440612 -0.440535
904 -0.423377 -0.423521
904.5 -0.302485 -0.302814
905 -0.107534 -0.107968
905.5 0.113746 0.113313
906 0.307176 0.30685
906.5 0.425399 0.42526
907 0.439469 0.439552
907.5 0.345943 0.346225
908 0.167717 0.168131
908.5 -0.0515719 -0.0511276
909 -0.258234 -0.257868
909.5 -0.401671 -0.401474
910 -0.446766 -0.446785
910.5 -0.382476 -0.382707
911 -0.224543 -0.224929
911.5 -0.011634 -0.0120811
912 0.204123 0.203725
912.5 0.369904 0.369652
913 0.44512 0.445076
913.5 0.411354 0.411529
914 0.276875 0.277226
914.5 0.0746071 0.0750479
915 -0.145927 -0.145504
915.5 -0.330733 -0.330432
916 -0.434565 -0.434458
916.5 -0.431999 -0.432114
917 -0.323665 -0.323973
917.5 -0.136087 -0.136513
918 0.0848104 0.0843712
918.5 0.284943 0.284598
919 0.415312 0.415145
919.5 0.443998 0.444051
920 0.363977 0.364237
920.5 0.194843 0.195245
921 -0.0219961 -0.0215494
921.5 -0.23345 -0.233068
922 -0.387747 -0.387523
922.5 -0.44711 -0.447099
923 -0.397005 -0.39721
923.5 -0.249699 -0.25007
924 -0.0412584 -0.0417037
924.5 0.177284 0.176873
925 0.352421 0.352145
925.5 0.441273 0.441199
926 0.422086 0.422233
926.5 0.299558 0.299889
927 0.103687 0.104122
927.5 -0.117569 -0.117138
928 -0.310041 -0.309718
928.5 -0.426603 -0.426469
929 -0.438719 -0.438805
929.5 -0.34342 -0.343706
930 -0.164041 -0.164456
930.5 0.0555019 0.055058
931 0.261456 0.261092
931.5 0.403396 0.403202
932 0.446571 0.446594
932.5 0.38041 0.380644
933 0.221111 0.221499
933.5 0.00767648 0.00812362
934 -0.207637 -0.207241
934.5 -0.372114 -0.371866
935 -0.445485 -0.445445
935.5 -0.409785 -0.409963
936 -0.273756 -0.274109
936.5 -0.0707012 -0.0711427
937 0.149663 0.149242
937.5 0.333385 0.333086
938 0.435482 0.43538
938.5 0.430959 0.431077
939 0.320921 0.321232
939.5 0.132311 0.132738
940 -0.0886937 -0.0882552
940.5 -0.287983 -0.28764
941 -0.416764 -0.416601
941.5 -0.443506 -0.443563
942 -0.361663 -0.361926
942.5 -0.191272 -0.191676
943 0.0259489 0.0255024
943.5 0.236817 0.236437
944 0.389704 0.389484
944.5 0.447178 0.447171
945 0.395167 0.395376
945.5 0.246405 0.246778
946 0.0373153 0.0377609
946.5 -0.180911 -0.180502
947 -0.354844 -0.354571
947.5 -0.441898 -0.441829
948 -0.420761 -0.420912
948.5 -0.296607 -0.296941
949 -0.0998326 -0.100268
949.5 0.121384 0.120953
950 0.312881 0.312561
950.5 0.427775 0.427644
951 0.437934 0.438024
951.5 0.340871 0.34116
952 0.160352 0.160769
952.5 -0.0594275 -0.0589842
953 -0.264657 -0.264296
953.5 -0.405089 -0.404899
954 -0.446341 -0.446368
954.5 -0.378313 -0.378551
955 -0.217661 -0.218052
955.5 -0.00371834 -0.00416553
956 0.211135 0.210741
956.5 0.374295 0.37405
957 0.445815 0.445779
957.5 0.408184 0.408366
958 0.270615 0.27097
958.5 0.0667898 0.0672319
959 -0.153388 -0.152967
959.5 -0.33601 -0.335715
960 -0.436366 -0.436268
960.5 -0.429884 -0.430007
961 -0.318152 -0.318465
961.5 -0.128524 -0.128953
962 0.09257 0.0921324
962.5 0.291 0.29066
963 0.418183 0.418024
963.5 0.44298 0.443041
964 0.359321 0.359586
964.5 0.187687 0.188092
965 -0.0298996 -0.0294534
965.5 -0.240165 -0.239788
966 -0.39163 -0.391414
966.5 -0.44721 -0.447208
967 -0.393298 -0.39351
967.5 -0.243092 -0.243467
968 -0.0333692 -0.0338151
968.5 0.184524 0.184116
969 0.357239 0.356969
969.5 0.44249 0.442424
970 0.419403 0.419558
970.5 0.293632 0.293969
971 0.0959701 0.0964068
971.5 -0.125189 -0.124759
972 -0.315697 -0.31538
972.5 -0.428912 -0.428785
973 -0.437114 -0.437208
973.5 -0.338296 -0.338588
974 -0.15665 -0.157069
974.5 0.0633485 0.0629057
975 0.267837 0.267479
975.5 0.40675 0.406564
976 0.446076 0.446108
976.5 0.376188 0.376429
977 0.214195 0.214587
977.5 -0.000240098 0.000207115
978 -0.214616 -0.214224
978.5 -0.376447 -0.376205
979 -0.44611 -0.446078
979.5 -0.40655 -0.406736
980 -0.267453 -0.267811
980.5 -0.0628731 -0.0633158
981 0.1571 0.156681
981.5 0.338609 0.338317
982 0.437216 0.437121
982.5 0.428776 0.428902
983 0.315357 0.315674
983.5 0.124728 0.125157
984 -0.0964391 -0.0960023
984.5 -0.293994 -0.293657
985 -0.41957 -0.419414
985.5 -0.44242 -0.442484
986 -0.35695 -0.357219
986.5 -0.184086 -0.184494
987 0.033848 0.0334021
987.5 0.243495 0.24312
988 0.393526 0.393313
988.5 0.447208 0.44721
989 0.391398 0.391614
989.5 0.23976 0.240137
990 0.0294205 0.0298667
990.5 -0.188122 -0.187716
991 -0.359606 -0.35934
991.5 -0.443046 -0.442984
992 -0.418013 -0.418171
992.5 -0.290635 -0.290975
993 -0.0921002 -0.0925377
993.5 0.128984 0.128556
994 0.318489 0.318174
994.5 0.430016 0.429893
995 0.436261 0.436358
995.5 0.335693 0.335988
996 0.152936 0.153356
996.5 -0.0672645 -0.0668223
997 -0.270997 -0.270641
997.5 -0.40838 -0.408197
998 -0.445777 -0.445812
998.5 -0.374032 -0.374277
999 -0.210712 -0.211106
999.5 0.00419852 0.00375132
1000 0.218081 0.21769
