0 0.785398 0
0.5 0.290601 0.290672
1 0.105595 0.106118
1.5 0.0397836 0.039826
2 0.0142891 0.0140731
2.5 0.00493173 0.00541161
3 0.00273507 0.00215447
3.5 -0.000296582 0.000268865
4 0.00127298 0.00086103
4.5 -0.000672051 -0.000506726
5 0.000386481 0.000507131
5.5 0.000162314 -0.000215935
6 -0.000609597 -6.1488e-05
6.5 0.000938743 0.000348148
7 -0.00104118 -0.000545279
7.5 0.000904929 0.000618925
8 -0.000557292 -0.000547622
8.5 8.0625e-05 0.000349537
9 0.00041493 -7.00956e-05
9.5 -0.000814037 -0.000225571
10 0.00102406 0.000468859
10.5 -0.000996192 -0.000603222
11 0.000736905 0.000597459
11.5 -0.000306434 -0.000452904
12 -0.000195223 0.000203139
12.5 0.000651528 9.38152e-05
13 -0.000956483 -0.000368976
13.5 0.00103925 0.000558423
14 -0.00088059 -0.000618148
14.5 0.000517372 0.000534276
15 -3.39673e-05 -0.000326291
15.5 -0.000457328 4.2508e-05
16 0.000842385 0.00025115
16.5 -0.00103175 -0.000486465
17 0.000981447 0.000608773
17.5 -0.000703147 -0.000589663
18 0.000261505 0.000433573
18.5 0.000240885 -0.000176764
19 -0.000687317 -0.000121108
19.5 0.000974084 0.000390847
20 -0.00103457 -0.000569791
20.5 0.000854724 0.000616372
21 -0.000476325 -0.000519769
21.5 -1.27259e-05 0.000302422
22 0.00049882 -1.48231e-05
22.5 -0.000869038 -0.00027622
23 0.00103738 0.000503096
23.5 -0.000964731 -0.000613103
24 0.000667978 0.000580685
24.5 -0.000216052 -0.000413373
25 -0.000286063 0.000150034
25.5 0.000721725 0.000148159
26 -0.00098973 -0.000411933
26.5 0.00102782 0.000580015
27 -0.000827143 -0.000613359
27.5 0.000434322 0.000504218
28 5.93936e-05 -0.000277947
28.5 -0.000539312 -1.28915e-05
29 0.000893947 0.000300735
29.5 -0.00104092 -0.000518718
30 0.00094608 0.000616202
30.5 -0.000631468 -0.000570541
31 0.000170165 0.000392343
31.5 0.000330668 -0.000123002
32 -0.000754686 -0.000174911
32.5 0.00100339 0.000432193
33 -0.001019 -0.000589076
33.5 0.000797902 0.000609115
34 -0.000391447 -0.000487656
34.5 -0.000105942 0.000252914
35 0.000578721 4.05803e-05
35.5 -0.000917062 -0.000324648
36 0.00104237 0.000533299
36.5 -0.000925531 -0.000618064
37 0.000593691 0.000559252
37.5 -0.000123936 -0.000370525
38 -0.000374609 9.57244e-05
38.5 0.000786132 0.000201313
39 -0.00101504 -0.000451585
39.5 0.00100814 0.000596954
40 -0.000767061 -0.000603649
40.5 0.000347787 0.000470115
41 0.000152278 -0.000227373
41.5 -0.000616969 -6.81876e-05
42 0.000938336 0.000347909
42.5 -0.00104173 -0.00054681
43 0.000903124 0.000618687
43.5 -0.000554723 -0.000546841
44 7.74592e-05 0.000347964
44.5 0.000417798 -6.82543e-05
45 -0.000816001 -0.000227311
45.5 0.00102464 0.000470072
46 -0.000995263 -0.000603634
46.5 0.000734679 0.000596971
47 -0.000303429 -0.000451631
47.5 -0.000198308 0.000201377
48 0.000653978 9.56581e-05
48.5 -0.000957728 -0.000370471
49 0.001039 0.000559224
49.5 -0.000878904 -0.000618067
50 0.000514642 0.000533333
50.5 -3.08266e-05 -0.000324705
51 -0.000460149 4.06472e-05
51.5 0.000844232 0.000252853
52 -0.0010322 -0.000487615
52.5 0.000980383 0.000609103
53 -0.000700824 -0.000589096
53.5 0.000258462 0.000432241
54 0.000243941 -0.000174976
54.5 -0.000689676 -0.000122937
55 0.000975198 0.000392291
55.5 -0.00103418 -0.000570515
56 0.000852922 0.000616208
56.5 -0.000473527 -0.000518755
57 -1.58678e-05 0.000300794
57.5 0.000501577 -1.29586e-05
58 -0.000870769 -0.000277887
58.5 0.00103768 0.000504179
59 -0.000963537 -0.00061335
59.5 0.000665562 0.000580039
60 -0.000212977 -0.000411983
60.5 -0.000289084 0.000148224
61 0.000723989 0.000149969
61.5 -0.000990711 -0.000413323
62 0.00102729 0.000580662
62.5 -0.000825227 -0.000613112
63 0.000431463 0.000503135
63.5 6.25304e-05 -0.00027628
64 -0.000541998 -1.4756e-05
64.5 0.000895559 0.000302364
65 -0.00104108 -0.000519732
65.5 0.000944757 0.000616366
66 -0.000628965 -0.000569817
66.5 0.000167064 0.000390899
67 0.000333646 -0.000121174
67.5 -0.00075685 -0.000176699
68 0.00100424 0.000433525
68.5 -0.00101834 -0.000589643
69 0.000795877 0.000608785
69.5 -0.000388533 -0.000486506
70 -0.000109068 0.000251211
70.5 0.000581332 4.24411e-05
71 -0.000918551 -0.000326234
71.5 0.00104239 0.000534242
72 -0.000924081 -0.000618145
72.5 0.000591106 0.000558452
73 -0.000120816 -0.00036903
73.5 -0.00037754 9.38814e-05
74 0.000788192 0.000203076
74.5 -0.00101575 -0.000452858
75 0.00100734 0.000597441
75.5 -0.000764929 -0.000603237
76 0.000344823 0.000468901
76.5 0.000155386 -0.000225638
77 -0.000619499 -7.0041e-05
77.5 0.000939701 0.000349449
78 -0.00104161 -0.00054768
78.5 0.00090155 0.000618684
79 -0.00055206 -0.000545967
79.5 7.43252e-05 0.00034642
80 0.000420675 -6.64004e-05
80.5 -0.000817952 -0.000229045
81 0.00102522 0.000471282
81.5 -0.000994324 -0.00060404
82 0.000732447 0.000596479
82.5 -0.000300421 -0.000450355
83 -0.000201392 0.000199612
83.5 0.000656422 9.75003e-05
84 -0.000958965 -0.000371963
84.5 0.00103874 0.000560019
85 -0.000877211 -0.000617981
85.5 0.000511906 0.000532385
86 -2.76855e-05 -0.000323116
86.5 -0.000462967 3.8786e-05
87 0.000846071 0.000254554
87.5 -0.00103263 -0.000488761
88 0.000979311 0.000609427
88.5 -0.000698495 -0.000588523
89 0.000255417 0.000430905
89.5 0.000246995 -0.000173186
90 -0.000692029 -0.000124764
90.5 0.000976304 0.000393731
91 -0.00103378 -0.000571234
91.5 0.000851111 0.000616038
92 -0.000470726 -0.000517736
92.5 -1.90098e-05 0.000299163
93 0.000504329 -1.10939e-05
93.5 -0.000872493 -0.000279552
94 0.00103797 0.000505258
94.5 -0.000962333 -0.000613592
95 0.000663141 0.000579387
95.5 -0.0002099 -0.00041059
96 -0.000292101 0.000146412
96.5 0.000726247 0.000151777
97 -0.000991684 -0.000414709
97.5 0.00102675 0.000581303
98 -0.000823304 -0.000612859
98.5 0.000428601 0.000502048
99 6.56669e-05 -0.00027461
99.5 -0.00054468 -1.66205e-05
100 0.000897163 0.00030399
100.5 -0.00104123 -0.000520742
101 0.000943424 0.000616525
101.5 -0.000626456 -0.000569088
102 0.000163961 0.000389451
102.5 0.000336622 -0.000119345
103 -0.000759008 -0.000178486
103.5 0.00100507 0.000434854
104 -0.00101766 -0.000590205
104.5 0.000793844 0.00060845
105 -0.000385615 -0.000485352
105.5 -0.000112192 0.000249505
106 0.000583937 4.43016e-05
106.5 -0.000920033 -0.000327817
107 0.0010424 0.00053518
107.5 -0.000922622 -0.00061822
108 0.000588515 0.000557647
108.5 -0.000117694 -0.000367531
109 -0.000380467 9.20375e-05
109.5 0.000790245 0.000204837
110 -0.00101645 -0.000454127
110.5 0.00100653 0.000597923
111 -0.000762791 -0.00060282
111.5 0.000341856 0.000467682
112 0.000158492 -0.0002239
112.5 -0.000622023 -7.18937e-05
113 0.000941057 0.000350987
113.5 -0.00104148 -0.000548545
114 0.000899969 0.000618676
114.5 -0.000549392 -0.000545087
115 7.11904e-05 0.000344874
115.5 0.000423549 -6.45457e-05
116 -0.000819897 -0.000230776
116.5 0.00102578 0.000472488
117 -0.000993376 -0.000604441
117.5 0.000730208 0.000595981
118 -0.000297411 -0.000449074
118.5 -0.000204475 0.000197846
119 0.000658861 9.93416e-05
119.5 -0.000960192 -0.000373452
120 0.00103847 0.000560809
120.5 -0.000875509 -0.000617889
121 0.000509167 0.000531433
121.5 -2.4544e-05 -0.000321524
122 -0.00046578 3.69244e-05
122.5 0.000847903 0.000256253
123 -0.00103306 -0.000489902
123.5 0.00097823 0.000609746
124 -0.000696159 -0.000587946
124.5 0.000252369 0.000429564
125 0.000250047 -0.000171395
125.5 -0.000694376 -0.00012659
126 0.000977401 0.000395168
126.5 -0.00103337 -0.000571948
127 0.000849293 0.000615863
127.5 -0.00046792 -0.000516713
128 -2.21516e-05 0.000297529
128.5 0.000507077 -9.22905e-06
129 -0.000874208 -0.000281215
129.5 0.00103826 0.000506332
130 -0.000961121 -0.000613828
130.5 0.000660713 0.00057873
131 -0.000206821 -0.000409193
131.5 -0.000295117 0.000144599
132 0.000728498 0.000153585
132.5 -0.000992648 -0.000416091
133 0.0010262 0.000581939
133.5 -0.000821372 -0.000612601
134 0.000425734 0.000500955
134.5 6.88028e-05 -0.000272937
135 -0.000547357 -1.84849e-05
135.5 0.000898759 0.000305613
136 -0.00104138 -0.000521746
136.5 0.000942084 0.000616678
137 -0.000623942 -0.000568354
137.5 0.000160857 0.000388
138 0.000339595 -0.000117514
138.5 -0.000761158 -0.000180271
139 0.0010059 0.000436179
139.5 -0.00101698 -0.000590762
140 0.000791804 0.00060811
140.5 -0.000382694 -0.000484193
141 -0.000115316 0.000247797
141.5 0.000586538 4.61617e-05
142 -0.000921506 -0.000329397
142.5 0.00104241 0.000536114
143 -0.000921156 -0.00061829
143.5 0.000585918 0.000556837
144 -0.000114571 -0.000366029
144.5 -0.000383391 9.01928e-05
145 0.000792291 0.000206596
145.5 -0.00101714 -0.000455392
146 0.00100571 0.000598399
146.5 -0.000760646 -0.000602398
147 0.000338886 0.000466459
147.5 0.000161598 -0.000222161
148 -0.000624542 -7.37459e-05
148.5 0.000942404 0.000352521
149 -0.00104134 -0.000549405
149.5 0.000898379 0.000618662
150 -0.000546719 -0.000544202
150.5 6.8055e-05 0.000343324
151 0.000426418 -6.26905e-05
151.5 -0.000821834 -0.000232506
152 0.00102634 0.00047369
152.5 -0.000992419 -0.000604836
153 0.000727962 0.000595478
153.5 -0.000294398 -0.000447789
154 -0.000207555 0.000196078
154.5 0.000661293 0.000101182
155 -0.000961411 -0.000374937
155.5 0.00103819 0.000561594
156 -0.0008738 -0.000617792
156.5 0.000506422 0.000530476
157 -2.14024e-05 -0.000319929
157.5 -0.000468589 3.50625e-05
158 0.000849727 0.000257949
158.5 -0.00103347 -0.000491039
159 0.00097714 0.000610059
159.5 -0.000693817 -0.000587362
160 0.000249319 0.00042822
160.5 0.000253096 -0.000169602
161 -0.000696717 -0.000128415
161.5 0.000978489 0.000396601
162 -0.00103296 -0.000572656
162.5 0.000847467 0.000615682
163 -0.00046511 -0.000515684
163.5 -2.52932e-05 0.000295892
164 0.000509821 -7.36412e-06
164.5 -0.000875916 -0.000282875
165 0.00103853 0.000507402
165.5 -0.0009599 -0.000614058
166 0.00065828 0.000578068
166.5 -0.00020374 -0.000407792
167 -0.000298129 0.000142785
167.5 0.000730742 0.000155391
168 -0.000993603 -0.000417469
168.5 0.00102565 0.000582569
169 -0.000819434 -0.000612337
169.5 0.000422864 0.000499859
170 7.19381e-05 -0.000271262
170.5 -0.000550029 -2.0349e-05
171 0.000900347 0.000307233
171.5 -0.00104151 -0.000522746
172 0.000940734 0.000616825
172.5 -0.000621422 -0.000567614
173 0.000157752 0.000386546
173.5 0.000342564 -0.000115682
174 -0.000763302 -0.000182054
174.5 0.00100672 0.0004375
175 -0.00101628 -0.000591313
175.5 0.000789756 0.000607764
176 -0.000379769 -0.00048303
176.5 -0.000118439 0.000246087
177 0.000589133 4.80214e-05
177.5 -0.000922971 -0.000330975
178 0.0010424 0.000537042
178.5 -0.00091968 -0.000618354
179 0.000583316 0.000556021
179.5 -0.000111447 -0.000364524
180 -0.000386311 8.83472e-05
180.5 0.000794329 0.000208353
181 -0.00101782 -0.000456652
181.5 0.00100488 0.00059887
182 -0.000758494 -0.00060197
182.5 0.000335913 0.000465232
183 0.000164701 -0.000220419
183.5 -0.000627055 -7.55973e-05
184 0.000943743 0.000354052
184.5 -0.0010412 -0.00055026
185 0.000896781 0.000618642
185.5 -0.000544041 -0.000543312
186 6.4919e-05 0.00034177
186.5 0.000429284 -6.08348e-05
187 -0.000823763 -0.000234233
187.5 0.00102688 0.000474888
188 -0.000991453 -0.000605226
188.5 0.000725709 0.000594969
189 -0.000291382 -0.0004465
189.5 -0.000210634 0.000194308
190 0.000663719 0.000103022
190.5 -0.000962621 -0.000376419
191 0.00103791 0.000562374
191.5 -0.000872082 -0.000617689
192 0.000503673 0.000529513
192.5 -1.82605e-05 -0.000318331
193 -0.000471394 3.32003e-05
193.5 0.000851544 0.000259643
194 -0.00103388 -0.000492171
194.5 0.000976041 0.000610367
195 -0.000691468 -0.000586774
195.5 0.000246267 0.000426872
196 0.000256143 -0.000167807
196.5 -0.000699051 -0.000130239
197 0.000979568 0.000398031
197.5 -0.00103253 -0.00057336
198 0.000845633 0.000615496
198.5 -0.000462295 -0.000514652
199 -2.84346e-05 0.000294253
199.5 0.000512559 -5.49913e-06
200 -0.000877615 -0.000284532
200.5 0.0010388 0.000508466
201 -0.000958671 -0.000614283
201.5 0.00065584 0.000577401
202 -0.000200657 -0.000406388
202.5 -0.000301139 0.00014097
203 0.00073298 0.000157195
203.5 -0.000994549 -0.000418844
204 0.00102508 0.000583194
204.5 -0.000817488 -0.000612068
205 0.00041999 0.000498757
205.5 7.50727e-05 -0.000269585
206 -0.000552695 -2.2213e-05
206.5 0.000901926 0.000308851
207 -0.00104164 -0.000523742
207.5 0.000939376 0.000616967
208 -0.000618896 -0.00056687
208.5 0.000154645 0.000385088
209 0.00034553 -0.00011385
209.5 -0.000765438 -0.000183836
210 0.00100753 0.000438816
210.5 -0.00101558 -0.000591859
211 0.000787701 0.000607412
211.5 -0.000376841 -0.000481862
212 -0.00012156 0.000244375
212.5 0.000591723 4.98806e-05
213 -0.000924427 -0.000332549
213.5 0.00104239 0.000537966
214 -0.000918197 -0.000618412
214.5 0.000580709 0.000555201
215 -0.000108322 -0.000363015
215.5 -0.000389228 8.65008e-05
216 0.000796361 0.000210108
216.5 -0.0010185 -0.000457908
217 0.00100404 0.000599336
217.5 -0.000756335 -0.000601537
218 0.000332936 0.000464
218.5 0.000167804 -0.000218675
219 -0.000629562 -7.74481e-05
219.5 0.000945073 0.00035558
220 -0.00104104 -0.00055111
220.5 0.000895175 0.000618617
221 -0.000541358 -0.000542418
221.5 6.17823e-05 0.000340214
222 0.000432145 -5.89784e-05
222.5 -0.000825685 -0.000235958
223 0.00102742 0.000476081
223.5 -0.000990478 -0.00060561
224 0.00072345 0.000594455
224.5 -0.000288363 -0.000445207
225 -0.00021371 0.000192537
225.5 0.000666139 0.00010486
226 -0.000963822 -0.000377898
226.5 0.00103761 0.000563149
227 -0.000870357 -0.00061758
227.5 0.00050092 0.000528546
228 -1.51184e-05 -0.00031673
228.5 -0.000474195 3.13377e-05
229 0.000853352 0.000261335
229.5 -0.00103427 -0.000493299
230 0.000974933 0.000610669
230.5 -0.000689114 -0.00058618
231 0.000243212 0.00042552
231.5 0.000259188 -0.000166011
232 -0.000701379 -0.000132062
232.5 0.000980638 0.000399457
233 -0.00103209 -0.000574058
233.5 0.000843792 0.000615304
234 -0.000459477 -0.000513614
234.5 -3.15758e-05 0.000292611
235 0.000515293 -3.63409e-06
235.5 -0.000879307 -0.000286187
236 0.00103906 0.000509527
236.5 -0.000957432 -0.000614502
237 0.000653395 0.000576728
237.5 -0.000197572 -0.00040498
238 -0.000304146 0.000139153
238.5 0.000735211 0.000158998
239 -0.000995485 -0.000420215
239.5 0.00102451 0.000583814
240 -0.000815534 -0.000611793
240.5 0.000417112 0.000497651
241 7.82066e-05 -0.000267905
241.5 -0.000555357 -2.40768e-05
242 0.000903498 0.000310465
242.5 -0.00104175 -0.000524732
243 0.00093801 0.000617103
243.5 -0.000616364 -0.00056612
244 0.000151536 0.000383626
244.5 0.000348494 -0.000112016
245 -0.000767568 -0.000185616
245.5 0.00100834 0.000440129
246 -0.00101486 -0.0005924
246.5 0.00078564 0.000607055
247 -0.000373909 -0.00048069
247.5 -0.000124681 0.000242661
248 0.000594307 5.17394e-05
248.5 -0.000925875 -0.00033412
249 0.00104236 0.000538884
249.5 -0.000916705 -0.000618465
250 0.000578097 0.000554375
250.5 -0.000105196 -0.000361503
251 -0.000392142 8.46536e-05
251.5 0.000798385 0.000211861
252 -0.00101916 -0.00045916
252.5 0.00100319 0.000599796
253 -0.000754169 -0.000601098
253.5 0.000329957 0.000462764
254 0.000170904 -0.00021693
254.5 -0.000632064 -7.92982e-05
255 0.000946395 0.000357105
255.5 -0.00104088 -0.000551955
256 0.000893561 0.000618586
256.5 -0.00053867 -0.000541518
257 5.86452e-05 0.000338655
257.5 0.000435003 -5.71216e-05
258 -0.000827599 -0.000237681
258.5 0.00102794 0.00047727
259 -0.000989494 -0.000605989
259.5 0.000721184 0.000593935
260 -0.000285342 -0.00044391
260.5 -0.000216785 0.000190763
261 0.000668553 0.000106698
261.5 -0.000965015 -0.000379373
262 0.0010373 0.000563919
262.5 -0.000868624 -0.000617466
263 0.000498162 0.000527575
263.5 -1.19765e-05 -0.000315127
264 -0.000476991 2.9475e-05
264.5 0.000855153 0.000263024
265 -0.00103466 -0.000494422
265.5 0.000973817 0.000610965
266 -0.000686753 -0.00058558
266.5 0.000240155 0.000424164
267 0.000262231 -0.000164214
267.5 -0.0007037 -0.000133883
268 0.000981699 0.000400879
268.5 -0.00103165 -0.00057475
269 0.000841943 0.000615106
269.5 -0.000456654 -0.000512572
270 -3.47162e-05 0.000290967
270.5 0.000518022 -1.76926e-06
271 -0.000880991 -0.000287839
271.5 0.0010393 0.000510582
272 -0.000956185 -0.000614716
272.5 0.000650943 0.000576051
273 -0.000194487 -0.000403568
273.5 -0.00030715 0.000137336
274 0.000737435 0.0001608
274.5 -0.000996413 -0.000421581
275 0.00102392 0.000584429
275.5 -0.000813574 -0.000611513
276 0.00041423 0.000496541
276.5 8.13393e-05 -0.000266223
277 -0.000558014 -2.594e-05
277.5 0.000905061 0.000312077
278 -0.00104186 -0.000525718
278.5 0.000936635 0.000617233
279 -0.000613828 -0.000565365
279.5 0.000148427 0.000382162
280 0.000351453 -0.000110181
280.5 -0.00076969 -0.000187394
281 0.00100913 0.000441438
281.5 -0.00101414 -0.000592935
282 0.000783571 0.000606692
282.5 -0.000370975 -0.000479514
283 -0.000127799 0.000240944
283.5 0.000596885 5.35973e-05
284 -0.000927314 -0.000335688
284.5 0.00104233 0.000539798
285 -0.000915205 -0.000618512
285.5 0.00057548 0.000553545
286 -0.00010207 -0.000359989
286.5 -0.000395051 8.28062e-05
287 0.000800401 0.000213612
287.5 -0.00101982 -0.000460408
288 0.00100233 0.00060025
288.5 -0.000751997 -0.000600654
289 0.000326975 0.000461525
289.5 0.000174002 -0.000215182
290 -0.000634559 -8.11469e-05
290.5 0.000947707 0.000358626
291 -0.0010407 -0.000552795
291.5 0.000891939 0.00061855
292 -0.000535978 -0.000540614
292.5 5.55085e-05 0.000337093
293 0.000437856 -5.52648e-05
293.5 -0.000829505 -0.000239401
294 0.00102846 0.000478454
294.5 -0.000988502 -0.000606362
295 0.000718913 0.00059341
295.5 -0.00028232 -0.000442609
296 -0.000219857 0.000188989
296.5 0.00067096 0.000108534
297 -0.000966198 -0.000380844
297.5 0.00103699 0.000564683
298 -0.000866883 -0.000617346
298.5 0.0004954 0.000526598
299 -8.83525e-06 -0.000313521
299.5 -0.000479782 2.76125e-05
300 0.000856945 0.00026471
300.5 -0.00103504 -0.000495541
301 0.000972692 0.000611256
301.5 -0.000684387 -0.000584976
302 0.000237097 0.000422805
302.5 0.00026527 -0.000162416
303 -0.000706014 -0.000135703
303.5 0.000982751 0.000402298
304 -0.00103119 -0.000575438
304.5 0.000840087 0.000614903
305 -0.000453828 -0.000511526
305.5 -3.78557e-05 0.00028932
306 0.000520746 9.52052e-08
306.5 -0.000882666 -0.000289488
307 0.00103954 0.000511633
307.5 -0.00095493 -0.000614924
308 0.000648487 0.000575368
308.5 -0.000191399 -0.000402153
309 -0.00031015 0.000135517
309.5 0.000739652 0.0001626
310 -0.000997331 -0.000422944
310.5 0.00102333 0.000585038
311 -0.000811606 -0.000611227
311.5 0.000411346 0.000495427
312 8.44707e-05 -0.000264538
312.5 -0.000560664 -2.78027e-05
313 0.000906615 0.000313685
313.5 -0.00104196 -0.000526698
314 0.000935252 0.000617358
314.5 -0.000611286 -0.000564605
315 0.000145317 0.000380694
315.5 0.000354409 -0.000108346
316 -0.000771805 -0.00018917
316.5 0.00100991 0.000442742
317 -0.00101341 -0.000593464
317.5 0.000781496 0.000606324
318 -0.000368038 -0.000478334
318.5 -0.000130916 0.000239226
319 0.000599458 5.54545e-05
319.5 -0.000928745 -0.000337253
320 0.00104228 0.000540707
320.5 -0.000913697 -0.000618554
321 0.000572858 0.00055271
321.5 -9.89436e-05 -0.000358471
322 -0.000397956 8.09582e-05
322.5 0.00080241 0.000215361
323 -0.00102046 -0.000461651
323.5 0.00100146 0.000600699
324 -0.000749818 -0.000600204
324.5 0.000323991 0.000460281
325 0.000177099 -0.000213433
325.5 -0.000637049 -8.29949e-05
326 0.000949011 0.000360143
326.5 -0.00104052 -0.00055363
327 0.000890309 0.000618508
327.5 -0.000533281 -0.000539705
328 5.23713e-05 0.000335528
328.5 0.000440705 -5.34076e-05
329 -0.000831404 -0.00024112
329.5 0.00102897 0.000479634
330 -0.0009875 -0.000606729
330.5 0.000716635 0.00059288
331 -0.000279294 -0.000441304
331.5 -0.000222926 0.000187213
332 0.000673361 0.000110369
332.5 -0.000967373 -0.000382311
333 0.00103666 0.000565442
333.5 -0.000865134 -0.00061722
334 0.000492634 0.000525617
334.5 -5.69394e-06 -0.000311912
335 -0.000482569 2.57498e-05
335.5 0.00085873 0.000266394
336 -0.00103541 -0.000496655
336.5 0.000971558 0.000611542
337 -0.000682014 -0.000584366
337.5 0.000234037 0.000421442
338 0.000268306 -0.000160616
338.5 -0.000708322 -0.000137521
339 0.000983794 0.000403712
339.5 -0.00103073 -0.00057612
340 0.000838224 0.000614695
340.5 -0.000450998 -0.000510475
341 -4.09949e-05 0.000287671
341.5 0.000523465 1.95967e-06
342 -0.000884333 -0.000291135
342.5 0.00103977 0.000512679
343 -0.000953666 -0.000615127
343.5 0.000646024 0.00057468
344 -0.000188311 -0.000400734
344.5 -0.000313148 0.000133697
345 0.000741862 0.000164398
345.5 -0.00099824 -0.000424303
346 0.00102273 0.000585642
346.5 -0.000809631 -0.000610935
347 0.000408457 0.000494308
347.5 8.76014e-05 -0.000262852
348 -0.00056331 -2.96652e-05
348.5 0.000908161 0.000315291
349 -0.00104205 -0.000527674
349.5 0.00093386 0.000617478
350 -0.000608739 -0.00056384
350.5 0.000142206 0.000379222
351 0.000357361 -0.00010651
351.5 -0.000773913 -0.000190944
352 0.00101068 0.000444042
352.5 -0.00101267 -0.000593988
353 0.000779413 0.00060595
353.5 -0.000365097 -0.000477149
354 -0.000134032 0.000237505
354.5 0.000602025 5.73112e-05
355 -0.000930167 -0.000338814
355.5 0.00104223 0.00054161
356 -0.000912181 -0.000618589
356.5 0.000570231 0.000551869
357 -9.58159e-05 -0.000356949
357.5 -0.000400858 7.91094e-05
358 0.000804411 0.000217108
358.5 -0.0010211 -0.00046289
359 0.00100058 0.000601143
359.5 -0.000747632 -0.000599749
360 0.000321004 0.000459033
360.5 0.000180194 -0.000211682
361 -0.000639532 -8.48422e-05
361.5 0.000950307 0.000361658
362 -0.00104032 -0.00055446
362.5 0.000888671 0.00061846
363 -0.00053058 -0.000538791
363.5 4.92336e-05 0.00033396
364 0.000443549 -5.15498e-05
364.5 -0.000833295 -0.000242836
365 0.00102947 0.00048081
365.5 -0.000986489 -0.000607091
366 0.00071435 0.000592345
366.5 -0.000276267 -0.000439995
367 -0.000225994 0.000185435
367.5 0.000675756 0.000112203
368 -0.000968539 -0.000383776
368.5 0.00103633 0.000566197
369 -0.000863378 -0.000617089
369.5 0.000489863 0.000524631
370 -2.55257e-06 -0.000310301
370.5 -0.000485351 2.38868e-05
371 0.000860507 0.000268076
371.5 -0.00103577 -0.000497764
372 0.000970415 0.000611821
372.5 -0.000679635 -0.000583751
373 0.000230975 0.000420075
373.5 0.000271341 -0.000158815
374 -0.000710624 -0.000139338
374.5 0.000984828 0.000405123
375 -0.00103026 -0.000576797
375.5 0.000836352 0.00061448
376 -0.000448164 -0.000509419
376.5 -4.41336e-05 0.000286019
377 0.000526179 3.82412e-06
377.5 -0.000885992 -0.000292779
378 0.00103999 0.00051372
378.5 -0.000952393 -0.000615324
379 0.000643556 0.000573987
379.5 -0.00018522 -0.000399312
380 -0.000316143 0.000131876
380.5 0.000744066 0.000166194
381 -0.000999141 -0.000425658
381.5 0.00102211 0.00058624
382 -0.000807649 -0.000610638
382.5 0.000405565 0.000493184
383 9.07313e-05 -0.000261163
383.5 -0.000565951 -3.15274e-05
384 0.000909699 0.000316894
384.5 -0.00104212 -0.000528645
385 0.00093246 0.000617591
385.5 -0.000606186 -0.00056307
386 0.000139093 0.000377747
386.5 0.000360311 -0.000104673
387 -0.000776014 -0.000192717
387.5 0.00101145 0.000445338
388 -0.00101192 -0.000594507
388.5 0.000777324 0.000605571
389 -0.000362153 -0.00047596
389.5 -0.000137147 0.000235783
390 0.000604587 5.91674e-05
390.5 -0.000931581 -0.000340373
391 0.00104217 0.000542509
391.5 -0.000910657 -0.00061862
392 0.000567599 0.000551024
392.5 -9.26874e-05 -0.000355425
393 -0.000403756 7.72598e-05
393.5 0.000806406 0.000218853
394 -0.00102173 -0.000464125
394.5 0.000999699 0.000601581
395 -0.00074544 -0.000599289
395.5 0.000318014 0.000457781
396 0.000183287 -0.000209929
396.5 -0.00064201 -8.66886e-05
397 0.000951593 0.000363169
397.5 -0.00104012 -0.000555284
398 0.000887025 0.000618407
398.5 -0.000527873 -0.000537872
399 4.60955e-05 0.000332389
399.5 0.00044639 -4.96916e-05
400 -0.000835179 -0.000244549
400.5 0.00102995 0.000481981
401 -0.00098547 -0.000607448
401.5 0.000712059 0.000591804
402 -0.000273236 -0.000438683
402.5 -0.00022906 0.000183655
403 0.000678145 0.000114036
403.5 -0.000969696 -0.000385236
404 0.00103599 0.000566946
404.5 -0.000861614 -0.000616953
405 0.000487088 0.000523641
405.5 5.88825e-07 -0.000308686
406 -0.000488129 2.20236e-05
406.5 0.000862276 0.000269755
407 -0.00103612 -0.000498869
407.5 0.000969263 0.000612096
408 -0.00067725 -0.000583131
408.5 0.000227911 0.000418704
409 0.000274373 -0.000157012
409.5 -0.000712919 -0.000141154
410 0.000985853 0.000406531
410.5 -0.00102977 -0.000577469
411 0.000834474 0.000614261
411.5 -0.000445326 -0.000508359
412 -4.7272e-05 0.000284364
412.5 0.000528888 5.68854e-06
413 -0.000887643 -0.00029442
413.5 0.0010402 0.000514757
414 -0.000951112 -0.000615515
414.5 0.000641082 0.000573288
415 -0.000182128 -0.000397886
415.5 -0.000319135 0.000130054
416 0.000746262 0.00016799
416.5 -0.00100003 -0.000427009
417 0.00102149 0.000586834
417.5 -0.000805659 -0.000610336
418 0.00040267 0.000492056
418.5 9.38603e-05 -0.000259471
419 -0.000568586 -3.33893e-05
419.5 0.000911229 0.000318493
420 -0.00104219 -0.000529611
420.5 0.000931052 0.000617699
421 -0.000603627 -0.000562295
421.5 0.000135979 0.000376269
422 0.000363257 -0.000102835
422.5 -0.000778108 -0.000194488
423 0.0010122 0.000446631
423.5 -0.00101116 -0.000595021
424 0.000775227 0.000605187
424.5 -0.000359206 -0.000474767
425 -0.00014026 0.000234058
425.5 0.000607143 6.1023e-05
426 -0.000932986 -0.000341928
426.5 0.0010421 0.000543403
427 -0.000909124 -0.000618644
427.5 0.000564962 0.000550174
428 -8.9558e-05 -0.000353897
428.5 -0.00040665 7.54096e-05
429 0.000808393 0.000220596
429.5 -0.00102234 -0.000465356
430 0.000998804 0.000602014
430.5 -0.00074324 -0.000598823
431 0.000315021 0.000456524
431.5 0.000186379 -0.000208175
432 -0.000644482 -8.85343e-05
432.5 0.000952871 0.000364677
433 -0.00103991 -0.000556104
433.5 0.000885371 0.000618348
434 -0.000525162 -0.000536948
434.5 4.2957e-05 0.000330815
435 0.000449227 -4.78329e-05
435.5 -0.000837055 -0.000246261
436 0.00103043 0.000483148
436.5 -0.000984441 -0.000607799
437 0.000709762 0.000591257
437.5 -0.000270204 -0.000437366
438 -0.000232123 0.000181874
438.5 0.000680528 0.000115868
439 -0.000970844 -0.000386693
439.5 0.00103563 0.000567689
440 -0.000859842 -0.00061681
440.5 0.000484309 0.000522645
441 3.73021e-06 -0.000307069
441.5 -0.000490903 2.01602e-05
442 0.000864037 0.000271432
442.5 -0.00103646 -0.00049997
443 0.000968103 0.000612364
443.5 -0.000674859 -0.000582505
444 0.000224844 0.00041733
444.5 0.000277402 -0.000155208
445 -0.000715207 -0.000142969
445.5 0.000986869 0.000407934
446 -0.00102928 -0.000578135
446.5 0.000832587 0.000614035
447 -0.000442483 -0.000507294
447.5 -5.04099e-05 0.000282707
448 0.000531593 7.5529e-06
448.5 -0.000889286 -0.000296058
449 0.0010404 0.000515789
449.5 -0.000949822 -0.000615701
450 0.000638602 0.000572585
450.5 -0.000179034 -0.000396456
451 -0.000322124 0.000128231
451.5 0.000748452 0.000169783
452 -0.00100091 -0.000428356
452.5 0.00102086 0.000587422
453 -0.000803662 -0.000610028
453.5 0.00039977 0.000490924
454 9.69885e-05 -0.000257778
454.5 -0.000571217 -3.52509e-05
455 0.00091275 0.00032009
455.5 -0.00104225 -0.000530573
456 0.000929635 0.000617802
456.5 -0.000601064 -0.000561515
457 0.000132864 0.000374787
457.5 0.0003662 -0.000100996
458 -0.000780195 -0.000196257
458.5 0.00101295 0.000447919
459 -0.00101039 -0.000595529
459.5 0.000773124 0.000604796
460 -0.000356255 -0.000473569
460.5 -0.000143372 0.000232331
461 0.000609694 6.28781e-05
461.5 -0.000934383 -0.00034348
462 0.00104201 0.000544292
462.5 -0.000907583 -0.000618663
463 0.000562319 0.000549318
463.5 -8.64278e-05 -0.000352366
464 -0.000409541 7.35587e-05
464.5 0.000810372 0.000222337
465 -0.00102295 -0.000466583
465.5 0.000997901 0.000602441
466 -0.000741034 -0.000598351
466.5 0.000312025 0.000455264
467 0.000189469 -0.000206418
467.5 -0.000646948 -9.03792e-05
468 0.000954141 0.000366181
468.5 -0.00103969 -0.000556919
469 0.000883709 0.000618283
469.5 -0.000522446 -0.00053602
470 3.98181e-05 0.000329238
470.5 0.00045206 -4.59738e-05
471 -0.000838923 -0.00024797
471.5 0.0010309 0.00048431
472 -0.000983404 -0.000608144
472.5 0.000707458 0.000590706
473 -0.000267168 -0.000436045
473.5 -0.000235185 0.000180091
474 0.000682904 0.000117699
474.5 -0.000971984 -0.000388147
475 0.00103527 0.000568428
475.5 -0.000858062 -0.000616662
476 0.000481525 0.000521645
476.5 6.87156e-06 -0.000305449
477 -0.000493672 1.82967e-05
477.5 0.000865791 0.000273106
478 -0.00103679 -0.000501066
478.5 0.000966934 0.000612627
479 -0.000672462 -0.000581875
479.5 0.000221776 0.000415952
480 0.000280429 -0.000153402
480.5 -0.00071749 -0.000144782
481 0.000987876 0.000409334
481.5 -0.00102878 -0.000578797
482 0.000830693 0.000613804
482.5 -0.000439637 -0.000506224
483 -5.35474e-05 0.000281047
483.5 0.000534293 9.4172e-06
484 -0.000890921 -0.000297694
484.5 0.00104059 0.000516816
485 -0.000948523 -0.000615881
485.5 0.000636116 0.000571876
486 -0.000175938 -0.000395023
486.5 -0.00032511 0.000126406
487 0.000750635 0.000171575
487.5 -0.00100179 -0.0004297
488 0.00102022 0.000588004
488.5 -0.000801658 -0.000609714
489 0.000396867 0.000489787
489.5 0.000100116 -0.000256081
490 -0.000573842 -3.71122e-05
490.5 0.000914264 0.000321685
491 -0.0010423 -0.000531529
491.5 0.00092821 0.000617899
492 -0.000598494 -0.00056073
492.5 0.000129748 0.000373302
493 0.000369139 -9.91561e-05
493.5 -0.000782275 -0.000198024
494 0.00101369 0.000449203
494.5 -0.00100962 -0.000596031
495 0.000771013 0.000604401
495.5 -0.000353301 -0.000472367
496 -0.000146483 0.000230602
496.5 0.000612239 6.47327e-05
497 -0.000935771 -0.00034503
497.5 0.00104192 0.000545176
498 -0.000906033 -0.000618677
498.5 0.000559671 0.000548458
499 -8.32969e-05 -0.000350832
499.5 -0.000412428 7.17071e-05
500 0.000812344 0.000224075
500.5 -0.00102355 -0.000467805
501 0.000996988 0.000602863
501.5 -0.000738822 -0.000597875
502 0.000309026 0.000453999
502.5 0.000192557 -0.000204659
503 -0.000649409 -9.22232e-05
503.5 0.000955402 0.000367682
504 -0.00103945 -0.000557728
504.5 0.000882039 0.000618213
505 -0.000519725 -0.000535086
505.5 3.66788e-05 0.000327658
506 0.000454888 -4.41143e-05
506.5 -0.000840784 -0.000249677
507 0.00103136 0.000485468
507.5 -0.000982358 -0.000608484
508 0.000705147 0.000590149
508.5 -0.000264131 -0.000434721
509 -0.000238244 0.000178306
509.5 0.000685274 0.000119529
510 -0.000973114 -0.000389597
510.5 0.0010349 0.000569162
511 -0.000856274 -0.000616509
511.5 0.000478736 0.00052064
512 1.00129e-05 -0.000303826
512.5 -0.000496436 1.64329e-05
513 0.000867536 0.000274778
513.5 -0.00103711 -0.000502157
514 0.000965756 0.000612885
514.5 -0.000670058 -0.000581238
515 0.000218705 0.000414569
515.5 0.000283453 -0.000151595
516 -0.000719765 -0.000146594
516.5 0.000988875 0.00041073
517 -0.00102827 -0.000579453
517.5 0.000828792 0.000613568
518 -0.000436787 -0.00050515
518.5 -5.66844e-05 0.000279385
519 0.000536988 1.12814e-05
519.5 -0.000892548 -0.000299327
520 0.00104077 0.000517839
520.5 -0.000947216 -0.000616056
521 0.000633625 0.000571162
521.5 -0.000172841 -0.000393586
522 -0.000328093 0.00012458
522.5 0.000752812 0.000173366
523 -0.00100265 -0.000431039
523.5 0.00101957 0.000588581
524 -0.000799646 -0.000609395
524.5 0.000393961 0.000488646
525 0.000103242 -0.000254383
525.5 -0.000576462 -3.89731e-05
526 0.000915768 0.000323276
526.5 -0.00104234 -0.000532481
527 0.000926776 0.00061799
527.5 -0.00059592 -0.000559939
528 0.00012663 0.000371814
528.5 0.000372075 -9.73152e-05
529 -0.000784347 -0.00019979
529.5 0.00101441 0.000450483
530 -0.00100883 -0.000596529
530.5 0.000768895 0.000604
531 -0.000350344 -0.000471161
531.5 -0.000149593 0.000228871
532 0.000614779 6.65866e-05
532.5 -0.000937151 -0.000346576
533 0.00104182 0.000546055
533.5 -0.000904476 -0.000618684
534 0.000557019 0.000547593
534.5 -8.01652e-05 -0.000349295
535 -0.000415311 6.98549e-05
535.5 0.000814309 0.000225812
536 -0.00102414 -0.000469023
536.5 0.000996066 0.000603279
537 -0.000736602 -0.000597392
537.5 0.000306024 0.000452731
538 0.000195643 -0.000202899
538.5 -0.000651863 -9.40665e-05
539 0.000956654 0.00036918
539.5 -0.00103921 -0.000558533
540 0.000880361 0.000618137
540.5 -0.000517 -0.000534148
541 3.35392e-05 0.000326075
541.5 0.000457713 -4.22544e-05
542 -0.000842637 -0.000251382
542.5 0.00103182 0.000486622
543 -0.000981302 -0.000608819
543.5 0.000702831 0.000589586
544 -0.000261091 -0.000433392
544.5 -0.000241301 0.00017652
545 0.000687638 0.000121358
545.5 -0.000974236 -0.000391044
546 0.00103452 0.00056989
546.5 -0.000854479 -0.00061635
547 0.000475944 0.000519631
547.5 1.31541e-05 -0.000302201
548 -0.000499196 1.4569e-05
548.5 0.000869274 0.000276447
549 -0.00103742 -0.000503244
549.5 0.000964569 0.000613137
550 -0.000667649 -0.000580597
550.5 0.000215633 0.000413184
551 0.000286475 -0.000149787
551.5 -0.000722034 -0.000148405
552 0.000989864 0.000412123
552.5 -0.00102775 -0.000580104
553 0.000826883 0.000613325
553.5 -0.000433932 -0.000504071
554 -5.98209e-05 0.00027772
554.5 0.000539678 1.31455e-05
555 -0.000894167 -0.000300957
555.5 0.00104094 0.000518857
556 -0.0009459 -0.000616225
556.5 0.000631127 0.000570443
557 -0.000169743 -0.000392146
557.5 -0.000331074 0.000122753
558 0.000754981 0.000175155
558.5 -0.00100351 -0.000432375
559 0.00101891 0.000589153
559.5 -0.000797627 -0.00060907
560 0.00039105 0.0004875
560.5 0.000106368 -0.000252682
561 -0.000579077 -4.08337e-05
561.5 0.000917265 0.000324864
562 -0.00104237 -0.000533428
562.5 0.000925334 0.000618076
563 -0.000593339 -0.000559144
563.5 0.000123512 0.000370322
564 0.000375008 -9.54735e-05
564.5 -0.000786413 -0.000201553
565 0.00101513 0.000451759
565.5 -0.00100804 -0.00059702
566 0.000766771 0.000603593
566.5 -0.000347384 -0.00046995
567 -0.000152701 0.000227137
567.5 0.000617313 6.84399e-05
568 -0.000938523 -0.000348119
568.5 0.00104171 0.000546929
569 -0.00090291 -0.000618687
569.5 0.000554361 0.000546723
570 -7.70327e-05 -0.000347754
570.5 -0.00041819 6.8002e-05
571 0.000816267 0.000227547
571.5 -0.00102472 -0.000470237
572 0.000995135 0.00060369
572.5 -0.000734376 -0.000596905
573 0.00030302 0.000451458
573.5 0.000198728 -0.000201137
574 -0.000654311 -9.59088e-05
574.5 0.000957897 0.000370675
575 -0.00103896 -0.000559332
575.5 0.000878674 0.000618056
576 -0.00051427 -0.000533205
576.5 3.03993e-05 0.000324489
577 0.000460533 -4.03941e-05
577.5 -0.000844483 -0.000253084
578 0.00103226 0.000487771
578.5 -0.000980238 -0.000609148
579 0.000700508 0.000589018
579.5 -0.000258048 -0.000432059
580 -0.000244356 0.000174732
580.5 0.000689996 0.000123185
581 -0.000975349 -0.000392487
581.5 0.00103413 0.000570613
582 -0.000852676 -0.000616185
582.5 0.000473147 0.000518616
583 1.62951e-05 -0.000300572
583.5 -0.000501952 1.2705e-05
584 0.000871004 0.000278114
584.5 -0.00103772 -0.000504326
585 0.000963374 0.000613383
585.5 -0.000665233 -0.00057995
586 0.000212558 0.000411794
586.5 0.000289494 -0.000147977
587 -0.000724297 -0.000150215
587.5 0.000990844 0.000413511
588 -0.00102722 -0.000580749
588.5 0.000824966 0.000613078
589 -0.000431074 -0.000502988
589.5 -6.29569e-05 0.000276053
590 0.000542363 1.50095e-05
590.5 -0.000895777 -0.000302585
591 0.0010411 0.00051987
591.5 -0.000944576 -0.000616388
592 0.000628624 0.000569718
592.5 -0.000166642 -0.000390702
593 -0.000334051 0.000120926
593.5 0.000757144 0.000176942
594 -0.00100435 -0.000433706
594.5 0.00101825 0.00058972
595 -0.000795601 -0.00060874
595.5 0.000388137 0.00048635
596 0.000109492 -0.000250979
596.5 -0.000581686 -4.26939e-05
597 0.000918753 0.000326449
597.5 -0.00104239 -0.00053437
598 0.000923883 0.000618156
598.5 -0.000590754 -0.000558343
599 0.000120392 0.000368826
599.5 0.000377938 -9.3631e-05
600 -0.000788471 -0.000203315
600.5 0.00101584 0.000453031
601 -0.00100723 -0.000597507
601.5 0.000764639 0.000603181
602 -0.00034442 -0.000468736
602.5 -0.000155808 0.000225402
603 0.000619842 7.02926e-05
603.5 -0.000939885 -0.000349658
604 0.00104159 0.000547798
604.5 -0.000901336 -0.000618683
605 0.000551698 0.000545847
605.5 -7.38996e-05 -0.000346211
606 -0.000421066 6.61485e-05
606.5 0.000818217 0.00022928
607 -0.0010253 -0.000471446
607.5 0.000994196 0.000604095
608 -0.000732143 -0.000596412
608.5 0.000300013 0.000450181
609 0.000201811 -0.000199373
609.5 -0.000656754 -9.77503e-05
610 0.000959132 0.000372166
610.5 -0.0010387 -0.000560126
611 0.00087698 0.000617969
611.5 -0.000511535 -0.000532256
612 2.72591e-05 0.0003229
612.5 0.000463349 -3.85334e-05
613 -0.00084632 -0.000254785
613.5 0.00103269 0.000488916
614 -0.000979165 -0.000609471
614.5 0.000698178 0.000588445
615 -0.000255003 -0.000430723
615.5 -0.000247409 0.000172943
616 0.000692348 0.000125012
616.5 -0.000976453 -0.000393926
617 0.00103373 0.000571331
617.5 -0.000850865 -0.000616015
618 0.000470345 0.000517597
618.5 1.94361e-05 -0.000298941
619 -0.000504702 1.08409e-05
619.5 0.000872726 0.000279778
620 -0.00103801 -0.000505404
620.5 0.000962169 0.000613624
621 -0.000662812 -0.000579298
621.5 0.000209482 0.000410401
622 0.000292511 -0.000146166
622.5 -0.000726553 -0.000152023
623 0.000991815 0.000414896
623.5 -0.00102668 -0.000581389
624 0.000823042 0.000612825
624.5 -0.000428212 -0.0005019
625 -6.60922e-05 0.000274383
625.5 0.000545043 1.68734e-05
626 -0.00089738 -0.00030421
626.5 0.00104125 0.000520878
627 -0.000943243 -0.000616546
627.5 0.000626116 0.000568989
628 -0.000163541 -0.000389255
628.5 -0.000337025 0.000119096
629 0.000759299 0.000178728
629.5 -0.00100519 -0.000435034
630 0.00101757 0.000590281
630.5 -0.000793568 -0.000608404
631 0.000385219 0.000485195
631.5 0.000112616 -0.000249274
632 -0.00058429 -4.45537e-05
632.5 0.000920233 0.000328032
633 -0.0010424 -0.000535307
633.5 0.000922424 0.00061823
634 -0.000588163 -0.000557537
634.5 0.000117271 0.000367328
635 0.000380863 -9.17876e-05
635.5 -0.000790523 -0.000205075
636 0.00101654 0.000454299
636.5 -0.00100642 -0.000597988
637 0.000762501 0.000602764
637.5 -0.000341454 -0.000467517
638 -0.000158913 0.000223665
638.5 0.000622365 7.21447e-05
639 -0.00094124 -0.000351195
639.5 0.00104146 0.000548662
640 -0.000899754 -0.000618674
640.5 0.00054903 0.000544967
641 -7.07657e-05 -0.000344664
641.5 -0.000423938 6.42945e-05
642 0.00082016 0.000231011
642.5 -0.00102586 -0.000472652
643 0.000993247 0.000604495
643.5 -0.000729904 -0.000595913
644 0.000297003 0.0004489
644.5 0.000204892 -0.000197607
645 -0.00065919 -9.95909e-05
645.5 0.000960358 0.000373653
646 -0.00103843 -0.000560916
646.5 0.000875278 0.000617876
647 -0.000508795 -0.000531304
647.5 2.41187e-05 0.000321308
648 0.000466161 -3.66724e-05
648.5 -0.000848151 -0.000256482
649 0.00103311 0.000490056
649.5 -0.000978083 -0.000609789
650 0.000695842 0.000587867
650.5 -0.000251956 -0.000429383
651 -0.000250459 0.000171152
651.5 0.000694693 0.000126837
652 -0.000977549 -0.000395362
652.5 0.00103332 0.000572044
653 -0.000849046 -0.000615839
653.5 0.00046754 0.000516574
654 2.25768e-05 -0.000297308
654.5 -0.000507449 8.97666e-06
655 0.00087444 0.00028144
655.5 -0.0010383 -0.000506477
656 0.000960956 0.000613859
656.5 -0.000660384 -0.000578641
657 0.000206404 0.000409004
657.5 0.000295524 -0.000144354
658 -0.000728802 -0.000153829
658.5 0.000992778 0.000416278
659 -0.00102613 -0.000582024
659.5 0.000821111 0.000612566
660 -0.000425346 -0.000500807
660.5 -6.9227e-05 0.000272711
661 0.000547718 1.87371e-05
661.5 -0.000898974 -0.000305832
662 0.0010414 0.000521882
662.5 -0.000941902 -0.000616698
663 0.000623601 0.000568254
663.5 -0.000160437 -0.000387804
664 -0.000339996 0.000117266
664.5 0.000761448 0.000180512
665 -0.00100601 -0.000436358
665.5 0.00101688 0.000590837
666 -0.000791527 -0.000608063
666.5 0.000382299 0.000484036
667 0.000115738 -0.000247566
667.5 -0.000586889 -4.64132e-05
668 0.000921705 0.000329611
668.5 -0.00104241 -0.00053624
669 0.000920957 0.000618299
669.5 -0.000585567 -0.000556727
670 0.000114149 0.000365826
670.5 0.000383786 -8.99433e-05
671 -0.000792567 -0.000206833
671.5 0.00101723 0.000455562
672 -0.00100559 -0.000598463
672.5 0.000760355 0.000602341
673 -0.000338484 -0.000466293
673.5 -0.000162017 0.000221925
674 0.000624882 7.39961e-05
674.5 -0.000942586 -0.000352728
675 0.00104133 0.000549521
675.5 -0.000898164 -0.000618659
676 0.000546357 0.000544082
676.5 -6.76313e-05 -0.000343114
677 -0.000426805 6.24398e-05
677.5 0.000822095 0.000232739
678 -0.00102641 -0.000473852
678.5 0.000992289 0.000604889
679 -0.000727658 -0.000595409
679.5 0.000293991 0.000447615
680 0.000207971 -0.000195839
680.5 -0.000661621 -0.000101431
681 0.000961575 0.000375138
681.5 -0.00103815 -0.0005617
682 0.000873568 0.000617778
682.5 -0.000506051 -0.000530346
683 2.0978e-05 0.000319713
683.5 0.000468969 -3.4811e-05
684 -0.000849973 -0.000258178
684.5 0.00103353 0.000491192
685 -0.000976992 -0.000610101
685.5 0.0006935 0.000587283
686 -0.000248907 -0.000428038
686.5 -0.000253508 0.00016936
687 0.000697032 0.000128662
687.5 -0.000978635 -0.000396794
688 0.0010329 0.000572751
688.5 -0.00084722 -0.000615657
689 0.00046473 0.000515545
689.5 2.57174e-05 -0.000295671
690 -0.000510191 7.11235e-06
690.5 0.000876146 0.000283099
691 -0.00103857 -0.000507546
691.5 0.000959735 0.000614089
692 -0.000657951 -0.000577978
692.5 0.000203324 0.000407603
693 0.000298536 -0.00014254
693.5 -0.000731045 -0.000155634
694 0.000993731 0.000417655
694.5 -0.00102557 -0.000582654
695 0.000819172 0.000612301
695.5 -0.000422476 -0.00049971
696 -7.23611e-05 0.000271036
696.5 0.000550389 2.06006e-05
697 -0.00090056 -0.000307451
697.5 0.00104153 0.000522881
698 -0.000940551 -0.000616844
698.5 0.000621081 0.000567514
699 -0.000157333 -0.000386349
699.5 -0.000342964 0.000115435
700 0.00076359 0.000182295
700.5 -0.00100683 -0.000437677
701 0.00101619 0.000591387
701.5 -0.000789479 -0.000607716
702 0.000379374 0.000482872
702.5 0.00011886 -0.000245857
703 -0.000589483 -4.82722e-05
703.5 0.000923168 0.000331187
704 -0.0010424 -0.000537167
704.5 0.000919481 0.000618362
705 -0.000582965 -0.000555911
705.5 0.000111026 0.000364321
706 0.000386705 -8.80982e-05
706.5 -0.000794604 -0.000208589
707 0.00101791 0.000456822
707.5 -0.00100476 -0.000598933
708 0.000758203 0.000601912
708.5 -0.000335511 -0.000465066
709 -0.00016512 0.000220184
709.5 0.000627393 7.58469e-05
710 -0.000943923 -0.000354258
710.5 0.00104118 0.000550375
711 -0.000896565 -0.000618639
711.5 0.000543679 0.000543192
712 -6.44962e-05 -0.000341561
712.5 -0.00042967 6.05846e-05
713 0.000824022 0.000234466
713.5 -0.00102695 -0.000475049
714 0.000991322 0.000605278
714.5 -0.000725405 -0.0005949
715 0.000290975 0.000446326
715.5 0.000211048 -0.000194069
716 -0.000664045 -0.000103269
716.5 0.000962784 0.000376619
717 -0.00103787 -0.000562479
717.5 0.00087185 0.000617674
718 -0.000503303 -0.000529383
718.5 1.78372e-05 0.000318116
719 0.000471772 -3.29493e-05
719.5 -0.000851788 -0.000259871
720 0.00103393 0.000492323
720.5 -0.000975892 -0.000610408
721 0.000691152 0.000586694
721.5 -0.000245855 -0.00042669
722 -0.000256554 0.000167566
722.5 0.000699365 0.000130485
723 -0.000979712 -0.000398223
723.5 0.00103247 0.000573454
724 -0.000845386 -0.00061547
724.5 0.000461916 0.000514512
725 2.88577e-05 -0.000294032
725.5 -0.000512928 5.24797e-06
726 0.000877844 0.000284755
726.5 -0.00103884 -0.00050861
727 0.000958504 0.000614313
727.5 -0.000655511 -0.000577311
728 0.000200242 0.000406198
728.5 0.000301544 -0.000140725
729 -0.000733281 -0.000157438
729.5 0.000994675 0.000419029
730 -0.00102501 -0.000583278
730.5 0.000817225 0.000612031
731 -0.000419602 -0.000498609
731.5 -7.54946e-05 0.000269359
732 0.000553054 2.24639e-05
732.5 -0.000902138 -0.000309068
733 0.00104165 0.000523875
733.5 -0.000939193 -0.000616985
734 0.000618555 0.000566769
734.5 -0.000154227 -0.000384891
735 -0.000345929 0.000113603
735.5 0.000765725 0.000184076
736 -0.00100764 -0.000438993
736.5 0.00101548 0.000591932
737 -0.000787424 -0.000607364
737.5 0.000376447 0.000481705
738 0.00012198 -0.000244145
738.5 -0.000592071 -5.01307e-05
739 0.000924622 0.000332761
739.5 -0.00104238 -0.00053809
740 0.000917997 0.00061842
740.5 -0.000580358 -0.00055509
741 0.000107902 0.000362812
741.5 0.00038962 -8.62524e-05
742 -0.000796633 -0.000210344
742.5 0.00101859 0.000458077
743 -0.00100392 -0.000599398
743.5 0.000756044 0.000601478
744 -0.000332536 -0.000463834
744.5 -0.000168221 0.000218441
745 0.000629899 7.7697e-05
745.5 -0.000945251 -0.000355785
746 0.00104102 0.000551224
746.5 -0.000894958 -0.000618613
747 0.000540997 0.000542297
747.5 -6.13605e-05 -0.000340005
748 -0.00043253 5.87288e-05
748.5 0.000825943 0.00023619
749 -0.00102749 -0.000476241
749.5 0.000990346 0.000605661
750 -0.000723146 -0.000594385
750.5 0.000287957 0.000445033
751 0.000214124 -0.000192298
751.5 -0.000666464 -0.000105107
752 0.000963983 0.000378096
752.5 -0.00103757 -0.000563253
753 0.000870124 0.000617565
753.5 -0.000500549 -0.000528416
754 1.46961e-05 0.000316515
754.5 0.000474571 -3.10874e-05
755 -0.000853595 -0.000261562
755.5 0.00103433 0.00049345
756 -0.000974784 -0.000610709
756.5 0.000688797 0.000586099
757 -0.000242801 -0.000425338
757.5 -0.000259597 0.00016577
758 0.000701691 0.000132307
758.5 -0.000980781 -0.000399648
759 0.00103203 0.000574151
759.5 -0.000843544 -0.000615278
760 0.000459098 0.000513474
760.5 3.19977e-05 -0.00029239
761 -0.00051566 3.38354e-06
761.5 0.000879534 0.000286409
762 -0.00103909 -0.000509669
762.5 0.000957265 0.000614532
763 -0.000653066 -0.000576638
763.5 0.000197158 0.00040479
764 0.00030455 -0.000138909
764.5 -0.00073551 -0.000159241
765 0.00099561 0.000420398
765.5 -0.00102443 -0.000583897
766 0.000815271 0.000611756
766.5 -0.000416725 -0.000497503
767 -7.86274e-05 0.000267679
767.5 0.000555714 2.43271e-05
768 -0.000903708 -0.000310682
768.5 0.00104177 0.000524865
769 -0.000937826 -0.000617121
769.5 0.000616024 0.000566019
770 -0.000151119 -0.00038343
770.5 -0.000348891 0.00011177
771 0.000767853 0.000185855
771.5 -0.00100844 -0.000440305
772 0.00101477 0.000592472
772.5 -0.000785362 -0.000607006
773 0.000373516 0.000480532
773.5 0.000125099 -0.00024243
774 -0.000594654 -5.19888e-05
774.5 0.000926069 0.000334331
775 -0.00104236 -0.000539007
775.5 0.000916504 0.000618472
776 -0.000577746 -0.000554264
776.5 0.000104777 0.0003613
777 0.000392532 -8.44057e-05
777.5 -0.000798656 -0.000212096
778 0.00101925 0.000459328
778.5 -0.00100307 -0.000599857
779 0.000753878 0.000601039
779.5 -0.000329557 -0.000462598
780 -0.00017132 0.000216695
780.5 0.000632399 7.95463e-05
781 -0.000946571 -0.000357309
781.5 0.00104085 0.000552068
782 -0.000893344 -0.000618581
782.5 0.000538309 0.000541397
783 -5.82243e-05 -0.000338445
783.5 -0.000435386 5.68725e-05
784 0.000827855 0.000237912
784.5 -0.00102801 -0.000477429
785 0.000989361 0.000606039
785.5 -0.00072088 -0.000593865
786 0.000284937 0.000443735
786.5 0.000217197 -0.000190525
787 -0.000668876 -0.000106944
787.5 0.000965174 0.00037957
788 -0.00103726 -0.000564022
788.5 0.00086839 0.00061745
789 -0.000497792 -0.000527444
789.5 1.1555e-05 0.000314912
790 0.000477366 -2.92251e-05
790.5 -0.000855394 -0.00026325
791 0.00103471 0.000494573
791.5 -0.000973666 -0.000611005
792 0.000686436 0.0005855
792.5 -0.000239745 -0.000423982
793 -0.000262638 0.000163973
793.5 0.000704011 0.000134127
794 -0.000981841 -0.00040107
794.5 0.00103159 0.000574843
795 -0.000841695 -0.000615079
795.5 0.000456275 0.000512432
796 3.51375e-05 -0.000290746
796.5 -0.000518388 1.51909e-06
797 0.000881216 0.000288061
797.5 -0.00103934 -0.000510723
798 0.000956017 0.000614744
798.5 -0.000650614 -0.000575959
799 0.000194072 0.000403378
799.5 0.000307553 -0.000137092
800 -0.000737733 -0.000161041
800.5 0.000996537 0.000421764
801 -0.00102384 -0.000584511
801.5 0.00081331 0.000611475
802 -0.000413843 -0.000496392
802.5 -8.17595e-05 0.000265997
803 0.00055837 2.619e-05
803.5 -0.00090527 -0.000312293
804 0.00104187 0.000525849
804.5 -0.00093645 -0.000617251
805 0.000613487 0.000565263
805.5 -0.00014801 -0.000381965
806 -0.00035185 0.000109935
806.5 0.000769974 0.000187632
807 -0.00100923 -0.000441613
807.5 0.00101405 0.000593006
808 -0.000783293 -0.000606643
808.5 0.000370581 0.000479356
809 0.000128217 -0.000240714
809.5 -0.000597231 -5.38465e-05
810 0.000927507 0.000335898
810.5 -0.00104232 -0.00053992
811 0.000915003 0.000618518
811.5 -0.000575129 -0.000553433
812 0.000101651 0.000359785
812.5 0.000395441 -8.25583e-05
813 -0.000800671 -0.000213847
813.5 0.0010199 0.000460575
814 -0.00100221 -0.000600311
814.5 0.000751705 0.000600594
815 -0.000326575 -0.000461358
815.5 -0.000174418 0.000214948
816 0.000634894 8.13949e-05
816.5 -0.000947883 -0.00035883
817 0.00104068 0.000552907
817.5 -0.000891721 -0.000618544
818 0.000535616 0.000540492
818.5 -5.50876e-05 -0.000336883
819 -0.000438238 5.50156e-05
819.5 0.000829761 0.000239632
820 -0.00102853 -0.000478613
820.5 0.000988368 0.000606411
821 -0.000718608 -0.00059334
821.5 0.000281914 0.000442434
822 0.000220269 -0.00018875
822.5 -0.000671283 -0.00010878
823 0.000966357 0.000381041
823.5 -0.00103694 -0.000564785
824 0.000866649 0.000617329
824.5 -0.000495029 -0.000526467
825 8.41375e-06 0.000313305
825.5 0.000480156 -2.73626e-05
826 -0.000857185 -0.000264937
826.5 0.00103509 0.000495691
827 -0.00097254 -0.000611295
827.5 0.000684069 0.000584895
828 -0.000236687 -0.000422622
828.5 -0.000265677 0.000162174
829 0.000706324 0.000135947
829.5 -0.000982891 -0.000402488
830 0.00103113 0.00057553
830.5 -0.000839838 -0.000614876
831 0.000453449 0.000511385
831.5 3.82769e-05 -0.000289099
832 -0.000521111 -3.45383e-07
832.5 0.00088289 0.000289709
833 -0.00103957 -0.000511773
833.5 0.000954761 0.000614952
834 -0.000648157 -0.000575276
834.5 0.000190985 0.000401963
835 0.000310553 -0.000135273
835.5 -0.000739949 -0.000162841
836 0.000997454 0.000423127
836.5 -0.00102325 -0.000585119
837 0.000811341 0.000611188
837.5 -0.000410958 -0.000495277
838 -8.48908e-05 0.000264312
838.5 0.00056102 2.80527e-05
839 -0.000906823 -0.000313901
839.5 0.00104197 0.000526829
840 -0.000935066 -0.000617375
840.5 0.000610944 0.000564503
841 -0.0001449 -0.000380496
841.5 -0.000354805 0.0001081
842 0.000772088 0.000189408
842.5 -0.00101001 -0.000442917
843 0.00101331 0.000593535
843.5 -0.000781217 -0.000606274
844 0.000367643 0.000478175
844.5 0.000131334 -0.000238995
845 -0.000599803 -5.57036e-05
845.5 0.000928936 0.000337462
846 -0.00104228 -0.000540828
846.5 0.000913494 0.000618559
847 -0.000572506 -0.000552597
847.5 9.85239e-05 0.000358267
848 0.000398346 -8.07101e-05
848.5 -0.000802679 -0.000215595
849 0.00102055 0.000461818
849.5 -0.00100134 -0.000600759
850 0.000749525 0.000600144
850.5 -0.00032359 -0.000460114
851 -0.000177514 0.000213199
851.5 0.000637382 8.32428e-05
852 -0.000949186 -0.000360347
852.5 0.00104049 0.000553742
853 -0.00089009 -0.000618501
853.5 0.000532919 0.000539583
854 -5.19503e-05 -0.000335318
854.5 -0.000441087 5.31583e-05
855 0.000831658 0.00024135
855.5 -0.00102903 -0.000479792
856 0.000987365 0.000606778
856.5 -0.000716329 -0.000592809
857 0.000278888 0.000441129
857.5 0.000223338 -0.000186974
858 -0.000673683 -0.000110615
858.5 0.00096753 0.000382508
859 -0.00103662 -0.000565544
859.5 0.000864899 0.000617203
860 -0.000492262 -0.000525485
860.5 5.27242e-06 0.000311696
861 0.000482942 -2.54998e-05
861.5 -0.000858969 -0.00026662
862 0.00103546 0.000496804
862.5 -0.000971405 -0.000611579
863 0.000681695 0.000584284
863.5 -0.000233627 -0.000421259
864 -0.000268714 0.000160374
864.5 0.000708631 0.000137765
865 -0.000983933 -0.000403902
865.5 0.00103067 0.000576211
866 -0.000837973 -0.000614666
866.5 0.000450618 0.000510333
867 4.1416e-05 -0.000287449
867.5 -0.000523829 -2.20985e-06
868 0.000884556 0.000291355
868.5 -0.0010398 -0.000512819
869 0.000953496 0.000615154
869.5 -0.000645694 -0.000574587
870 0.000187896 0.000400544
870.5 0.00031355 -0.000133453
871 -0.000742158 -0.000164639
871.5 0.000998362 0.000424485
872 -0.00102264 -0.000585723
872.5 0.000809365 0.000610896
873 -0.00040807 -0.000494157
873.5 -8.80214e-05 0.000262625
874 0.000563665 2.99151e-05
874.5 -0.000908368 -0.000315506
875 0.00104206 0.000527805
875.5 -0.000933673 -0.000617493
876 0.000608396 0.000563737
876.5 -0.000141788 -0.000379025
877 -0.000357757 0.000106264
877.5 0.000774196 0.000191182
878 -0.00101079 -0.000444216
878.5 0.00101257 0.000594058
879 -0.000779134 -0.0006059
879.5 0.000364702 0.00047699
880 0.00013445 -0.000237274
880.5 -0.000602369 -5.75603e-05
881 0.000930357 0.000339024
881.5 -0.00104222 -0.000541731
882 0.000911977 0.000618594
882.5 -0.000569878 -0.000551756
883 9.53962e-05 0.000356745
883.5 0.000401247 -7.88612e-05
884 -0.000804679 -0.000217342
884.5 0.00102118 0.000463056
885 -0.00100047 -0.000601202
885.5 0.000747338 0.000599688
886 -0.000320603 -0.000458865
886.5 -0.000180609 0.000211447
887 0.000639865 8.509e-05
887.5 -0.00095048 -0.000361861
888 0.0010403 0.000554571
888.5 -0.000888451 -0.000618453
889 0.000530217 0.000538668
889.5 -4.88126e-05 -0.000333749
890 -0.000443931 5.13005e-05
890.5 0.000833548 0.000243066
891 -0.00102953 -0.000480967
891.5 0.000986353 0.000607139
892 -0.000714043 -0.000592272
892.5 0.00027586 0.000439819
893 0.000226406 -0.000185196
893.5 -0.000676077 -0.000112449
894 0.000968695 0.000383972
894.5 -0.00103628 -0.000566297
895 0.000863142 0.000617071
895.5 -0.000489491 -0.000524499
896 2.13105e-06 0.000310084
896.5 0.000485724 -2.36368e-05
897 -0.000860745 -0.000268301
897.5 0.00103581 0.000497913
898 -0.000970261 -0.000611859
898.5 0.000679315 0.000583668
899 -0.000230564 -0.000419891
899.5 -0.000271748 0.000158573
900 0.000710932 0.000139582
900.5 -0.000984966 -0.000405312
901 0.00103019 0.000576888
901.5 -0.000836101 -0.000614451
902 0.000447783 0.000509277
902.5 4.45548e-05 -0.000285797
903 -0.000526543 -4.0743e-06
903.5 0.000886214 0.000292999
904 -0.00104002 -0.000513859
904.5 0.000952222 0.00061535
905 -0.000643225 -0.000573893
905.5 0.000184805 0.000399121
906 0.000316545 -0.000131632
906.5 -0.000744361 -0.000166435
907 0.000999261 0.000425839
907.5 -0.00102203 -0.00058632
908 0.000807382 0.000610598
908.5 -0.000405177 -0.000493033
909 -9.11512e-05 0.000260936
909.5 0.000566305 3.17772e-05
910 -0.000909905 -0.000317108
910.5 0.00104213 0.000528775
911 -0.000932272 -0.000617606
911.5 0.000605843 0.000562967
912 -0.000138675 -0.000377549
912.5 -0.000360706 0.000104426
913 0.000776296 0.000192955
913.5 -0.00101155 -0.000445512
914 0.00101182 0.000594576
914.5 -0.000777043 -0.00060552
915 0.000361758 0.0004758
915.5 0.000137565 -0.000235551
916 -0.00060493 -5.94164e-05
916.5 0.00093177 0.000340582
917 -0.00104216 -0.000542629
917.5 0.000910451 0.000618623
918 -0.000567245 -0.00055091
918.5 9.22675e-05 0.00035522
919 0.000404144 -7.70116e-05
919.5 -0.000806673 -0.000219087
920 0.00102181 0.000464291
920.5 -0.000999579 -0.00060164
921 0.000745145 0.000599227
921.5 -0.000317612 -0.000457612
922 -0.000183702 0.000209694
922.5 0.000642342 8.69363e-05
923 -0.000951765 -0.000363371
923.5 0.00104009 0.000555395
924 -0.000886804 -0.000618399
924.5 0.00052751 0.000537748
925 -4.56744e-05 -0.000332178
925.5 -0.000446771 4.94422e-05
926 0.000835431 0.000244779
926.5 -0.00103002 -0.000482138
927 0.000985332 0.000607495
927.5 -0.000711751 -0.000591731
928 0.00027283 0.000438506
928.5 0.000229471 -0.000183416
929 -0.000678465 -0.000114282
929.5 0.000969851 0.000385432
930 -0.00103594 -0.000567046
930.5 0.000861377 0.000616934
931 -0.000486715 -0.000523507
931.5 -1.01034e-06 0.000308469
932 0.000488501 -2.17736e-05
932.5 -0.000862513 -0.00026998
933 0.00103616 0.000499017
933.5 -0.000969108 -0.000612132
934 0.00067693 0.000583047
934.5 -0.000227499 -0.00041852
935 -0.000274779 0.00015677
935.5 0.000713226 0.000141398
936 -0.00098599 -0.000406719
936.5 0.00102971 0.000577559
937 -0.000834221 -0.000614231
937.5 0.000444945 0.000508216
938 4.76931e-05 -0.000284142
938.5 -0.000529252 -5.93871e-06
939 0.000887864 0.00029464
939.5 -0.00104022 -0.000514896
940 0.000950939 0.00061554
940.5 -0.00064075 -0.000573194
941 0.000181713 0.000397694
941.5 0.000319536 -0.000129809
942 -0.000746556 -0.00016823
942.5 0.00100015 0.00042719
943 -0.00102141 -0.000586913
943.5 0.000805391 0.000610295
944 -0.000402281 -0.000491905
944.5 -9.42801e-05 0.000259244
945 0.00056894 3.36391e-05
945.5 -0.000911434 -0.000318708
946 0.0010422 0.00052974
946.5 -0.000930862 -0.000617714
947 0.000603284 0.000562191
947.5 -0.000135561 -0.00037607
948 -0.000363652 0.000102588
948.5 0.000778389 0.000194725
949 -0.0010123 -0.000446804
949.5 0.00101106 0.000595089
950 -0.000774946 -0.000605135
950.5 0.00035881 0.000474606
951 0.000140678 -0.000233826
951.5 -0.000607486 -6.1272e-05
952 0.000933174 0.000342137
952.5 -0.00104208 -0.000543522
953 0.000908917 0.000618647
953.5 -0.000564607 -0.000550059
954 8.91381e-05 0.000353692
954.5 0.000407038 -7.51613e-05
955 -0.000808659 -0.000220829
955.5 0.00102243 0.000465521
956 -0.000998683 -0.000602071
956.5 0.000742945 0.00059876
957 -0.000314619 -0.000456355
957.5 -0.000186794 0.000207939
958 0.000644813 8.87819e-05
958.5 -0.000953042 -0.000364879
959 0.00103988 0.000556214
959.5 -0.000885149 -0.000618339
960 0.000524798 0.000536824
960.5 -4.25358e-05 -0.000330604
961 -0.000449607 4.75835e-05
961.5 0.000837306 0.00024649
962 -0.0010305 -0.000483304
962.5 0.000984303 0.000607846
963 -0.000709453 -0.000591184
963.5 0.000269796 0.000437189
964 0.000232534 -0.000181635
964.5 -0.000680847 -0.000116114
965 0.000970998 0.000386889
965.5 -0.00103558 -0.000567789
966 0.000859603 0.000616791
966.5 -0.000483935 -0.000522511
967 -4.15173e-06 0.000306852
967.5 0.000491274 -1.99102e-05
968 -0.000864273 -0.000271657
968.5 0.0010365 0.000500117
969 -0.000967947 -0.0006124
969.5 0.000674538 0.000582421
970 -0.000224433 -0.000417145
970.5 -0.000277808 0.000154966
971 0.000715514 0.000143212
971.5 -0.000987005 -0.000408122
972 0.00102921 0.000578225
972.5 -0.000832334 -0.000614004
973 0.000442102 0.00050715
973.5 5.0831e-05 -0.000282484
974 -0.000531956 -7.80306e-06
974.5 0.000889506 0.000296278
975 -0.00104042 -0.000515927
975.5 0.000949648 0.000615725
976 -0.000638269 -0.00057249
976.5 0.000178619 0.000396264
977 0.000322525 -0.000127986
977.5 -0.000748746 -0.000170024
978 0.00100103 0.000428537
978.5 -0.00102078 -0.0005875
979 0.000803393 0.000609986
979.5 -0.000399381 -0.000490772
980 -9.74082e-05 0.00025755
980.5 0.000571569 3.55007e-05
981 -0.000912954 -0.000320305
981.5 0.00104226 0.000530701
982 -0.000929444 -0.000617815
982.5 0.000600719 0.00056141
983 -0.000132446 -0.000374588
983.5 -0.000366594 0.000100749
984 0.000780474 0.000196494
984.5 -0.00101305 -0.000448091
985 0.00101029 0.000595597
985.5 -0.000772841 -0.000604744
986 0.000355859 0.000473408
986.5 0.00014379 -0.000232099
987 -0.000610036 -6.3127e-05
987.5 0.00093457 0.000343688
988 -0.001042 -0.000544411
988.5 0.000907375 0.000618665
989 -0.000561964 -0.000549203
989.5 8.60078e-05 0.00035216
990 0.000409928 -7.33103e-05
990.5 -0.000810637 -0.00022257
991 0.00102303 0.000466747
991.5 -0.000997779 -0.000602498
992 0.000740738 0.000598288
992.5 -0.000311622 -0.000455094
993 -0.000189883 0.000206182
993.5 0.000647279 9.06267e-05
994 -0.00095431 -0.000366383
994.5 0.00103965 0.000557028
995 -0.000883485 -0.000618274
995.5 0.000522081 0.000535895
996 -3.93969e-05 -0.000329026
996.5 -0.000452439 4.57243e-05
997 0.000839173 0.000248199
997.5 -0.00103097 -0.000484466
998 0.000983264 0.00060819
998.5 -0.000707148 -0.000590631
999 0.000266761 0.000435868
999.5 0.000235595 -0.000179851
1000 -0.000683223 -0.000117944
