0 0.785398 0
0.5 0.378451 0.37873
1 0.361661 0.361543
1.5 0.433876 0.433746
2 0.465049 0.46507
2.5 0.406296 0.40651
3 0.256853 0.257226
3.5 0.04775 0.0481967
4 -0.17186 -0.171446
4.5 -0.348957 -0.348677
5 -0.440458 -0.44038
5.5 -0.424061 -0.424203
6 -0.303817 -0.304146
6.5 -0.109181 -0.109615
7 0.11219 0.111757
7.5 0.306094 0.305767
8 0.425055 0.424916
8.5 0.439949 0.44003
9 0.347128 0.34741
9.5 0.169318 0.169732
10 -0.0499475 -0.0495029
10.5 -0.256984 -0.256617
11 -0.401101 -0.400903
11.5 -0.447015 -0.447033
12 -0.383484 -0.383715
12.5 -0.226063 -0.226449
13 -0.0132937 -0.0137409
13.5 0.20273 0.202331
14 0.369119 0.368866
14.5 0.445134 0.445089
15 0.412165 0.412339
15.5 0.278284 0.278634
16 0.0762689 0.0767097
16.5 -0.14442 -0.143996
17 -0.329749 -0.329446
17.5 -0.434344 -0.434237
18 -0.432597 -0.432711
18.5 -0.324935 -0.325242
19 -0.137717 -0.138143
19.5 0.0832181 0.0827785
20 0.283779 0.283433
20.5 0.414861 0.414693
21 0.44437 0.444422
21.5 0.365082 0.365341
22 0.19641 0.196812
22.5 -0.0203511 -0.0199041
23 -0.232129 -0.231747
23.5 -0.387074 -0.386849
24 -0.44725 -0.447238
24.5 -0.397923 -0.398127
25 -0.251171 -0.251541
25.5 -0.0429233 -0.0433686
26 0.175833 0.175422
26.5 0.35154 0.351263
27 0.441177 0.441102
27.5 0.422799 0.422945
28 0.300905 0.301236
28.5 0.105339 0.105773
29 -0.116018 -0.115586
29.5 -0.308969 -0.308646
30 -0.426274 -0.426138
30.5 -0.439212 -0.439297
31 -0.344616 -0.344901
31.5 -0.165645 -0.166061
32 0.0538808 0.0534366
32.5 0.260215 0.259851
33 0.40284 0.402645
33.5 0.446835 0.446857
34 0.38143 0.381663
34.5 0.222637 0.223025
35 0.00933494 0.00978223
35.5 -0.206253 -0.205855
36 -0.371342 -0.371093
36.5 -0.445514 -0.445473
37 -0.410609 -0.410787
37.5 -0.275172 -0.275525
38 -0.0723638 -0.0728053
38.5 0.148162 0.14774
39 0.332412 0.332113
39.5 0.435277 0.435173
40 0.43157 0.431688
40.5 0.3222 0.32251
41 0.133944 0.134371
41.5 -0.0871058 -0.0866669
42 -0.286829 -0.286486
42.5 -0.416327 -0.416163
43 -0.443893 -0.443949
43.5 -0.362779 -0.363041
44 -0.192844 -0.193248
44.5 0.0243062 0.0238595
45 0.235505 0.235125
45.5 0.389045 0.388824
46 0.447332 0.447325
46.5 0.396097 0.396305
47 0.247884 0.248256
47.5 0.0389799 0.0394255
48 -0.179468 -0.179058
48.5 -0.353975 -0.353702
49 -0.441818 -0.441747
49.5 -0.421487 -0.421637
50 -0.297962 -0.298296
50.5 -0.101486 -0.101921
51 0.119838 0.119407
51.5 0.311821 0.3115
52 0.42746 0.427328
52.5 0.438441 0.43853
53 0.342077 0.342365
53.5 0.16196 0.162377
54 -0.0578099 -0.0573662
54.5 -0.263426 -0.263064
55 -0.404547 -0.404355
55.5 -0.44662 -0.446646
56 -0.379345 -0.379582
56.5 -0.219193 -0.219583
57 -0.00537542 -0.00582278
57.5 0.209759 0.209363
58 0.373536 0.37329
58.5 0.445859 0.445822
59 0.409021 0.409202
59.5 0.272039 0.272394
60 0.0684531 0.0688952
60.5 -0.151893 -0.151472
61 -0.33505 -0.334753
61.5 -0.436175 -0.436075
62 -0.430509 -0.430631
62.5 -0.31944 -0.319753
63 -0.130161 -0.130589
63.5 0.0909866 0.0905485
64 0.289857 0.289516
64.5 0.417761 0.4176
65 0.443382 0.443441
65.5 0.360448 0.360712
66 0.189263 0.189668
66.5 -0.0282594 -0.0278129
67 -0.238863 -0.238485
67.5 -0.390985 -0.390767
68 -0.44738 -0.447376
68.5 -0.394241 -0.394452
69 -0.244578 -0.244952
69.5 -0.0350334 -0.0354794
70 0.183088 0.18268
70.5 0.356383 0.356113
71 0.442423 0.442357
71.5 0.420143 0.420296
72 0.294997 0.295333
72.5 0.097625 0.0980615
73 -0.123649 -0.123219
73.5 -0.314649 -0.314331
74 -0.428612 -0.428484
74.5 -0.437636 -0.437729
75 -0.339511 -0.339803
75.5 -0.158263 -0.158681
76 0.0617344 0.0612913
76.5 0.266617 0.266257
77 0.406222 0.406034
77.5 0.44637 0.4464
78 0.377231 0.377471
78.5 0.215733 0.216124
79 0.00141549 0.00186288
79.5 -0.213248 -0.212855
80 -0.375701 -0.375458
80.5 -0.44617 -0.446136
81 -0.4074 -0.407585
81.5 -0.268885 -0.269242
82 -0.0645371 -0.0649797
82.5 0.155612 0.155192
83 0.337661 0.337367
83.5 0.437039 0.436943
84 0.429415 0.42954
84.5 0.316655 0.316971
85 0.126367 0.126796
85.5 -0.0948603 -0.094423
86 -0.292862 -0.292524
86.5 -0.419162 -0.419005
87 -0.442835 -0.442899
87.5 -0.358088 -0.358356
88 -0.185668 -0.186074
88.5 0.0322104 0.0317642
89 0.242202 0.241826
89.5 0.392894 0.39268
90 0.447392 0.447393
90.5 0.392353 0.392568
91 0.241252 0.241629
91.5 0.0310841 0.0315304
92 -0.186694 -0.186288
92.5 -0.358763 -0.358496
93 -0.442995 -0.442932
93.5 -0.418765 -0.418923
94 -0.292008 -0.292347
94.5 -0.0937566 -0.094194
95 0.12745 0.127021
95.5 0.317452 0.317136
96 0.429731 0.429606
96.5 0.436796 0.436893
97 0.336919 0.337213
97.5 0.154552 0.154972
98 -0.0656541 -0.0652115
98.5 -0.269786 -0.269429
99 -0.407865 -0.407681
99.5 -0.446085 -0.446119
100 -0.375087 -0.375331
100.5 -0.212255 -0.212649
101 0.00254456 0.00209717
101.5 0.216721 0.21633
102 0.377837 0.377597
102.5 0.446445 0.446415
103 0.405747 0.405936
103.5 0.265709 0.266069
104 0.0606159 0.0610592
104.5 -0.159318 -0.1589
105 -0.340246 -0.339955
105.5 -0.437869 -0.437777
106 -0.428287 -0.428416
106.5 -0.313845 -0.314164
107 -0.122563 -0.122993
107.5 0.0987265 0.0982901
108 0.295845 0.295509
108.5 0.42053 0.420377
109 0.442254 0.442322
109.5 0.3557 0.355971
110 0.182057 0.182466
110.5 -0.0361589 -0.0357129
111 -0.245522 -0.245148
111.5 -0.394773 -0.394562
112 -0.44737 -0.447374
112.5 -0.390435 -0.390653
113 -0.237908 -0.238286
113.5 -0.0271325 -0.027579
114 0.190286 0.189881
114.5 0.361115 0.360851
115 0.443531 0.443472
115.5 0.417355 0.417516
116 0.288996 0.289338
116.5 0.0898808 0.090319
117 -0.131241 -0.130813
117.5 -0.32023 -0.319917
118 -0.430815 -0.430694
118.5 -0.435922 -0.436023
119 -0.334301 -0.334598
119.5 -0.15083 -0.151251
120 0.0695687 0.0691267
120.5 0.272935 0.27258
121 0.409477 0.409296
121.5 0.445765 0.445803
122 0.372914 0.373161
122.5 0.208761 0.209156
123 -0.00650441 -0.00605706
123.5 -0.220177 -0.219787
124 -0.379942 -0.379706
124.5 -0.446685 -0.446659
125 -0.404063 -0.404255
125.5 -0.262513 -0.262875
126 -0.0566901 -0.0571338
126.5 0.163012 0.162596
127 0.342804 0.342516
127.5 0.438665 0.438576
128 0.427125 0.427258
128.5 0.311011 0.311332
129 0.11875 0.119181
129.5 -0.102585 -0.10215
130 -0.298804 -0.29847
130.5 -0.421865 -0.421715
131 -0.441638 -0.44171
131.5 -0.353284 -0.353558
132 -0.178433 -0.178843
132.5 0.0401045 0.0396589
133 0.248823 0.248451
133.5 0.396621 0.396414
134 0.447312 0.44732
134.5 0.388486 0.388708
135 0.234545 0.234925
135.5 0.0231787 0.0236255
136 -0.193862 -0.193459
136.5 -0.363439 -0.363178
137 -0.444033 -0.443978
137.5 -0.415912 -0.416077
138 -0.285962 -0.286306
138.5 -0.085998 -0.086437
139 0.135021 0.134595
139.5 0.322983 0.322673
140 0.431866 0.431749
140.5 0.435014 0.435119
141 0.331656 0.331956
141.5 0.147096 0.147519
142 -0.0734778 -0.0730365
142.5 -0.276062 -0.27571
143 -0.411056 -0.410879
143.5 -0.44541 -0.445452
144 -0.370711 -0.370962
144.5 -0.20525 -0.205647
145 0.0104637 0.0100165
145.5 0.223616 0.223228
146 0.382019 0.381785
146.5 0.44689 0.446869
147 0.402347 0.402543
147.5 0.259296 0.25966
148 0.0527598 0.053204
148.5 -0.166694 -0.166278
149 -0.345335 -0.34505
149.5 -0.439426 -0.439342
150 -0.42593 -0.426067
150.5 -0.308152 -0.308476
151 -0.114927 -0.11536
151.5 0.106436 0.106001
152 0.301739 0.301409
152.5 0.423167 0.423021
153 0.440988 0.441063
153.5 0.35084 0.351118
154 0.174795 0.175206
154.5 -0.044047 -0.0436018
155 -0.252104 -0.251735
155.5 -0.398438 -0.398234
156 -0.44722 -0.447232
156.5 -0.386507 -0.386732
157 -0.231163 -0.231546
157.5 -0.0192231 -0.0196701
158 0.197424 0.197022
158.5 0.365734 0.365476
159 0.4445 0.444449
159.5 0.414437 0.414605
160 0.282905 0.283252
160.5 0.0821085 0.0825482
161 -0.138791 -0.138366
161.5 -0.32571 -0.325403
162 -0.432884 -0.432771
162.5 -0.434072 -0.43418
163 -0.328985 -0.329288
163.5 -0.14335 -0.143774
164 0.0773812 0.0769405
164.5 0.279167 0.278817
165 0.412603 0.41243
165.5 0.44502 0.445066
166 0.36848 0.368733
166.5 0.201723 0.202122
167 -0.0144223 -0.0139751
167.5 -0.227037 -0.226651
168 -0.384065 -0.383835
168.5 -0.44706 -0.447043
169 -0.4006 -0.400799
169.5 -0.256059 -0.256425
170 -0.0488253 -0.04927
170.5 0.170362 0.169948
171 0.347839 0.347557
171.5 0.440153 0.440072
172 0.424702 0.424842
172.5 0.305269 0.305596
173 0.111096 0.111529
173.5 -0.110278 -0.109844
174 -0.304651 -0.304323
174.5 -0.424435 -0.424294
175 -0.440303 -0.440382
175.5 -0.348369 -0.34865
176 -0.171142 -0.171556
176.5 0.0479861 0.0475412
177 0.255366 0.254998
177.5 0.400223 0.400023
178 0.447092 0.447108
178.5 0.384497 0.384725
179 0.227764 0.228149
179.5 0.015266 0.0157131
180 -0.200969 -0.20057
180.5 -0.368 -0.367746
181 -0.444932 -0.444885
181.5 -0.412929 -0.413101
182 -0.279826 -0.280175
182.5 -0.0782125 -0.078653
183 0.14255 0.142126
183.5 0.328412 0.328108
184 0.433867 0.433758
184.5 0.433096 0.433208
185 0.326288 0.326594
185.5 0.139594 0.140019
186 -0.0812785 -0.0808385
186.5 -0.282251 -0.281903
187 -0.414118 -0.413949
187.5 -0.444595 -0.444645
188 -0.36622 -0.366476
188.5 -0.198181 -0.198582
189 0.0183796 0.0179326
189.5 0.23044 0.230056
190 0.386081 0.385854
190.5 0.447195 0.447182
191 0.398821 0.399023
191.5 0.252801 0.25317
192 0.044887 0.0453322
192.5 -0.174017 -0.173605
193 -0.350316 -0.350037
193.5 -0.440845 -0.440768
194 -0.42344 -0.423584
194.5 -0.302362 -0.302692
195 -0.107255 -0.10769
195.5 0.114111 0.113679
196 0.307539 0.307214
196.5 0.425671 0.425533
197 0.439584 0.439667
197.5 0.345871 0.346155
198 0.167477 0.167892
198.5 -0.0519213 -0.051477
199 -0.258607 -0.258242
199.5 -0.401977 -0.401781
200 -0.446929 -0.446949
200.5 -0.382457 -0.382689
201 -0.224346 -0.224733
201.5 -0.0113077 -0.0117549
202 0.204499 0.204101
202.5 0.370238 0.369987
203 0.445329 0.445286
203.5 0.411389 0.411564
204 0.276726 0.277077
204.5 0.0743104 0.0747516
205 -0.146299 -0.145876
205.5 -0.331088 -0.330787
206 -0.434816 -0.434711
206.5 -0.432086 -0.432202
207 -0.323566 -0.323875
207.5 -0.135826 -0.136252
208 0.0851694 0.0847301
208.5 0.285312 0.284967
209 0.415601 0.415435
209.5 0.444135 0.444189
210 0.363931 0.364191
210.5 0.194623 0.195025
211 -0.0223356 -0.0218888
211.5 -0.233825 -0.233444
212 -0.388066 -0.387844
212.5 -0.447295 -0.447286
213 -0.397011 -0.397217
213.5 -0.249524 -0.249895
214 -0.0409452 -0.0413907
214.5 0.177658 0.177248
215 0.352765 0.35249
215.5 0.441503 0.44143
216 0.422145 0.422293
216.5 0.299431 0.299764
217 0.103407 0.103842
217.5 -0.117936 -0.117504
218 -0.310403 -0.310081
218.5 -0.426873 -0.426739
219 -0.43883 -0.438917
219.5 -0.343345 -0.343632
220 -0.163798 -0.164214
220.5 0.0558526 0.0554086
221 0.261829 0.261466
221.5 0.4037 0.403507
222 0.446732 0.446756
222.5 0.380388 0.380623
223 0.220911 0.2213
223.5 0.00734851 0.00779584
224 -0.208014 -0.207617
224.5 -0.372447 -0.372199
225 -0.445692 -0.445653
225.5 -0.409816 -0.409995
226 -0.273603 -0.273957
226.5 -0.0704025 -0.0708443
227 0.150035 0.149614
227.5 0.333739 0.333441
228 0.435732 0.43563
228.5 0.431042 0.431162
229 0.320819 0.32113
229.5 0.132047 0.132475
230 -0.0890537 -0.0886152
230.5 -0.288351 -0.288009
231 -0.41705 -0.416888
231.5 -0.443641 -0.443699
232 -0.361613 -0.361876
232.5 -0.191049 -0.191454
233 0.0262898 0.0258432
233.5 0.237192 0.236813
234 0.390022 0.389802
234.5 0.44736 0.447355
235 0.39517 0.395379
235.5 0.246227 0.246601
236 0.0370003 0.0374461
236.5 -0.181286 -0.180877
237 -0.355187 -0.354915
237.5 -0.442126 -0.442057
238 -0.420817 -0.420969
238.5 -0.296477 -0.296812
239 -0.0995497 -0.0999859
239.5 0.121751 0.121321
240 0.313243 0.312923
240.5 0.428042 0.427912
241 0.438042 0.438132
241.5 0.340793 0.341083
242 0.160107 0.160524
242.5 -0.0597794 -0.059336
243 -0.265029 -0.264669
243.5 -0.405391 -0.405202
244 -0.446499 -0.446527
244.5 -0.378288 -0.378527
245 -0.217459 -0.21785
245.5 -0.00338874 -0.00383612
246 0.211511 0.211117
246.5 0.374626 0.374381
247 0.446019 0.445984
247.5 0.408212 0.408394
248 0.270459 0.270815
248.5 0.0664891 0.0669315
249 -0.15376 -0.15334
249.5 -0.336363 -0.336068
250 -0.436613 -0.436515
250.5 -0.429965 -0.430088
251 -0.318046 -0.31836
251.5 -0.128259 -0.128687
252 0.0929309 0.0924933
252.5 0.291368 0.291028
253 0.418468 0.418309
253.5 0.443112 0.443173
254 0.359267 0.359534
254.5 0.187461 0.187867
255 -0.0302419 -0.0297955
255.5 -0.240541 -0.240163
256 -0.391947 -0.391731
256.5 -0.44739 -0.447389
257 -0.393297 -0.39351
257.5 -0.242911 -0.243287
258 -0.0330524 -0.0334985
258.5 0.184899 0.184492
259 0.357581 0.357312
259.5 0.442714 0.44265
260 0.419456 0.419611
260.5 0.2935 0.293838
261 0.0956851 0.0961221
261.5 -0.125557 -0.125127
262 -0.316058 -0.315741
262.5 -0.429177 -0.429051
263 -0.437219 -0.437314
263.5 -0.338214 -0.338507
264 -0.156403 -0.156822
264.5 0.0637016 0.0632587
265 0.268209 0.267851
265.5 0.40705 0.406865
266 0.446231 0.446263
266.5 0.376159 0.376401
267 0.21399 0.214383
267.5 -0.000571286 -0.000123893
268 -0.214993 -0.2146
268.5 -0.376776 -0.376535
269 -0.446312 -0.446281
269.5 -0.406575 -0.406761
270 -0.267294 -0.267653
270.5 -0.0625704 -0.0630134
271 0.157473 0.157054
271.5 0.338961 0.338669
272 0.43746 0.437366
272.5 0.428853 0.42898
273 0.315248 0.315566
273.5 0.12446 0.124889
274 -0.0968009 -0.0963641
274.5 -0.294361 -0.294024
275 -0.419852 -0.419697
275.5 -0.442548 -0.442614
276 -0.356893 -0.357163
276.5 -0.183858 -0.184266
277 0.0341917 0.0337456
277.5 0.24387 0.243495
278 0.393841 0.393628
278.5 0.447385 0.447388
279 0.391394 0.391611
279.5 0.239576 0.239954
280 0.0291019 0.0295483
280.5 -0.188498 -0.188092
281 -0.359947 -0.359681
281.5 -0.443268 -0.443207
282 -0.418062 -0.418221
282.5 -0.2905 -0.29084
283 -0.091813 -0.0922508
283.5 0.129353 0.128924
284 0.318849 0.318535
284.5 0.430279 0.430156
285 0.436362 0.436461
285.5 0.335609 0.335904
286 0.152686 0.153107
286.5 -0.0676187 -0.0671765
287 -0.271368 -0.271013
287.5 -0.408678 -0.408496
288 -0.445928 -0.445964
288.5 -0.374 -0.374246
289 -0.210504 -0.210899
289.5 0.00453127 0.0040839
290 0.218457 0.218066
290.5 0.378897 0.378659
291 0.44657 0.446542
291.5 0.404906 0.405097
292 0.264108 0.264469
292.5 0.0586469 0.0590904
293 -0.161173 -0.160756
293.5 -0.341532 -0.341243
294 -0.438273 -0.438182
294.5 -0.427708 -0.427839
295 -0.312426 -0.312746
295.5 -0.120651 -0.121082
296 0.100663 0.100227
296.5 0.297332 0.296998
297 0.421203 0.421052
297.5 0.44195 0.442019
298 0.354491 0.354764
298.5 0.180241 0.18065
299 -0.0381388 -0.037693
299.5 -0.247181 -0.246808
300 -0.395704 -0.395495
300.5 -0.447345 -0.447352
301 -0.389461 -0.389681
301.5 -0.236223 -0.236603
302 -0.0251491 -0.0255958
302.5 0.192082 0.191678
303 0.362285 0.362022
303.5 0.443787 0.44373
304 0.416635 0.416798
304.5 0.287477 0.287819
305 0.0879337 0.0883723
305.5 -0.133139 -0.132711
306 -0.321614 -0.321303
306.5 -0.431347 -0.431228
307 -0.435471 -0.435574
307.5 -0.332977 -0.333275
308 -0.148958 -0.14938
308.5 0.0715306 0.0710889
309 0.274506 0.274153
309.5 0.410273 0.410095
310 0.445591 0.445631
310.5 0.371812 0.372061
311 0.207001 0.207398
311.5 -0.0084909 -0.00804358
312 -0.221904 -0.221516
312.5 -0.380988 -0.380753
313 -0.446792 -0.446769
313.5 -0.403206 -0.4034
314 -0.260901 -0.261265
314.5 -0.0547188 -0.0551628
315 0.164861 0.164445
315.5 0.344077 0.343791
316 0.439051 0.438965
316.5 0.42653 0.426665
317 0.309579 0.309902
317.5 0.116833 0.117265
318 -0.104518 -0.104083
318.5 -0.300279 -0.299948
319 -0.422522 -0.422375
319.5 -0.441316 -0.44139
320 -0.352061 -0.352337
320.5 -0.176609 -0.17702
321 0.0420829 0.0416375
321.5 0.250472 0.250101
322 0.397536 0.397331
322.5 0.44727 0.44728
323 0.387497 0.38772
323.5 0.23285 0.233232
324 0.0211944 0.0216413
324.5 -0.195651 -0.195248
325 -0.364594 -0.364334
325.5 -0.444272 -0.444219
326 -0.415176 -0.415343
326.5 -0.284431 -0.284776
327 -0.0840474 -0.0844868
327.5 0.136914 0.136488
328 0.324354 0.324046
328.5 0.432381 0.432266
329 0.434546 0.434652
329.5 0.330319 0.330621
330 0.145218 0.145641
330.5 -0.0754369 -0.0749959
331 -0.277622 -0.277271
331.5 -0.411836 -0.411661
332 -0.445218 -0.445262
332.5 -0.369595 -0.369847
333 -0.203483 -0.203881
333.5 0.0124499 0.0120026
334 0.225334 0.224948
334.5 0.383049 0.382817
335 0.44698 0.44696
335.5 0.401474 0.401672
336 0.257674 0.25804
336.5 0.0507863 0.0512308
337 -0.168536 -0.168121
337.5 -0.346595 -0.346311
338 -0.439795 -0.439712
338.5 -0.425318 -0.425457
339 -0.306708 -0.307034
339.5 -0.113006 -0.113439
340 0.108364 0.10793
340.5 0.303203 0.302874
341 0.423807 0.423664
341.5 0.440649 0.440726
342 0.349604 0.349883
342.5 0.172964 0.173376
343 -0.0460237 -0.0455787
343.5 -0.253743 -0.253375
344 -0.399337 -0.399135
344.5 -0.44716 -0.447174
345 -0.385502 -0.385729
345.5 -0.22946 -0.229844
346 -0.017238 -0.017685
346.5 0.199204 0.198804
347 0.366875 0.366618
347.5 0.444721 0.444672
348 0.413684 0.413855
348.5 0.281363 0.281711
349 0.0801546 0.0805948
349.5 -0.140679 -0.140254
350 -0.327069 -0.326764
350.5 -0.433381 -0.43327
351 -0.433587 -0.433697
351.5 -0.327635 -0.32794
352 -0.141467 -0.141891
352.5 0.0793372 0.0788969
353 0.280717 0.280368
353.5 0.413367 0.413196
354 0.444811 0.444859
354.5 0.367349 0.367605
355 0.199948 0.200348
355.5 -0.0164079 -0.0159608
356 -0.228746 -0.228362
356.5 -0.38508 -0.384852
357 -0.447132 -0.447117
357.5 -0.399711 -0.399912
358 -0.254427 -0.254795
358.5 -0.0468499 -0.0472948
359 0.172198 0.171784
359.5 0.349085 0.348805
360 0.440504 0.440426
360.5 0.424073 0.424215
361 0.303813 0.304142
361.5 0.10917 0.109604
362 -0.112202 -0.111769
362.5 -0.306103 -0.305777
363 -0.42506 -0.42492
363.5 -0.439946 -0.440028
364 -0.347119 -0.347401
364.5 -0.169305 -0.169719
365 0.0499609 0.0495163
365.5 0.256995 0.256628
366 0.401107 0.400909
366.5 0.447015 0.447033
367 0.383477 0.383708
367.5 0.226051 0.226437
368 0.0132802 0.0137274
368.5 -0.202742 -0.202344
369 -0.369127 -0.368874
369.5 -0.445136 -0.445091
370 -0.41216 -0.412334
370.5 -0.278273 -0.278624
371 -0.0762556 -0.0766964
371.5 0.144432 0.144009
372 0.329758 0.329456
372.5 0.434348 0.43424
373 0.432594 0.432708
373.5 0.324926 0.325233
374 0.137705 0.13813
374.5 -0.0832314 -0.0827917
375 -0.283789 -0.283443
375.5 -0.414866 -0.414698
376 -0.444369 -0.444421
376.5 -0.365075 -0.365333
377 -0.196398 -0.196799
377.5 0.0203646 0.0199176
378 0.232141 0.231758
378.5 0.387081 0.386856
379 0.44725 0.447238
379.5 0.397917 0.398121
380 0.25116 0.25153
380.5 0.0429099 0.0433552
381 -0.175846 -0.175434
381.5 -0.351548 -0.351271
382 -0.441179 -0.441105
382.5 -0.422794 -0.42294
383 -0.300895 -0.301226
383.5 -0.105325 -0.10576
384 0.116031 0.115599
384.5 0.308979 0.308655
385 0.426278 0.426142
385.5 0.43921 0.439295
386 0.344607 0.344892
386.5 0.165633 0.166048
387 -0.0538942 -0.05345
387.5 -0.260226 -0.259862
388 -0.402846 -0.402651
388.5 -0.446834 -0.446857
389 -0.381423 -0.381656
389.5 -0.222625 -0.223013
390 -0.00932145 -0.00976874
390.5 0.206265 0.205867
391 0.37135 0.3711
391.5 0.445516 0.445475
392 0.410604 0.410781
392.5 0.275162 0.275514
393 0.0723505 0.072792
393.5 -0.148175 -0.147752
394 -0.332421 -0.332122
394.5 -0.43528 -0.435176
395 -0.431567 -0.431684
395.5 -0.322191 -0.322501
396 -0.133931 -0.134358
396.5 0.087119 0.0866801
397 0.28684 0.286496
397.5 0.416332 0.416168
398 0.443892 0.443947
398.5 0.362771 0.363033
399 0.192832 0.193235
399.5 -0.0243197 -0.0238729
400 -0.235517 -0.235136
400.5 -0.389051 -0.38883
401 -0.447332 -0.447325
401.5 -0.396091 -0.396299
402 -0.247873 -0.248245
402.5 -0.0389664 -0.0394121
403 0.17948 0.17907
403.5 0.353984 0.35371
404 0.44182 0.441749
404.5 0.421483 0.421633
405 0.297952 0.298286
405.5 0.101473 0.101908
406 -0.119851 -0.11942
406.5 -0.311831 -0.31151
407 -0.427464 -0.427332
407.5 -0.438439 -0.438527
408 -0.342068 -0.342357
408.5 -0.161948 -0.162365
409 0.0578232 0.0573796
409.5 0.263437 0.263075
410 0.404552 0.404361
410.5 0.446619 0.446645
411 0.379338 0.379575
411.5 0.219182 0.219572
412 0.00536194 0.0058093
412.5 -0.209771 -0.209375
413 -0.373544 -0.373297
413.5 -0.445861 -0.445823
414 -0.409015 -0.409196
414.5 -0.272028 -0.272384
415 -0.0684398 -0.0688819
415.5 0.151905 0.151484
416 0.335059 0.334762
416.5 0.436178 0.436078
417 0.430506 0.430627
417.5 0.319431 0.319744
418 0.130148 0.130576
418.5 -0.0909998 -0.0905617
419 -0.289867 -0.289527
419.5 -0.417766 -0.417605
420 -0.44338 -0.44344
420.5 -0.36044 -0.360704
421 -0.189251 -0.189656
421.5 0.0282729 0.0278264
422 0.238875 0.238496
422.5 0.390991 0.390774
423 0.44738 0.447376
423.5 0.394234 0.394445
424 0.244566 0.244941
424.5 0.0350199 0.0354659
425 -0.1831 -0.182692
425.5 -0.356391 -0.356121
426 -0.442425 -0.442359
426.5 -0.420138 -0.420292
427 -0.294986 -0.295323
427.5 -0.0976118 -0.0980484
428 0.123662 0.123232
428.5 0.314658 0.31434
429 0.428616 0.428487
429.5 0.437633 0.437726
430 0.339503 0.339794
430.5 0.15825 0.158668
431 -0.0617478 -0.0613046
431.5 -0.266628 -0.266268
432 -0.406228 -0.40604
432.5 -0.446369 -0.446399
433 -0.377224 -0.377464
433.5 -0.215721 -0.216113
434 -0.001402 -0.00184939
434.5 0.21326 0.212867
435 0.375709 0.375465
435.5 0.446171 0.446137
436 0.407394 0.407579
436.5 0.268874 0.269231
437 0.0645237 0.0649664
437.5 -0.155624 -0.155205
438 -0.33767 -0.337376
438.5 -0.437042 -0.436946
439 -0.429411 -0.429537
439.5 -0.316646 -0.316961
440 -0.126354 -0.126783
440.5 0.0948734 0.0944362
441 0.292873 0.292534
441.5 0.419166 0.41901
442 0.442833 0.442897
442.5 0.35808 0.358348
443 0.185655 0.186062
443.5 -0.0322239 -0.0317776
444 -0.242213 -0.241837
444.5 -0.392901 -0.392687
445 -0.447392 -0.447393
445.5 -0.392347 -0.392561
446 -0.241241 -0.241617
446.5 -0.0310707 -0.031517
447 0.186706 0.1863
447.5 0.358771 0.358504
448 0.442997 0.442934
448.5 0.418761 0.418918
449 0.291998 0.292336
449.5 0.0937434 0.0941808
450 -0.127463 -0.127034
450.5 -0.317461 -0.317146
451 -0.429734 -0.42961
451.5 -0.436793 -0.43689
452 -0.33691 -0.337204
452.5 -0.15454 -0.15496
453 0.0656675 0.0652249
453.5 0.269797 0.26944
454 0.407871 0.407687
454.5 0.446084 0.446118
455 0.37508 0.375323
455.5 0.212243 0.212637
456 -0.00255804 -0.00211066
456.5 -0.216733 -0.216341
457 -0.377844 -0.377604
457.5 -0.446446 -0.446416
458 -0.405742 -0.40593
458.5 -0.265698 -0.266058
459 -0.0606026 -0.0610458
459.5 0.159331 0.158913
460 0.340254 0.339964
460.5 0.437872 0.43778
461 0.428283 0.428412
461.5 0.313836 0.314154
462 0.12255 0.12298
462.5 -0.0987397 -0.0983033
463 -0.295855 -0.295519
463.5 -0.420534 -0.420381
464 -0.442252 -0.44232
464.5 -0.355691 -0.355963
465 -0.182045 -0.182454
465.5 0.0361723 0.0357264
466 0.245533 0.245159
466.5 0.394779 0.394569
467 0.44737 0.447374
467.5 0.390428 0.390646
468 0.237896 0.238275
468.5 0.027119 0.0275656
469 -0.190298 -0.189893
469.5 -0.361123 -0.360859
470 -0.443533 -0.443474
470.5 -0.41735 -0.417511
471 -0.288986 -0.289327
471.5 -0.0898676 -0.0903058
472 0.131253 0.130826
472.5 0.320239 0.319926
473 0.430819 0.430698
473.5 0.435919 0.43602
474 0.334292 0.334589
474.5 0.150817 0.151239
475 -0.069582 -0.06914
475.5 -0.272945 -0.272591
476 -0.409482 -0.409302
476.5 -0.445763 -0.445801
477 -0.372906 -0.373153
477.5 -0.208749 -0.209144
478 0.00651789 0.00607054
478.5 0.220189 0.219799
479 0.37995 0.379713
479.5 0.446686 0.44666
480 0.404057 0.404249
480.5 0.262502 0.262864
481 0.0566767 0.0571204
481.5 -0.163025 -0.162608
482 -0.342812 -0.342525
482.5 -0.438667 -0.438579
483 -0.427121 -0.427254
483.5 -0.311001 -0.311322
484 -0.118737 -0.119168
484.5 0.102598 0.102163
485 0.298814 0.298481
485.5 0.421869 0.42172
486 0.441636 0.441708
486.5 0.353275 0.35355
487 0.178421 0.178831
487.5 -0.0401179 -0.0396723
488 -0.248834 -0.248462
488.5 -0.396627 -0.39642
489 -0.447312 -0.44732
489.5 -0.388479 -0.388701
490 -0.234533 -0.234914
490.5 -0.0231652 -0.023612
491 0.193874 0.193471
491.5 0.363447 0.363186
492 0.444035 0.44398
492.5 0.415907 0.416072
493 0.285952 0.286295
493.5 0.0859848 0.0864238
494 -0.135034 -0.134607
494.5 -0.322992 -0.322682
495 -0.43187 -0.431753
495.5 -0.435011 -0.435116
496 -0.331647 -0.331947
496.5 -0.147083 -0.147506
497 0.0734911 0.0730498
497.5 0.276072 0.27572
498 0.411061 0.410885
498.5 0.445408 0.44545
499 0.370704 0.370954
499.5 0.205238 0.205635
500 -0.0104772 -0.0100299
500.5 -0.223627 -0.22324
501 -0.382026 -0.381793
501.5 -0.446891 -0.446869
502 -0.402341 -0.402537
502.5 -0.259285 -0.259649
503 -0.0527464 -0.0531906
503.5 0.166706 0.166291
504 0.345343 0.345059
504.5 0.439428 0.439344
505 0.425926 0.426063
505.5 0.308142 0.308466
506 0.114914 0.115347
506.5 -0.106449 -0.106014
507 -0.301749 -0.301419
507.5 -0.423171 -0.423026
508 -0.440986 -0.441061
508.5 -0.350832 -0.351109
509 -0.174782 -0.175194
509.5 0.0440604 0.0436152
510 0.252115 0.251746
510.5 0.398444 0.39824
511 0.447219 0.447231
511.5 0.3865 0.386725
512 0.231152 0.231535
512.5 0.0192096 0.0196566
513 -0.197436 -0.197034
513.5 -0.365742 -0.365484
514 -0.444502 -0.444451
514.5 -0.414432 -0.4146
515 -0.282895 -0.283241
515.5 -0.0820952 -0.082535
516 0.138804 0.138379
516.5 0.325719 0.325412
517 0.432887 0.432774
517.5 0.434069 0.434177
518 0.328976 0.329279
518.5 0.143338 0.143761
519 -0.0773945 -0.0769538
519.5 -0.279178 -0.278828
520 -0.412609 -0.412435
520.5 -0.445018 -0.445064
521 -0.368472 -0.368726
521.5 -0.201711 -0.20211
522 0.0144357 0.0139886
522.5 0.227048 0.226663
523 0.384072 0.383842
523.5 0.447061 0.447043
524 0.400594 0.400793
524.5 0.256048 0.256414
525 0.0488119 0.0492566
525.5 -0.170375 -0.169961
526 -0.347847 -0.347566
526.5 -0.440155 -0.440075
527 -0.424697 -0.424838
527.5 -0.305259 -0.305586
528 -0.111083 -0.111516
528.5 0.110291 0.109857
529 0.304661 0.304333
529.5 0.42444 0.424298
530 0.440301 0.44038
530.5 0.348361 0.348641
531 0.17113 0.171543
531.5 -0.0479995 -0.0475546
532 -0.255377 -0.255009
532.5 -0.400229 -0.400029
533 -0.447091 -0.447108
533.5 -0.38449 -0.384719
534 -0.227752 -0.228137
534.5 -0.0152525 -0.0156996
535 0.200981 0.200582
535.5 0.368008 0.367754
536 0.444934 0.444887
536.5 0.412924 0.413096
537 0.279816 0.280165
537.5 0.0781992 0.0786397
538 -0.142563 -0.142139
538.5 -0.328421 -0.328117
539 -0.43387 -0.433761
539.5 -0.433093 -0.433205
540 -0.326279 -0.326585
540.5 -0.139581 -0.140006
541 0.0812917 0.0808517
541.5 0.282261 0.281914
542 0.414123 0.413954
542.5 0.444594 0.444643
543 0.366212 0.366469
543.5 0.198169 0.19857
544 -0.0183931 -0.0179461
544.5 -0.230452 -0.230068
545 -0.386087 -0.385861
545.5 -0.447196 -0.447182
546 -0.398815 -0.399017
546.5 -0.25279 -0.253159
547 -0.0448736 -0.0453187
547.5 0.17403 0.173617
548 0.350324 0.350046
548.5 0.440847 0.440771
549 0.423436 0.42358
549.5 0.302352 0.302682
550 0.107242 0.107677
550.5 -0.114124 -0.113692
551 -0.307549 -0.307224
551.5 -0.425675 -0.425537
552 -0.439581 -0.439664
552.5 -0.345862 -0.346146
553 -0.167464 -0.167879
553.5 0.0519347 0.0514903
554 0.258618 0.258253
554.5 0.401983 0.401787
555 0.446929 0.446949
555.5 0.38245 0.382682
556 0.224335 0.224722
556.5 0.0112942 0.0117415
557 -0.204511 -0.204113
557.5 -0.370246 -0.369994
558 -0.445331 -0.445288
558.5 -0.411383 -0.411559
559 -0.276715 -0.277066
559.5 -0.0742971 -0.0747383
560 0.146311 0.145888
560.5 0.331098 0.330797
561 0.43482 0.434714
561.5 0.432083 0.432198
562 0.323557 0.323866
562.5 0.135813 0.136239
563 -0.0851826 -0.0847434
563.5 -0.285323 -0.284978
564 -0.415606 -0.41544
564.5 -0.444134 -0.444188
565 -0.363923 -0.364183
565.5 -0.194611 -0.195013
566 0.0223491 0.0219022
566.5 0.233837 0.233455
567 0.388073 0.38785
567.5 0.447296 0.447286
568 0.397005 0.397211
568.5 0.249513 0.249884
569 0.0409318 0.0413773
569.5 -0.177671 -0.17726
570 -0.352773 -0.352498
570.5 -0.441505 -0.441432
571 -0.42214 -0.422288
571.5 -0.299421 -0.299754
572 -0.103393 -0.103829
572.5 0.117949 0.117517
573 0.310413 0.310091
573.5 0.426877 0.426743
574 0.438827 0.438914
574.5 0.343337 0.343624
575 0.163786 0.164202
575.5 -0.0558659 -0.055422
576 -0.26184 -0.261477
576.5 -0.403706 -0.403513
577 -0.446731 -0.446755
577.5 -0.38038 -0.380616
578 -0.2209 -0.221289
578.5 -0.00733503 -0.00778236
579 0.208026 0.207629
579.5 0.372454 0.372206
580 0.445693 0.445654
580.5 0.409811 0.40999
581 0.273592 0.273946
581.5 0.0703892 0.070831
582 -0.150048 -0.149626
582.5 -0.333748 -0.33345
583 -0.435735 -0.435633
583.5 -0.431039 -0.431158
584 -0.320809 -0.321121
584.5 -0.132035 -0.132462
585 0.0890669 0.0886284
585.5 0.288362 0.288019
586 0.417055 0.416893
586.5 0.443639 0.443697
587 0.361605 0.361868
587.5 0.191037 0.191442
588 -0.0263033 -0.0258566
588.5 -0.237204 -0.236824
589 -0.390028 -0.389809
589.5 -0.447361 -0.447355
590 -0.395163 -0.395373
590.5 -0.246216 -0.24659
591 -0.0369868 -0.0374327
591.5 0.181298 0.180889
592 0.355195 0.354923
592.5 0.442128 0.442059
593 0.420812 0.420964
593.5 0.296467 0.296802
594 0.0995366 0.0999727
594.5 -0.121764 -0.121333
595 -0.313253 -0.312933
595.5 -0.428046 -0.427916
596 -0.438039 -0.43813
596.5 -0.340784 -0.341074
597 -0.160094 -0.160512
597.5 0.0597928 0.0593494
598 0.26504 0.26468
598.5 0.405397 0.405207
599 0.446498 0.446526
599.5 0.378281 0.37852
600 0.217447 0.217838
600.5 0.00337526 0.00382264
601 -0.211523 -0.211129
601.5 -0.374634 -0.374389
602 -0.44602 -0.445985
602.5 -0.408206 -0.408389
603 -0.270448 -0.270805
603.5 -0.0664757 -0.0669181
604 0.153773 0.153352
604.5 0.336372 0.336077
605 0.436616 0.436518
605.5 0.429961 0.430084
606 0.318037 0.318351
606.5 0.128246 0.128674
607 -0.0929441 -0.0925064
607.5 -0.291378 -0.291038
608 -0.418472 -0.418314
608.5 -0.44311 -0.443172
609 -0.359259 -0.359525
609.5 -0.187449 -0.187855
610 0.0302554 0.029809
610.5 0.240552 0.240175
611 0.391953 0.391737
611.5 0.44739 0.447389
612 0.393291 0.393504
612.5 0.2429 0.243276
613 0.0330389 0.0334851
613.5 -0.184911 -0.184504
614 -0.357589 -0.35732
614.5 -0.442716 -0.442652
615 -0.419451 -0.419607
615.5 -0.29349 -0.293827
616 -0.0956719 -0.0961089
616.5 0.12557 0.12514
617 0.316068 0.315751
617.5 0.429181 0.429055
618 0.437216 0.437311
618.5 0.338205 0.338498
619 0.15639 0.156809
619.5 -0.0637149 -0.0632721
620 -0.26822 -0.267862
620.5 -0.407056 -0.40687
621 -0.44623 -0.446262
621.5 -0.376152 -0.376394
622 -0.213978 -0.214371
622.5 0.000584768 0.000137376
623 0.215004 0.214612
623.5 0.376784 0.376542
624 0.446313 0.446282
624.5 0.406569 0.406756
625 0.267283 0.267642
625.5 0.0625571 0.063
626 -0.157485 -0.157066
626.5 -0.33897 -0.338678
627 -0.437463 -0.437369
627.5 -0.428849 -0.428977
628 -0.315239 -0.315556
628.5 -0.124447 -0.124877
629 0.0968141 0.0963773
629.5 0.294372 0.294035
630 0.419857 0.419702
630.5 0.442546 0.442612
631 0.356885 0.357155
631.5 0.183846 0.184254
632 -0.0342051 -0.033759
632.5 -0.243881 -0.243506
633 -0.393847 -0.393635
633.5 -0.447385 -0.447388
634 -0.391388 -0.391604
634.5 -0.239565 -0.239943
635 -0.0290884 -0.0295349
635.5 0.18851 0.188104
636 0.359955 0.359689
636.5 0.44327 0.443209
637 0.418057 0.418216
637.5 0.29049 0.29083
638 0.0917998 0.0922376
638.5 -0.129366 -0.128937
639 -0.318858 -0.318544
639.5 -0.430283 -0.43016
640 -0.436359 -0.436458
640.5 -0.3356 -0.335895
641 -0.152674 -0.153094
641.5 0.0676321 0.0671898
642 0.271379 0.271023
642.5 0.408683 0.408501
643 0.445927 0.445963
643.5 0.373993 0.374238
644 0.210492 0.210887
644.5 -0.00454475 -0.00409738
645 -0.218469 -0.218078
645.5 -0.378904 -0.378666
646 -0.44657 -0.446543
646.5 -0.404901 -0.405091
647 -0.264097 -0.264458
647.5 -0.0586335 -0.059077
648 0.161186 0.160768
648.5 0.341541 0.341252
649 0.438275 0.438185
649.5 0.427704 0.427835
650 0.312417 0.312737
650.5 0.120638 0.121069
651 -0.100676 -0.100241
651.5 -0.297342 -0.297008
652 -0.421208 -0.421057
652.5 -0.441947 -0.442017
653 -0.354483 -0.354756
653.5 -0.180228 -0.180638
654 0.0381522 0.0377064
654.5 0.247192 0.246819
655 0.39571 0.395501
655.5 0.447345 0.447351
656 0.389454 0.389674
656.5 0.236211 0.236591
657 0.0251357 0.0255823
657.5 -0.192094 -0.19169
658 -0.362292 -0.36203
658.5 -0.443789 -0.443732
659 -0.416631 -0.416793
659.5 -0.287466 -0.287809
660 -0.0879204 -0.0883591
660.5 0.133152 0.132724
661 0.321623 0.321312
661.5 0.431351 0.431232
662 0.435468 0.43557
662.5 0.332968 0.333267
663 0.148945 0.149367
663.5 -0.0715439 -0.0711022
664 -0.274517 -0.274163
664.5 -0.410279 -0.4101
665 -0.44559 -0.44563
665.5 -0.371805 -0.372054
666 -0.206989 -0.207386
666.5 0.00850438 0.00805706
667 0.221916 0.221527
667.5 0.380995 0.38076
668 0.446793 0.446769
668.5 0.4032 0.403394
669 0.26089 0.261254
669.5 0.0547054 0.0551494
670 -0.164873 -0.164457
670.5 -0.344086 -0.343799
671 -0.439053 -0.438967
671.5 -0.426526 -0.426661
672 -0.30957 -0.309893
672.5 -0.11682 -0.117252
673 0.104531 0.104096
673.5 0.300289 0.299958
674 0.422526 0.422379
674.5 0.441314 0.441388
675 0.352053 0.352329
675.5 0.176597 0.177008
676 -0.0420963 -0.0416509
676.5 -0.250483 -0.250112
677 -0.397542 -0.397337
677.5 -0.44727 -0.44728
678 -0.38749 -0.387713
678.5 -0.232839 -0.233221
679 -0.0211809 -0.0216278
679.5 0.195663 0.195261
680 0.364602 0.364342
680.5 0.444273 0.44422
681 0.415171 0.415338
681.5 0.284421 0.284766
682 0.0840342 0.0844736
682.5 -0.136927 -0.136501
683 -0.324363 -0.324055
683.5 -0.432385 -0.432269
684 -0.434543 -0.434649
684.5 -0.33031 -0.330611
685 -0.145206 -0.145629
685.5 0.0754502 0.0750091
686 0.277633 0.277282
686.5 0.411842 0.411667
687 0.445217 0.445261
687.5 0.369588 0.36984
688 0.203471 0.203869
688.5 -0.0124633 -0.0120161
689 -0.225346 -0.224959
689.5 -0.383056 -0.382824
690 -0.44698 -0.446961
690.5 -0.401469 -0.401666
691 -0.257663 -0.258029
691.5 -0.0507729 -0.0512174
692 0.168548 0.168134
692.5 0.346603 0.34632
693 0.439797 0.439715
693.5 0.425314 0.425452
694 0.306699 0.307024
694.5 0.112993 0.113426
695 -0.108377 -0.107943
695.5 -0.303213 -0.302884
696 -0.423812 -0.423668
696.5 -0.440646 -0.440724
697 -0.349596 -0.349875
697.5 -0.172951 -0.173364
698 0.0460371 0.0455921
698.5 0.253754 0.253386
699 0.399343 0.399142
699.5 0.447159 0.447174
700 0.385495 0.385722
700.5 0.229448 0.229832
701 0.0172245 0.0176716
701.5 -0.199217 -0.198816
702 -0.366882 -0.366626
702.5 -0.444723 -0.444674
703 -0.413679 -0.413849
703.5 -0.281353 -0.281701
704 -0.0801414 -0.0805815
704.5 0.140691 0.140267
705 0.327078 0.326773
705.5 0.433385 0.433273
706 0.433584 0.433694
706.5 0.327626 0.327931
707 0.141454 0.141879
707.5 -0.0793505 -0.0789102
708 -0.280727 -0.280379
708.5 -0.413373 -0.413201
709 -0.44481 -0.444857
709.5 -0.367342 -0.367597
710 -0.199936 -0.200336
710.5 0.0164213 0.0159742
711 0.228758 0.228373
711.5 0.385087 0.384859
712 0.447133 0.447117
712.5 0.399705 0.399906
713 0.254416 0.254784
713.5 0.0468365 0.0472814
714 -0.17221 -0.171797
714.5 -0.349093 -0.348813
715 -0.440507 -0.440428
715.5 -0.424068 -0.424211
716 -0.303804 -0.304132
716.5 -0.109157 -0.109591
717 0.112215 0.111782
717.5 0.306113 0.305787
718 0.425064 0.424924
718.5 0.439944 0.440025
719 0.347111 0.347393
719.5 0.169293 0.169707
720 -0.0499743 -0.0495297
720.5 -0.257006 -0.256639
721 -0.401113 -0.400915
721.5 -0.447014 -0.447032
722 -0.38347 -0.383701
722.5 -0.22604 -0.226426
723 -0.0132668 -0.013714
723.5 0.202754 0.202356
724 0.369134 0.368881
724.5 0.445137 0.445092
725 0.412155 0.412329
725.5 0.278263 0.278613
726 0.0762423 0.0766831
726.5 -0.144445 -0.144022
727 -0.329767 -0.329465
727.5 -0.434351 -0.434243
728 -0.43259 -0.432704
728.5 -0.324916 -0.325224
729 -0.137692 -0.138117
729.5 0.0832446 0.082805
730 0.2838 0.283454
730.5 0.414871 0.414703
731 0.444367 0.444419
731.5 0.365067 0.365325
732 0.196385 0.196787
732.5 -0.020378 -0.0199311
733 -0.232152 -0.23177
733.5 -0.387087 -0.386863
734 -0.44725 -0.447239
734.5 -0.397911 -0.398115
735 -0.251148 -0.251519
735.5 -0.0428964 -0.0433417
736 0.175858 0.175447
736.5 0.351556 0.35128
737 0.441181 0.441107
737.5 0.42279 0.422936
738 0.300885 0.301216
738.5 0.105312 0.105747
739 -0.116044 -0.115612
739.5 -0.308989 -0.308665
740 -0.426282 -0.426146
740.5 -0.439207 -0.439292
741 -0.344599 -0.344884
741.5 -0.16562 -0.166036
742 0.0539076 0.0534634
742.5 0.260237 0.259873
743 0.402851 0.402657
743.5 0.446834 0.446856
744 0.381416 0.381649
744.5 0.222614 0.223002
745 0.00930797 0.00975526
745.5 -0.206277 -0.205879
746 -0.371357 -0.371108
746.5 -0.445517 -0.445476
747 -0.410598 -0.410776
747.5 -0.275151 -0.275504
748 -0.0723372 -0.0727787
748.5 0.148187 0.147765
749 0.33243 0.332131
749.5 0.435283 0.435179
750 0.431563 0.431681
750.5 0.322182 0.322492
751 0.133919 0.134345
751.5 -0.0871322 -0.0866933
752 -0.28685 -0.286507
752.5 -0.416337 -0.416173
753 -0.44389 -0.443946
753.5 -0.362763 -0.363025
754 -0.19282 -0.193223
754.5 0.0243331 0.0238864
755 0.235528 0.235148
755.5 0.389058 0.388837
756 0.447333 0.447325
756.5 0.396085 0.396293
757 0.247861 0.248234
757.5 0.038953 0.0393987
758 -0.179492 -0.179083
758.5 -0.353992 -0.353718
759 -0.441822 -0.441751
759.5 -0.421478 -0.421628
760 -0.297942 -0.298276
760.5 -0.101459 -0.101895
761 0.119864 0.119433
761.5 0.311841 0.31152
762 0.427468 0.427336
762.5 0.438436 0.438525
763 0.34206 0.342348
763.5 0.161935 0.162352
764 -0.0578366 -0.0573929
764.5 -0.263448 -0.263086
765 -0.404558 -0.404367
765.5 -0.446618 -0.446644
766 -0.379331 -0.379568
766.5 -0.21917 -0.21956
767 -0.00534846 -0.00579581
767.5 0.209782 0.209387
768 0.373551 0.373305
768.5 0.445862 0.445824
769 0.40901 0.409191
769.5 0.272018 0.272373
770 0.0684265 0.0688686
770.5 -0.151918 -0.151497
771 -0.335068 -0.334771
771.5 -0.436181 -0.436081
772 -0.430502 -0.430624
772.5 -0.319421 -0.319734
773 -0.130135 -0.130563
773.5 0.091013 0.0905749
774 0.289878 0.289537
774.5 0.41777 0.41761
775 0.443378 0.443438
775.5 0.360432 0.360696
776 0.189239 0.189644
776.5 -0.0282863 -0.0278398
777 -0.238886 -0.238508
777.5 -0.390998 -0.39078
778 -0.44738 -0.447376
778.5 -0.394228 -0.394439
779 -0.244555 -0.244929
779.5 -0.0350065 -0.0354525
780 0.183113 0.182704
780.5 0.3564 0.356129
781 0.442427 0.442361
781.5 0.420134 0.420287
782 0.294976 0.295313
782.5 0.0975986 0.0980352
783 -0.123675 -0.123245
783.5 -0.314668 -0.31435
784 -0.42862 -0.428491
784.5 -0.43763 -0.437723
785 -0.339494 -0.339785
785.5 -0.158237 -0.158656
786 0.0617611 0.061318
786.5 0.266638 0.266279
787 0.406233 0.406046
787.5 0.446368 0.446398
788 0.377216 0.377457
788.5 0.215709 0.216101
789 0.00138852 0.00183591
789.5 -0.213272 -0.212878
790 -0.375716 -0.375473
790.5 -0.446172 -0.446138
791 -0.407389 -0.407574
791.5 -0.268863 -0.269221
792 -0.0645104 -0.0649531
792.5 0.155637 0.155217
793 0.337679 0.337385
793.5 0.437045 0.436949
794 0.429407 0.429533
794.5 0.316636 0.316952
795 0.126341 0.12677
795.5 -0.0948866 -0.0944494
796 -0.292883 -0.292544
796.5 -0.419171 -0.419014
797 -0.442831 -0.442895
797.5 -0.358071 -0.358339
798 -0.185643 -0.18605
798.5 0.0322373 0.0317911
799 0.242225 0.241849
799.5 0.392907 0.392693
800 0.447392 0.447393
800.5 0.39234 0.392555
801 0.241229 0.241606
801.5 0.0310572 0.0315035
802 -0.186719 -0.186312
802.5 -0.358779 -0.358512
803 -0.442998 -0.442936
803.5 -0.418756 -0.418913
804 -0.291987 -0.292326
804.5 -0.0937302 -0.0941676
805 0.127475 0.127047
805.5 0.317471 0.317155
806 0.429738 0.429613
806.5 0.43679 0.436887
807 0.336901 0.337196
807.5 0.154527 0.154947
808 -0.0656808 -0.0652382
808.5 -0.269808 -0.269451
809 -0.407876 -0.407692
809.5 -0.446083 -0.446117
810 -0.375072 -0.375316
810.5 -0.212231 -0.212625
811 0.00257153 0.00212414
811.5 0.216745 0.216353
812 0.377851 0.377611
812.5 0.446446 0.446417
813 0.405736 0.405924
813.5 0.265687 0.266047
814 0.0605892 0.0610325
814.5 -0.159343 -0.158925
815 -0.340263 -0.339972
815.5 -0.437875 -0.437783
816 -0.428279 -0.428408
816.5 -0.313826 -0.314145
817 -0.122537 -0.122967
817.5 0.0987528 0.0983164
818 0.295865 0.295529
818.5 0.420539 0.420386
819 0.44225 0.442318
819.5 0.355683 0.355954
820 0.182033 0.182441
820.5 -0.0361858 -0.0357398
821 -0.245545 -0.245171
821.5 -0.394786 -0.394575
822 -0.447369 -0.447374
822.5 -0.390422 -0.39064
823 -0.237885 -0.238264
823.5 -0.0271056 -0.0275521
824 0.19031 0.189905
824.5 0.361131 0.360867
825 0.443535 0.443476
825.5 0.417346 0.417507
826 0.288976 0.289317
826.5 0.0898544 0.0902926
827 -0.131266 -0.130839
827.5 -0.320248 -0.319936
828 -0.430823 -0.430702
828.5 -0.435916 -0.436017
829 -0.334283 -0.33458
829.5 -0.150805 -0.151226
830 0.0695953 0.0691534
830.5 0.272956 0.272601
831 0.409488 0.409307
831.5 0.445762 0.4458
832 0.372899 0.373146
832.5 0.208737 0.209132
833 -0.00653137 -0.00608402
833.5 -0.2202 -0.219811
834 -0.379957 -0.37972
834.5 -0.446686 -0.446661
835 -0.404052 -0.404244
835.5 -0.262491 -0.262853
836 -0.0566633 -0.0571071
836.5 0.163037 0.162621
837 0.342821 0.342533
837.5 0.43867 0.438582
838 0.427117 0.42725
838.5 0.310991 0.311313
839 0.118724 0.119155
839.5 -0.102611 -0.102176
840 -0.298824 -0.298491
840.5 -0.421874 -0.421724
841 -0.441634 -0.441705
841.5 -0.353267 -0.353542
842 -0.178408 -0.178818
842.5 0.0401314 0.0396858
843 0.248845 0.248473
843.5 0.396633 0.396426
844 0.447312 0.44732
844.5 0.388472 0.388694
845 0.234522 0.234903
845.5 0.0231518 0.0235986
846 -0.193886 -0.193483
846.5 -0.363455 -0.363193
847 -0.444036 -0.443981
847.5 -0.415902 -0.416067
848 -0.285941 -0.286285
848.5 -0.0859715 -0.0864106
849 0.135047 0.13462
849.5 0.323001 0.322691
850 0.431874 0.431756
850.5 0.435008 0.435112
851 0.331638 0.331938
851.5 0.147071 0.147493
852 -0.0735044 -0.0730631
852.5 -0.276083 -0.275731
853 -0.411067 -0.41089
853.5 -0.445407 -0.445449
854 -0.370696 -0.370947
854.5 -0.205226 -0.205623
855 0.0104907 0.0100434
855.5 0.223639 0.223251
856 0.382033 0.3818
856.5 0.446891 0.44687
857 0.402335 0.402531
857.5 0.259274 0.259638
858 0.052733 0.0531772
858.5 -0.166719 -0.166304
859 -0.345352 -0.345067
859.5 -0.439431 -0.439347
860 -0.425922 -0.426059
860.5 -0.308132 -0.308457
861 -0.114901 -0.115334
861.5 0.106462 0.106027
862 0.301759 0.301429
862.5 0.423175 0.42303
863 0.440983 0.441059
863.5 0.350824 0.351101
864 0.17477 0.175181
864.5 -0.0440739 -0.0436286
865 -0.252127 -0.251757
865.5 -0.39845 -0.398246
866 -0.447219 -0.447231
866.5 -0.386493 -0.386718
867 -0.23114 -0.231523
867.5 -0.0191962 -0.0196431
868 0.197448 0.197046
868.5 0.365749 0.365492
869 0.444503 0.444452
869.5 0.414427 0.414595
870 0.282884 0.283231
870.5 0.082082 0.0825217
871 -0.138817 -0.138392
871.5 -0.325729 -0.325422
872 -0.432891 -0.432777
872.5 -0.434066 -0.434174
873 -0.328967 -0.32927
873.5 -0.143325 -0.143749
874 0.0774077 0.076967
874.5 0.279188 0.278839
875 0.412614 0.412441
875.5 0.445017 0.445063
876 0.368465 0.368718
876.5 0.201699 0.202098
877 -0.0144492 -0.014002
877.5 -0.22706 -0.226674
878 -0.384078 -0.383849
878.5 -0.447061 -0.447044
879 -0.400588 -0.400787
879.5 -0.256036 -0.256403
880 -0.0487985 -0.0492432
880.5 0.170387 0.169973
881 0.347856 0.347574
881.5 0.440157 0.440077
882 0.424693 0.424834
882.5 0.305249 0.305576
883 0.11107 0.111503
883.5 -0.110304 -0.10987
884 -0.304671 -0.304343
884.5 -0.424444 -0.424302
885 -0.440298 -0.440377
885.5 -0.348352 -0.348633
886 -0.171117 -0.171531
886.5 0.0480129 0.047568
887 0.255388 0.255021
887.5 0.400235 0.400035
888 0.447091 0.447107
888.5 0.384483 0.384712
889 0.227741 0.228125
889.5 0.015239 0.0156862
890 -0.200993 -0.200594
890.5 -0.368016 -0.367761
891 -0.444935 -0.444888
891.5 -0.412919 -0.413091
892 -0.279805 -0.280154
892.5 -0.078186 -0.0786264
893 0.142576 0.142152
893.5 0.32843 0.328127
894 0.433874 0.433764
894.5 0.433089 0.433201
895 0.32627 0.326576
895.5 0.139568 0.139993
896 -0.081305 -0.080865
896.5 -0.282272 -0.281924
897 -0.414128 -0.413959
897.5 -0.444592 -0.444642
898 -0.366204 -0.366461
898.5 -0.198157 -0.198558
899 0.0184066 0.0179596
899.5 0.230463 0.23008
900 0.386094 0.385868
900.5 0.447196 0.447183
901 0.398809 0.399011
901.5 0.252779 0.253148
902 0.0448602 0.0453053
902.5 -0.174042 -0.17363
903 -0.350333 -0.350054
903.5 -0.44085 -0.440773
904 -0.423431 -0.423575
904.5 -0.302342 -0.302672
905 -0.107229 -0.107663
905.5 0.114137 0.113705
906 0.307559 0.307234
906.5 0.425679 0.425541
907 0.439579 0.439662
907.5 0.345854 0.346137
908 0.167452 0.167867
908.5 -0.0519481 -0.0515037
909 -0.258629 -0.258264
909.5 -0.401989 -0.401793
910 -0.446928 -0.446948
910.5 -0.382443 -0.382675
911 -0.224323 -0.22471
911.5 -0.0112807 -0.011728
912 0.204523 0.204125
912.5 0.370253 0.370002
913 0.445332 0.445289
913.5 0.411378 0.411554
914 0.276704 0.277056
914.5 0.0742838 0.074725
915 -0.146324 -0.145901
915.5 -0.331107 -0.330806
916 -0.434823 -0.434717
916.5 -0.432079 -0.432195
917 -0.323548 -0.323856
917.5 -0.1358 -0.136226
918 0.0851959 0.0847566
918.5 0.285333 0.284988
919 0.415611 0.415445
919.5 0.444132 0.444186
920 0.363915 0.364175
920.5 0.194598 0.195001
921 -0.0223625 -0.0219157
921.5 -0.233848 -0.233467
922 -0.38808 -0.387857
922.5 -0.447296 -0.447286
923 -0.396998 -0.397204
923.5 -0.249502 -0.249873
924 -0.0409184 -0.0413639
924.5 0.177683 0.177273
925 0.352782 0.352506
925.5 0.441507 0.441434
926 0.422136 0.422284
926.5 0.299411 0.299744
927 0.10338 0.103816
927.5 -0.117962 -0.11753
928 -0.310423 -0.3101
928.5 -0.426881 -0.426747
929 -0.438825 -0.438911
929.5 -0.343328 -0.343615
930 -0.163773 -0.164189
930.5 0.0558793 0.0554354
931 0.261851 0.261488
931.5 0.403712 0.403519
932 0.44673 0.446754
932.5 0.380373 0.380609
933 0.220888 0.221277
933.5 0.00732155 0.00776888
934 -0.208037 -0.207641
934.5 -0.372462 -0.372214
935 -0.445694 -0.445655
935.5 -0.409805 -0.409985
936 -0.273582 -0.273936
936.5 -0.0703759 -0.0708177
937 0.150061 0.149639
937.5 0.333757 0.333459
938 0.435738 0.435636
938.5 0.431035 0.431155
939 0.3208 0.321112
939.5 0.132022 0.132449
940 -0.0890801 -0.0886416
940.5 -0.288372 -0.28803
941 -0.41706 -0.416898
941.5 -0.443638 -0.443695
942 -0.361597 -0.36186
942.5 -0.191025 -0.191429
943 0.0263167 0.0258701
943.5 0.237215 0.236836
944 0.390035 0.389816
944.5 0.447361 0.447355
945 0.395157 0.395367
945.5 0.246205 0.246578
946 0.0369734 0.0374192
946.5 -0.181311 -0.180901
947 -0.355203 -0.354931
947.5 -0.44213 -0.442061
948 -0.420808 -0.420959
948.5 -0.296457 -0.296792
949 -0.0995235 -0.0999596
949.5 0.121777 0.121346
950 0.313262 0.312943
950.5 0.42805 0.42792
951 0.438036 0.438127
951.5 0.340776 0.341065
952 0.160082 0.160499
952.5 -0.0598061 -0.0593627
953 -0.265051 -0.264691
953.5 -0.405402 -0.405213
954 -0.446497 -0.446525
954.5 -0.378274 -0.378512
955 -0.217436 -0.217827
955.5 -0.00336178 -0.00380916
956 0.211535 0.211141
956.5 0.374641 0.374396
957 0.446022 0.445986
957.5 0.4082 0.408383
958 0.270438 0.270794
958.5 0.0664624 0.0669048
959 -0.153785 -0.153365
959.5 -0.336381 -0.336086
960 -0.436619 -0.436521
960.5 -0.429957 -0.430081
961 -0.318027 -0.318342
961.5 -0.128233 -0.128661
962 0.0929573 0.0925196
962.5 0.291388 0.291049
963 0.418477 0.418319
963.5 0.443108 0.44317
964 0.359251 0.359517
964.5 0.187437 0.187843
965 -0.0302688 -0.0298225
965.5 -0.240563 -0.240186
966 -0.39196 -0.391744
966.5 -0.447391 -0.447389
967 -0.393285 -0.393498
967.5 -0.242889 -0.243264
968 -0.0330255 -0.0334716
968.5 0.184924 0.184516
969 0.357597 0.357328
969.5 0.442718 0.442654
970 0.419447 0.419602
970.5 0.29348 0.293817
971 0.0956588 0.0960958
971.5 -0.125583 -0.125153
972 -0.316077 -0.31576
972.5 -0.429185 -0.429058
973 -0.437213 -0.437308
973.5 -0.338197 -0.338489
974 -0.156377 -0.156797
974.5 0.0637283 0.0632854
975 0.268231 0.267873
975.5 0.407062 0.406876
976 0.446229 0.446261
976.5 0.376144 0.376386
977 0.213966 0.214359
977.5 -0.000598251 -0.000150859
978 -0.215016 -0.214624
978.5 -0.376791 -0.376549
979 -0.446314 -0.446283
979.5 -0.406564 -0.40675
980 -0.267273 -0.267631
980.5 -0.0625437 -0.0629867
981 0.157498 0.157079
981.5 0.338979 0.338686
982 0.437465 0.437372
982.5 0.428846 0.428973
983 0.315229 0.315547
983.5 0.124434 0.124864
984 -0.0968273 -0.0963904
984.5 -0.294382 -0.294045
985 -0.419861 -0.419707
985.5 -0.442544 -0.44261
986 -0.356877 -0.357146
986.5 -0.183834 -0.184241
987 0.0342186 0.0337725
987.5 0.243893 0.243518
988 0.393854 0.393641
988.5 0.447385 0.447388
989 0.391381 0.391598
989.5 0.239554 0.239931
990 0.029075 0.0295214
990.5 -0.188522 -0.188117
991 -0.359963 -0.359697
991.5 -0.443272 -0.443211
992 -0.418052 -0.418212
992.5 -0.290479 -0.290819
993 -0.0917866 -0.0922244
993.5 0.129379 0.12895
994 0.318867 0.318553
994.5 0.430286 0.430164
995 0.436356 0.436455
995.5 0.335591 0.335887
996 0.152661 0.153082
996.5 -0.0676454 -0.0672031
997 -0.27139 -0.271034
997.5 -0.408689 -0.408507
998 -0.445926 -0.445962
998.5 -0.373986 -0.374231
999 -0.21048 -0.210875
999.5 0.00455823 0.00411086
1000 0.218481 0.21809
