0 1e-06 0.994 0 0 -2.00159
0.0001365 6.1222e-05 0.993997 -0.0430444 -0.000273173 -2.00065
0.000246699 0.0001102 0.99399 -0.0776847 -0.000493539 -1.99855
0.000445058 0.000198359 0.993969 -0.139504 -0.000889361 -1.99177
0.000795329 0.000350271 0.993901 -0.24575 -0.00158367 -1.97079
0.00120483 0.000409504 0.993776 -0.36268 -0.00238346 -1.93322
0.00164552 0.000440684 0.993591 -0.47686 -0.0032241 -1.88005
0.0021209 0.000475381 0.993338 -0.584426 -0.00410206 -1.81222
0.00264683 0.00052593 0.993004 -0.683988 -0.00503373 -1.72989
0.00324954 0.000602711 0.992563 -0.774555 -0.00604702 -1.63246
0.00397362 0.000724086 0.991971 -0.854981 -0.00718731 -1.51812
0.00490793 0.000934308 0.991138 -0.92362 -0.00854108 -1.3824
0.0062658 0.00135787 0.989843 -0.976689 -0.0103004 -1.21476
0.0079751 0.0017093 0.988148 -0.999886 -0.012229 -1.04954
0.00981516 0.00184006 0.986307 -0.999201 -0.0140308 -0.915114
0.0119171 0.00210192 0.98422 -0.984938 -0.015827 -0.799579
0.0144605 0.00254344 0.981744 -0.961172 -0.0177216 -0.695509
0.0176558 0.00319531 0.978723 -0.929968 -0.0197829 -0.599814
0.0217911 0.00413527 0.974956 -0.89279 -0.022069 -0.510945
0.0272956 0.00550451 0.970161 -0.850867 -0.0246387 -0.427807
0.0348401 0.00754451 0.963921 -0.805348 -0.0275512 -0.349324
0.0448401 0.01 0.956106 -0.760002 -0.0306659 -0.278108
0.0548401 0.01 0.948684 -0.725892 -0.0331779 -0.226699
0.0648401 0.01 0.941563 -0.699219 -0.0352369 -0.186545
0.0748401 0.01 0.934682 -0.677735 -0.0369321 -0.153463
0.0848401 0.01 0.927996 -0.66003 -0.0383219 -0.125152
0.0948401 0.01 0.921472 -0.645178 -0.0394464 -0.100229
0.10484 0.01 0.915085 -0.632542 -0.0403348 -0.077812
0.11484 0.01 0.908815 -0.621668 -0.041009 -0.0573064
0.12484 0.01 0.902647 -0.612226 -0.0414859 -0.0382965
0.13484 0.01 0.896567 -0.603966 -0.0417789 -0.0204817
0.14484 0.01 0.890564 -0.596698 -0.0418988 -0.00363812
0.15484 0.01 0.88463 -0.590273 -0.0418543 0.0124044
0.16484 0.01 0.878757 -0.584573 -0.0416529 0.027778
0.17484 0.01 0.872937 -0.579504 -0.0413006 0.0425872
0.18484 0.01 0.867165 -0.57499 -0.0408027 0.0569159
0.19484 0.01 0.861435 -0.570967 -0.0401637 0.070832
0.20484 0.01 0.855744 -0.567384 -0.0393873 0.0843917
0.21484 0.01 0.850086 -0.564197 -0.0384769 0.0976415
0.22484 0.01 0.844459 -0.561371 -0.0374354 0.11062
0.23484 0.01 0.838858 -0.558875 -0.0362653 0.123362
0.24484 0.01 0.83328 -0.556684 -0.0349688 0.135893
0.25484 0.01 0.827723 -0.554776 -0.033548 0.148239
0.26484 0.01 0.822184 -0.553132 -0.0320046 0.160421
0.27484 0.01 0.81666 -0.551737 -0.0303401 0.172455
0.28484 0.01 0.811148 -0.550577 -0.0285559 0.184359
0.29484 0.01 0.805647 -0.549642 -0.0266533 0.196145
0.30484 0.01 0.800155 -0.548922 -0.0246334 0.207826
0.31484 0.01 0.794668 -0.548408 -0.0224971 0.219413
0.32484 0.01 0.789186 -0.548095 -0.0202454 0.230913
0.33484 0.01 0.783706 -0.547977 -0.0178791 0.242336
0.34484 0.01 0.778226 -0.54805 -0.0153989 0.253687
0.35484 0.01 0.772744 -0.548309 -0.0128056 0.264975
0.36484 0.01 0.767259 -0.548753 -0.0100996 0.276203
0.37484 0.01 0.761768 -0.549379 -0.00728168 0.287376
0.38484 0.01 0.756271 -0.550187 -0.00435227 0.298498
0.39484 0.01 0.750764 -0.551175 -0.00131187 0.309573
0.40484 0.01 0.745247 -0.552344 0.00183904 0.320603
0.41484 0.01 0.739717 -0.553695 0.00510003 0.331589
0.42484 0.01 0.734172 -0.555228 0.00847068 0.342534
0.43484 0.01 0.728611 -0.556944 0.0119506 0.353438
0.44484 0.01 0.723033 -0.558847 0.0155393 0.364302
0.45484 0.01 0.717434 -0.560938 0.0192365 0.375126
0.46484 0.01 0.711813 -0.563219 0.0230417 0.38591
0.47484 0.01 0.706169 -0.565694 0.0269545 0.396652
0.48484 0.01 0.700499 -0.568366 0.0309746 0.407351
0.49484 0.01 0.694801 -0.571239 0.0351014 0.418005
0.50484 0.01 0.689073 -0.574316 0.0393345 0.428612
0.51484 0.01 0.683314 -0.577603 0.0436735 0.439168
0.52484 0.01 0.67752 -0.581103 0.0481177 0.449671
0.53484 0.01 0.671691 -0.58482 0.0526667 0.460116
0.54484 0.01 0.665823 -0.588761 0.0573198 0.470499
0.55484 0.01 0.659915 -0.592929 0.0620765 0.480816
0.56484 0.01 0.653964 -0.59733 0.0669359 0.491059
0.57484 0.01 0.647968 -0.60197 0.0718974 0.501224
0.58484 0.01 0.641924 -0.606854 0.0769601 0.511304
0.59484 0.01 0.63583 -0.611987 0.0821232 0.521291
0.60484 0.01 0.629683 -0.617376 0.0873856 0.531177
0.61484 0.01 0.623481 -0.623025 0.0927463 0.540954
0.62484 0.01 0.617222 -0.62894 0.0982043 0.550613
0.63484 0.01 0.610902 -0.635127 0.103758 0.560143
0.64484 0.01 0.604518 -0.641591 0.109407 0.569534
0.65484 0.01 0.598069 -0.648338 0.115148 0.578774
0.66484 0.01 0.591551 -0.655373 0.120982 0.587851
0.67484 0.01 0.58496 -0.6627 0.126905 0.596753
0.68484 0.01 0.578296 -0.670324 0.132916 0.605465
0.69484 0.01 0.571553 -0.678249 0.139013 0.613973
0.70484 0.01 0.56473 -0.68648 0.145195 0.622262
0.71484 0.01 0.557822 -0.695018 0.151458 0.630315
0.72484 0.01 0.550828 -0.703866 0.1578 0.638116
0.73484 0.01 0.543744 -0.713027 0.164219 0.645647
0.74484 0.01 0.536567 -0.722502 0.170712 0.652888
0.75484 0.01 0.529293 -0.73229 0.177276 0.659822
0.76484 0.01 0.52192 -0.74239 0.183908 0.666427
0.77484 0.01 0.514444 -0.752802 0.190603 0.672683
0.78484 0.01 0.506863 -0.76352 0.19736 0.678568
0.79484 0.01 0.499173 -0.774542 0.204173 0.68406
0.80484 0.01 0.491371 -0.78586 0.21104 0.689137
0.81484 0.01 0.483454 -0.797468 0.217955 0.693776
0.82484 0.01 0.475421 -0.809356 0.224914 0.697952
0.83484 0.01 0.467266 -0.821513 0.231912 0.701643
0.84484 0.01 0.458989 -0.833925 0.238945 0.704825
0.85484 0.01 0.450587 -0.846578 0.246007 0.707473
0.86484 0.01 0.442057 -0.859455 0.253093 0.709565
0.87484 0.01 0.433397 -0.872536 0.260196 0.711077
0.88484 0.01 0.424606 -0.885799 0.267312 0.711987
0.89484 0.01 0.415681 -0.899221 0.274434 0.712274
0.90484 0.01 0.406621 -0.912774 0.281555 0.711917
0.91484 0.01 0.397425 -0.92643 0.28867 0.710896
0.92484 0.01 0.388092 -0.940157 0.295771 0.709194
0.93484 0.01 0.378622 -0.953923 0.302852 0.706797
0.94484 0.01 0.369014 -0.967689 0.309905 0.703689
0.95484 0.01 0.359268 -0.98142 0.316923 0.699861
0.96484 0.01 0.349385 -0.995074 0.323899 0.695303
0.97484 0.01 0.339367 -1.00861 0.330827 0.690012
0.98484 0.01 0.329214 -1.02198 0.337697 0.683984
0.99484 0.01 0.318928 -1.03515 0.344504 0.677221
1.00484 0.01 0.308512 -1.04806 0.351239 0.669728
1.01484 0.01 0.297968 -1.06068 0.357896 0.661515
1.02484 0.01 0.287299 -1.07294 0.364467 0.652595
1.03484 0.01 0.27651 -1.08482 0.370946 0.642984
1.04484 0.01 0.265604 -1.09625 0.377325 0.632705
1.05484 0.01 0.254587 -1.1072 0.383598 0.621783
1.06484 0.01 0.243462 -1.11762 0.389758 0.610247
1.07484 0.01 0.232236 -1.12747 0.395801 0.598131
1.08484 0.01 0.220915 -1.1367 0.401719 0.585472
1.09484 0.01 0.209504 -1.14529 0.407508 0.572311
1.10484 0.01 0.198011 -1.1532 0.413164 0.558692
1.11484 0.01 0.186443 -1.16039 0.418681 0.544661
1.12484 0.01 0.174806 -1.16685 0.424056 0.530269
1.13484 0.01 0.163108 -1.17254 0.429285 0.515566
1.14484 0.01 0.151358 -1.17745 0.434366 0.500605
1.15484 0.01 0.139562 -1.18156 0.439296 0.485439
1.16484 0.01 0.127729 -1.18487 0.444074 0.470124
1.17484 0.01 0.115867 -1.18737 0.448699 0.454713
1.18484 0.01 0.103985 -1.18905 0.453169 0.439261
1.19484 0.01 0.0920891 -1.18992 0.457484 0.423821
1.20484 0.01 0.0801888 -1.19 0.461645 0.408444
1.21484 0.01 0.0682918 -1.18928 0.465653 0.39318
1.22484 0.01 0.0564058 -1.18778 0.469509 0.378078
1.23484 0.01 0.0445386 -1.18553 0.473215 0.363182
1.24484 0.01 0.0326977 -1.18254 0.476774 0.348536
1.25484 0.01 0.0208902 -1.17884 0.480187 0.334179
1.26484 0.01 0.00912313 -1.17445 0.483458 0.320148
1.27484 0.01 -0.00259672 -1.16941 0.486591 0.306476
1.28484 0.01 -0.0142629 -1.16373 0.489589 0.293193
1.29484 0.01 -0.0258694 -1.15746 0.492456 0.280327
1.30484 0.01 -0.0374104 -1.15063 0.495197 0.267899
1.31484 0.01 -0.0488803 -1.14326 0.497816 0.255932
1.32484 0.01 -0.060274 -1.1354 0.500317 0.24444
1.33484 0.01 -0.0715867 -1.12707 0.502706 0.233439
1.34484 0.01 -0.082814 -1.11831 0.504988 0.222939
1.35484 0.01 -0.0939516 -1.10915 0.507167 0.212947
1.36484 0.01 -0.104996 -1.09963 0.509249 0.20347
1.37484 0.01 -0.115943 -1.08976 0.511238 0.194509
1.38484 0.01 -0.12679 -1.0796 0.51314 0.186066
1.39484 0.01 -0.137534 -1.06915 0.514961 0.178139
1.40484 0.01 -0.148172 -1.05846 0.516705 0.170724
1.41484 0.01 -0.158703 -1.04755 0.518377 0.163816
1.42484 0.01 -0.169123 -1.03644 0.519983 0.157408
1.43484 0.01 -0.179431 -1.02517 0.521527 0.151493
1.44484 0.01 -0.189625 -1.01374 0.523014 0.14606
1.45484 0.01 -0.199705 -1.00219 0.52445 0.1411
1.46484 0.01 -0.209669 -0.99053 0.525838 0.136601
1.47484 0.01 -0.219516 -0.978785 0.527183 0.132551
1.48484 0.01 -0.229244 -0.966971 0.52849 0.128938
1.49484 0.01 -0.238855 -0.955103 0.529764 0.125748
1.50484 0.01 -0.248346 -0.943197 0.531007 0.122968
1.51484 0.01 -0.257719 -0.931268 0.532224 0.120585
1.52484 0.01 -0.266972 -0.919326 0.53342 0.118583
1.53484 0.01 -0.276105 -0.907385 0.534597 0.11695
1.54484 0.01 -0.285119 -0.895455 0.53576 0.115671
1.55484 0.01 -0.294014 -0.883545 0.536912 0.114731
1.56484 0.01 -0.30279 -0.871665 0.538056 0.114118
1.57484 0.01 -0.311448 -0.859822 0.539195 0.113816
1.58484 0.01 -0.319987 -0.848023 0.540333 0.113813
1.59484 0.01 -0.328408 -0.836274 0.541472 0.114095
1.60484 0.01 -0.336713 -0.824581 0.542616 0.114649
1.61484 0.01 -0.3449 -0.81295 0.543766 0.115461
1.62484 0.01 -0.352972 -0.801383 0.544926 0.116519
1.63484 0.01 -0.360928 -0.789885 0.546097 0.117811
1.64484 0.01 -0.36877 -0.778459 0.547283 0.119324
1.65484 0.01 -0.376498 -0.767108 0.548484 0.121048
1.66484 0.01 -0.384112 -0.755833 0.549704 0.122969
1.67484 0.01 -0.391614 -0.744637 0.550944 0.125079
1.68484 0.01 -0.399005 -0.733522 0.552207 0.127365
1.69484 0.01 -0.406285 -0.722487 0.553492 0.129817
1.70484 0.01 -0.413455 -0.711535 0.554803 0.132426
1.71484 0.01 -0.420516 -0.700665 0.556141 0.135182
1.72484 0.01 -0.427469 -0.689878 0.557507 0.138075
1.73484 0.01 -0.434314 -0.679174 0.558903 0.141096
1.74484 0.01 -0.441053 -0.668552 0.56033 0.144237
1.75484 0.01 -0.447685 -0.658013 0.561788 0.14749
1.76484 0.01 -0.454213 -0.647556 0.56328 0.150846
1.77484 0.01 -0.460637 -0.637179 0.564806 0.154298
1.78484 0.01 -0.466957 -0.626883 0.566366 0.157838
1.79484 0.01 -0.473175 -0.616667 0.567963 0.161459
1.80484 0.01 -0.479291 -0.606529 0.569596 0.165154
1.81484 0.01 -0.485305 -0.596468 0.571266 0.168917
1.82484 0.01 -0.49122 -0.586483 0.572974 0.172741
1.83484 0.01 -0.497035 -0.576573 0.574721 0.176621
1.84484 0.01 -0.502752 -0.566737 0.576507 0.180549
1.85484 0.01 -0.50837 -0.556974 0.578332 0.184522
1.86484 0.01 -0.513892 -0.547281 0.580197 0.188533
1.87484 0.01 -0.519316 -0.537658 0.582103 0.192577
1.88484 0.01 -0.524645 -0.528103 0.584049 0.19665
1.89484 0.01 -0.529878 -0.518616 0.586036 0.200746
1.90484 0.01 -0.535017 -0.509193 0.588064 0.204861
1.91484 0.01 -0.540063 -0.499835 0.590133 0.208991
1.92484 0.01 -0.545014 -0.49054 0.592244 0.213132
1.93484 0.01 -0.549874 -0.481306 0.594396 0.217279
1.94484 0.01 -0.554641 -0.472131 0.596589 0.221429
1.95484 0.01 -0.559316 -0.463016 0.598824 0.225577
1.96484 0.01 -0.563901 -0.453957 0.601101 0.229722
1.97484 0.01 -0.568396 -0.444955 0.603419 0.233858
1.98484 0.01 -0.5728 -0.436007 0.605778 0.237983
1.99484 0.01 -0.577116 -0.427113 0.608178 0.242094
2.00484 0.01 -0.581343 -0.418271 0.61062 0.246188
2.01484 0.01 -0.585482 -0.40948 0.613102 0.250262
2.02484 0.01 -0.589533 -0.400738 0.615625 0.254313
2.03484 0.01 -0.593497 -0.392046 0.618188 0.258339
2.04484 0.01 -0.597374 -0.383401 0.620792 0.262337
2.05484 0.01 -0.601165 -0.374802 0.623435 0.266305
2.06484 0.01 -0.60487 -0.366249 0.626118 0.27024
2.07484 0.01 -0.60849 -0.35774 0.62884 0.27414
2.08484 0.01 -0.612025 -0.349275 0.6316 0.278004
2.09484 0.01 -0.615475 -0.340852 0.6344 0.281829
2.10484 0.01 -0.618842 -0.332471 0.637237 0.285613
2.11484 0.01 -0.622125 -0.324131 0.640112 0.289355
2.12484 0.01 -0.625325 -0.31583 0.643024 0.293052
2.13484 0.01 -0.628442 -0.307569 0.645973 0.296704
2.14484 0.01 -0.631476 -0.299346 0.648958 0.300307
2.15484 0.01 -0.634429 -0.291161 0.651979 0.303862
2.16484 0.01 -0.6373 -0.283014 0.655035 0.307366
2.17484 0.01 -0.640089 -0.274902 0.658126 0.310817
2.18484 0.01 -0.642798 -0.266826 0.661251 0.314216
2.19484 0.01 -0.645426 -0.258786 0.66441 0.317559
2.20484 0.01 -0.647974 -0.25078 0.667602 0.320847
2.21484 0.01 -0.650442 -0.242808 0.670827 0.324078
2.22484 0.01 -0.65283 -0.23487 0.674083 0.32725
2.23484 0.01 -0.655139 -0.226965 0.677371 0.330363
2.24484 0.01 -0.657369 -0.219093 0.68069 0.333416
2.25484 0.01 -0.659521 -0.211254 0.68404 0.336408
2.26484 0.01 -0.661595 -0.203446 0.687418 0.339337
2.27484 0.01 -0.66359 -0.195671 0.690826 0.342203
2.28484 0.01 -0.665508 -0.187926 0.694262 0.345006
2.29484 0.01 -0.667349 -0.180213 0.697726 0.347743
2.30484 0.01 -0.669112 -0.172531 0.701217 0.350415
2.31484 0.01 -0.670799 -0.16488 0.704734 0.353021
2.32484 0.01 -0.67241 -0.157259 0.708277 0.35556
2.33484 0.01 -0.673945 -0.149668 0.711845 0.358032
2.34484 0.01 -0.675404 -0.142108 0.715437 0.360435
2.35484 0.01 -0.676787 -0.134578 0.719054 0.36277
2.36484 0.01 -0.678095 -0.127078 0.722693 0.365035
2.37484 0.01 -0.679329 -0.119608 0.726354 0.367231
2.38484 0.01 -0.680488 -0.112168 0.730037 0.369356
2.39484 0.01 -0.681572 -0.104758 0.733741 0.371411
2.40484 0.01 -0.682583 -0.0973784 0.737465 0.373395
2.41484 0.01 -0.68352 -0.0900284 0.741209 0.375307
2.42484 0.01 -0.684383 -0.0827085 0.744971 0.377147
2.43484 0.01 -0.685174 -0.0754187 0.748751 0.378915
2.44484 0.01 -0.685892 -0.0681591 0.752549 0.38061
2.45484 0.01 -0.686537 -0.0609299 0.756363 0.382233
2.46484 0.01 -0.687111 -0.0537311 0.760193 0.383783
2.47484 0.01 -0.687612 -0.0465629 0.764039 0.385259
2.48484 0.01 -0.688042 -0.0394254 0.767898 0.386662
2.49484 0.01 -0.688401 -0.0323189 0.771772 0.38799
2.50484 0.01 -0.688688 -0.0252436 0.775658 0.389245
2.51484 0.01 -0.688906 -0.0181995 0.779556 0.390426
2.52484 0.01 -0.689053 -0.0111871 0.783466 0.391533
2.53484 0.01 -0.689129 -0.00420648 0.787387 0.392566
2.54484 0.01 -0.689137 0.00274207 0.791317 0.393524
2.55484 0.01 -0.689075 0.00965827 0.795257 0.394407
2.56484 0.01 -0.688944 0.0165418 0.799205 0.395216
2.57484 0.01 -0.688744 0.0233925 0.803161 0.395951
2.58484 0.01 -0.688476 0.0302099 0.807124 0.396611
2.59484 0.01 -0.68814 0.0369937 0.811093 0.397196
2.60484 0.01 -0.687736 0.0437437 0.815068 0.397707
2.61484 0.01 -0.687265 0.0504594 0.819047 0.398143
2.62484 0.01 -0.686727 0.0571405 0.82303 0.398505
2.63484 0.01 -0.686122 0.0637867 0.827017 0.398792
2.64484 0.01 -0.685452 0.0703975 0.831006 0.399006
2.65484 0.01 -0.684715 0.0769727 0.834997 0.399145
2.66484 0.01 -0.683912 0.0835117 0.838988 0.399209
2.67484 0.01 -0.683045 0.0900142 0.842981 0.3992
2.68484 0.01 -0.682112 0.0964797 0.846972 0.399117
2.69484 0.01 -0.681115 0.102908 0.850963 0.398961
2.70484 0.01 -0.680054 0.109298 0.854951 0.398731
2.71484 0.01 -0.678929 0.115651 0.858937 0.398427
2.72484 0.01 -0.677741 0.121964 0.862919 0.398051
2.73484 0.01 -0.67649 0.128239 0.866898 0.397602
2.74484 0.01 -0.675176 0.134474 0.870871 0.39708
2.75484 0.01 -0.673801 0.140669 0.874839 0.396485
2.76484 0.01 -0.672363 0.146823 0.878801 0.395819
2.77484 0.01 -0.670864 0.152937 0.882755 0.395081
2.78484 0.01 -0.669305 0.159009 0.886702 0.394271
2.79484 0.01 -0.667684 0.165039 0.89064 0.39339
2.80484 0.01 -0.666004 0.171027 0.89457 0.392438
2.81484 0.01 -0.664264 0.176972 0.898489 0.391415
2.82484 0.01 -0.662465 0.182873 0.902398 0.390322
2.83484 0.01 -0.660607 0.188731 0.906295 0.389159
2.84484 0.01 -0.65869 0.194544 0.910181 0.387926
2.85484 0.01 -0.656716 0.200313 0.914053 0.386624
2.86484 0.01 -0.654684 0.206036 0.917913 0.385253
2.87484 0.01 -0.652595 0.211713 0.921758 0.383813
2.88484 0.01 -0.65045 0.217344 0.925589 0.382306
2.89484 0.01 -0.648249 0.222928 0.929404 0.38073
2.90484 0.01 -0.645992 0.228465 0.933203 0.379088
2.91484 0.01 -0.643679 0.233953 0.936986 0.377378
2.92484 0.01 -0.641313 0.239394 0.940751 0.375603
2.93484 0.01 -0.638892 0.244785 0.944498 0.373761
2.94484 0.01 -0.636417 0.250127 0.948226 0.371853
2.95484 0.01 -0.633889 0.255419 0.951934 0.369881
2.96484 0.01 -0.631309 0.26066 0.955623 0.367844
2.97484 0.01 -0.628676 0.26585 0.959291 0.365743
2.98484 0.01 -0.625992 0.270989 0.962938 0.363578
2.99484 0.01 -0.623257 0.276076 0.966562 0.361351
3.00484 0.01 -0.620471 0.28111 0.970164 0.35906
3.01484 0.01 -0.617635 0.286091 0.973743 0.356708
3.02484 0.01 -0.614749 0.291019 0.977298 0.354294
3.03484 0.01 -0.611815 0.295892 0.980829 0.351819
3.04484 0.01 -0.608831 0.300711 0.984335 0.349284
3.05484 0.01 -0.605801 0.305474 0.987815 0.346689
3.06484 0.01 -0.602722 0.310182 0.991268 0.344034
3.07484 0.01 -0.599597 0.314834 0.994695 0.341321
3.08484 0.01 -0.596426 0.31943 0.998094 0.33855
3.09484 0.01 -0.593209 0.323968 1.00147 0.335721
3.10484 0.01 -0.589947 0.328448 1.00481 0.332835
3.11484 0.01 -0.58664 0.332871 1.00812 0.329893
3.12484 0.01 -0.583289 0.337234 1.01141 0.326895
3.13484 0.01 -0.579895 0.341539 1.01466 0.323842
3.14484 0.01 -0.576459 0.345784 1.01788 0.320734
3.15484 0.01 -0.57298 0.349969 1.02107 0.317573
3.16484 0.01 -0.56946 0.354093 1.02423 0.314358
3.17484 0.01 -0.565898 0.358157 1.02736 0.311091
3.18484 0.01 -0.562297 0.362158 1.03046 0.307772
3.19484 0.01 -0.558655 0.366098 1.03352 0.304402
3.20484 0.01 -0.554975 0.369976 1.03654 0.300981
3.21484 0.01 -0.551256 0.37379 1.03954 0.29751
3.22484 0.01 -0.547499 0.377541 1.04249 0.29399
3.23484 0.01 -0.543705 0.381229 1.04542 0.290421
3.24484 0.01 -0.539875 0.384852 1.0483 0.286805
3.25484 0.01 -0.536009 0.38841 1.05115 0.283141
3.26484 0.01 -0.532107 0.391904 1.05396 0.279431
3.27484 0.01 -0.528171 0.395331 1.05674 0.275675
3.28484 0.01 -0.524201 0.398693 1.05948 0.271874
3.29484 0.01 -0.520197 0.401988 1.06218 0.268029
3.30484 0.01 -0.516161 0.405217 1.06484 0.264141
3.31484 0.01 -0.512093 0.408378 1.06746 0.260209
3.32484 0.01 -0.507994 0.411472 1.07004 0.256236
3.33484 0.01 -0.503864 0.414498 1.07258 0.252221
3.34484 0.01 -0.499704 0.417455 1.07509 0.248165
3.35484 0.01 -0.495515 0.420343 1.07755 0.24407
3.36484 0.01 -0.491297 0.423162 1.07997 0.239935
3.37484 0.01 -0.487052 0.425912 1.08235 0.235762
3.38484 0.01 -0.482779 0.428592 1.08468 0.231552
3.39484 0.01 -0.47848 0.431201 1.08698 0.227304
3.40484 0.01 -0.474156 0.43374 1.08923 0.223021
3.41484 0.01 -0.469806 0.436207 1.09144 0.218703
3.42484 0.01 -0.465432 0.438604 1.0936 0.21435
3.43484 0.01 -0.461034 0.440928 1.09572 0.209963
3.44484 0.01 -0.456613 0.443181 1.0978 0.205543
3.45484 0.01 -0.45217 0.445361 1.09984 0.201092
3.46484 0.01 -0.447706 0.447469 1.10182 0.196608
3.47484 0.01 -0.443221 0.449504 1.10377 0.192095
3.48484 0.01 -0.438716 0.451465 1.10567 0.187552
3.49484 0.01 -0.434192 0.453353 1.10752 0.182979
3.50484 0.01 -0.42965 0.455167 1.10933 0.178379
3.51484 0.01 -0.425089 0.456906 1.11109 0.173751
3.52484 0.01 -0.420512 0.458572 1.1128 0.169097
3.53484 0.01 -0.415918 0.460162 1.11447 0.164417
3.54484 0.01 -0.411309 0.461678 1.11609 0.159713
3.55484 0.01 -0.406685 0.463118 1.11766 0.154984
3.56484 0.01 -0.402047 0.464483 1.11919 0.150232
3.57484 0.01 -0.397395 0.465772 1.12067 0.145458
3.58484 0.01 -0.392731 0.466986 1.1221 0.140662
3.59484 0.01 -0.388056 0.468123 1.12348 0.135845
3.60484 0.01 -0.383369 0.469183 1.12481 0.131009
3.61484 0.01 -0.378672 0.470168 1.1261 0.126153
3.62484 0.01 -0.373966 0.471075 1.12734 0.121279
3.63484 0.01 -0.369251 0.471905 1.12853 0.116387
3.64484 0.01 -0.364528 0.472658 1.12966 0.111479
3.65484 0.01 -0.359798 0.473334 1.13075 0.106555
3.66484 0.01 -0.355062 0.473932 1.1318 0.101617
3.67484 0.01 -0.35032 0.474453 1.13279 0.0966636
3.68484 0.01 -0.345573 0.474896 1.13373 0.0916973
3.69484 0.01 -0.340822 0.47526 1.13462 0.0867186
3.70484 0.01 -0.336068 0.475547 1.13546 0.0817282
3.71484 0.01 -0.331312 0.475755 1.13626 0.076727
3.72484 0.01 -0.326553 0.475885 1.137 0.0717159
3.73484 0.01 -0.321794 0.475936 1.13769 0.0666956
3.74484 0.01 -0.317035 0.475909 1.13833 0.061667
3.75484 0.01 -0.312276 0.475803 1.13892 0.0566308
3.76484 0.01 -0.307519 0.475618 1.13946 0.0515881
3.77484 0.01 -0.302764 0.475354 1.13995 0.0465394
3.78484 0.01 -0.298012 0.475011 1.1404 0.0414858
3.79484 0.01 -0.293264 0.474589 1.14078 0.036428
3.80484 0.01 -0.288521 0.474088 1.14112 0.0313668
3.81484 0.01 -0.283783 0.473508 1.14141 0.026303
3.82484 0.01 -0.279051 0.472848 1.14165 0.0212375
3.83484 0.01 -0.274326 0.472109 1.14184 0.016171
3.84484 0.01 -0.269609 0.471291 1.14197 0.0111045
3.85484 0.01 -0.2649 0.470393 1.14206 0.00603863
3.86484 0.01 -0.260201 0.469416 1.14209 0.000974269
3.87484 0.01 -0.255512 0.46836 1.14208 -0.00408779
3.88484 0.01 -0.250834 0.467224 1.14201 -0.00914674
3.89484 0.01 -0.246168 0.466008 1.1419 -0.0142018
3.90484 0.01 -0.241514 0.464714 1.14173 -0.0192522
3.91484 0.01 -0.236874 0.463339 1.14151 -0.024297
3.92484 0.01 -0.232248 0.461886 1.14124 -0.0293356
3.93484 0.01 -0.227637 0.460353 1.14092 -0.0343672
3.94484 0.01 -0.223041 0.458741 1.14055 -0.0393909
3.95484 0.01 -0.218462 0.45705 1.14014 -0.0444061
3.96484 0.01 -0.2139 0.455279 1.13967 -0.0494118
3.97484 0.01 -0.209357 0.453429 1.13915 -0.0544074
3.98484 0.01 -0.204832 0.4515 1.13858 -0.0593922
3.99484 0.01 -0.200327 0.449493 1.13796 -0.0643652
4.00484 0.01 -0.195843 0.447406 1.13729 -0.0693259
4.01484 0.01 -0.191379 0.44524 1.13657 -0.0742735
4.02484 0.01 -0.186938 0.442996 1.13581 -0.0792072
4.03484 0.01 -0.18252 0.440673 1.13499 -0.0841262
4.04484 0.01 -0.178125 0.438272 1.13412 -0.08903
4.05484 0.01 -0.173754 0.435792 1.13321 -0.0939176
4.06484 0.01 -0.169409 0.433233 1.13225 -0.0987886
4.07484 0.01 -0.16509 0.430597 1.13123 -0.103642
4.08484 0.01 -0.160798 0.427883 1.13017 -0.108477
4.09484 0.01 -0.156533 0.42509 1.12906 -0.113294
4.10484 0.01 -0.152296 0.42222 1.12791 -0.118091
4.11484 0.01 -0.148088 0.419273 1.1267 -0.122867
4.12484 0.01 -0.143911 0.416248 1.12545 -0.127623
4.13484 0.01 -0.139764 0.413145 1.12415 -0.132357
4.14484 0.01 -0.135648 0.409966 1.1228 -0.137069
4.15484 0.01 -0.131565 0.40671 1.12141 -0.141759
4.16484 0.01 -0.127514 0.403376 1.11997 -0.146424
4.17484 0.01 -0.123497 0.399967 1.11848 -0.151066
4.18484 0.01 -0.119515 0.396481 1.11695 -0.155683
4.19484 0.01 -0.115568 0.392919 1.11537 -0.160275
4.20484 0.01 -0.111657 0.38928 1.11374 -0.16484
4.21484 0.01 -0.107783 0.385567 1.11207 -0.169379
4.22484 0.01 -0.103946 0.381777 1.11035 -0.173891
4.23484 0.01 -0.100147 0.377912 1.10859 -0.178376
4.24484 0.01 -0.0963879 0.373973 1.10679 -0.182832
4.25484 0.01 -0.0926682 0.369958 1.10494 -0.18726
4.26484 0.01 -0.088989 0.365869 1.10304 -0.191658
4.27484 0.01 -0.0853511 0.361705 1.1011 -0.196027
4.28484 0.01 -0.0817552 0.357468 1.09912 -0.200365
4.29484 0.01 -0.078202 0.353156 1.09709 -0.204672
4.30484 0.01 -0.0746923 0.348771 1.09503 -0.208948
4.31484 0.01 -0.0712268 0.344312 1.09292 -0.213193
4.32484 0.01 -0.0678063 0.339781 1.09076 -0.217405
4.33484 0.01 -0.0644314 0.335176 1.08857 -0.221584
4.34484 0.01 -0.061103 0.330499 1.08633 -0.225731
4.35484 0.01 -0.0578217 0.32575 1.08405 -0.229844
4.36484 0.01 -0.0545883 0.320928 1.08173 -0.233923
4.37484 0.01 -0.0514034 0.316035 1.07938 -0.237968
4.38484 0.01 -0.0482678 0.311071 1.07698 -0.241978
4.39484 0.01 -0.0451822 0.306036 1.07454 -0.245953
4.40484 0.01 -0.0421473 0.300929 1.07206 -0.249893
4.41484 0.01 -0.0391638 0.295752 1.06954 -0.253798
4.42484 0.01 -0.0362325 0.290505 1.06698 -0.257666
4.43484 0.01 -0.033354 0.285188 1.06438 -0.261498
4.44484 0.01 -0.030529 0.279801 1.06175 -0.265294
4.45484 0.01 -0.0277582 0.274346 1.05908 -0.269053
4.46484 0.01 -0.0250423 0.268821 1.05637 -0.272775
4.47484 0.01 -0.022382 0.263227 1.05362 -0.276459
4.48484 0.01 -0.019778 0.257565 1.05084 -0.280107
4.49484 0.01 -0.0172309 0.251835 1.04802 -0.283717
4.50484 0.01 -0.0147415 0.246038 1.04517 -0.287289
4.51484 0.01 -0.0123104 0.240173 1.04228 -0.290823
4.52484 0.01 -0.00993827 0.234241 1.03935 -0.294319
4.53484 0.01 -0.0076258 0.228242 1.03639 -0.297778
4.54484 0.01 -0.00537365 0.222177 1.03339 -0.301198
4.55484 0.01 -0.00318248 0.216046 1.03037 -0.30458
4.56484 0.01 -0.00105295 0.209849 1.0273 -0.307924
4.57484 0.01 0.00101428 0.203587 1.02421 -0.31123
4.58484 0.01 0.00301858 0.19726 1.02108 -0.314498
4.59484 0.01 0.00495927 0.190869 1.01792 -0.317728
4.60484 0.01 0.00683574 0.184413 1.01472 -0.320919
4.61484 0.01 0.00864732 0.177893 1.0115 -0.324073
4.62484 0.01 0.0103934 0.17131 1.00824 -0.32719
4.63484 0.01 0.0120733 0.164664 1.00496 -0.330268
4.64484 0.01 0.0136865 0.157955 1.00164 -0.33331
4.65484 0.01 0.0152322 0.151183 0.99829 -0.336314
4.66484 0.01 0.0167099 0.144349 0.994912 -0.339282
4.67484 0.01 0.018119 0.137454 0.991504 -0.342213
4.68484 0.01 0.0194588 0.130498 0.988068 -0.345107
4.69484 0.01 0.0207287 0.12348 0.984602 -0.347966
4.70484 0.01 0.0219282 0.116402 0.981108 -0.350789
4.71484 0.01 0.0230566 0.109264 0.977587 -0.353578
4.72484 0.01 0.0241133 0.102066 0.974037 -0.356331
4.73484 0.01 0.0250977 0.0948087 0.97046 -0.359051
4.74484 0.01 0.0260092 0.0874925 0.966856 -0.361737
4.75484 0.01 0.0268473 0.0801178 0.963225 -0.36439
4.76484 0.01 0.0276114 0.072685 0.959568 -0.36701
4.77484 0.01 0.0283009 0.0651945 0.955885 -0.369599
4.78484 0.01 0.0289151 0.0576467 0.952176 -0.372157
4.79484 0.01 0.0294536 0.0500421 0.948442 -0.374684
4.80484 0.01 0.0299158 0.0423811 0.944683 -0.377182
4.81484 0.01 0.030301 0.0346642 0.940899 -0.379651
4.82484 0.01 0.0306089 0.0268918 0.93709 -0.382092
4.83484 0.01 0.0308387 0.0190644 0.933257 -0.384506
4.84484 0.01 0.03099 0.0111824 0.9294 -0.386894
4.85484 0.01 0.0310622 0.00324633 0.925519 -0.389257
4.86484 0.01 0.0310547 -0.00474328 0.921615 -0.391596
4.87484 0.01 0.0309671 -0.0127859 0.917687 -0.393913
4.88484 0.01 0.0307988 -0.0208812 0.913737 -0.396208
4.89484 0.01 0.0305493 -0.0290284 0.909763 -0.398482
4.90484 0.01 0.0302181 -0.037227 0.905767 -0.400737
4.91484 0.01 0.0298046 -0.0454766 0.901749 -0.402974
4.92484 0.01 0.0293084 -0.0537764 0.897708 -0.405195
4.93484 0.01 0.0287289 -0.062126 0.893645 -0.407401
4.94484 0.01 0.0280657 -0.0705246 0.88956 -0.409594
4.95484 0.01 0.0273183 -0.0789717 0.885453 -0.411774
4.96484 0.01 0.0264861 -0.0874666 0.881324 -0.413945
4.97484 0.01 0.0255688 -0.0960085 0.877174 -0.416106
4.98484 0.01 0.0245658 -0.104597 0.873002 -0.418262
4.99484 0.01 0.0234767 -0.113231 0.868809 -0.420412
5.00484 0.01 0.022301 -0.121909 0.864594 -0.422559
5.01484 0.01 0.0210383 -0.130632 0.860358 -0.424705
5.02484 0.01 0.0196882 -0.139398 0.8561 -0.426852
5.03484 0.01 0.0182502 -0.148206 0.851821 -0.429002
5.04484 0.01 0.016724 -0.157056 0.84752 -0.431158
5.05484 0.01 0.015109 -0.165946 0.843197 -0.433322
5.06484 0.01 0.0134049 -0.174875 0.838853 -0.435495
5.07484 0.01 0.0116113 -0.183843 0.834487 -0.437681
5.08484 0.01 0.00972792 -0.192848 0.8301 -0.439882
5.09484 0.01 0.00775427 -0.201889 0.82569 -0.442101
5.10484 0.01 0.00569003 -0.210964 0.821258 -0.44434
5.11484 0.01 0.00353487 -0.220074 0.816803 -0.446602
5.12484 0.01 0.00128845 -0.229215 0.812325 -0.448891
5.13484 0.01 -0.00104953 -0.238387 0.807825 -0.451208
5.14484 0.01 -0.00347938 -0.247588 0.803301 -0.453558
5.15484 0.01 -0.00600137 -0.256816 0.798754 -0.455942
5.16484 0.01 -0.00861578 -0.26607 0.794182 -0.458365
5.17484 0.01 -0.0113229 -0.275348 0.789586 -0.46083
5.18484 0.01 -0.0141228 -0.284649 0.784965 -0.463341
5.19484 0.01 -0.0170159 -0.293969 0.780319 -0.4659
5.20484 0.01 -0.0200023 -0.303307 0.775647 -0.468511
5.21484 0.01 -0.0230821 -0.312662 0.770949 -0.471178
5.22484 0.01 -0.0262555 -0.322029 0.766223 -0.473905
5.23484 0.01 -0.0295227 -0.331407 0.761471 -0.476696
5.24484 0.01 -0.0328837 -0.340794 0.756689 -0.479555
5.25484 0.01 -0.0363386 -0.350185 0.751879 -0.482485
5.26484 0.01 -0.0398874 -0.35958 0.747039 -0.485492
5.27484 0.01 -0.0435302 -0.368973 0.742169 -0.488578
5.28484 0.01 -0.0472669 -0.378363 0.737268 -0.491748
5.29484 0.01 -0.0510974 -0.387744 0.732334 -0.495008
5.30484 0.01 -0.0550217 -0.397115 0.727367 -0.49836
5.31484 0.01 -0.0590397 -0.40647 0.722366 -0.50181
5.32484 0.01 -0.0631511 -0.415806 0.717331 -0.505362
5.33484 0.01 -0.0673557 -0.425119 0.712259 -0.509021
5.34484 0.01 -0.0716533 -0.434403 0.70715 -0.512791
5.35484 0.01 -0.0760437 -0.443654 0.702003 -0.516678
5.36484 0.01 -0.0805263 -0.452866 0.696816 -0.520685
5.37484 0.01 -0.0851008 -0.462035 0.691588 -0.524817
5.38484 0.01 -0.0897668 -0.471155 0.686319 -0.529079
5.39484 0.01 -0.0945238 -0.480219 0.681006 -0.533476
5.40484 0.01 -0.099371 -0.489221 0.675649 -0.538012
5.41484 0.01 -0.104308 -0.498155 0.670246 -0.542691
5.42484 0.01 -0.109334 -0.507014 0.664795 -0.547519
5.43484 0.01 -0.114448 -0.51579 0.659295 -0.5525
5.44484 0.01 -0.119649 -0.524476 0.653744 -0.557637
5.45484 0.01 -0.124937 -0.533064 0.648141 -0.562936
5.46484 0.01 -0.13031 -0.541544 0.642485 -0.568399
5.47484 0.01 -0.135768 -0.54991 0.636773 -0.574031
5.48484 0.01 -0.141308 -0.558151 0.631004 -0.579835
5.49484 0.01 -0.14693 -0.566257 0.625176 -0.585814
5.50484 0.01 -0.152633 -0.57422 0.619287 -0.591972
5.51484 0.01 -0.158414 -0.582028 0.613336 -0.598311
5.52484 0.01 -0.164273 -0.589672 0.60732 -0.604833
5.53484 0.01 -0.170207 -0.597139 0.601238 -0.611539
5.54484 0.01 -0.176215 -0.604418 0.595089 -0.618432
5.55484 0.01 -0.182295 -0.611498 0.588869 -0.625512
5.56484 0.01 -0.188444 -0.618366 0.582578 -0.63278
5.57484 0.01 -0.194661 -0.62501 0.576213 -0.640235
5.58484 0.01 -0.200944 -0.631417 0.569772 -0.647876
5.59484 0.01 -0.207289 -0.637575 0.563255 -0.655701
5.60484 0.01 -0.213694 -0.643468 0.556658 -0.663708
5.61484 0.01 -0.220157 -0.649085 0.54998 -0.671894
5.62484 0.01 -0.226675 -0.654412 0.543219 -0.680255
5.63484 0.01 -0.233244 -0.659434 0.536374 -0.688786
5.64484 0.01 -0.239863 -0.664137 0.529443 -0.69748
5.65484 0.01 -0.246526 -0.668509 0.522424 -0.706331
5.66484 0.01 -0.253232 -0.672534 0.515316 -0.715331
5.67484 0.01 -0.259976 -0.6762 0.508117 -0.72447
5.68484 0.01 -0.266754 -0.679493 0.500826 -0.733738
5.69484 0.01 -0.273564 -0.6824 0.493442 -0.743125
5.70484 0.01 -0.280401 -0.684908 0.485963 -0.752617
5.71484 0.01 -0.287261 -0.687005 0.478389 -0.7622
5.72484 0.01 -0.29414 -0.68868 0.470719 -0.771861
5.73484 0.01 -0.301033 -0.689922 0.462952 -0.781581
5.74484 0.01 -0.307937 -0.690721 0.455087 -0.791345
5.75484 0.01 -0.314846 -0.691067 0.447125 -0.801133
5.76484 0.01 -0.321756 -0.690954 0.439065 -0.810926
5.77484 0.01 -0.328663 -0.690374 0.430906 -0.820704
5.78484 0.01 -0.335562 -0.689322 0.422651 -0.830444
5.79484 0.01 -0.342448 -0.687793 0.414298 -0.840124
5.80484 0.01 -0.349317 -0.685787 0.405848 -0.849721
5.81484 0.01 -0.356162 -0.6833 0.397304 -0.85921
5.82484 0.01 -0.362981 -0.680336 0.388665 -0.868567
5.83484 0.01 -0.369768 -0.676895 0.379933 -0.877766
5.84484 0.01 -0.376517 -0.672983 0.37111 -0.886782
5.85484 0.01 -0.383226 -0.668605 0.362198 -0.895588
5.86484 0.01 -0.389888 -0.663771 0.353199 -0.90416
5.87484 0.01 -0.3965 -0.65849 0.344116 -0.912472
5.88484 0.01 -0.403056 -0.652775 0.33495 -0.920498
5.89484 0.01 -0.409554 -0.646639 0.325707 -0.928213
5.90484 0.01 -0.415988 -0.640099 0.316387 -0.935594
5.91484 0.01 -0.422354 -0.633172 0.306996 -0.942618
5.92484 0.01 -0.42865 -0.625878 0.297536 -0.949261
5.93484 0.01 -0.434871 -0.618238 0.288012 -0.955504
5.94484 0.01 -0.441014 -0.610274 0.278428 -0.961326
5.95484 0.01 -0.447075 -0.602011 0.268787 -0.96671
5.96484 0.01 -0.453053 -0.593473 0.259095 -0.97164
5.97484 0.01 -0.458944 -0.584687 0.249356 -0.976099
5.98484 0.01 -0.464746 -0.57568 0.239574 -0.980077
5.99484 0.01 -0.470457 -0.566479 0.229756 -0.983561
6.00484 0.01 -0.476075 -0.557114 0.219905 -0.986543
6.01484 0.01 -0.481599 -0.547612 0.210027 -0.989016
6.02484 0.01 -0.487027 -0.538002 0.200126 -0.990974
6.03484 0.01 -0.492358 -0.528313 0.190209 -0.992416
6.04484 0.01 -0.497593 -0.518573 0.18028 -0.993339
6.05484 0.01 -0.50273 -0.50881 0.170344 -0.993746
6.06484 0.01 -0.507769 -0.49905 0.160407 -0.993638
6.07484 0.01 -0.512711 -0.489322 0.150473 -0.99302
6.08484 0.01 -0.517556 -0.47965 0.140548 -0.991899
6.09484 0.01 -0.522304 -0.470058 0.130637 -0.990282
6.10484 0.01 -0.526957 -0.460571 0.120744 -0.988179
6.11484 0.01 -0.531516 -0.45121 0.110875 -0.985601
6.12484 0.01 -0.535982 -0.441996 0.101033 -0.982559
6.13484 0.01 -0.540357 -0.432948 0.0912248 -0.979066
6.14484 0.01 -0.544642 -0.424085 0.0814535 -0.975137
6.15484 0.01 -0.548839 -0.415423 0.0717235 -0.970785
6.16484 0.01 -0.552951 -0.406977 0.0620391 -0.966027
6.17484 0.01 -0.556979 -0.398761 0.0524043 -0.960878
6.18484 0.01 -0.560927 -0.390786 0.0428228 -0.955355
6.19484 0.01 -0.564796 -0.383064 0.0332984 -0.949475
6.20484 0.01 -0.568589 -0.375603 0.0238344 -0.943253
6.21484 0.01 -0.572309 -0.368412 0.0144344 -0.936708
6.22484 0.01 -0.575958 -0.361496 0.0051013 -0.929856
6.23484 0.01 -0.57954 -0.354861 -0.00416179 -0.922715
6.24484 0.01 -0.583056 -0.348511 -0.0133521 -0.9153
6.25484 0.01 -0.586511 -0.342449 -0.0224669 -0.907629
6.26484 0.01 -0.589906 -0.336677 -0.0315039 -0.899717
6.27484 0.01 -0.593245 -0.331195 -0.0404605 -0.89158
6.28484 0.01 -0.596531 -0.326002 -0.0493348 -0.883234
6.29484 0.01 -0.599766 -0.321099 -0.0581246 -0.874694
6.30484 0.01 -0.602954 -0.316482 -0.066828 -0.865973
6.31484 0.01 -0.606097 -0.31215 -0.0754435 -0.857087
6.32484 0.01 -0.609198 -0.308098 -0.0839693 -0.848047
6.33484 0.01 -0.61226 -0.304323 -0.0924039 -0.838868
6.34484 0.01 -0.615285 -0.30082 -0.100746 -0.829562
6.35484 0.01 -0.618277 -0.297585 -0.108995 -0.820139
6.36484 0.01 -0.621238 -0.294611 -0.117149 -0.810611
6.37484 0.01 -0.62417 -0.291893 -0.125207 -0.80099
6.38484 0.01 -0.627077 -0.289425 -0.133168 -0.791284
6.39484 0.01 -0.629959 -0.287201 -0.141032 -0.781503
6.40484 0.01 -0.632821 -0.285213 -0.148798 -0.771657
6.41484 0.01 -0.635664 -0.283455 -0.156465 -0.761753
6.42484 0.01 -0.638491 -0.28192 -0.164033 -0.7518
6.43484 0.01 -0.641304 -0.280601 -0.171501 -0.741805
6.44484 0.01 -0.644104 -0.27949 -0.178869 -0.731775
6.45484 0.01 -0.646894 -0.27858 -0.186136 -0.721716
6.46484 0.01 -0.649676 -0.277865 -0.193303 -0.711634
6.47484 0.01 -0.652452 -0.277336 -0.200369 -0.701536
6.48484 0.01 -0.655223 -0.276986 -0.207334 -0.691426
6.49484 0.01 -0.657992 -0.276809 -0.214197 -0.681308
6.50484 0.01 -0.66076 -0.276796 -0.22096 -0.671189
6.51484 0.01 -0.663529 -0.276942 -0.227621 -0.661071
6.52484 0.01 -0.666299 -0.277238 -0.234181 -0.650958
6.53484 0.01 -0.669074 -0.277678 -0.24064 -0.640854
6.54484 0.01 -0.671854 -0.278255 -0.246999 -0.630763
6.55484 0.01 -0.674639 -0.278963 -0.253256 -0.620686
6.56484 0.01 -0.677433 -0.279794 -0.259412 -0.610627
6.57484 0.01 -0.680236 -0.280743 -0.265468 -0.600589
6.58484 0.01 -0.683048 -0.281802 -0.271424 -0.590572
6.59484 0.01 -0.685872 -0.282967 -0.27728 -0.58058
6.60484 0.01 -0.688708 -0.28423 -0.283036 -0.570614
6.61484 0.01 -0.691557 -0.285586 -0.288692 -0.560676
6.62484 0.01 -0.69442 -0.287029 -0.294249 -0.550767
6.63484 0.01 -0.697298 -0.288554 -0.299708 -0.540889
6.64484 0.01 -0.700191 -0.290155 -0.305067 -0.531042
6.65484 0.01 -0.703101 -0.291827 -0.310329 -0.521228
6.66484 0.01 -0.706028 -0.293565 -0.315492 -0.511447
6.67484 0.01 -0.708973 -0.295363 -0.320558 -0.501701
6.68484 0.01 -0.711936 -0.297217 -0.325526 -0.491989
6.69484 0.01 -0.714917 -0.299121 -0.330398 -0.482313
6.70484 0.01 -0.717918 -0.301073 -0.335173 -0.472673
6.71484 0.01 -0.720939 -0.303066 -0.339851 -0.46307
6.72484 0.01 -0.72398 -0.305097 -0.344434 -0.453503
6.73484 0.01 -0.727041 -0.307162 -0.348921 -0.443973
6.74484 0.01 -0.730123 -0.309257 -0.353314 -0.434481
6.75484 0.01 -0.733226 -0.311377 -0.357611 -0.425026
6.76484 0.01 -0.736351 -0.313518 -0.361814 -0.415608
6.77484 0.01 -0.739497 -0.315678 -0.365923 -0.406228
6.78484 0.01 -0.742664 -0.317853 -0.369939 -0.396885
6.79484 0.01 -0.745854 -0.320039 -0.373861 -0.38758
6.80484 0.01 -0.749065 -0.322233 -0.377691 -0.378313
6.81484 0.01 -0.752298 -0.324432 -0.381428 -0.369082
6.82484 0.01 -0.755554 -0.326632 -0.385072 -0.35989
6.83484 0.01 -0.758831 -0.328831 -0.388626 -0.350734
6.84484 0.01 -0.76213 -0.331026 -0.392087 -0.341615
6.85484 0.01 -0.765451 -0.333214 -0.395458 -0.332534
6.86484 0.01 -0.768794 -0.335392 -0.398738 -0.323489
6.87484 0.01 -0.772159 -0.337558 -0.401928 -0.314481
6.88484 0.01 -0.775546 -0.33971 -0.405028 -0.30551
6.89484 0.01 -0.778953 -0.341844 -0.408038 -0.296574
6.90484 0.01 -0.782382 -0.343959 -0.410959 -0.287675
6.91484 0.01 -0.785833 -0.346052 -0.413792 -0.278812
6.92484 0.01 -0.789303 -0.348122 -0.416536 -0.269985
6.93484 0.01 -0.792795 -0.350166 -0.419192 -0.261194
6.94484 0.01 -0.796307 -0.352182 -0.42176 -0.252438
6.95484 0.01 -0.799838 -0.354168 -0.42424 -0.243717
6.96484 0.01 -0.80339 -0.356122 -0.426634 -0.235032
6.97484 0.01 -0.806961 -0.358044 -0.428941 -0.226381
6.98484 0.01 -0.810551 -0.35993 -0.431162 -0.217766
6.99484 0.01 -0.814159 -0.361779 -0.433297 -0.209186
7.00484 0.01 -0.817786 -0.36359 -0.435346 -0.20064
7.01484 0.01 -0.821431 -0.365362 -0.43731 -0.192129
7.02484 0.01 -0.825093 -0.367092 -0.439188 -0.183653
7.03484 0.01 -0.828773 -0.368779 -0.440983 -0.175211
7.04484 0.01 -0.832469 -0.370423 -0.442693 -0.166803
7.05484 0.01 -0.836181 -0.372021 -0.444319 -0.15843
7.06484 0.01 -0.839909 -0.373572 -0.445862 -0.150091
7.07484 0.01 -0.843652 -0.375076 -0.447321 -0.141786
7.08484 0.01 -0.84741 -0.376531 -0.448697 -0.133516
7.09484 0.01 -0.851183 -0.377936 -0.449991 -0.12528
7.10484 0.01 -0.854969 -0.37929 -0.451203 -0.117079
7.11484 0.01 -0.858768 -0.380592 -0.452333 -0.108911
7.12484 0.01 -0.86258 -0.381841 -0.453381 -0.100778
7.13484 0.01 -0.866405 -0.383037 -0.454349 -0.0926797
7.14484 0.01 -0.870241 -0.384177 -0.455235 -0.0846157
7.15484 0.01 -0.874088 -0.385262 -0.456041 -0.0765862
7.16484 0.01 -0.877946 -0.386291 -0.456767 -0.0685914
7.17484 0.01 -0.881814 -0.387263 -0.457413 -0.0606314
7.18484 0.01 -0.885691 -0.388177 -0.45798 -0.0527062
7.19484 0.01 -0.889577 -0.389032 -0.458467 -0.0448161
7.20484 0.01 -0.893472 -0.389829 -0.458876 -0.0369611
7.21484 0.01 -0.897374 -0.390566 -0.459207 -0.0291414
7.22484 0.01 -0.901283 -0.391243 -0.459459 -0.0213573
7.23484 0.01 -0.905198 -0.391858 -0.459634 -0.0136087
7.24484 0.01 -0.90912 -0.392413 -0.459731 -0.00589608
7.25484 0.01 -0.913046 -0.392906 -0.459752 0.00178053
7.26484 0.01 -0.916978 -0.393337 -0.459696 0.00942086
7.27484 0.01 -0.920913 -0.393705 -0.459564 0.0170247
7.28484 0.01 -0.924851 -0.39401 -0.459356 0.0245918
7.29484 0.01 -0.928793 -0.394251 -0.459072 0.0321219
7.30484 0.01 -0.932736 -0.394429 -0.458713 0.0396148
7.31484 0.01 -0.936681 -0.394544 -0.45828 0.0470701
7.32484 0.01 -0.940627 -0.394593 -0.457772 0.0544877
7.33484 0.01 -0.944573 -0.394579 -0.45719 0.0618672
7.34484 0.01 -0.948518 -0.394499 -0.456535 0.0692083
7.35484 0.01 -0.952463 -0.394355 -0.455806 0.0765108
7.36484 0.01 -0.956405 -0.394145 -0.455005 0.0837742
7.37484 0.01 -0.960345 -0.393871 -0.454131 0.0909984
7.38484 0.01 -0.964282 -0.39353 -0.453185 0.0981829
7.39484 0.01 -0.968216 -0.393125 -0.452167 0.105327
7.40484 0.01 -0.972145 -0.392653 -0.451078 0.112432
7.41484 0.01 -0.976069 -0.392117 -0.449919 0.119495
7.42484 0.01 -0.979987 -0.391514 -0.448689 0.126517
7.43484 0.01 -0.983899 -0.390845 -0.447389 0.133498
7.44484 0.01 -0.987803 -0.390111 -0.446019 0.140438
7.45484 0.01 -0.991701 -0.389311 -0.44458 0.147335
7.46484 0.01 -0.995589 -0.388445 -0.443072 0.154189
7.47484 0.01 -0.999469 -0.387514 -0.441496 0.161
7.48484 0.01 -1.00334 -0.386517 -0.439852 0.167769
7.49484 0.01 -1.0072 -0.385454 -0.438141 0.174493
7.50484 0.01 -1.01105 -0.384326 -0.436363 0.181173
7.51484 0.01 -1.01489 -0.383133 -0.434518 0.187809
7.52484 0.01 -1.01871 -0.381874 -0.432607 0.194399
7.53484 0.01 -1.02252 -0.380551 -0.43063 0.200944
7.54484 0.01 -1.02632 -0.379163 -0.428588 0.207443
7.55484 0.01 -1.03011 -0.37771 -0.426481 0.213896
7.56484 0.01 -1.03388 -0.376192 -0.42431 0.220302
7.57484 0.01 -1.03763 -0.37461 -0.422075 0.226662
7.58484 0.01 -1.04137 -0.372965 -0.419777 0.232973
7.59484 0.01 -1.04509 -0.371255 -0.417416 0.239236
7.60484 0.01 -1.04879 -0.369482 -0.414993 0.245451
7.61484 0.01 -1.05248 -0.367646 -0.412507 0.251617
7.62484 0.01 -1.05615 -0.365746 -0.40996 0.257734
7.63484 0.01 -1.05979 -0.363784 -0.407353 0.2638
7.64484 0.01 -1.06342 -0.36176 -0.404685 0.269816
7.65484 0.01 -1.06703 -0.359674 -0.401956 0.275782
7.66484 0.01 -1.07061 -0.357526 -0.399169 0.281696
7.67484 0.01 -1.07418 -0.355317 -0.396323 0.287559
7.68484 0.01 -1.07772 -0.353047 -0.393418 0.29337
7.69484 0.01 -1.08124 -0.350716 -0.390455 0.299128
7.70484 0.01 -1.08473 -0.348325 -0.387436 0.304832
7.71484 0.01 -1.08821 -0.345874 -0.384359 0.310484
7.72484 0.01 -1.09165 -0.343364 -0.381226 0.316081
7.73484 0.01 -1.09507 -0.340795 -0.378038 0.321624
7.74484 0.01 -1.09847 -0.338168 -0.374794 0.327112
7.75484 0.01 -1.10184 -0.335483 -0.371496 0.332545
7.76484 0.01 -1.10518 -0.33274 -0.368143 0.337922
7.77484 0.01 -1.10849 -0.32994 -0.364737 0.343242
7.78484 0.01 -1.11178 -0.327083 -0.361278 0.348506
7.79484 0.01 -1.11503 -0.32417 -0.357767 0.353713
7.80484 0.01 -1.11826 -0.321202 -0.354204 0.358862
7.81484 0.01 -1.12146 -0.318178 -0.35059 0.363954
7.82484 0.01 -1.12462 -0.3151 -0.346926 0.368986
7.83484 0.01 -1.12776 -0.311968 -0.343211 0.37396
7.84484 0.01 -1.13086 -0.308783 -0.339447 0.378874
7.85484 0.01 -1.13393 -0.305544 -0.335633 0.383728
7.86484 0.01 -1.13697 -0.302253 -0.331772 0.388523
7.87484 0.01 -1.13998 -0.298911 -0.327863 0.393256
7.88484 0.01 -1.14295 -0.295517 -0.323907 0.397928
7.89484 0.01 -1.14589 -0.292072 -0.319905 0.402539
7.90484 0.01 -1.14879 -0.288578 -0.315857 0.407088
7.91484 0.01 -1.15166 -0.285034 -0.311763 0.411574
7.92484 0.01 -1.15449 -0.281441 -0.307625 0.415998
7.93484 0.01 -1.15729 -0.277801 -0.303444 0.420358
7.94484 0.01 -1.16005 -0.274112 -0.299218 0.424655
7.95484 0.01 -1.16277 -0.270377 -0.294951 0.428887
7.96484 0.01 -1.16545 -0.266595 -0.290641 0.433055
7.97484 0.01 -1.1681 -0.262768 -0.28629 0.437159
7.98484 0.01 -1.17071 -0.258896 -0.281898 0.441197
7.99484 0.01 -1.17328 -0.25498 -0.277466 0.445169
8.00484 0.01 -1.17581 -0.25102 -0.272995 0.449076
8.01484 0.01 -1.1783 -0.247017 -0.268485 0.452916
8.02484 0.01 -1.18075 -0.242972 -0.263937 0.456689
8.03484 0.01 -1.18316 -0.238886 -0.259351 0.460395
8.04484 0.01 -1.18553 -0.234759 -0.254729 0.464034
8.05484 0.01 -1.18785 -0.230591 -0.250071 0.467605
8.06484 0.01 -1.19014 -0.226385 -0.245377 0.471107
8.07484 0.01 -1.19238 -0.22214 -0.240649 0.474541
8.08484 0.01 -1.19458 -0.217856 -0.235887 0.477906
8.09484 0.01 -1.19674 -0.213536 -0.231091 0.481202
8.10484 0.01 -1.19885 -0.209179 -0.226263 0.484429
8.11484 0.01 -1.20092 -0.204787 -0.221403 0.487585
8.12484 0.01 -1.20295 -0.20036 -0.216511 0.490671
8.13484 0.01 -1.20493 -0.195898 -0.211589 0.493687
8.14484 0.01 -1.20687 -0.191404 -0.206638 0.496632
8.15484 0.01 -1.20876 -0.186876 -0.201657 0.499506
8.16484 0.01 -1.2106 -0.182317 -0.196648 0.502309
8.17484 0.01 -1.2124 -0.177727 -0.191611 0.50504
8.18484 0.01 -1.21416 -0.173106 -0.186547 0.507699
8.19484 0.01 -1.21587 -0.168456 -0.181457 0.510285
8.20484 0.01 -1.21753 -0.163778 -0.176342 0.5128
8.21484 0.01 -1.21914 -0.159071 -0.171202 0.515241
8.22484 0.01 -1.22071 -0.154338 -0.166037 0.517609
8.23484 0.01 -1.22223 -0.149578 -0.16085 0.519905
8.24484 0.01 -1.2237 -0.144793 -0.155639 0.522126
8.25484 0.01 -1.22512 -0.139983 -0.150407 0.524275
8.26484 0.01 -1.2265 -0.13515 -0.145154 0.526349
8.27484 0.01 -1.22783 -0.130293 -0.139881 0.528349
8.28484 0.01 -1.2291 -0.125414 -0.134587 0.530274
8.29484 0.01 -1.23033 -0.120514 -0.129275 0.532125
8.30484 0.01 -1.23152 -0.115594 -0.123945 0.533902
8.31484 0.01 -1.23265 -0.110654 -0.118598 0.535603
8.32484 0.01 -1.23373 -0.105695 -0.113233 0.53723
8.33484 0.01 -1.23476 -0.100718 -0.107853 0.538781
8.34484 0.01 -1.23574 -0.0957238 -0.102458 0.540256
8.35484 0.01 -1.23667 -0.0907136 -0.0970484 0.541656
8.36484 0.01 -1.23756 -0.0856879 -0.0916252 0.542981
8.37484 0.01 -1.23839 -0.0806477 -0.0861891 0.544229
8.38484 0.01 -1.23917 -0.0755939 -0.0807408 0.545402
8.39484 0.01 -1.2399 -0.0705272 -0.0752813 0.546498
8.40484 0.01 -1.24058 -0.0654485 -0.0698111 0.547518
8.41484 0.01 -1.24121 -0.0603587 -0.0643312 0.548462
8.42484 0.01 -1.24179 -0.0552586 -0.0588422 0.549329
8.43484 0.01 -1.24231 -0.0501492 -0.0533449 0.55012
8.44484 0.01 -1.24279 -0.0450313 -0.04784 0.550834
8.45484 0.01 -1.24321 -0.0399057 -0.0423284 0.551471
8.46484 0.01 -1.24359 -0.0347733 -0.0368109 0.552032
8.47484 0.01 -1.24391 -0.0296351 -0.031288 0.552516
8.48484 0.01 -1.24418 -0.0244918 -0.0257608 0.552923
8.49484 0.01 -1.2444 -0.0193443 -0.0202299 0.553253
8.50484 0.01 -1.24457 -0.0141935 -0.014696 0.553506
8.51484 0.01 -1.24468 -0.00904034 -0.00915999 0.553682
8.52484 0.01 -1.24475 -0.00388562 -0.00362261 0.553781
8.53484 0.01 -1.24476 0.00126978 0.00191538 0.553803
8.54484 0.01 -1.24472 0.00642497 0.0074532 0.553748
8.55484 0.01 -1.24463 0.0115791 0.0129901 0.553617
8.56484 0.01 -1.24449 0.0167313 0.0185253 0.553408
8.57484 0.01 -1.2443 0.0218806 0.024058 0.553122
8.58484 0.01 -1.24405 0.0270262 0.0295875 0.552759
8.59484 0.01 -1.24376 0.0321673 0.0351129 0.552319
8.60484 0.01 -1.24341 0.037303 0.0406336 0.551803
8.61484 0.01 -1.24301 0.0424323 0.0461487 0.55121
8.62484 0.01 -1.24256 0.0475544 0.0516575 0.55054
8.63484 0.01 -1.24206 0.0526685 0.0571593 0.549793
8.64484 0.01 -1.24151 0.0577737 0.0626531 0.54897
8.65484 0.01 -1.24091 0.0628691 0.0681384 0.54807
8.66484 0.01 -1.24025 0.0679539 0.0736143 0.547094
8.67484 0.01 -1.23955 0.0730271 0.07908 0.546041
8.68484 0.01 -1.23879 0.078088 0.0845348 0.544913
8.69484 0.01 -1.23798 0.0831356 0.089978 0.543708
8.70484 0.01 -1.23713 0.0881692 0.0954088 0.542427
8.71484 0.01 -1.23622 0.0931878 0.100826 0.541071
8.72484 0.01 -1.23526 0.0981906 0.10623 0.539639
8.73484 0.01 -1.23426 0.103177 0.111619 0.538131
8.74484 0.01 -1.2332 0.108145 0.116992 0.536548
8.75484 0.01 -1.23209 0.113096 0.12235 0.53489
8.76484 0.01 -1.23094 0.118027 0.12769 0.533157
8.77484 0.01 -1.22973 0.122938 0.133012 0.531349
8.78484 0.01 -1.22848 0.127828 0.138317 0.529466
8.79484 0.01 -1.22718 0.132697 0.143602 0.527509
8.80484 0.01 -1.22583 0.137543 0.148867 0.525478
8.81484 0.01 -1.22443 0.142365 0.154111 0.523373
8.82484 0.01 -1.22298 0.147164 0.159334 0.521194
8.83484 0.01 -1.22148 0.151937 0.164534 0.518941
8.84484 0.01 -1.21994 0.156685 0.169712 0.516615
8.85484 0.01 -1.21835 0.161406 0.174867 0.514215
8.86484 0.01 -1.21671 0.1661 0.179996 0.511743
8.87484 0.01 -1.21503 0.170765 0.185101 0.509199
8.88484 0.01 -1.2133 0.175401 0.19018 0.506582
8.89484 0.01 -1.21152 0.180008 0.195233 0.503892
8.90484 0.01 -1.2097 0.184584 0.200258 0.501131
8.91484 0.01 -1.20783 0.189128 0.205255 0.498299
8.92484 0.01 -1.20591 0.19364 0.210223 0.495395
8.93484 0.01 -1.20396 0.19812 0.215163 0.492421
8.94484 0.01 -1.20195 0.202565 0.220072 0.489375
8.95484 0.01 -1.1999 0.206977 0.22495 0.48626
8.96484 0.01 -1.19781 0.211352 0.229797 0.483074
8.97484 0.01 -1.19568 0.215692 0.234611 0.479818
8.98484 0.01 -1.1935 0.219995 0.239393 0.476494
8.99484 0.01 -1.19128 0.224261 0.244141 0.4731
9.00484 0.01 -1.18901 0.228488 0.248854 0.469637
9.01484 0.01 -1.18671 0.232677 0.253533 0.466106
9.02484 0.01 -1.18436 0.236825 0.258176 0.462507
9.03484 0.01 -1.18197 0.240934 0.262783 0.458841
9.04484 0.01 -1.17954 0.245001 0.267353 0.455107
9.05484 0.01 -1.17707 0.249026 0.271885 0.451306
9.06484 0.01 -1.17456 0.253009 0.276379 0.447439
9.07484 0.01 -1.17201 0.256948 0.280834 0.443505
9.08484 0.01 -1.16942 0.260844 0.285249 0.439506
9.09484 0.01 -1.1668 0.264695 0.289624 0.435441
9.10484 0.01 -1.16413 0.268501 0.293957 0.431311
9.11484 0.01 -1.16143 0.272261 0.29825 0.427116
9.12484 0.01 -1.15868 0.275975 0.302499 0.422857
9.13484 0.01 -1.15591 0.279641 0.306706 0.418535
9.14484 0.01 -1.15309 0.283259 0.31087 0.414149
9.15484 0.01 -1.15024 0.286829 0.314989 0.4097
9.16484 0.01 -1.14736 0.29035 0.319064 0.405188
9.17484 0.01 -1.14443 0.293821 0.323093 0.400614
9.18484 0.01 -1.14148 0.297242 0.327076 0.395978
9.19484 0.01 -1.13849 0.300612 0.331012 0.391281
9.20484 0.01 -1.13547 0.30393 0.334901 0.386523
9.21484 0.01 -1.13241 0.307196 0.338742 0.381705
9.22484 0.01 -1.12932 0.31041 0.342535 0.376827
9.23484 0.01 -1.1262 0.31357 0.346279 0.371888
9.24484 0.01 -1.12305 0.316677 0.349973 0.366891
9.25484 0.01 -1.11987 0.319729 0.353616 0.361835
9.26484 0.01 -1.11666 0.322727 0.357209 0.356721
9.27484 0.01 -1.11342 0.325669 0.360751 0.351549
9.28484 0.01 -1.11014 0.328556 0.36424 0.34632
9.29484 0.01 -1.10684 0.331386 0.367677 0.341033
9.30484 0.01 -1.10352 0.334159 0.37106 0.335691
9.31484 0.01 -1.10016 0.336875 0.37439 0.330292
9.32484 0.01 -1.09678 0.339533 0.377666 0.324837
9.33484 0.01 -1.09337 0.342132 0.380887 0.319328
9.34484 0.01 -1.08994 0.344673 0.384053 0.313764
9.35484 0.01 -1.08648 0.347155 0.387162 0.308146
9.36484 0.01 -1.08299 0.349578 0.390215 0.302474
9.37484 0.01 -1.07949 0.35194 0.393211 0.296748
9.38484 0.01 -1.07596 0.354242 0.39615 0.29097
9.39484 0.01 -1.0724 0.356483 0.399031 0.28514
9.40484 0.01 -1.06883 0.358663 0.401853 0.279257
9.41484 0.01 -1.06523 0.360782 0.404616 0.273324
9.42484 0.01 -1.06161 0.362838 0.407319 0.267339
9.43484 0.01 -1.05797 0.364833 0.409962 0.261304
9.44484 0.01 -1.05431 0.366765 0.412545 0.255219
9.45484 0.01 -1.05064 0.368634 0.415066 0.249084
9.46484 0.01 -1.04694 0.37044 0.417526 0.2429
9.47484 0.01 -1.04323 0.372183 0.419924 0.236667
9.48484 0.01 -1.0395 0.373862 0.42226 0.230386
9.49484 0.01 -1.03575 0.375477 0.424532 0.224057
9.50484 0.01 -1.03199 0.377027 0.426741 0.217681
9.51484 0.01 -1.02821 0.378514 0.428885 0.211258
9.52484 0.01 -1.02442 0.379936 0.430966 0.204788
9.53484 0.01 -1.02061 0.381293 0.432981 0.198273
9.54484 0.01 -1.01679 0.382585 0.434931 0.191712
9.55484 0.01 -1.01296 0.383811 0.436815 0.185105
9.56484 0.01 -1.00912 0.384973 0.438633 0.178454
9.57484 0.01 -1.00526 0.386069 0.440384 0.171758
9.58484 0.01 -1.0014 0.3871 0.442068 0.165019
9.59484 0.01 -0.99752 0.388065 0.443684 0.158236
9.60484 0.01 -0.993635 0.388964 0.445232 0.15141
9.61484 0.01 -0.989741 0.389797 0.446712 0.144541
9.62484 0.01 -0.985839 0.390565 0.448123 0.13763
9.63484 0.01 -0.98193 0.391267 0.449465 0.130677
9.64484 0.01 -0.978014 0.391903 0.450736 0.123682
9.65484 0.01 -0.974092 0.392473 0.451938 0.116646
9.66484 0.01 -0.970165 0.392977 0.453069 0.10957
9.67484 0.01 -0.966233 0.393416 0.454129 0.102452
9.68484 0.01 -0.962297 0.393789 0.455118 0.0952952
9.69484 0.01 -0.958358 0.394097 0.456035 0.0880982
9.70484 0.01 -0.954415 0.394339 0.45688 0.0808617
9.71484 0.01 -0.950471 0.394515 0.457652 0.0735862
9.72484 0.01 -0.946525 0.394627 0.458352 0.0662719
9.73484 0.01 -0.942579 0.394673 0.458978 0.0589191
9.74484 0.01 -0.938632 0.394655 0.45953 0.0515281
9.75484 0.01 -0.934686 0.394573 0.460008 0.0440993
9.76484 0.01 -0.930741 0.394426 0.460412 0.0366329
9.77484 0.01 -0.926797 0.394215 0.460741 0.0291292
9.78484 0.01 -0.922857 0.393941 0.460994 0.0215884
9.79484 0.01 -0.918919 0.393603 0.461172 0.0140108
9.80484 0.01 -0.914985 0.393202 0.461274 0.00639675
9.81484 0.01 -0.911055 0.392739 0.4613 -0.00125366
9.82484 0.01 -0.90713 0.392214 0.461249 -0.00894015
9.83484 0.01 -0.903211 0.391627 0.461121 -0.0166625
9.84484 0.01 -0.899298 0.390978 0.460916 -0.0244206
9.85484 0.01 -0.895392 0.39027 0.460633 -0.0322141
9.86484 0.01 -0.891493 0.389501 0.460271 -0.040043
9.87484 0.01 -0.887602 0.388672 0.459832 -0.047907
9.88484 0.01 -0.883719 0.387785 0.459313 -0.0558061
9.89484 0.01 -0.879846 0.386839 0.458715 -0.06374
9.90484 0.01 -0.875983 0.385836 0.458038 -0.0717086
9.91484 0.01 -0.87213 0.384775 0.457281 -0.0797119
9.92484 0.01 -0.868288 0.383659 0.456444 -0.0877496
9.93484 0.01 -0.864457 0.382488 0.455526 -0.0958219
9.94484 0.01 -0.860638 0.381261 0.454527 -0.103928
9.95484 0.01 -0.856832 0.379982 0.453447 -0.112069
9.96484 0.01 -0.853039 0.378649 0.452286 -0.120244
9.97484 0.01 -0.849259 0.377265 0.451042 -0.128454
9.98484 0.01 -0.845493 0.37583 0.449717 -0.136697
9.99484 0.01 -0.841742 0.374346 0.448308 -0.144975
10.0048 0.01 -0.838007 0.372813 0.446817 -0.153287
10.0148 0.01 -0.834286 0.371232 0.445242 -0.161633
10.0248 0.01 -0.830582 0.369605 0.443584 -0.170014
10.0348 0.01 -0.826894 0.367934 0.441842 -0.178429
10.0448 0.01 -0.823224 0.366218 0.440015 -0.186878
10.0548 0.01 -0.81957 0.364461 0.438104 -0.195361
10.0648 0.01 -0.815935 0.362662 0.436108 -0.203879
10.0748 0.01 -0.812317 0.360824 0.434027 -0.212432
10.0848 0.01 -0.808718 0.358948 0.431859 -0.221019
10.0948 0.01 -0.805138 0.357036 0.429606 -0.229641
10.1048 0.01 -0.801578 0.355089 0.427266 -0.238298
10.1148 0.01 -0.798037 0.353109 0.42484 -0.246991
10.1248 0.01 -0.794515 0.351099 0.422327 -0.255718
10.1348 0.01 -0.791015 0.349059 0.419726 -0.264481
10.1448 0.01 -0.787534 0.346991 0.417037 -0.273279
10.1548 0.01 -0.784075 0.344899 0.41426 -0.282113
10.1648 0.01 -0.780636 0.342783 0.411394 -0.290983
10.1748 0.01 -0.777219 0.340646 0.40844 -0.299888
10.1848 0.01 -0.773824 0.338491 0.405396 -0.30883
10.1948 0.01 -0.77045 0.336319 0.402263 -0.317809
10.2048 0.01 -0.767097 0.334133 0.39904 -0.326824
10.2148 0.01 -0.763767 0.331936 0.395727 -0.335875
10.2248 0.01 -0.760459 0.32973 0.392323 -0.344963
10.2348 0.01 -0.757172 0.327517 0.388827 -0.354089
10.2448 0.01 -0.753908 0.325301 0.385241 -0.363251
10.2548 0.01 -0.750666 0.323085 0.381562 -0.372451
10.2648 0.01 -0.747447 0.320871 0.377792 -0.381688
10.2748 0.01 -0.744249 0.318663 0.373928 -0.390962
10.2848 0.01 -0.741073 0.316464 0.369972 -0.400274
10.2948 0.01 -0.73792 0.314277 0.365923 -0.409624
10.3048 0.01 -0.734788 0.312106 0.36178 -0.419011
10.3148 0.01 -0.731677 0.309954 0.357542 -0.428435
10.3248 0.01 -0.728589 0.307825 0.353211 -0.437897
10.3348 0.01 -0.725521 0.305723 0.348784 -0.447397
10.3448 0.01 -0.722474 0.303651 0.344263 -0.456933
10.3548 0.01 -0.719448 0.301614 0.339646 -0.466507
10.3648 0.01 -0.716442 0.299616 0.334932 -0.476117
10.3748 0.01 -0.713455 0.297662 0.330123 -0.485764
10.3848 0.01 -0.710488 0.295755 0.325217 -0.495446
10.3948 0.01 -0.70754 0.2939 0.320214 -0.505164
10.4048 0.01 -0.70461 0.292103 0.315114 -0.514917
10.4148 0.01 -0.701698 0.290368 0.309916 -0.524704
10.4248 0.01 -0.698802 0.2887 0.304619 -0.534524
10.4348 0.01 -0.695923 0.287104 0.299225 -0.544377
10.4448 0.01 -0.69306 0.285586 0.293732 -0.554261
10.4548 0.01 -0.690211 0.284151 0.28814 -0.564176
10.4648 0.01 -0.687377 0.282805 0.282448 -0.574119
10.4748 0.01 -0.684555 0.281554 0.276657 -0.58409
10.4848 0.01 -0.681745 0.280403 0.270766 -0.594086
10.4948 0.01 -0.678947 0.279359 0.264775 -0.604106
10.5048 0.01 -0.676158 0.278428 0.258684 -0.614149
10.5148 0.01 -0.673378 0.277616 0.252492 -0.62421
10.5248 0.01 -0.670605 0.276929 0.2462 -0.634289
10.5348 0.01 -0.667839 0.276375 0.239806 -0.644383
10.5448 0.01 -0.665077 0.27596 0.233312 -0.654487
10.5548 0.01 -0.662319 0.275691 0.226717 -0.6646
10.5648 0.01 -0.659563 0.275575 0.22002 -0.674717
10.5748 0.01 -0.656807 0.275619 0.213222 -0.684835
10.5848 0.01 -0.65405 0.27583 0.206323 -0.69495
10.5948 0.01 -0.65129 0.276215 0.199323 -0.705056
10.6048 0.01 -0.648525 0.276782 0.192222 -0.715149
10.6148 0.01 -0.645753 0.277537 0.18502 -0.725224
10.6248 0.01 -0.642973 0.278489 0.177718 -0.735275
10.6348 0.01 -0.640183 0.279644 0.170315 -0.745296
10.6448 0.01 -0.63738 0.28101 0.162812 -0.75528
10.6548 0.01 -0.634562 0.282594 0.15521 -0.765219
10.6648 0.01 -0.631727 0.284403 0.147508 -0.775108
10.6748 0.01 -0.628873 0.286444 0.139708 -0.784937
10.6848 0.01 -0.625998 0.288724 0.131809 -0.794698
10.6948 0.01 -0.623098 0.291249 0.123814 -0.804382
10.7048 0.01 -0.620172 0.294026 0.115722 -0.813979
10.7148 0.01 -0.617217 0.29706 0.107535 -0.823479
10.7248 0.01 -0.61423 0.300359 0.0992529 -0.832871
10.7348 0.01 -0.611208 0.303926 0.0908777 -0.842145
10.7448 0.01 -0.60815 0.307767 0.0824104 -0.851288
10.7548 0.01 -0.605052 0.311886 0.0738524 -0.860287
10.7648 0.01 -0.601912 0.316287 0.0652052 -0.86913
10.7748 0.01 -0.598726 0.320974 0.0564704 -0.877804
10.7848 0.01 -0.595491 0.325948 0.0476497 -0.886293
10.7948 0.01 -0.592206 0.331211 0.0387452 -0.894585
10.8048 0.01 -0.588866 0.336765 0.0297588 -0.902662
10.8148 0.01 -0.585469 0.34261 0.0206927 -0.910511
10.8248 0.01 -0.582013 0.348743 0.0115493 -0.918115
10.8348 0.01 -0.578493 0.355164 0.00233126 -0.925458
10.8448 0.01 -0.574909 0.361869 -0.00695889 -0.932523
10.8548 0.01 -0.571255 0.368854 -0.0163182 -0.939294
10.8648 0.01 -0.567531 0.376114 -0.0257437 -0.945754
10.8748 0.01 -0.563732 0.383641 -0.0352322 -0.951885
10.8848 0.01 -0.559857 0.391427 -0.0447803 -0.957671
10.8948 0.01 -0.555903 0.399463 -0.0543844 -0.963095
10.9048 0.01 -0.551867 0.407737 -0.0640409 -0.96814
10.9148 0.01 -0.547747 0.416238 -0.0737459 -0.97279
10.9248 0.01 -0.543541 0.424951 -0.0834954 -0.97703
10.9348 0.01 -0.539247 0.433861 -0.0932851 -0.980843
10.9448 0.01 -0.534864 0.442951 -0.103111 -0.984216
10.9548 0.01 -0.530388 0.452202 -0.112968 -0.987134
10.9648 0.01 -0.525819 0.461594 -0.122852 -0.989585
10.9748 0.01 -0.521156 0.471107 -0.132758 -0.991558
10.9848 0.01 -0.516397 0.480718 -0.142681 -0.993043
10.9948 0.01 -0.511541 0.490403 -0.152617 -0.994029
11.0048 0.01 -0.506588 0.500138 -0.16256 -0.99451
11.0148 0.01 -0.501538 0.509896 -0.172506 -0.99448
11.0248 0.01 -0.49639 0.51965 -0.182448 -0.993935
11.0348 0.01 -0.491145 0.529375 -0.192383 -0.992873
11.0448 0.01 -0.485803 0.53904 -0.202304 -0.991293
11.0548 0.01 -0.480365 0.548619 -0.212207 -0.989196
11.0648 0.01 -0.474831 0.558081 -0.222086 -0.986587
11.0748 0.01 -0.469204 0.5674 -0.231937 -0.983471
11.0848 0.01 -0.463484 0.576546 -0.241754 -0.979854
11.0948 0.01 -0.457673 0.585491 -0.251532 -0.975748
11.1048 0.01 -0.451775 0.594207 -0.261267 -0.971162
11.1148 0.01 -0.44579 0.602669 -0.270954 -0.966112
11.1248 0.01 -0.439722 0.610849 -0.280588 -0.96061
11.1348 0.01 -0.433574 0.618723 -0.290165 -0.954676
11.1448 0.01 -0.427349 0.626267 -0.29968 -0.948327
11.1548 0.01 -0.42105 0.633459 -0.30913 -0.941582
11.1648 0.01 -0.414681 0.640279 -0.318511 -0.934464
11.1748 0.01 -0.408246 0.646708 -0.327818 -0.926995
11.1848 0.01 -0.401748 0.652728 -0.337049 -0.919198
11.1948 0.01 -0.395193 0.658323 -0.346201 -0.911097
11.2048 0.01 -0.388583 0.663482 -0.35527 -0.902717
11.2148 0.01 -0.381924 0.66819 -0.364255 -0.894085
11.2248 0.01 -0.375221 0.67244 -0.373151 -0.885224
11.2348 0.01 -0.368477 0.676224 -0.381958 -0.876161
11.2448 0.01 -0.361698 0.679535 -0.390674 -0.866923
11.2548 0.01 -0.354888 0.682369 -0.399296 -0.857533
11.2648 0.01 -0.348052 0.684725 -0.407824 -0.848018
11.2748 0.01 -0.341195 0.686602 -0.416256 -0.838401
11.2848 0.01 -0.334322 0.688001 -0.424592 -0.828707
11.2948 0.01 -0.327437 0.688926 -0.43283 -0.81896
11.3048 0.01 -0.320545 0.68938 -0.440971 -0.809181
11.3148 0.01 -0.313651 0.68937 -0.449014 -0.799391
11.3248 0.01 -0.306759 0.688902 -0.456959 -0.789612
11.3348 0.01 -0.299874 0.687985 -0.464806 -0.779862
11.3448 0.01 -0.293001 0.686628 -0.472556 -0.77016
11.3548 0.01 -0.286143 0.684841 -0.48021 -0.760522
11.3648 0.01 -0.279305 0.682635 -0.487767 -0.750965
11.3748 0.01 -0.272492 0.680022 -0.495229 -0.741503
11.3848 0.01 -0.265706 0.677014 -0.502597 -0.732149
11.3948 0.01 -0.258953 0.673624 -0.509873 -0.722916
11.4048 0.01 -0.252235 0.669865 -0.517056 -0.713815
11.4148 0.01 -0.245556 0.66575 -0.524149 -0.704855
11.4248 0.01 -0.238921 0.661293 -0.531154 -0.696046
11.4348 0.01 -0.232332 0.656508 -0.538071 -0.687395
11.4448 0.01 -0.225792 0.651409 -0.544902 -0.678909
11.4548 0.01 -0.219305 0.646009 -0.55165 -0.670594
11.4648 0.01 -0.212873 0.640323 -0.558315 -0.662454
11.4748 0.01 -0.206499 0.634363 -0.564899 -0.654493
11.4848 0.01 -0.200186 0.628144 -0.571405 -0.646714
11.4948 0.01 -0.193937 0.621679 -0.577834 -0.63912
11.5048 0.01 -0.187753 0.61498 -0.584188 -0.631712
11.5148 0.01 -0.181638 0.608061 -0.590469 -0.624491
11.5248 0.01 -0.175593 0.600934 -0.596679 -0.617456
11.5348 0.01 -0.16962 0.59361 -0.602819 -0.610608
11.5448 0.01 -0.163721 0.586102 -0.608891 -0.603945
11.5548 0.01 -0.157899 0.578421 -0.614898 -0.597467
11.5648 0.01 -0.152153 0.570578 -0.620841 -0.59117
11.5748 0.01 -0.146488 0.562583 -0.626722 -0.585054
11.5848 0.01 -0.140902 0.554447 -0.632543 -0.579114
11.5948 0.01 -0.135399 0.546179 -0.638305 -0.573348
11.6048 0.01 -0.129979 0.537789 -0.644011 -0.567754
11.6148 0.01 -0.124644 0.529287 -0.649661 -0.562326
11.6248 0.01 -0.119394 0.520679 -0.655258 -0.557062
11.6348 0.01 -0.11423 0.511976 -0.660803 -0.551957
11.6448 0.01 -0.109154 0.503185 -0.666297 -0.547008
11.6548 0.01 -0.104167 0.494312 -0.671743 -0.542209
11.6648 0.01 -0.0992685 0.485367 -0.677142 -0.537558
11.6748 0.01 -0.0944598 0.476355 -0.682495 -0.533048
11.6848 0.01 -0.0897416 0.467282 -0.687803 -0.528676
11.6948 0.01 -0.0851143 0.458156 -0.693069 -0.524438
11.7048 0.01 -0.0805786 0.448982 -0.698293 -0.520327
11.7148 0.01 -0.0761348 0.439766 -0.703476 -0.516341
11.7248 0.01 -0.0717834 0.430513 -0.70862 -0.512473
11.7348 0.01 -0.0675247 0.421228 -0.713726 -0.50872
11.7448 0.01 -0.063359 0.411915 -0.718794 -0.505077
11.7548 0.01 -0.0592865 0.402581 -0.723827 -0.501539
11.7648 0.01 -0.0553074 0.393227 -0.728826 -0.498102
11.7748 0.01 -0.051422 0.38386 -0.73379 -0.49476
11.7848 0.01 -0.0476302 0.374483 -0.738721 -0.491511
11.7948 0.01 -0.0439323 0.365098 -0.74362 -0.488349
11.8048 0.01 -0.0403283 0.355711 -0.748488 -0.48527
11.8148 0.01 -0.0368181 0.346324 -0.753326 -0.482269
11.8248 0.01 -0.0334018 0.336939 -0.758134 -0.479344
11.8348 0.01 -0.0300793 0.327561 -0.762913 -0.476488
11.8448 0.01 -0.0268505 0.318192 -0.767664 -0.4737
11.8548 0.01 -0.0237154 0.308834 -0.772387 -0.470973
11.8648 0.01 -0.0206738 0.29949 -0.777084 -0.468306
11.8748 0.01 -0.0177256 0.290162 -0.781754 -0.465693
11.8848 0.01 -0.0148705 0.280853 -0.786398 -0.463131
11.8948 0.01 -0.0121084 0.271565 -0.791016 -0.460618
11.9048 0.01 -0.00943914 0.262299 -0.79561 -0.458148
11.9148 0.01 -0.00686238 0.253057 -0.800179 -0.455719
11.9248 0.01 -0.00437791 0.243842 -0.804725 -0.453328
11.9348 0.01 -0.00198545 0.234655 -0.809246 -0.450971
11.9448 0.01 0.000315282 0.225497 -0.813744 -0.448645
11.9548 0.01 0.00252459 0.21637 -0.818219 -0.446348
11.9648 0.01 0.00464279 0.207275 -0.822671 -0.444075
11.9748 0.01 0.00667021 0.198215 -0.827101 -0.441825
11.9848 0.01 0.0086072 0.189189 -0.831508 -0.439595
11.9948 0.01 0.0104541 0.1802 -0.835893 -0.437381
12.0048 0.01 0.0122113 0.171248 -0.840255 -0.435182
12.0148 0.01 0.0138792 0.162335 -0.844596 -0.432995
12.0248 0.01 0.0154582 0.153462 -0.848915 -0.430817
12.0348 0.01 0.0169486 0.144629 -0.853213 -0.428646
12.0448 0.01 0.0183509 0.135838 -0.857488 -0.42648
12.0548 0.01 0.0196655 0.127089 -0.861742 -0.424316
12.0648 0.01 0.0208928 0.118384 -0.865975 -0.422153
12.0748 0.01 0.0220333 0.109723 -0.870185 -0.419989
12.0848 0.01 0.0230874 0.101107 -0.874374 -0.417821
12.0948 0.01 0.0240556 0.0925367 -0.878542 -0.415647
12.1048 0.01 0.0249383 0.0840132 -0.882687 -0.413467
12.1148 0.01 0.025736 0.075537 -0.886811 -0.411277
12.1248 0.01 0.0264492 0.0671088 -0.890913 -0.409077
12.1348 0.01 0.0270783 0.0587292 -0.894993 -0.406864
12.1448 0.01 0.0276239 0.0503989 -0.89905 -0.404637
12.1548 0.01 0.0280865 0.0421185 -0.903085 -0.402396
12.1648 0.01 0.0284665 0.0338886 -0.907098 -0.400137
12.1748 0.01 0.0287644 0.0257098 -0.911088 -0.39786
12.1848 0.01 0.0289808 0.0175826 -0.915055 -0.395564
12.1948 0.01 0.0291163 0.00950763 -0.918999 -0.393247
12.2048 0.01 0.0291712 0.00148538 -0.92292 -0.390908
12.2148 0.01 0.0291461 -0.00648363 -0.926817 -0.388547
12.2248 0.01 0.0290417 -0.0143989 -0.930691 -0.386161
12.2348 0.01 0.0288583 -0.0222599 -0.93454 -0.383749
12.2448 0.01 0.0285967 -0.0300662 -0.938366 -0.381312
12.2548 0.01 0.0282572 -0.0378172 -0.942167 -0.378847
12.2648 0.01 0.0278405 -0.0455127 -0.945943 -0.376355
12.2748 0.01 0.0273471 -0.0531519 -0.949694 -0.373833
12.2848 0.01 0.0267777 -0.0607347 -0.953419 -0.371282
12.2948 0.01 0.0261326 -0.0682604 -0.957119 -0.3687
12.3048 0.01 0.0254126 -0.0757286 -0.960793 -0.366087
12.3148 0.01 0.0246183 -0.083139 -0.964441 -0.363443
12.3248 0.01 0.0237501 -0.0904911 -0.968062 -0.360765
12.3348 0.01 0.0228086 -0.0977845 -0.971656 -0.358055
12.3448 0.01 0.0217946 -0.105019 -0.975223 -0.355311
12.3548 0.01 0.0207085 -0.112194 -0.978762 -0.352533
12.3648 0.01 0.0195509 -0.119308 -0.982273 -0.34972
12.3748 0.01 0.0183225 -0.126363 -0.985756 -0.346872
12.3848 0.01 0.0170238 -0.133357 -0.989211 -0.343989
12.3948 0.01 0.0156555 -0.14029 -0.992636 -0.34107
12.4048 0.01 0.0142182 -0.147161 -0.996032 -0.338114
12.4148 0.01 0.0127125 -0.15397 -0.999398 -0.335122
12.4248 0.01 0.011139 -0.160718 -1.00273 -0.332093
12.4348 0.01 0.00949839 -0.167402 -1.00604 -0.329028
12.4448 0.01 0.00779121 -0.174024 -1.00931 -0.325924
12.4548 0.01 0.00601813 -0.180582 -1.01256 -0.322784
12.4648 0.01 0.00417978 -0.187077 -1.01577 -0.319606
12.4748 0.01 0.00227681 -0.193507 -1.01895 -0.31639
12.4848 0.01 0.00030985 -0.199873 -1.0221 -0.313136
12.4948 0.01 -0.00172044 -0.206175 -1.02521 -0.309844
12.5048 0.01 -0.00381343 -0.212411 -1.02829 -0.306514
12.5148 0.01 -0.00596844 -0.218582 -1.03134 -0.303146
12.5248 0.01 -0.00818484 -0.224687 -1.03436 -0.299741
12.5348 0.01 -0.010462 -0.230725 -1.03734 -0.296297
12.5448 0.01 -0.0127991 -0.236698 -1.04028 -0.292815
12.5548 0.01 -0.0151957 -0.242603 -1.04319 -0.289296
12.5648 0.01 -0.017651 -0.248441 -1.04607 -0.285738
12.5748 0.01 -0.0201643 -0.254212 -1.04891 -0.282143
12.5848 0.01 -0.022735 -0.259915 -1.05171 -0.278511
12.5948 0.01 -0.0253623 -0.265549 -1.05448 -0.274841
12.6048 0.01 -0.0280457 -0.271115 -1.05721 -0.271134
12.6148 0.01 -0.0307844 -0.276613 -1.0599 -0.267389
12.6248 0.01 -0.0335778 -0.282041 -1.06256 -0.263609
12.6348 0.01 -0.036425 -0.2874 -1.06517 -0.259791
12.6448 0.01 -0.0393255 -0.292689 -1.06775 -0.255937
12.6548 0.01 -0.0422786 -0.297908 -1.07029 -0.252048
12.6648 0.01 -0.0452834 -0.303056 -1.07279 -0.248122
12.6748 0.01 -0.0483394 -0.308134 -1.07525 -0.244161
12.6848 0.01 -0.0514459 -0.313141 -1.07768 -0.240166
12.6948 0.01 -0.054602 -0.318076 -1.08006 -0.236135
12.7048 0.01 -0.0578072 -0.32294 -1.0824 -0.23207
12.7148 0.01 -0.0610606 -0.327732 -1.0847 -0.227971
12.7248 0.01 -0.0643616 -0.332452 -1.08696 -0.223838
12.7348 0.01 -0.0677094 -0.3371 -1.08918 -0.219672
12.7448 0.01 -0.0711033 -0.341675 -1.09135 -0.215473
12.7548 0.01 -0.0745426 -0.346177 -1.09348 -0.211242
12.7648 0.01 -0.0780266 -0.350606 -1.09558 -0.206979
12.7748 0.01 -0.0815545 -0.354961 -1.09762 -0.202685
12.7848 0.01 -0.0851256 -0.359242 -1.09963 -0.198359
12.7948 0.01 -0.0887391 -0.36345 -1.10159 -0.194003
12.8048 0.01 -0.0923943 -0.367583 -1.10351 -0.189617
12.8148 0.01 -0.0960905 -0.371642 -1.10538 -0.185202
12.8248 0.01 -0.0998269 -0.375626 -1.10721 -0.180757
12.8348 0.01 -0.103603 -0.379535 -1.109 -0.176285
12.8448 0.01 -0.107417 -0.383369 -1.11074 -0.171784
12.8548 0.01 -0.11127 -0.387127 -1.11243 -0.167256
12.8648 0.01 -0.11516 -0.39081 -1.11408 -0.162701
12.8748 0.01 -0.119086 -0.394417 -1.11569 -0.15812
12.8848 0.01 -0.123048 -0.397947 -1.11725 -0.153513
12.8948 0.01 -0.127045 -0.401402 -1.11876 -0.148882
12.9048 0.01 -0.131076 -0.40478 -1.12022 -0.144226
12.9148 0.01 -0.13514 -0.408082 -1.12164 -0.139546
12.9248 0.01 -0.139237 -0.411306 -1.12301 -0.134843
12.9348 0.01 -0.143366 -0.414454 -1.12434 -0.130117
12.9448 0.01 -0.147526 -0.417524 -1.12562 -0.12537
12.9548 0.01 -0.151716 -0.420517 -1.12685 -0.120602
12.9648 0.01 -0.155936 -0.423433 -1.12803 -0.115813
12.9748 0.01 -0.160184 -0.426271 -1.12916 -0.111004
12.9848 0.01 -0.164461 -0.429031 -1.13025 -0.106176
12.9948 0.01 -0.168765 -0.431713 -1.13129 -0.101329
13.0048 0.01 -0.173095 -0.434317 -1.13228 -0.0964646
13.0148 0.01 -0.177451 -0.436843 -1.13322 -0.0915831
13.0248 0.01 -0.181832 -0.43929 -1.13411 -0.0866852
13.0348 0.01 -0.186236 -0.441659 -1.13495 -0.0817716
13.0448 0.01 -0.190664 -0.443949 -1.13574 -0.0768431
13.0548 0.01 -0.195115 -0.446161 -1.13649 -0.0719002
13.0648 0.01 -0.199587 -0.448294 -1.13718 -0.0669439
13.0748 0.01 -0.204081 -0.450348 -1.13782 -0.0619749
13.0848 0.01 -0.208594 -0.452323 -1.13842 -0.0569938
13.0948 0.01 -0.213127 -0.454219 -1.13896 -0.0520014
13.1048 0.01 -0.217678 -0.456035 -1.13946 -0.0469985
13.1148 0.01 -0.222247 -0.457773 -1.1399 -0.0419859
13.1248 0.01 -0.226833 -0.459431 -1.1403 -0.0369642
13.1348 0.01 -0.231436 -0.46101 -1.14064 -0.0319344
13.1448 0.01 -0.236053 -0.46251 -1.14094 -0.0268971
13.1548 0.01 -0.240686 -0.463931 -1.14118 -0.0218531
13.1648 0.01 -0.245332 -0.465272 -1.14138 -0.0168033
13.1748 0.01 -0.249991 -0.466533 -1.14152 -0.0117483
13.1848 0.01 -0.254662 -0.467716 -1.14161 -0.00668908
13.1948 0.01 -0.259345 -0.468818 -1.14165 -0.00162632
13.2048 0.01 -0.264038 -0.469842 -1.14164 0.00343915
13.2148 0.01 -0.268741 -0.470786 -1.14158 0.00850654
13.2248 0.01 -0.273454 -0.47165 -1.14147 0.013575
13.2348 0.01 -0.278174 -0.472436 -1.14131 0.0186438
13.2448 0.01 -0.282902 -0.473141 -1.1411 0.0237121
13.2548 0.01 -0.287637 -0.473768 -1.14084 0.0287791
13.2648 0.01 -0.292377 -0.474315 -1.14052 0.0338439
13.2748 0.01 -0.297123 -0.474784 -1.14016 0.0389058
13.2848 0.01 -0.301873 -0.475173 -1.13975 0.0439639
13.2948 0.01 -0.306626 -0.475482 -1.13928 0.0490174
13.3048 0.01 -0.311382 -0.475713 -1.13877 0.0540655
13.3148 0.01 -0.31614 -0.475866 -1.1382 0.0591074
13.3248 0.01 -0.320899 -0.475939 -1.13758 0.0641422
13.3348 0.01 -0.325658 -0.475933 -1.13692 0.0691691
13.3448 0.01 -0.330417 -0.475849 -1.1362 0.0741873
13.3548 0.01 -0.335175 -0.475687 -1.13543 0.0791959
13.3648 0.01 -0.339931 -0.475446 -1.13462 0.0841942
13.3748 0.01 -0.344684 -0.475127 -1.13375 0.0891812
13.3848 0.01 -0.349433 -0.47473 -1.13283 0.0941563
13.3948 0.01 -0.354178 -0.474255 -1.13187 0.0991184
13.4048 0.01 -0.358918 -0.473702 -1.13085 0.104067
13.4148 0.01 -0.363652 -0.473071 -1.12978 0.109001
13.4248 0.01 -0.368379 -0.472363 -1.12867 0.113919
13.4348 0.01 -0.373099 -0.471578 -1.12751 0.118822
13.4448 0.01 -0.377811 -0.470716 -1.12629 0.123707
13.4548 0.01 -0.382513 -0.469776 -1.12503 0.128575
13.4648 0.01 -0.387206 -0.46876 -1.12372 0.133424
13.4748 0.01 -0.391888 -0.467668 -1.12236 0.138253
13.4848 0.01 -0.396559 -0.466499 -1.12096 0.143062
13.4948 0.01 -0.401218 -0.465255 -1.1195 0.14785
13.5048 0.01 -0.405864 -0.463934 -1.118 0.152616
13.5148 0.01 -0.410496 -0.462538 -1.11645 0.157359
13.5248 0.01 -0.415114 -0.461066 -1.11485 0.162078
13.5348 0.01 -0.419717 -0.45952 -1.11321 0.166774
13.5448 0.01 -0.424304 -0.457898 -1.11152 0.171443
13.5548 0.01 -0.428875 -0.456202 -1.10978 0.176087
13.5648 0.01 -0.433428 -0.454432 -1.108 0.180704
13.5748 0.01 -0.437963 -0.452588 -1.10617 0.185293
13.5848 0.01 -0.44248 -0.45067 -1.10429 0.189854
13.5948 0.01 -0.446976 -0.448678 -1.10237 0.194385
13.6048 0.01 -0.451453 -0.446614 -1.1004 0.198887
13.6148 0.01 -0.455909 -0.444476 -1.09839 0.203357
13.6248 0.01 -0.460342 -0.442266 -1.09634 0.207796
13.6348 0.01 -0.464754 -0.439984 -1.09424 0.212202
13.6448 0.01 -0.469142 -0.43763 -1.09209 0.216575
13.6548 0.01 -0.473506 -0.435205 -1.0899 0.220914
13.6648 0.01 -0.477846 -0.432708 -1.08767 0.225218
13.6748 0.01 -0.48216 -0.43014 -1.0854 0.229486
13.6848 0.01 -0.486448 -0.427502 -1.08308 0.233718
13.6948 0.01 -0.49071 -0.424794 -1.08073 0.237913
13.7048 0.01 -0.494944 -0.422016 -1.07833 0.24207
13.7148 0.01 -0.49915 -0.419169 -1.07588 0.246188
13.7248 0.01 -0.503327 -0.416253 -1.0734 0.250267
13.7348 0.01 -0.507475 -0.413268 -1.07088 0.254305
13.7448 0.01 -0.511592 -0.410215 -1.06832 0.258303
13.7548 0.01 -0.515679 -0.407094 -1.06571 0.262258
13.7648 0.01 -0.519734 -0.403906 -1.06307 0.266172
13.7748 0.01 -0.523757 -0.40065 -1.06039 0.270042
13.7848 0.01 -0.527747 -0.397328 -1.05767 0.273868
13.7948 0.01 -0.531703 -0.39394 -1.05491 0.27765
13.8048 0.01 -0.535625 -0.390486 -1.05212 0.281386
13.8148 0.01 -0.539512 -0.386967 -1.04929 0.285076
13.8248 0.01 -0.543364 -0.383383 -1.04642 0.28872
13.8348 0.01 -0.54718 -0.379734 -1.04351 0.292316
13.8448 0.01 -0.550959 -0.376021 -1.04057 0.295863
13.8548 0.01 -0.5547 -0.372245 -1.03759 0.299362
13.8648 0.01 -0.558403 -0.368406 -1.03458 0.302812
13.8748 0.01 -0.562068 -0.364504 -1.03154 0.306211
13.8848 0.01 -0.565693 -0.36054 -1.02846 0.309559
13.8948 0.01 -0.569279 -0.356514 -1.02535 0.312855
13.9048 0.01 -0.572823 -0.352427 -1.0222 0.3161
13.9148 0.01 -0.576327 -0.348279 -1.01903 0.319291
13.9248 0.01 -0.579789 -0.344071 -1.01582 0.322429
13.9348 0.01 -0.583208 -0.339803 -1.01258 0.325513
13.9448 0.01 -0.586585 -0.335475 -1.00931 0.328542
13.9548 0.01 -0.589917 -0.331089 -1.00601 0.331516
13.9648 0.01 -0.593206 -0.326644 -1.00268 0.334433
13.9748 0.01 -0.59645 -0.322142 -0.999318 0.337294
13.9848 0.01 -0.599649 -0.317582 -0.995931 0.340098
13.9948 0.01 -0.602802 -0.312965 -0.992516 0.342844
14.0048 0.01 -0.605908 -0.308292 -0.989074 0.345531
14.0148 0.01 -0.608967 -0.303564 -0.985606 0.348159
14.0248 0.01 -0.611979 -0.298779 -0.982111 0.350728
14.0348 0.01 -0.614943 -0.29394 -0.978591 0.353237
14.0448 0.01 -0.617858 -0.289047 -0.975047 0.355685
14.0548 0.01 -0.620723 -0.2841 -0.971478 0.358071
14.0648 0.01 -0.623539 -0.279099 -0.967886 0.360396
14.0748 0.01 -0.626305 -0.274046 -0.96427 0.362659
14.0848 0.01 -0.62902 -0.26894 -0.960633 0.364859
14.0948 0.01 -0.631684 -0.263783 -0.956973 0.366995
14.1048 0.01 -0.634296 -0.258574 -0.953293 0.369068
14.1148 0.01 -0.636855 -0.253315 -0.949592 0.371076
14.1248 0.01 -0.639362 -0.248005 -0.945872 0.373019
14.1348 0.01 -0.641815 -0.242646 -0.942132 0.374897
14.1448 0.01 -0.644215 -0.237238 -0.938374 0.37671
14.1548 0.01 -0.64656 -0.23178 -0.934598 0.378456
14.1648 0.01 -0.64885 -0.226275 -0.930805 0.380135
14.1748 0.01 -0.651085 -0.220723 -0.926996 0.381748
14.1848 0.01 -0.653264 -0.215123 -0.92317 0.383293
14.1948 0.01 -0.655387 -0.209476 -0.91933 0.38477
14.2048 0.01 -0.657454 -0.203784 -0.915475 0.386178
14.2148 0.01 -0.659463 -0.198045 -0.911607 0.387518
14.2248 0.01 -0.661414 -0.192262 -0.907725 0.388789
14.2348 0.01 -0.663308 -0.186434 -0.903831 0.38999
14.2448 0.01 -0.665143 -0.180563 -0.899925 0.391122
14.2548 0.01 -0.666919 -0.174647 -0.896009 0.392183
14.2648 0.01 -0.668636 -0.168689 -0.892082 0.393174
14.2748 0.01 -0.670293 -0.162688 -0.888146 0.394094
14.2848 0.01 -0.671889 -0.156645 -0.8842 0.394943
14.2948 0.01 -0.673425 -0.15056 -0.880247 0.39572
14.3048 0.01 -0.6749 -0.144434 -0.876286 0.396425
14.3148 0.01 -0.676314 -0.138268 -0.872319 0.397059
14.3248 0.01 -0.677666 -0.132061 -0.868345 0.39762
14.3348 0.01 -0.678955 -0.125815 -0.864367 0.398109
14.3448 0.01 -0.680182 -0.119529 -0.860383 0.398525
14.3548 0.01 -0.681346 -0.113205 -0.856396 0.398867
14.3648 0.01 -0.682446 -0.106842 -0.852406 0.399137
14.3748 0.01 -0.683482 -0.100442 -0.848414 0.399333
14.3848 0.01 -0.684455 -0.0940037 -0.84442 0.399456
14.3948 0.01 -0.685362 -0.0875286 -0.840425 0.399505
14.4048 0.01 -0.686205 -0.0810169 -0.83643 0.399479
14.4148 0.01 -0.686982 -0.0744689 -0.832436 0.39938
14.4248 0.01 -0.687694 -0.0678851 -0.828443 0.399207
14.4348 0.01 -0.68834 -0.0612659 -0.824452 0.398959
14.4448 0.01 -0.688919 -0.0546117 -0.820464 0.398637
14.4548 0.01 -0.689432 -0.0479228 -0.816479 0.39824
14.4648 0.01 -0.689878 -0.0411996 -0.812499 0.397769
14.4748 0.01 -0.690256 -0.0344424 -0.808524 0.397223
14.4848 0.01 -0.690567 -0.0276516 -0.804555 0.396602
14.4948 0.01 -0.690809 -0.0208276 -0.800592 0.395907
14.5048 0.01 -0.690983 -0.0139705 -0.796637 0.395137
14.5148 0.01 -0.691088 -0.00708086 -0.79269 0.394293
14.5248 0.01 -0.691124 -0.000158823 -0.788751 0.393374
14.5348 0.01 -0.691091 0.00679529 -0.784823 0.39238
14.5448 0.01 -0.690988 0.0137812 -0.780904 0.391312
14.5548 0.01 -0.690816 0.0207987 -0.776997 0.39017
14.5648 0.01 -0.690572 0.0278475 -0.773101 0.388953
14.5748 0.01 -0.690259 0.0349274 -0.769218 0.387662
14.5848 0.01 -0.689874 0.0420382 -0.765348 0.386298
14.5948 0.01 -0.689418 0.0491797 -0.761492 0.384859
14.6048 0.01 -0.68889 0.0563517 -0.757651 0.383347
14.6148 0.01 -0.688291 0.0635541 -0.753825 0.381762
14.6248 0.01 -0.687619 0.0707867 -0.750016 0.380103
14.6348 0.01 -0.686875 0.0780494 -0.746223 0.378372
14.6448 0.01 -0.686058 0.0853421 -0.742449 0.376568
14.6548 0.01 -0.685168 0.0926647 -0.738692 0.374692
14.6648 0.01 -0.684204 0.100017 -0.734955 0.372744
14.6748 0.01 -0.683167 0.107399 -0.731238 0.370724
14.6848 0.01 -0.682056 0.114811 -0.727541 0.368633
14.6948 0.01 -0.680871 0.122253 -0.723865 0.366472
14.7048 0.01 -0.679611 0.129725 -0.720212 0.364241
14.7148 0.01 -0.678276 0.137226 -0.716581 0.361939
14.7248 0.01 -0.676866 0.144758 -0.712973 0.359569
14.7348 0.01 -0.675381 0.152319 -0.70939 0.35713
14.7448 0.01 -0.67382 0.15991 -0.705831 0.354623
14.7548 0.01 -0.672183 0.167532 -0.702297 0.352048
14.7648 0.01 -0.670469 0.175184 -0.69879 0.349407
14.7748 0.01 -0.668679 0.182867 -0.695309 0.346699
14.7848 0.01 -0.666812 0.19058 -0.691856 0.343926
14.7948 0.01 -0.664867 0.198325 -0.688431 0.341089
14.8048 0.01 -0.662845 0.206101 -0.685035 0.338188
14.8148 0.01 -0.660745 0.213909 -0.681668 0.335223
14.8248 0.01 -0.658567 0.221748 -0.67833 0.332197
14.8348 0.01 -0.65631 0.22962 -0.675024 0.329109
14.8448 0.01 -0.653974 0.237525 -0.671748 0.325962
14.8548 0.01 -0.65156 0.245463 -0.668505 0.322755
14.8648 0.01 -0.649065 0.253434 -0.665294 0.31949
14.8748 0.01 -0.646491 0.261439 -0.662115 0.316168
14.8848 0.01 -0.643836 0.26948 -0.65897 0.312791
14.8948 0.01 -0.641101 0.277555 -0.65586 0.309359
14.9048 0.01 -0.638285 0.285666 -0.652783 0.305874
14.9148 0.01 -0.635388 0.293814 -0.649742 0.302337
14.9248 0.01 -0.632409 0.301998 -0.646737 0.298749
14.9348 0.01 -0.629347 0.310221 -0.643767 0.295113
14.9448 0.01 -0.626204 0.318481 -0.640835 0.291429
14.9548 0.01 -0.622978 0.326781 -0.637939 0.2877
14.9648 0.01 -0.619668 0.335121 -0.635081 0.283927
14.9748 0.01 -0.616275 0.343502 -0.632261 0.280111
14.9848 0.01 -0.612798 0.351925 -0.629479 0.276255
14.9948 0.01 -0.609237 0.36039 -0.626736 0.27236
15.0048 0.01 -0.60559 0.368899 -0.624032 0.268429
15.0148 0.01 -0.601858 0.377453 -0.621367 0.264464
15.0248 0.01 -0.598041 0.386052 -0.618742 0.260467
15.0348 0.01 -0.594137 0.394697 -0.616158 0.25644
15.0448 0.01 -0.590147 0.403391 -0.613614 0.252385
15.0548 0.01 -0.586069 0.412133 -0.61111 0.248306
15.0648 0.01 -0.581904 0.420925 -0.608648 0.244204
15.0748 0.01 -0.577651 0.429769 -0.606226 0.240083
15.0848 0.01 -0.573308 0.438664 -0.603846 0.235945
15.0948 0.01 -0.568877 0.447614 -0.601507 0.231794
15.1048 0.01 -0.564356 0.456618 -0.59921 0.227632
15.1148 0.01 -0.559745 0.465679 -0.596955 0.223463
15.1248 0.01 -0.555042 0.474797 -0.594741 0.21929
15.1348 0.01 -0.550248 0.483974 -0.592569 0.215117
15.1448 0.01 -0.545363 0.493211 -0.590439 0.210947
15.1548 0.01 -0.540384 0.50251 -0.58835 0.206784
15.1648 0.01 -0.535312 0.511872 -0.586303 0.202633
15.1748 0.01 -0.530146 0.521298 -0.584297 0.198498
15.1848 0.01 -0.524886 0.53079 -0.582333 0.194382
15.1948 0.01 -0.51953 0.54035 -0.58041 0.190291
15.2048 0.01 -0.514079 0.549978 -0.578527 0.186229
15.2148 0.01 -0.508531 0.559676 -0.576685 0.182201
15.2248 0.01 -0.502885 0.569446 -0.574883 0.178213
15.2348 0.01 -0.497141 0.579288 -0.573121 0.174269
15.2448 0.01 -0.491299 0.589204 -0.571397 0.170376
15.2548 0.01 -0.485357 0.599196 -0.569713 0.16654
15.2648 0.01 -0.479315 0.609264 -0.568066 0.162766
15.2748 0.01 -0.473171 0.61941 -0.566457 0.159061
15.2848 0.01 -0.466926 0.629635 -0.564885 0.155432
15.2948 0.01 -0.460578 0.63994 -0.563348 0.151885
15.3048 0.01 -0.454127 0.650325 -0.561847 0.148428
15.3148 0.01 -0.447572 0.660792 -0.560379 0.145068
15.3248 0.01 -0.440911 0.671341 -0.558945 0.141813
15.3348 0.01 -0.434145 0.681973 -0.557543 0.138671
15.3448 0.01 -0.427271 0.692687 -0.556171 0.135651
15.3548 0.01 -0.420291 0.703485 -0.554829 0.132761
15.3648 0.01 -0.413201 0.714366 -0.553516 0.13001
15.3748 0.01 -0.406003 0.72533 -0.552229 0.127408
15.3848 0.01 -0.398695 0.736376 -0.550967 0.124965
15.3948 0.01 -0.391275 0.747503 -0.549729 0.12269
15.4048 0.01 -0.383744 0.75871 -0.548513 0.120594
15.4148 0.01 -0.376101 0.769997 -0.547316 0.118688
15.4248 0.01 -0.368344 0.78136 -0.546138 0.116982
15.4348 0.01 -0.360473 0.792797 -0.544976 0.115489
15.4448 0.01 -0.352488 0.804307 -0.543828 0.114221
15.4548 0.01 -0.344387 0.815885 -0.542691 0.113188
15.4648 0.01 -0.33617 0.827527 -0.541563 0.112404
15.4748 0.01 -0.327836 0.839231 -0.540442 0.111882
15.4848 0.01 -0.319385 0.850989 -0.539324 0.111634
15.4948 0.01 -0.310816 0.862797 -0.538208 0.111673
15.5048 0.01 -0.302129 0.874649 -0.53709 0.112015
15.5148 0.01 -0.293323 0.886536 -0.535967 0.112671
15.5248 0.01 -0.284398 0.898452 -0.534835 0.113656
15.5348 0.01 -0.275354 0.910387 -0.533693 0.114984
15.5448 0.01 -0.26619 0.922332 -0.532535 0.11667
15.5548 0.01 -0.256907 0.934275 -0.531358 0.118727
15.5648 0.01 -0.247505 0.946204 -0.530159 0.121169
15.5748 0.01 -0.237983 0.958108 -0.528933 0.12401
15.5848 0.01 -0.228343 0.969971 -0.527677 0.127265
15.5948 0.01 -0.218584 0.981778 -0.526386 0.130946
15.6048 0.01 -0.208708 0.993512 -0.525057 0.135067
15.6148 0.01 -0.198714 1.00516 -0.523684 0.139639
15.6248 0.01 -0.188605 1.01669 -0.522262 0.144676
15.6348 0.01 -0.178381 1.0281 -0.520789 0.150188
15.6448 0.01 -0.168043 1.03935 -0.519257 0.156185
15.6548 0.01 -0.157594 1.05043 -0.517663 0.162677
15.6648 0.01 -0.147036 1.06131 -0.516002 0.169671
15.6748 0.01 -0.136369 1.07196 -0.514268 0.177174
15.6848 0.01 -0.125597 1.08236 -0.512457 0.185191
15.6948 0.01 -0.114723 1.09248 -0.510563 0.193724
15.7048 0.01 -0.103749 1.10229 -0.50858 0.202776
15.7148 0.01 -0.0926782 1.11175 -0.506505 0.212344
15.7248 0.01 -0.0815148 1.12085 -0.504332 0.222427
15.7348 0.01 -0.0702625 1.12954 -0.502055 0.233018
15.7448 0.01 -0.0589255 1.13779 -0.49967 0.244108
15.7548 0.01 -0.0475084 1.14557 -0.497171 0.255686
15.7648 0.01 -0.0360159 1.15284 -0.494555 0.267738
15.7748 0.01 -0.0244533 1.15958 -0.491815 0.280247
15.7848 0.01 -0.0128262 1.16575 -0.488948 0.293191
15.7948 0.01 -0.00114038 1.17131 -0.48595 0.306546
15.8048 0.01 0.0105979 1.17624 -0.482816 0.320286
15.8148 0.01 0.0223822 1.18051 -0.479543 0.334379
15.8248 0.01 0.0342058 1.18408 -0.476127 0.348791
15.8348 0.01 0.0460615 1.18694 -0.472566 0.363486
15.8448 0.01 0.0579422 1.18906 -0.468857 0.378422
15.8548 0.01 0.0698402 1.19042 -0.464997 0.393556
15.8648 0.01 0.0817479 1.19099 -0.460985 0.408843
15.8748 0.01 0.0936574 1.19078 -0.45682 0.424234
15.8848 0.01 0.105561 1.18976 -0.4525 0.439678
15.8948 0.01 0.11745 1.18793 -0.448026 0.455124
15.9048 0.01 0.129317 1.18528 -0.443398 0.470519
15.9148 0.01 0.141153 1.18183 -0.438616 0.485807
15.9248 0.01 0.15295 1.17757 -0.433682 0.500936
15.9348 0.01 0.164702 1.17252 -0.428598 0.51585
15.9448 0.01 0.176398 1.1667 -0.423366 0.530496
15.9548 0.01 0.188033 1.16011 -0.417989 0.544821
15.9648 0.01 0.199598 1.15279 -0.412471 0.558775
15.9748 0.01 0.211086 1.14476 -0.406815 0.572308
15.9848 0.01 0.222491 1.13605 -0.401026 0.585375
15.9948 0.01 0.233805 1.12671 -0.39511 0.597932
16.0048 0.01 0.245023 1.11676 -0.38907 0.60994
16.0148 0.01 0.256139 1.10625 -0.382913 0.621361
16.0248 0.01 0.267146 1.09522 -0.376645 0.632163
16.0348 0.01 0.278041 1.08371 -0.370272 0.642317
16.0448 0.01 0.288819 1.07177 -0.3638 0.651799
16.0548 0.01 0.299476 1.05944 -0.357238 0.660587
16.0648 0.01 0.310007 1.04678 -0.350591 0.668667
16.0748 0.01 0.32041 1.03383 -0.343867 0.676024
16.0848 0.01 0.330683 1.02063 -0.337073 0.682651
16.0948 0.01 0.340822 1.00724 -0.330216 0.688544
16.1048 0.01 0.350827 0.993688 -0.323305 0.693701
16.1148 0.01 0.360696 0.980027 -0.316345 0.698125
16.1248 0.01 0.370427 0.966298 -0.309344 0.701823
16.1348 0.01 0.380021 0.952539 -0.302311 0.704802
16.1448 0.01 0.389478 0.938789 -0.295251 0.707075
16.1548 0.01 0.398797 0.925082 -0.288172 0.708655
16.1648 0.01 0.40798 0.911452 -0.28108 0.709558
16.1748 0.01 0.417027 0.897929 -0.273983 0.709803
16.1848 0.01 0.425939 0.884543 -0.266886 0.709408
16.1948 0.01 0.434718 0.871319 -0.259797 0.708394
16.2048 0.01 0.443366 0.85828 -0.25272 0.706783
16.2148 0.01 0.451884 0.845449 -0.245663 0.704597
16.2248 0.01 0.460276 0.832843 -0.23863 0.70186
16.2348 0.01 0.468542 0.82048 -0.231627 0.698595
16.2448 0.01 0.476686 0.808375 -0.22466 0.694825
16.2548 0.01 0.48471 0.79654 -0.217732 0.690574
16.2648 0.01 0.492618 0.784985 -0.21085 0.685867
16.2748 0.01 0.500411 0.773721 -0.204017 0.680726
16.2848 0.01 0.508093 0.762753 -0.197237 0.675174
16.2948 0.01 0.515667 0.752088 -0.190514 0.669234
16.3048 0.01 0.523136 0.74173 -0.183853 0.662928
16.3148 0.01 0.530503 0.731683 -0.177257 0.656276
16.3248 0.01 0.537771 0.721947 -0.170729 0.649301
16.3348 0.01 0.544943 0.712523 -0.164272 0.642021
16.3448 0.01 0.552022 0.703412 -0.157889 0.634456
16.3548 0.01 0.559012 0.694612 -0.151584 0.626624
16.3648 0.01 0.565916 0.686121 -0.145358 0.618543
16.3748 0.01 0.572736 0.677936 -0.139214 0.61023
16.3848 0.01 0.579475 0.670055 -0.133154 0.601701
16.3948 0.01 0.586138 0.662474 -0.12718 0.59297
16.4048 0.01 0.592726 0.655187 -0.121295 0.584053
16.4148 0.01 0.599242 0.648192 -0.1155 0.574962
16.4248 0.01 0.60569 0.641482 -0.109796 0.565712
16.4348 0.01 0.612073 0.635053 -0.104186 0.556313
16.4448 0.01 0.618392 0.6289 -0.0986705 0.546776
16.4548 0.01 0.624652 0.623017 -0.093251 0.537114
16.4648 0.01 0.630854 0.617398 -0.0879286 0.527335
16.4748 0.01 0.637001 0.612038 -0.0827046 0.517448
16.4848 0.01 0.643095 0.606932 -0.07758 0.507462
16.4948 0.01 0.64914 0.602074 -0.0725557 0.497386
16.5048 0.01 0.655138 0.597458 -0.0676326 0.487225
16.5148 0.01 0.66109 0.59308 -0.0628114 0.476987
16.5248 0.01 0.667 0.588933 -0.0580931 0.466678
16.5348 0.01 0.67287 0.585012 -0.0534781 0.456303
16.5448 0.01 0.678701 0.581314 -0.0489672 0.445868
16.5548 0.01 0.684496 0.577832 -0.0445609 0.435376
16.5648 0.01 0.690258 0.574563 -0.0402599 0.424831
16.5748 0.01 0.695988 0.571501 -0.0360645 0.414237
16.5848 0.01 0.701689 0.568644 -0.0319753 0.403596
16.5948 0.01 0.707362 0.565986 -0.0279927 0.392912
16.6048 0.01 0.713009 0.563526 -0.0241172 0.382185
16.6148 0.01 0.718633 0.561259 -0.0203491 0.371418
16.6248 0.01 0.724235 0.559182 -0.0166889 0.360611
16.6348 0.01 0.729817 0.557294 -0.013137 0.349764
16.6448 0.01 0.735382 0.555591 -0.00969379 0.338878
16.6548 0.01 0.74093 0.554073 -0.0063596 0.327952
16.6648 0.01 0.746464 0.552738 -0.00313488 0.316986
16.6748 0.01 0.751985 0.551586 -2.00333e-05 0.305976
16.6848 0.01 0.757496 0.550615 0.0029845 0.294922
16.6948 0.01 0.762998 0.549827 0.00587825 0.283821
16.7048 0.01 0.768493 0.549222 0.00866075 0.272669
16.7148 0.01 0.773983 0.548802 0.0113315 0.261463
16.7248 0.01 0.77947 0.548569 0.0138898 0.250198
16.7348 0.01 0.784955 0.548526 0.0163352 0.238869
16.7448 0.01 0.790441 0.548677 0.0186669 0.227469
16.7548 0.01 0.795929 0.549028 0.0208843 0.215991
16.7648 0.01 0.801422 0.549584 0.0229865 0.204427
16.7748 0.01 0.806922 0.550352 0.0249725 0.192769
16.7848 0.01 0.81243 0.551343 0.0268415 0.181004
16.7948 0.01 0.817949 0.552565 0.0285922 0.169122
16.8048 0.01 0.823482 0.554031 0.0302235 0.157107
16.8148 0.01 0.829031 0.555757 0.0317339 0.144945
16.8248 0.01 0.834598 0.55776 0.0331218 0.132616
16.8348 0.01 0.840187 0.560059 0.0343856 0.1201
16.8448 0.01 0.845801 0.562679 0.0355231 0.10737
16.8548 0.01 0.851442 0.565648 0.0365322 0.094399
16.8648 0.01 0.857115 0.569001 0.0374102 0.0811517
16.8748 0.01 0.862823 0.572777 0.0381542 0.0675878
16.8848 0.01 0.868572 0.577025 0.0387607 0.0536584
16.8948 0.01 0.874366 0.581803 0.0392259 0.0393048
16.9048 0.01 0.88021 0.587183 0.0395452 0.0244551
16.9148 0.01 0.886111 0.593252 0.0397131 0.00902031
16.9248 0.01 0.892078 0.600118 0.0397233 -0.00711132
16.9348 0.01 0.898117 0.607918 0.0395681 -0.0240823
16.9448 0.01 0.90424 0.616826 0.0392382 -0.042078
16.9548 0.01 0.910458 0.62707 0.0387223 -0.0613445
16.9648 0.01 0.916786 0.638947 0.038006 -0.0822174
16.9748 0.01 0.923244 0.652866 0.037071 -0.105168
16.9848 0.01 0.929852 0.669392 0.0358935 -0.130884
16.9948 0.01 0.936643 0.689347 0.0344407 -0.160413
17.0048 0.01 0.943655 0.713962 0.032667 -0.195451
17.0148 0.01 0.950944 0.7452 0.0305039 -0.238948
17.0248 0.01 0.958592 0.786388 0.0278417 -0.296613
17.0348 0.01 0.966724 0.843651 0.0244844 -0.38128
17.0429 0.00801201 0.97373 0.908883 0.0210277 -0.491248
17.0479 0.00506763 0.978469 0.96359 0.0182736 -0.604359
17.0514 0.00352715 0.981946 1.00822 0.0159429 -0.725518
17.054 0.00254387 0.984552 1.0404 0.0139437 -0.854124
17.0559 0.00190905 0.986557 1.05809 0.0121903 -0.990131
17.0574 0.00149128 0.988138 1.05888 0.0106116 -1.13391
17.0586 0.00121593 0.989416 1.03918 0.00914384 -1.28662
17.0597 0.00104441 0.99048 0.992567 0.00771711 -1.45118
17.0607 0.00102504 0.991454 0.89729 0.00613235 -1.64629
17.0615 0.000793182 0.992119 0.768388 0.00476027 -1.8149
17.062 0.000568226 0.992519 0.634921 0.00369436 -1.93579
17.0625 0.00044489 0.992773 0.50274 0.0028135 -2.02217
17.0629 0.000378855 0.992939 0.37112 0.00203529 -2.08376
17.0632 0.000368952 0.99305 0.228377 0.00125778 -2.12795
17.0636 0.000340801 0.993104 0.0873924 0.000528086 -2.15127
17.0639 0.000318959 0.993111 -0.048331 -0.000159269 -2.15587
17.0642 0.00030706 0.993076 -0.178335 -0.000819841 -2.14408
17.0645 0.000303998 0.993003 -0.30265 -0.00146796 -2.11751
17.0648 0.000308717 0.992891 -0.421179 -0.00211575 -2.07715
17.0651 0.000321085 0.992737 -0.53363 -0.00277437 -2.02357
17.0652 8.53564e-05 0.992690215724675 -0.561443870267511 -0.00294642160482063 -2.00773597332994
